SF:https://raw.githubusercontent.com/kanini/Propel-Project-Team-12/566c2a6afb6428f0334cf8f12ab828ebeb0e3b0c/src/backend/PatientAccess.Business/Services/AdminService.cs
FN:316,PatientAccess.Business.DTOs.UserDto PatientAccess.Business.Services.AdminService::MapToUserDto(PatientAccess.Data.Models.User)
FNDA:0,PatientAccess.Business.DTOs.UserDto PatientAccess.Business.Services.AdminService::MapToUserDto(PatientAccess.Data.Models.User)
DA:317,0
DA:318,0
DA:319,0
DA:320,0
DA:321,0
DA:322,0
DA:323,0
DA:324,0
DA:325,0
DA:326,0
DA:327,0
DA:328,0
DA:329,0
FN:334,System.String PatientAccess.Business.Services.AdminService::GenerateVerificationToken()
FNDA:0,System.String PatientAccess.Business.Services.AdminService::GenerateVerificationToken()
DA:335,0
DA:336,0
DA:337,0
DA:338,0
DA:339,0
DA:340,0
FN:29,System.Void PatientAccess.Business.Services.AdminService::.ctor(PatientAccess.Data.PatientAccessDbContext,PatientAccess.Business.Services.IPasswordHashingService,PatientAccess.Business.Services.IEmailService,PatientAccess.Business.Interfaces.IAuditLogService,Microsoft.Extensions.Logging.ILogger`1<PatientAccess.Business.Services.AdminService>,PatientAccess.Business.Services.ISessionCacheService)
FNDA:0,System.Void PatientAccess.Business.Services.AdminService::.ctor(PatientAccess.Data.PatientAccessDbContext,PatientAccess.Business.Services.IPasswordHashingService,PatientAccess.Business.Services.IEmailService,PatientAccess.Business.Interfaces.IAuditLogService,Microsoft.Extensions.Logging.ILogger`1<PatientAccess.Business.Services.AdminService>,PatientAccess.Business.Services.ISessionCacheService)
DA:30,0
DA:31,0
DA:32,0
DA:33,0
DA:34,0
DA:35,0
DA:36,0
DA:37,0
FN:46,System.Void PatientAccess.Business.Services.AdminService/<CreateUserAsync>d__7::MoveNext()
FNDA:0,System.Void PatientAccess.Business.Services.AdminService/<CreateUserAsync>d__7::MoveNext()
DA:47,0
DA:49,0
DA:50,0
DA:52,0
DA:53,0
DA:54,0
DA:58,0
DA:61,0
DA:64,0
DA:65,0
DA:66,0
DA:67,0
DA:68,0
DA:69,0
DA:70,0
DA:71,0
DA:72,0
DA:73,0
DA:74,0
DA:75,0
DA:76,0
DA:78,0
DA:79,0
DA:81,0
DA:82,0
DA:83,0
DA:86,0
DA:87,0
DA:88,0
DA:89,0
DA:90,0
DA:91,0
DA:92,0
DA:93,0
DA:94,0
DA:95,0
DA:96,0
DA:97,0
DA:100,0
DA:102,0
DA:103,0
BRDA:52,397,0,0
BRDA:52,397,1,0
BRDA:64,583,0,0
BRDA:64,583,1,0
FN:195,System.Void PatientAccess.Business.Services.AdminService/<DeactivateUserAsync>d__9::MoveNext()
FNDA:0,System.Void PatientAccess.Business.Services.AdminService/<DeactivateUserAsync>d__9::MoveNext()
DA:196,0
DA:198,0
DA:199,0
DA:200,0
DA:203,0
DA:205,0
DA:206,0
DA:207,0
DA:211,0
DA:212,0
DA:213,0
DA:214,0
DA:216,0
DA:217,0
DA:218,0
DA:220,0
DA:223,0
DA:224,0
DA:226,0
DA:228,0
DA:231,0
DA:232,0
DA:234,0
DA:235,0
DA:236,0
DA:237,0
DA:238,0
DA:239,0
DA:240,0
DA:241,0
DA:242,0
DA:245,0
DA:246,0
DA:247,0
DA:248,0
DA:249,0
DA:250,0
DA:251,0
DA:252,0
DA:253,0
DA:254,0
DA:255,0
DA:256,0
DA:257,0
BRDA:198,80,0,0
BRDA:198,80,1,0
BRDA:205,266,0,0
BRDA:205,266,1,0
BRDA:211,350,0,0
BRDA:216,683,0,0
BRDA:216,683,1,0
BRDA:211,350,1,0
BRDA:231,932,0,0
BRDA:231,932,1,0
FN:265,System.Void PatientAccess.Business.Services.AdminService/<GetAllUsersAsync>d__10::MoveNext()
FNDA:0,System.Void PatientAccess.Business.Services.AdminService/<GetAllUsersAsync>d__10::MoveNext()
DA:266,0
DA:267,0
DA:270,0
DA:271,0
DA:272,0
DA:273,0
DA:274,0
DA:275,0
DA:276,0
DA:279,0
DA:280,0
DA:281,0
DA:282,0
DA:285,0
DA:286,0
DA:287,0
DA:288,0
DA:291,0
DA:292,0
DA:293,0
DA:295,0
DA:296,0
BRDA:270,72,0,0
BRDA:270,72,1,0
BRDA:279,410,0,0
BRDA:279,410,1,0
BRDA:279,442,0,0
BRDA:279,442,1,0
BRDA:285,605,0,0
BRDA:285,605,1,0
BRDA:285,637,0,0
BRDA:285,637,1,0
FN:301,System.Void PatientAccess.Business.Services.AdminService/<GetUserByIdAsync>d__11::MoveNext()
FNDA:0,System.Void PatientAccess.Business.Services.AdminService/<GetUserByIdAsync>d__11::MoveNext()
DA:302,0
DA:303,0
DA:305,0
DA:306,0
DA:307,0
DA:310,0
DA:311,0
BRDA:305,187,0,0
BRDA:305,187,1,0
FN:113,System.Void PatientAccess.Business.Services.AdminService/<UpdateUserAsync>d__8::MoveNext()
FNDA:0,System.Void PatientAccess.Business.Services.AdminService/<UpdateUserAsync>d__8::MoveNext()
DA:114,0
DA:115,0
DA:117,0
DA:118,0
DA:119,0
DA:123,0
DA:126,0
DA:127,0
DA:128,0
DA:129,0
DA:130,0
DA:132,0
DA:133,0
DA:135,0
DA:136,0
DA:138,0
DA:139,0
DA:140,0
DA:143,0
DA:144,0
DA:145,0
DA:147,0
DA:148,0
DA:149,0
DA:150,0
DA:151,0
DA:153,0
DA:154,0
DA:155,0
DA:156,0
DA:157,0
DA:159,0
DA:160,0
DA:161,0
DA:162,0
DA:163,0
DA:165,0
DA:167,0
DA:169,0
DA:172,0
DA:173,0
DA:174,0
DA:175,0
DA:176,0
DA:177,0
DA:178,0
DA:179,0
DA:180,0
DA:181,0
DA:182,0
DA:184,0
DA:185,0
BRDA:117,274,0,0
BRDA:117,274,1,0
BRDA:126,384,0,0
BRDA:126,384,1,0
BRDA:132,498,0,0
BRDA:138,911,0,0
BRDA:138,911,1,0
BRDA:132,498,1,0
BRDA:147,1068,0,0
BRDA:147,1068,1,0
BRDA:153,1216,0,0
BRDA:153,1216,1,0
BRDA:159,1331,0,0
BRDA:159,1331,1,0
LF:193
LH:0
BRF:40
BRH:0
FNF:8
FNH:0
end_of_record
SF:https://raw.githubusercontent.com/kanini/Propel-Project-Team-12/566c2a6afb6428f0334cf8f12ab828ebeb0e3b0c/src/backend/PatientAccess.Business/Services/AppointmentService.cs
FN:321,System.String PatientAccess.Business.Services.AppointmentService::GenerateConfirmationNumber()
FNDA:0,System.String PatientAccess.Business.Services.AppointmentService::GenerateConfirmationNumber()
DA:322,0
DA:323,0
DA:324,0
FN:330,System.Boolean PatientAccess.Business.Services.AppointmentService::IsDeadlockException(System.Exception)
FNDA:0,System.Boolean PatientAccess.Business.Services.AppointmentService::IsDeadlockException(System.Exception)
DA:331,0
DA:333,0
DA:334,0
DA:335,0
DA:336,0
DA:340,0
DA:341,0
DA:342,0
DA:345,0
DA:346,0
BRDA:334,9,0,0
BRDA:334,9,1,0
BRDA:334,32,0,0
BRDA:334,32,1,0
BRDA:340,50,0,0
BRDA:340,50,1,0
FN:30,System.Void PatientAccess.Business.Services.AppointmentService::.ctor(PatientAccess.Data.PatientAccessDbContext,Microsoft.Extensions.Logging.ILogger`1<PatientAccess.Business.Services.AppointmentService>,Microsoft.Extensions.Configuration.IConfiguration)
FNDA:0,System.Void PatientAccess.Business.Services.AppointmentService::.ctor(PatientAccess.Data.PatientAccessDbContext,Microsoft.Extensions.Logging.ILogger`1<PatientAccess.Business.Services.AppointmentService>,Microsoft.Extensions.Configuration.IConfiguration)
DA:31,0
DA:32,0
DA:33,0
DA:34,0
DA:35,0
BRDA:32,11,0,0
BRDA:32,11,1,0
BRDA:33,33,0,0
BRDA:33,33,1,0
BRDA:34,55,0,0
BRDA:34,55,1,0
FN:69,System.DateTime PatientAccess.Business.Services.AppointmentService/<>c::<GetMonthlyAvailabilityAsync>b__7_0(<>f__AnonymousType4`4<System.Guid,System.DateTime,System.DateTime,System.Boolean>)
FNDA:0,System.DateTime PatientAccess.Business.Services.AppointmentService/<>c::<GetMonthlyAvailabilityAsync>b__7_0(<>f__AnonymousType4`4<System.Guid,System.DateTime,System.DateTime,System.Boolean>)
DA:70,0
FN:70,PatientAccess.Business.DTOs.AvailabilityResponseDto PatientAccess.Business.Services.AppointmentService/<>c::<GetMonthlyAvailabilityAsync>b__7_1(System.Linq.IGrouping`2<System.DateTime,<>f__AnonymousType4`4<System.Guid,System.DateTime,System.DateTime,System.Boolean>>)
FNDA:0,PatientAccess.Business.DTOs.AvailabilityResponseDto PatientAccess.Business.Services.AppointmentService/<>c::<GetMonthlyAvailabilityAsync>b__7_1(System.Linq.IGrouping`2<System.DateTime,<>f__AnonymousType4`4<System.Guid,System.DateTime,System.DateTime,System.Boolean>>)
DA:71,0
DA:72,0
DA:73,0
DA:74,0
DA:75,0
DA:76,0
DA:77,0
DA:78,0
DA:79,0
DA:80,0
DA:81,0
FN:81,System.DateTime PatientAccess.Business.Services.AppointmentService/<>c::<GetMonthlyAvailabilityAsync>b__7_2(PatientAccess.Business.DTOs.AvailabilityResponseDto)
FNDA:0,System.DateTime PatientAccess.Business.Services.AppointmentService/<>c::<GetMonthlyAvailabilityAsync>b__7_2(PatientAccess.Business.DTOs.AvailabilityResponseDto)
DA:82,0
FN:458,System.Void PatientAccess.Business.Services.AppointmentService/<>c__DisplayClass14_0/<<RescheduleAsync>b__0>d::MoveNext()
FNDA:0,System.Void PatientAccess.Business.Services.AppointmentService/<>c__DisplayClass14_0/<<RescheduleAsync>b__0>d::MoveNext()
DA:459,0
DA:461,0
DA:464,0
DA:466,0
DA:467,0
DA:468,0
DA:469,0
DA:471,0
DA:472,0
DA:473,0
DA:474,0
DA:475,0
DA:479,0
DA:480,0
DA:481,0
DA:482,0
DA:483,0
DA:484,0
DA:485,0
DA:486,0
DA:490,0
DA:491,0
DA:492,0
DA:493,0
DA:494,0
DA:495,0
DA:496,0
DA:497,0
DA:498,0
DA:499,0
DA:503,0
DA:504,0
DA:505,0
DA:508,0
DA:509,0
DA:510,0
DA:512,0
DA:513,0
DA:514,0
DA:515,0
DA:516,0
DA:520,0
DA:521,0
DA:522,0
DA:523,0
DA:524,0
DA:525,0
DA:526,0
DA:527,0
DA:528,0
DA:532,0
DA:533,0
DA:534,0
DA:535,0
DA:536,0
DA:537,0
DA:538,0
DA:543,0
DA:544,0
DA:545,0
DA:546,0
DA:547,0
DA:550,0
DA:551,0
DA:554,0
DA:555,0
DA:556,0
DA:558,0
DA:560,0
DA:561,0
DA:563,0
DA:564,0
DA:565,0
DA:571,0
DA:572,0
DA:573,0
DA:574,0
DA:575,0
DA:576,0
DA:577,0
DA:578,0
DA:579,0
DA:580,0
DA:581,0
DA:583,0
DA:584,0
DA:585,0
DA:586,0
DA:588,0
DA:589,0
DA:590,0
DA:591,0
DA:593,0
BRDA:459,17,0,0
BRDA:459,17,1,0
BRDA:471,751,0,0
BRDA:471,751,1,0
BRDA:479,1032,0,0
BRDA:479,1032,1,0
BRDA:490,1351,0,0
BRDA:490,1351,1,0
BRDA:490,1379,0,0
BRDA:490,1379,1,0
BRDA:512,2223,0,0
BRDA:512,2223,1,0
BRDA:520,2504,0,0
BRDA:520,2504,1,0
BRDA:532,2781,0,0
BRDA:532,2781,1,0
BRDA:543,3035,0,0
BRDA:543,3035,1,0
BRDA:563,3514,0,0
BRDA:563,3514,1,0
FN:708,System.Void PatientAccess.Business.Services.AppointmentService/<>c__DisplayClass17_0/<<CreateWalkinAppointmentAsync>b__0>d::MoveNext()
FNDA:0,System.Void PatientAccess.Business.Services.AppointmentService/<>c__DisplayClass17_0/<<CreateWalkinAppointmentAsync>b__0>d::MoveNext()
DA:709,0
DA:711,0
DA:714,0
DA:716,0
DA:717,0
DA:718,0
DA:720,0
DA:721,0
DA:722,0
DA:726,0
DA:727,0
DA:728,0
DA:729,0
DA:730,0
DA:731,0
DA:732,0
DA:736,0
DA:737,0
DA:740,0
DA:741,0
DA:742,0
DA:743,0
DA:744,0
DA:745,0
DA:746,0
DA:747,0
DA:748,0
DA:749,0
DA:750,0
DA:751,0
DA:752,0
DA:753,0
DA:754,0
DA:756,0
DA:757,0
DA:758,0
DA:760,0
DA:761,0
DA:762,0
DA:765,0
DA:766,0
DA:767,0
DA:768,0
DA:769,0
DA:771,0
DA:772,0
DA:773,0
DA:774,0
DA:775,0
DA:776,0
DA:777,0
DA:778,0
DA:779,0
DA:780,0
DA:781,0
DA:782,0
DA:784,0
DA:785,0
DA:786,0
DA:787,0
DA:789,0
DA:790,0
DA:791,0
DA:792,0
DA:794,0
BRDA:709,16,0,0
BRDA:709,16,1,0
BRDA:720,606,0,0
BRDA:720,606,1,0
BRDA:726,702,0,0
BRDA:726,702,1,0
BRDA:771,1952,0,0
BRDA:771,1952,1,0
FN:168,System.Void PatientAccess.Business.Services.AppointmentService/<>c__DisplayClass9_0/<<CreateAppointmentAsync>b__0>d::MoveNext()
FNDA:0,System.Void PatientAccess.Business.Services.AppointmentService/<>c__DisplayClass9_0/<<CreateAppointmentAsync>b__0>d::MoveNext()
DA:169,0
DA:171,0
DA:174,0
DA:176,0
DA:177,0
DA:178,0
DA:180,0
DA:181,0
DA:182,0
DA:186,0
DA:187,0
DA:188,0
DA:189,0
DA:190,0
DA:191,0
DA:192,0
DA:196,0
DA:197,0
DA:200,0
DA:201,0
DA:202,0
DA:203,0
DA:204,0
DA:205,0
DA:206,0
DA:207,0
DA:208,0
DA:209,0
DA:210,0
DA:211,0
DA:212,0
DA:213,0
DA:214,0
DA:216,0
DA:217,0
DA:218,0
DA:220,0
DA:221,0
DA:222,0
DA:225,0
DA:226,0
DA:227,0
DA:228,0
DA:229,0
DA:232,0
DA:233,0
DA:234,0
DA:235,0
DA:236,0
DA:237,0
DA:238,0
DA:239,0
DA:240,0
DA:242,0
DA:243,0
DA:244,0
DA:245,0
DA:246,0
DA:247,0
DA:248,0
DA:249,0
DA:250,0
DA:251,0
DA:252,0
DA:253,0
DA:254,0
DA:256,0
DA:257,0
DA:258,0
DA:259,0
DA:261,0
DA:262,0
DA:263,0
DA:264,0
DA:265,0
DA:266,0
DA:267,0
DA:269,0
BRDA:169,16,0,0
BRDA:169,16,1,0
BRDA:180,630,0,0
BRDA:180,630,1,0
BRDA:186,726,0,0
BRDA:186,726,1,0
BRDA:233,2095,0,0
BRDA:233,2095,1,0
BRDA:242,2549,0,0
BRDA:242,2549,1,0
BRDA:242,2561,0,0
BRDA:242,2561,1,0
BRDA:242,2583,0,0
BRDA:242,2583,1,0
BRDA:242,2595,0,0
BRDA:242,2595,1,0
FN:353,System.Void PatientAccess.Business.Services.AppointmentService/<CancelAsync>d__13::MoveNext()
FNDA:0,System.Void PatientAccess.Business.Services.AppointmentService/<CancelAsync>d__13::MoveNext()
DA:354,0
DA:356,0
DA:357,0
DA:358,0
DA:359,0
DA:362,0
DA:363,0
DA:364,0
DA:365,0
DA:367,0
DA:368,0
DA:369,0
DA:370,0
DA:374,0
DA:375,0
DA:376,0
DA:377,0
DA:378,0
DA:379,0
DA:380,0
DA:384,0
DA:385,0
DA:386,0
DA:387,0
DA:391,0
DA:392,0
DA:393,0
DA:395,0
DA:397,0
DA:398,0
DA:399,0
DA:400,0
DA:401,0
DA:402,0
DA:403,0
DA:404,0
DA:408,0
DA:409,0
DA:412,0
DA:413,0
DA:414,0
DA:415,0
DA:416,0
DA:417,0
DA:419,0
DA:421,0
DA:422,0
DA:423,0
DA:428,0
DA:430,0
DA:431,0
DA:432,0
DA:433,0
DA:434,0
DA:435,0
DA:437,0
BRDA:367,468,0,0
BRDA:367,468,1,0
BRDA:374,617,0,0
BRDA:374,617,1,0
BRDA:384,803,0,0
BRDA:384,803,1,0
BRDA:391,949,0,0
BRDA:391,949,1,0
BRDA:391,965,0,0
BRDA:391,965,1,0
BRDA:397,1067,0,0
BRDA:397,1067,1,0
BRDA:413,1321,0,0
BRDA:413,1321,1,0
BRDA:421,1530,0,0
BRDA:421,1530,1,0
FN:156,System.Void PatientAccess.Business.Services.AppointmentService/<CreateAppointmentAsync>d__9::MoveNext()
FNDA:0,System.Void PatientAccess.Business.Services.AppointmentService/<CreateAppointmentAsync>d__9::MoveNext()
DA:157,0
DA:158,0
DA:159,0
DA:160,0
DA:163,0
DA:166,0
DA:168,0
DA:170,0
DA:172,0
DA:173,0
DA:175,0
DA:179,0
DA:183,0
DA:184,0
DA:185,0
DA:193,0
DA:194,0
DA:195,0
DA:198,0
DA:199,0
DA:215,0
DA:219,0
DA:223,0
DA:224,0
DA:230,0
DA:231,0
DA:241,0
DA:255,0
DA:260,0
DA:268,0
DA:270,0
FN:691,System.Void PatientAccess.Business.Services.AppointmentService/<CreateWalkinAppointmentAsync>d__17::MoveNext()
FNDA:0,System.Void PatientAccess.Business.Services.AppointmentService/<CreateWalkinAppointmentAsync>d__17::MoveNext()
DA:692,0
DA:693,0
DA:694,0
DA:696,0
DA:697,0
DA:699,0
DA:700,0
DA:701,0
DA:702,0
DA:705,0
DA:707,0
DA:708,0
DA:710,0
DA:712,0
DA:713,0
DA:715,0
DA:719,0
DA:723,0
DA:724,0
DA:725,0
DA:733,0
DA:734,0
DA:735,0
DA:738,0
DA:739,0
DA:755,0
DA:759,0
DA:763,0
DA:764,0
DA:770,0
DA:783,0
DA:788,0
DA:793,0
DA:796,0
DA:797,0
DA:798,0
DA:800,0
DA:801,0
DA:802,0
DA:804,0
DA:805,0
DA:806,0
DA:807,0
DA:808,0
DA:809,0
DA:810,0
DA:811,0
DA:812,0
DA:813,0
DA:814,0
DA:817,0
DA:818,0
DA:819,0
DA:821,0
DA:822,0
DA:823,0
DA:824,0
DA:825,0
DA:826,0
DA:827,0
DA:828,0
DA:829,0
DA:831,0
DA:833,0
DA:834,0
BRDA:696,1197,1,0
BRDA:708,396,0,0
BRDA:708,396,1,0
BRDA:807,778,0,0
BRDA:807,778,1,0
BRDA:696,1197,0,0
FN:667,System.Void PatientAccess.Business.Services.AppointmentService/<GetAppointmentByIdInternalAsync>d__16::MoveNext()
FNDA:0,System.Void PatientAccess.Business.Services.AppointmentService/<GetAppointmentByIdInternalAsync>d__16::MoveNext()
DA:668,0
DA:670,0
DA:671,0
DA:672,0
DA:673,0
DA:674,0
DA:675,0
DA:677,0
DA:679,0
DA:680,0
DA:681,0
DA:682,0
DA:684,0
FN:105,System.Void PatientAccess.Business.Services.AppointmentService/<GetDailyAvailabilityAsync>d__8::MoveNext()
FNDA:0,System.Void PatientAccess.Business.Services.AppointmentService/<GetDailyAvailabilityAsync>d__8::MoveNext()
DA:106,0
DA:108,0
DA:109,0
DA:110,0
DA:111,0
DA:113,0
DA:114,0
DA:117,0
DA:118,0
DA:119,0
DA:120,0
DA:121,0
DA:122,0
DA:123,0
DA:124,0
DA:125,0
DA:126,0
DA:127,0
DA:128,0
DA:129,0
DA:130,0
DA:132,0
DA:133,0
DA:134,0
DA:136,0
DA:137,0
DA:138,0
DA:139,0
DA:140,0
DA:142,0
DA:143,0
DA:144,0
DA:145,0
DA:146,0
DA:147,0
DA:149,0
FN:41,System.Void PatientAccess.Business.Services.AppointmentService/<GetMonthlyAvailabilityAsync>d__7::MoveNext()
FNDA:0,System.Void PatientAccess.Business.Services.AppointmentService/<GetMonthlyAvailabilityAsync>d__7::MoveNext()
DA:42,0
DA:44,0
DA:45,0
DA:46,0
DA:47,0
DA:49,0
DA:50,0
DA:53,0
DA:54,0
DA:55,0
DA:56,0
DA:57,0
DA:58,0
DA:59,0
DA:60,0
DA:61,0
DA:62,0
DA:63,0
DA:64,0
DA:65,0
DA:66,0
DA:69,0
DA:83,0
DA:85,0
DA:86,0
DA:87,0
DA:89,0
DA:91,0
DA:92,0
DA:93,0
DA:94,0
DA:95,0
DA:96,0
DA:98,0
FN:624,System.Void PatientAccess.Business.Services.AppointmentService/<GetPatientAppointmentsAsync>d__15::MoveNext()
FNDA:0,System.Void PatientAccess.Business.Services.AppointmentService/<GetPatientAppointmentsAsync>d__15::MoveNext()
DA:625,0
DA:627,0
DA:628,0
DA:631,0
DA:632,0
DA:633,0
DA:634,0
DA:635,0
DA:636,0
DA:637,0
DA:638,0
DA:639,0
DA:640,0
DA:641,0
DA:642,0
DA:643,0
DA:644,0
DA:645,0
DA:646,0
DA:647,0
DA:648,0
DA:650,0
DA:651,0
DA:652,0
DA:654,0
DA:656,0
DA:657,0
DA:658,0
DA:659,0
DA:661,0
FN:444,System.Void PatientAccess.Business.Services.AppointmentService/<RescheduleAsync>d__14::MoveNext()
FNDA:0,System.Void PatientAccess.Business.Services.AppointmentService/<RescheduleAsync>d__14::MoveNext()
DA:445,0
DA:446,0
DA:447,0
DA:449,0
DA:450,0
DA:452,0
DA:453,0
DA:454,0
DA:455,0
DA:457,0
DA:458,0
DA:460,0
DA:462,0
DA:463,0
DA:465,0
DA:470,0
DA:476,0
DA:477,0
DA:478,0
DA:487,0
DA:488,0
DA:489,0
DA:500,0
DA:501,0
DA:502,0
DA:506,0
DA:507,0
DA:511,0
DA:517,0
DA:518,0
DA:519,0
DA:529,0
DA:530,0
DA:531,0
DA:539,0
DA:540,0
DA:541,0
DA:542,0
DA:548,0
DA:549,0
DA:552,0
DA:553,0
DA:557,0
DA:559,0
DA:562,0
DA:566,0
DA:567,0
DA:568,0
DA:569,0
DA:570,0
DA:582,0
DA:587,0
DA:592,0
DA:595,0
DA:596,0
DA:597,0
DA:598,0
DA:599,0
DA:600,0
DA:601,0
DA:602,0
DA:603,0
DA:604,0
DA:605,0
DA:608,0
DA:609,0
DA:610,0
DA:612,0
DA:613,0
DA:614,0
DA:615,0
DA:617,0
DA:618,0
BRDA:449,925,1,0
BRDA:458,291,0,0
BRDA:458,291,1,0
BRDA:598,566,0,0
BRDA:598,566,1,0
BRDA:449,925,0,0
FN:275,System.Void PatientAccess.Business.Services.AppointmentService/<ValidateAppointmentRequestAsync>d__10::MoveNext()
FNDA:0,System.Void PatientAccess.Business.Services.AppointmentService/<ValidateAppointmentRequestAsync>d__10::MoveNext()
DA:276,0
DA:278,0
DA:279,0
DA:280,0
DA:282,0
DA:283,0
DA:284,0
DA:288,0
DA:289,0
DA:290,0
DA:292,0
DA:293,0
DA:294,0
DA:298,0
DA:299,0
DA:300,0
DA:301,0
DA:302,0
DA:304,0
DA:305,0
DA:306,0
DA:308,0
DA:311,0
DA:312,0
DA:313,0
DA:315,0
BRDA:282,387,0,0
BRDA:282,387,1,0
BRDA:292,864,0,0
BRDA:292,864,1,0
BRDA:298,998,0,0
BRDA:304,1425,0,0
BRDA:304,1425,1,0
BRDA:298,998,1,0
BRDA:311,1552,0,0
BRDA:311,1552,1,0
BRDA:311,1589,0,0
BRDA:311,1589,1,0
FN:839,System.Void PatientAccess.Business.Services.AppointmentService/<ValidateWalkinAppointmentRequestAsync>d__18::MoveNext()
FNDA:0,System.Void PatientAccess.Business.Services.AppointmentService/<ValidateWalkinAppointmentRequestAsync>d__18::MoveNext()
DA:840,0
DA:842,0
DA:843,0
DA:844,0
DA:845,0
DA:846,0
DA:848,0
DA:849,0
DA:850,0
DA:854,0
DA:855,0
DA:856,0
DA:858,0
DA:859,0
DA:860,0
DA:864,0
DA:865,0
DA:866,0
DA:868,0
DA:869,0
DA:870,0
DA:874,0
DA:875,0
DA:876,0
DA:878,0
BRDA:848,495,0,0
BRDA:848,495,1,0
BRDA:858,895,0,0
BRDA:858,895,1,0
BRDA:868,1372,0,0
BRDA:868,1372,1,0
BRDA:874,1498,0,0
BRDA:874,1498,1,0
BRDA:874,1535,0,0
BRDA:874,1535,1,0
LF:656
LH:0
BRF:106
BRH:0
FNF:19
FNH:0
end_of_record
SF:https://raw.githubusercontent.com/kanini/Propel-Project-Team-12/566c2a6afb6428f0334cf8f12ab828ebeb0e3b0c/src/backend/PatientAccess.Business/Services/ArrivalManagementService.cs
FN:182,PatientAccess.Business.DTOs.ArrivalSearchResultDto PatientAccess.Business.Services.ArrivalManagementService::MapToArrivalSearchResultDto(PatientAccess.Data.Models.Appointment)
FNDA:0,PatientAccess.Business.DTOs.ArrivalSearchResultDto PatientAccess.Business.Services.ArrivalManagementService::MapToArrivalSearchResultDto(PatientAccess.Data.Models.Appointment)
DA:183,0
DA:184,0
DA:185,0
DA:186,0
DA:187,0
DA:188,0
DA:189,0
DA:190,0
DA:191,0
DA:192,0
DA:193,0
DA:194,0
DA:195,0
BRDA:184,40,0,0
BRDA:184,40,1,0
BRDA:184,52,0,0
BRDA:184,52,1,0
BRDA:184,74,0,0
BRDA:184,74,1,0
BRDA:184,94,0,0
BRDA:184,94,1,0
BRDA:184,119,0,0
BRDA:184,119,1,0
BRDA:184,154,0,0
BRDA:184,154,1,0
BRDA:184,166,0,0
BRDA:184,166,1,0
BRDA:184,188,0,0
BRDA:184,188,1,0
FN:78,PatientAccess.Business.DTOs.ArrivalSearchResultDto PatientAccess.Business.Services.ArrivalManagementService::<SearchTodayAppointmentsAsync>b__5_3(PatientAccess.Data.Models.Appointment)
FNDA:0,PatientAccess.Business.DTOs.ArrivalSearchResultDto PatientAccess.Business.Services.ArrivalManagementService::<SearchTodayAppointmentsAsync>b__5_3(PatientAccess.Data.Models.Appointment)
DA:79,0
FN:28,System.Void PatientAccess.Business.Services.ArrivalManagementService::.ctor(PatientAccess.Data.PatientAccessDbContext,PatientAccess.Business.Interfaces.IPusherService,Microsoft.Extensions.Logging.ILogger`1<PatientAccess.Business.Services.ArrivalManagementService>)
FNDA:0,System.Void PatientAccess.Business.Services.ArrivalManagementService::.ctor(PatientAccess.Data.PatientAccessDbContext,PatientAccess.Business.Interfaces.IPusherService,Microsoft.Extensions.Logging.ILogger`1<PatientAccess.Business.Services.ArrivalManagementService>)
DA:29,0
DA:30,0
DA:31,0
DA:32,0
DA:33,0
BRDA:30,11,0,0
BRDA:30,11,1,0
BRDA:31,33,0,0
BRDA:31,33,1,0
BRDA:32,55,0,0
BRDA:32,55,1,0
FN:96,System.Void PatientAccess.Business.Services.ArrivalManagementService/<MarkAppointmentArrivedAsync>d__6::MoveNext()
FNDA:0,System.Void PatientAccess.Business.Services.ArrivalManagementService/<MarkAppointmentArrivedAsync>d__6::MoveNext()
DA:97,0
DA:99,0
DA:100,0
DA:103,0
DA:104,0
DA:105,0
DA:106,0
DA:109,0
DA:110,0
DA:111,0
DA:112,0
DA:116,0
DA:117,0
DA:118,0
DA:119,0
DA:123,0
DA:124,0
DA:125,0
DA:126,0
DA:130,0
DA:131,0
DA:132,0
DA:133,0
DA:134,0
DA:135,0
DA:139,0
DA:140,0
DA:141,0
DA:142,0
DA:144,0
DA:147,0
DA:150,0
DA:151,0
DA:152,0
DA:155,0
DA:156,0
DA:157,0
DA:158,0
DA:159,0
DA:160,0
DA:161,0
DA:162,0
DA:163,0
DA:164,0
DA:165,0
DA:166,0
DA:167,0
DA:169,0
DA:170,0
DA:172,0
DA:173,0
DA:174,0
DA:175,0
DA:177,0
BRDA:109,525,0,0
BRDA:109,525,1,0
BRDA:116,661,0,0
BRDA:116,661,1,0
BRDA:123,740,0,0
BRDA:123,740,1,0
BRDA:130,813,0,0
BRDA:130,813,1,0
BRDA:130,839,0,0
BRDA:130,839,1,0
BRDA:155,1448,0,0
BRDA:155,1448,1,0
FN:42,System.Void PatientAccess.Business.Services.ArrivalManagementService/<SearchTodayAppointmentsAsync>d__5::MoveNext()
FNDA:0,System.Void PatientAccess.Business.Services.ArrivalManagementService/<SearchTodayAppointmentsAsync>d__5::MoveNext()
DA:43,0
DA:45,0
DA:48,0
DA:49,0
DA:50,0
DA:51,0
DA:53,0
DA:56,0
DA:57,0
DA:58,0
DA:59,0
DA:60,0
DA:61,0
DA:64,0
DA:65,0
DA:66,0
DA:67,0
DA:68,0
DA:69,0
DA:70,0
DA:71,0
DA:74,0
DA:75,0
DA:76,0
DA:81,0
DA:82,0
DA:84,0
DA:85,0
DA:86,0
DA:87,0
DA:89,0
BRDA:48,55,0,0
BRDA:48,55,1,0
BRDA:64,558,0,0
BRDA:64,558,1,0
BRDA:64,589,0,0
BRDA:64,589,1,0
LF:104
LH:0
BRF:40
BRH:0
FNF:5
FNH:0
end_of_record
SF:https://raw.githubusercontent.com/kanini/Propel-Project-Team-12/566c2a6afb6428f0334cf8f12ab828ebeb0e3b0c/src/backend/PatientAccess.Business/Services/AuditLogService.cs
FN:239,System.String PatientAccess.Business.Services.AuditLogService::HashEmail(System.String)
FNDA:4,System.String PatientAccess.Business.Services.AuditLogService::HashEmail(System.String)
DA:240,4
DA:241,4
DA:242,4
DA:243,4
DA:244,4
FN:24,System.Void PatientAccess.Business.Services.AuditLogService::.ctor(PatientAccess.Data.PatientAccessDbContext,Microsoft.Extensions.Logging.ILogger`1<PatientAccess.Business.Services.AuditLogService>)
FNDA:20,System.Void PatientAccess.Business.Services.AuditLogService::.ctor(PatientAccess.Data.PatientAccessDbContext,Microsoft.Extensions.Logging.ILogger`1<PatientAccess.Business.Services.AuditLogService>)
DA:25,20
DA:26,20
DA:27,20
DA:28,20
FN:180,System.Void PatientAccess.Business.Services.AuditLogService/<GetAuditLogsAsync>d__6::MoveNext()
FNDA:5,System.Void PatientAccess.Business.Services.AuditLogService/<GetAuditLogsAsync>d__6::MoveNext()
DA:181,5
DA:182,5
DA:183,5
DA:184,5
DA:185,5
DA:187,5
DA:188,1
DA:189,1
DA:190,1
DA:192,5
DA:193,1
DA:194,1
DA:195,1
DA:197,5
DA:198,1
DA:199,1
DA:200,1
DA:202,5
DA:203,1
DA:204,1
DA:205,1
DA:207,5
DA:209,5
DA:210,5
DA:211,5
DA:212,5
DA:213,5
DA:214,5
DA:215,5
DA:216,5
DA:217,5
DA:218,5
DA:219,5
DA:220,5
DA:221,5
DA:222,5
DA:223,5
DA:224,5
DA:225,5
DA:227,5
DA:228,5
DA:229,5
DA:230,5
DA:231,5
DA:232,5
DA:233,5
DA:234,5
BRDA:187,220,0,1
BRDA:187,220,1,5
BRDA:192,421,0,1
BRDA:192,421,1,5
BRDA:197,560,0,1
BRDA:197,560,1,5
BRDA:202,743,0,1
BRDA:202,743,1,5
FN:40,System.Void PatientAccess.Business.Services.AuditLogService/<LogAuthEventAsync>d__3::MoveNext()
FNDA:9,System.Void PatientAccess.Business.Services.AuditLogService/<LogAuthEventAsync>d__3::MoveNext()
DA:41,9
DA:43,9
DA:44,9
DA:45,9
DA:46,9
DA:47,9
DA:48,9
DA:49,9
DA:50,9
DA:51,9
DA:52,9
DA:53,9
DA:55,9
DA:56,8
DA:58,8
DA:59,8
DA:60,8
DA:61,8
DA:62,8
DA:63,8
DA:64,1
DA:65,1
DA:67,1
DA:68,1
DA:69,1
DA:70,1
DA:71,1
DA:72,1
DA:73,9
BRDA:44,114,0,1
BRDA:44,114,1,9
BRDA:44,136,0,1
BRDA:44,136,1,9
BRDA:44,158,0,8
BRDA:44,158,1,9
FN:83,System.Void PatientAccess.Business.Services.AuditLogService/<LogFailedLoginAsync>d__4::MoveNext()
FNDA:4,System.Void PatientAccess.Business.Services.AuditLogService/<LogFailedLoginAsync>d__4::MoveNext()
DA:84,4
DA:86,4
DA:87,4
DA:89,4
DA:90,4
DA:91,4
DA:92,4
DA:93,4
DA:94,4
DA:96,4
DA:97,4
DA:98,4
DA:99,4
DA:100,4
DA:101,4
DA:102,4
DA:103,4
DA:104,4
DA:105,4
DA:107,4
DA:108,3
DA:110,3
DA:111,3
DA:112,3
DA:113,3
DA:114,3
DA:115,3
DA:116,1
DA:117,1
DA:119,1
DA:120,1
DA:121,1
DA:122,1
DA:123,4
BRDA:96,172,0,0
BRDA:96,172,1,4
BRDA:96,194,0,0
BRDA:96,194,1,4
FN:133,System.Void PatientAccess.Business.Services.AuditLogService/<LogSessionTimeoutAsync>d__5::MoveNext()
FNDA:3,System.Void PatientAccess.Business.Services.AuditLogService/<LogSessionTimeoutAsync>d__5::MoveNext()
DA:134,3
DA:136,3
DA:137,3
DA:138,3
DA:139,3
DA:140,3
DA:141,3
DA:143,3
DA:144,3
DA:145,3
DA:146,3
DA:147,3
DA:148,3
DA:149,3
DA:150,3
DA:151,3
DA:152,3
DA:154,3
DA:155,2
DA:157,2
DA:158,2
DA:159,2
DA:160,2
DA:161,2
DA:162,1
DA:163,1
DA:164,1
DA:165,1
DA:166,1
DA:167,1
DA:168,1
DA:169,3
BRDA:137,54,0,2
BRDA:137,54,1,1
BRDA:143,169,0,1
BRDA:143,169,1,3
BRDA:143,191,0,1
BRDA:143,191,1,3
LF:151
LH:151
BRF:24
BRH:22
FNF:6
FNH:6
end_of_record
SF:https://raw.githubusercontent.com/kanini/Propel-Project-Team-12/566c2a6afb6428f0334cf8f12ab828ebeb0e3b0c/src/backend/PatientAccess.Business/Services/AuthService.cs
FN:444,System.String PatientAccess.Business.Services.AuthService::GenerateVerificationToken()
FNDA:0,System.String PatientAccess.Business.Services.AuthService::GenerateVerificationToken()
DA:445,0
DA:446,0
DA:447,0
DA:448,0
DA:449,0
DA:450,0
FN:35,System.Void PatientAccess.Business.Services.AuthService::.ctor(PatientAccess.Data.PatientAccessDbContext,PatientAccess.Business.Services.IPasswordHashingService,PatientAccess.Business.Services.IEmailService,PatientAccess.Business.Services.IJwtTokenService,PatientAccess.Business.Interfaces.IAuditLogService,Microsoft.Extensions.Logging.ILogger`1<PatientAccess.Business.Services.AuthService>,PatientAccess.Business.Services.ISessionCacheService)
FNDA:0,System.Void PatientAccess.Business.Services.AuthService::.ctor(PatientAccess.Data.PatientAccessDbContext,PatientAccess.Business.Services.IPasswordHashingService,PatientAccess.Business.Services.IEmailService,PatientAccess.Business.Services.IJwtTokenService,PatientAccess.Business.Interfaces.IAuditLogService,Microsoft.Extensions.Logging.ILogger`1<PatientAccess.Business.Services.AuthService>,PatientAccess.Business.Services.ISessionCacheService)
DA:36,0
DA:37,0
DA:38,0
DA:39,0
DA:40,0
DA:41,0
DA:42,0
DA:43,0
DA:44,0
FN:381,System.Void PatientAccess.Business.Services.AuthService/<IncrementFailedLoginAttemptsAsync>d__15::MoveNext()
FNDA:0,System.Void PatientAccess.Business.Services.AuthService/<IncrementFailedLoginAttemptsAsync>d__15::MoveNext()
DA:382,0
DA:383,0
DA:384,0
DA:385,0
DA:386,0
DA:390,0
DA:391,0
DA:392,0
DA:394,0
DA:395,0
DA:398,0
DA:400,0
DA:401,0
DA:402,0
DA:403,0
DA:404,0
DA:406,0
DA:407,0
DA:408,0
DA:409,0
DA:410,0
DA:411,0
DA:412,0
DA:413,0
DA:414,0
DA:415,0
BRDA:383,32,0,0
BRDA:383,32,1,0
BRDA:394,283,0,0
BRDA:394,283,1,0
BRDA:400,465,0,0
BRDA:400,465,1,0
FN:343,System.Void PatientAccess.Business.Services.AuthService/<IsAccountLockedAsync>d__14::MoveNext()
FNDA:0,System.Void PatientAccess.Business.Services.AuthService/<IsAccountLockedAsync>d__14::MoveNext()
DA:344,0
DA:346,0
DA:348,0
DA:349,0
DA:351,0
DA:352,0
DA:353,0
DA:357,0
DA:358,0
DA:359,0
DA:360,0
DA:362,0
DA:363,0
DA:364,0
DA:366,0
DA:368,0
DA:370,0
DA:371,0
DA:372,0
DA:373,0
DA:375,0
BRDA:351,368,0,0
BRDA:351,368,1,0
BRDA:351,386,0,0
BRDA:351,386,1,0
BRDA:357,414,0,0
BRDA:362,618,0,0
BRDA:362,618,1,0
BRDA:357,414,1,0
FN:186,System.Void PatientAccess.Business.Services.AuthService/<IsEmailRegisteredAsync>d__12::MoveNext()
FNDA:0,System.Void PatientAccess.Business.Services.AuthService/<IsEmailRegisteredAsync>d__12::MoveNext()
DA:187,0
DA:188,0
DA:189,0
DA:190,0
DA:193,0
DA:194,0
DA:195,0
BRDA:188,64,0,0
BRDA:188,64,1,0
FN:489,System.Void PatientAccess.Business.Services.AuthService/<LogSessionTimeoutAsync>d__19::MoveNext()
FNDA:0,System.Void PatientAccess.Business.Services.AuthService/<LogSessionTimeoutAsync>d__19::MoveNext()
DA:490,0
DA:491,0
DA:492,0
DA:493,0
DA:494,0
DA:497,0
DA:498,0
DA:499,0
DA:500,0
DA:501,0
DA:504,0
DA:505,0
DA:506,0
DA:507,0
DA:508,0
BRDA:491,51,0,0
BRDA:491,51,1,0
BRDA:504,244,0,0
BRDA:504,244,1,0
FN:201,System.Void PatientAccess.Business.Services.AuthService/<LoginAsync>d__13::MoveNext()
FNDA:0,System.Void PatientAccess.Business.Services.AuthService/<LoginAsync>d__13::MoveNext()
DA:202,0
DA:203,0
DA:204,0
DA:205,0
DA:208,0
DA:211,0
DA:212,0
DA:213,0
DA:214,0
DA:217,0
DA:218,0
DA:219,0
DA:220,0
DA:221,0
DA:223,0
DA:227,0
DA:228,0
DA:231,0
DA:232,0
DA:234,0
DA:237,0
DA:238,0
DA:239,0
DA:240,0
DA:241,0
DA:243,0
DA:244,0
DA:248,0
DA:249,0
DA:250,0
DA:252,0
DA:253,0
DA:254,0
DA:255,0
DA:256,0
DA:258,0
DA:261,0
DA:262,0
DA:263,0
DA:265,0
DA:266,0
DA:267,0
DA:268,0
DA:269,0
DA:271,0
DA:274,0
DA:275,0
DA:276,0
DA:278,0
DA:279,0
DA:280,0
DA:281,0
DA:282,0
DA:284,0
DA:288,0
DA:291,0
DA:294,0
DA:295,0
DA:296,0
DA:298,0
DA:299,0
DA:300,0
DA:301,0
DA:302,0
DA:304,0
DA:305,0
DA:306,0
DA:308,0
DA:309,0
DA:312,0
DA:313,0
DA:314,0
DA:315,0
DA:316,0
DA:317,0
DA:318,0
DA:319,0
DA:320,0
DA:321,0
DA:322,0
DA:325,0
DA:327,0
DA:328,0
DA:329,0
DA:330,0
DA:331,0
DA:332,0
DA:333,0
DA:334,0
DA:335,0
DA:336,0
DA:337,0
BRDA:203,137,0,0
BRDA:203,137,1,0
BRDA:212,323,0,0
BRDA:212,323,1,0
BRDA:231,801,0,0
BRDA:231,801,1,0
BRDA:231,851,0,0
BRDA:231,851,1,0
BRDA:248,1182,0,0
BRDA:248,1182,1,0
BRDA:261,1397,0,0
BRDA:261,1397,1,0
BRDA:274,1612,0,0
BRDA:274,1612,1,0
BRDA:294,2028,0,0
BRDA:298,2217,0,0
BRDA:298,2217,1,0
BRDA:294,2028,1,0
FN:455,System.Void PatientAccess.Business.Services.AuthService/<RefreshSessionAsync>d__18::MoveNext()
FNDA:0,System.Void PatientAccess.Business.Services.AuthService/<RefreshSessionAsync>d__18::MoveNext()
DA:456,0
DA:457,0
DA:458,0
DA:459,0
DA:462,0
DA:463,0
DA:464,0
DA:466,0
DA:467,0
DA:468,0
DA:469,0
DA:471,0
DA:472,0
DA:473,0
DA:474,0
DA:476,0
DA:478,0
DA:479,0
DA:480,0
DA:481,0
DA:482,0
DA:483,0
BRDA:457,31,0,0
BRDA:457,31,1,0
BRDA:462,61,0,0
BRDA:466,223,0,0
BRDA:466,223,1,0
BRDA:462,61,1,0
FN:49,System.Void PatientAccess.Business.Services.AuthService/<RegisterUserAsync>d__10::MoveNext()
FNDA:0,System.Void PatientAccess.Business.Services.AuthService/<RegisterUserAsync>d__10::MoveNext()
DA:50,0
DA:52,0
DA:53,0
DA:55,0
DA:56,0
DA:57,0
DA:61,0
DA:64,0
DA:67,0
DA:68,0
DA:69,0
DA:70,0
DA:71,0
DA:72,0
DA:73,0
DA:74,0
DA:75,0
DA:76,0
DA:77,0
DA:78,0
DA:79,0
DA:80,0
DA:83,0
DA:84,0
DA:86,0
DA:87,0
DA:90,0
DA:91,0
DA:92,0
DA:93,0
DA:94,0
DA:95,0
DA:96,0
DA:97,0
DA:98,0
DA:99,0
DA:100,0
DA:103,0
DA:104,0
DA:105,0
DA:106,0
DA:108,0
DA:109,0
DA:110,0
DA:111,0
DA:113,0
DA:114,0
DA:115,0
DA:116,0
DA:117,0
DA:118,0
DA:119,0
DA:120,0
BRDA:55,397,0,0
BRDA:55,397,1,0
BRDA:67,611,0,0
BRDA:67,611,1,0
BRDA:108,1312,0,0
BRDA:108,1312,1,0
FN:420,System.Void PatientAccess.Business.Services.AuthService/<ResetFailedLoginAttemptsAsync>d__16::MoveNext()
FNDA:0,System.Void PatientAccess.Business.Services.AuthService/<ResetFailedLoginAttemptsAsync>d__16::MoveNext()
DA:421,0
DA:422,0
DA:423,0
DA:424,0
DA:428,0
DA:429,0
DA:430,0
DA:432,0
DA:433,0
DA:434,0
DA:435,0
DA:436,0
DA:437,0
DA:438,0
BRDA:422,31,0,0
BRDA:422,31,1,0
FN:125,System.Void PatientAccess.Business.Services.AuthService/<VerifyEmailAsync>d__11::MoveNext()
FNDA:0,System.Void PatientAccess.Business.Services.AuthService/<VerifyEmailAsync>d__11::MoveNext()
DA:126,0
DA:127,0
DA:128,0
DA:129,0
DA:130,0
DA:134,0
DA:135,0
DA:137,0
DA:138,0
DA:139,0
DA:140,0
DA:144,0
DA:145,0
DA:146,0
DA:147,0
DA:151,0
DA:152,0
DA:153,0
DA:154,0
DA:158,0
DA:159,0
DA:160,0
DA:161,0
DA:163,0
DA:165,0
DA:166,0
DA:169,0
DA:170,0
DA:171,0
DA:172,0
DA:173,0
DA:174,0
DA:175,0
DA:176,0
DA:177,0
DA:178,0
DA:180,0
DA:181,0
BRDA:127,89,0,0
BRDA:127,89,1,0
BRDA:137,386,0,0
BRDA:137,386,1,0
BRDA:144,443,0,0
BRDA:144,472,0,0
BRDA:144,472,1,0
BRDA:144,443,1,0
BRDA:144,498,0,0
BRDA:144,498,1,0
BRDA:151,568,0,0
BRDA:151,568,1,0
LF:303
LH:0
BRF:64
BRH:0
FNF:11
FNH:0
end_of_record
SF:https://raw.githubusercontent.com/kanini/Propel-Project-Team-12/566c2a6afb6428f0334cf8f12ab828ebeb0e3b0c/src/backend/PatientAccess.Business/Services/ChunkedUploadManager.cs
FN:45,System.Guid PatientAccess.Business.Services.ChunkedUploadManager::CreateSession(System.String,System.Int64,System.String,System.Int32,System.Guid,System.Guid)
FNDA:0,System.Guid PatientAccess.Business.Services.ChunkedUploadManager::CreateSession(System.String,System.Int64,System.String,System.Int32,System.Guid,System.Guid)
DA:46,0
DA:47,0
DA:48,0
DA:49,0
DA:50,0
DA:51,0
DA:52,0
DA:53,0
DA:54,0
DA:55,0
DA:56,0
DA:57,0
DA:58,0
DA:59,0
DA:60,0
DA:63,0
DA:64,0
DA:65,0
DA:67,0
DA:70,0
DA:71,0
DA:73,0
DA:74,0
DA:76,0
DA:77,0
FN:124,System.Boolean PatientAccess.Business.Services.ChunkedUploadManager::IsSessionComplete(System.Guid)
FNDA:0,System.Boolean PatientAccess.Business.Services.ChunkedUploadManager::IsSessionComplete(System.Guid)
DA:125,0
DA:126,0
DA:127,0
DA:129,0
DA:130,0
BRDA:127,15,0,0
BRDA:127,15,1,0
FN:186,System.Void PatientAccess.Business.Services.ChunkedUploadManager::CleanupSession(System.Guid)
FNDA:0,System.Void PatientAccess.Business.Services.ChunkedUploadManager::CleanupSession(System.Guid)
DA:187,0
DA:188,0
DA:191,0
DA:192,0
DA:193,0
DA:195,0
DA:196,0
DA:197,0
DA:198,0
DA:199,0
DA:200,0
DA:201,0
DA:202,0
DA:205,0
DA:206,0
BRDA:192,49,0,0
BRDA:192,49,1,0
FN:210,System.Int32 PatientAccess.Business.Services.ChunkedUploadManager::GetChunkSize()
FNDA:0,System.Int32 PatientAccess.Business.Services.ChunkedUploadManager::GetChunkSize()
DA:211,0
FN:216,PatientAccess.Business.Services.ChunkedUploadManager/UploadSession PatientAccess.Business.Services.ChunkedUploadManager::GetSession(System.Guid)
FNDA:0,PatientAccess.Business.Services.ChunkedUploadManager/UploadSession PatientAccess.Business.Services.ChunkedUploadManager::GetSession(System.Guid)
DA:217,0
DA:218,0
DA:219,0
FN:220,System.String PatientAccess.Business.Services.ChunkedUploadManager::GetSessionKey(System.Guid)
FNDA:0,System.String PatientAccess.Business.Services.ChunkedUploadManager::GetSessionKey(System.Guid)
DA:221,0
FN:221,System.String PatientAccess.Business.Services.ChunkedUploadManager::GetSessionTempPath(System.Guid)
FNDA:0,System.String PatientAccess.Business.Services.ChunkedUploadManager::GetSessionTempPath(System.Guid)
DA:222,0
FN:222,System.String PatientAccess.Business.Services.ChunkedUploadManager::GetChunkPath(System.Guid,System.Int32)
FNDA:0,System.String PatientAccess.Business.Services.ChunkedUploadManager::GetChunkPath(System.Guid,System.Int32)
DA:223,0
FN:25,System.Void PatientAccess.Business.Services.ChunkedUploadManager::.ctor(Microsoft.Extensions.Caching.Memory.IMemoryCache,Microsoft.Extensions.Configuration.IConfiguration,Microsoft.Extensions.Logging.ILogger`1<PatientAccess.Business.Services.ChunkedUploadManager>)
FNDA:0,System.Void PatientAccess.Business.Services.ChunkedUploadManager::.ctor(Microsoft.Extensions.Caching.Memory.IMemoryCache,Microsoft.Extensions.Configuration.IConfiguration,Microsoft.Extensions.Logging.ILogger`1<PatientAccess.Business.Services.ChunkedUploadManager>)
DA:26,0
DA:27,0
DA:28,0
DA:29,0
DA:32,0
DA:33,0
DA:36,0
DA:37,0
DA:39,0
DA:40,0
BRDA:27,11,0,0
BRDA:27,11,1,0
BRDA:28,33,0,0
BRDA:28,33,1,0
BRDA:29,55,0,0
BRDA:29,55,1,0
BRDA:32,92,0,0
BRDA:32,92,1,0
BRDA:33,138,0,0
BRDA:33,138,1,0
FN:135,System.Void PatientAccess.Business.Services.ChunkedUploadManager/<FinalizeSessionAsync>d__11::MoveNext()
FNDA:0,System.Void PatientAccess.Business.Services.ChunkedUploadManager/<FinalizeSessionAsync>d__11::MoveNext()
DA:136,0
DA:137,0
DA:138,0
DA:139,0
DA:140,0
DA:143,0
DA:144,0
DA:145,0
DA:148,0
DA:151,0
DA:152,0
DA:154,0
DA:155,0
DA:156,0
DA:159,0
DA:160,0
DA:161,0
DA:162,0
DA:163,0
DA:164,0
DA:165,0
DA:166,0
DA:169,0
DA:170,0
DA:171,0
DA:172,0
DA:173,0
DA:175,0
DA:176,0
DA:178,0
DA:180,0
DA:181,0
BRDA:138,53,0,0
BRDA:138,53,1,0
BRDA:143,142,0,0
BRDA:143,142,1,0
BRDA:161,872,1,0
BRDA:164,572,0,0
BRDA:164,572,1,0
BRDA:161,872,0,0
FN:82,System.Void PatientAccess.Business.Services.ChunkedUploadManager/<SaveChunkAsync>d__9::MoveNext()
FNDA:0,System.Void PatientAccess.Business.Services.ChunkedUploadManager/<SaveChunkAsync>d__9::MoveNext()
DA:83,0
DA:84,0
DA:85,0
DA:86,0
DA:87,0
DA:90,0
DA:93,0
DA:94,0
DA:95,0
DA:99,0
DA:100,0
DA:101,0
DA:102,0
DA:103,0
DA:104,0
DA:107,0
DA:108,0
DA:109,0
DA:110,0
DA:112,0
DA:113,0
DA:115,0
DA:116,0
DA:118,0
DA:119,0
BRDA:85,53,0,0
BRDA:85,53,1,0
BRDA:93,181,0,0
BRDA:93,181,1,0
BRDA:93,212,0,0
BRDA:93,212,1,0
BRDA:107,658,0,0
BRDA:107,658,1,0
LF:119
LH:0
BRF:30
BRH:0
FNF:11
FNH:0
end_of_record
SF:https://raw.githubusercontent.com/kanini/Propel-Project-Team-12/566c2a6afb6428f0334cf8f12ab828ebeb0e3b0c/src/backend/PatientAccess.Business/Services/DashboardService.cs
FN:134,System.Double PatientAccess.Business.Services.DashboardService::CalculateTrendPercentage(System.Int32,System.Int32)
FNDA:0,System.Double PatientAccess.Business.Services.DashboardService::CalculateTrendPercentage(System.Int32,System.Int32)
DA:135,0
DA:136,0
DA:137,0
DA:138,0
DA:140,0
DA:141,0
BRDA:136,7,0,0
BRDA:138,12,0,0
BRDA:138,12,1,0
BRDA:136,7,1,0
FN:26,System.Void PatientAccess.Business.Services.DashboardService::.ctor(PatientAccess.Data.PatientAccessDbContext,Microsoft.Extensions.Caching.Distributed.IDistributedCache,Microsoft.Extensions.Logging.ILogger`1<PatientAccess.Business.Services.DashboardService>)
FNDA:0,System.Void PatientAccess.Business.Services.DashboardService::.ctor(PatientAccess.Data.PatientAccessDbContext,Microsoft.Extensions.Caching.Distributed.IDistributedCache,Microsoft.Extensions.Logging.ILogger`1<PatientAccess.Business.Services.DashboardService>)
DA:27,0
DA:28,0
DA:29,0
DA:30,0
DA:31,0
BRDA:28,11,0,0
BRDA:28,11,1,0
BRDA:29,33,0,0
BRDA:29,33,1,0
BRDA:30,55,0,0
BRDA:30,55,1,0
FN:37,System.Void PatientAccess.Business.Services.DashboardService/<GetDashboardStatsAsync>d__5::MoveNext()
FNDA:0,System.Void PatientAccess.Business.Services.DashboardService/<GetDashboardStatsAsync>d__5::MoveNext()
DA:38,0
DA:39,0
DA:42,0
DA:44,0
DA:45,0
DA:46,0
DA:47,0
DA:48,0
DA:51,0
DA:54,0
DA:55,0
DA:56,0
DA:57,0
DA:60,0
DA:61,0
DA:62,0
DA:63,0
DA:64,0
DA:65,0
DA:67,0
DA:68,0
DA:69,0
DA:70,0
DA:71,0
DA:72,0
DA:74,0
DA:75,0
DA:76,0
DA:77,0
DA:80,0
DA:81,0
DA:82,0
DA:84,0
DA:85,0
DA:86,0
DA:87,0
DA:90,0
DA:91,0
DA:92,0
DA:93,0
DA:94,0
DA:95,0
DA:97,0
DA:98,0
DA:99,0
DA:100,0
DA:101,0
DA:102,0
DA:103,0
DA:104,0
DA:105,0
DA:106,0
DA:107,0
DA:108,0
DA:109,0
DA:110,0
DA:113,0
DA:114,0
DA:115,0
DA:116,0
DA:117,0
DA:118,0
DA:120,0
DA:122,0
DA:124,0
DA:125,0
DA:126,0
DA:127,0
DA:129,0
BRDA:45,373,0,0
BRDA:45,373,1,0
LF:80
LH:0
BRF:12
BRH:0
FNF:3
FNH:0
end_of_record
SF:https://raw.githubusercontent.com/kanini/Propel-Project-Team-12/566c2a6afb6428f0334cf8f12ab828ebeb0e3b0c/src/backend/PatientAccess.Business/Services/DocumentProcessingService.cs
FN:25,System.Void PatientAccess.Business.Services.DocumentProcessingService::.ctor(PatientAccess.Data.PatientAccessDbContext,PatientAccess.Business.Interfaces.IPusherService,Microsoft.Extensions.Logging.ILogger`1<PatientAccess.Business.Services.DocumentProcessingService>)
FNDA:0,System.Void PatientAccess.Business.Services.DocumentProcessingService::.ctor(PatientAccess.Data.PatientAccessDbContext,PatientAccess.Business.Interfaces.IPusherService,Microsoft.Extensions.Logging.ILogger`1<PatientAccess.Business.Services.DocumentProcessingService>)
DA:26,0
DA:27,0
DA:28,0
DA:29,0
DA:30,0
BRDA:27,11,0,0
BRDA:27,11,1,0
BRDA:28,33,0,0
BRDA:28,33,1,0
BRDA:29,55,0,0
BRDA:29,55,1,0
FN:37,System.Void PatientAccess.Business.Services.DocumentProcessingService/<ProcessDocumentAsync>d__5::MoveNext()
FNDA:0,System.Void PatientAccess.Business.Services.DocumentProcessingService/<ProcessDocumentAsync>d__5::MoveNext()
DA:38,0
DA:39,0
DA:42,0
DA:43,0
DA:46,0
DA:47,0
DA:48,0
DA:50,0
DA:51,0
DA:52,0
DA:53,0
DA:57,0
DA:58,0
DA:59,0
DA:61,0
DA:64,0
DA:68,0
DA:71,0
DA:74,0
DA:75,0
DA:76,0
DA:77,0
DA:79,0
DA:80,0
DA:82,0
DA:85,0
DA:86,0
DA:87,0
DA:88,0
DA:89,0
DA:92,0
DA:93,0
DA:94,0
DA:95,0
DA:96,0
DA:98,0
DA:99,0
DA:102,0
DA:105,0
DA:106,0
DA:108,0
DA:109,0
DA:110,0
DA:111,0
DA:113,0
DA:115,0
BRDA:50,560,0,0
BRDA:50,560,1,0
BRDA:85,1449,0,0
BRDA:85,1449,1,0
BRDA:108,2238,0,0
BRDA:108,2238,1,0
FN:154,System.Void PatientAccess.Business.Services.DocumentProcessingService/<RetryProcessingAsync>d__7::MoveNext()
FNDA:0,System.Void PatientAccess.Business.Services.DocumentProcessingService/<RetryProcessingAsync>d__7::MoveNext()
DA:155,0
DA:156,0
DA:157,0
DA:159,0
DA:160,0
DA:161,0
DA:164,0
DA:165,0
DA:166,0
DA:170,0
DA:171,0
DA:172,0
DA:173,0
DA:175,0
DA:178,0
DA:180,0
DA:181,0
BRDA:159,329,0,0
BRDA:159,329,1,0
BRDA:164,421,0,0
BRDA:164,421,1,0
FN:213,System.Void PatientAccess.Business.Services.DocumentProcessingService/<TriggerProcessingCompletedEventAsync>d__9::MoveNext()
FNDA:0,System.Void PatientAccess.Business.Services.DocumentProcessingService/<TriggerProcessingCompletedEventAsync>d__9::MoveNext()
DA:214,0
DA:215,0
DA:216,0
DA:217,0
DA:218,0
DA:219,0
DA:220,0
DA:221,0
DA:222,0
DA:223,0
DA:224,0
DA:226,0
DA:228,0
DA:229,0
DA:230,0
DA:231,0
DA:233,0
DA:234,0
DA:235,0
DA:236,0
BRDA:228,281,0,0
BRDA:228,281,1,0
FN:241,System.Void PatientAccess.Business.Services.DocumentProcessingService/<TriggerProcessingFailedEventAsync>d__10::MoveNext()
FNDA:0,System.Void PatientAccess.Business.Services.DocumentProcessingService/<TriggerProcessingFailedEventAsync>d__10::MoveNext()
DA:242,0
DA:243,0
DA:244,0
DA:245,0
DA:246,0
DA:247,0
DA:248,0
DA:249,0
DA:250,0
DA:251,0
DA:252,0
DA:254,0
DA:256,0
DA:257,0
DA:258,0
DA:259,0
DA:261,0
DA:262,0
DA:263,0
DA:264,0
BRDA:256,281,0,0
BRDA:256,281,1,0
FN:186,System.Void PatientAccess.Business.Services.DocumentProcessingService/<TriggerProcessingStartedEventAsync>d__8::MoveNext()
FNDA:0,System.Void PatientAccess.Business.Services.DocumentProcessingService/<TriggerProcessingStartedEventAsync>d__8::MoveNext()
DA:187,0
DA:188,0
DA:189,0
DA:190,0
DA:191,0
DA:192,0
DA:193,0
DA:194,0
DA:195,0
DA:196,0
DA:198,0
DA:200,0
DA:201,0
DA:202,0
DA:203,0
DA:205,0
DA:206,0
DA:207,0
DA:208,0
BRDA:200,275,0,0
BRDA:200,275,1,0
FN:120,System.Void PatientAccess.Business.Services.DocumentProcessingService/<UpdateDocumentStatusAsync>d__6::MoveNext()
FNDA:0,System.Void PatientAccess.Business.Services.DocumentProcessingService/<UpdateDocumentStatusAsync>d__6::MoveNext()
DA:121,0
DA:122,0
DA:123,0
DA:125,0
DA:126,0
DA:127,0
DA:128,0
DA:132,0
DA:133,0
DA:134,0
DA:137,0
DA:138,0
DA:139,0
DA:141,0
DA:142,0
DA:143,0
DA:144,0
DA:146,0
DA:148,0
DA:149,0
BRDA:125,329,0,0
BRDA:125,329,1,0
BRDA:132,472,0,0
BRDA:132,472,1,0
BRDA:141,567,0,0
BRDA:141,567,1,0
BRDA:141,585,0,0
BRDA:141,585,1,0
LF:147
LH:0
BRF:30
BRH:0
FNF:7
FNH:0
end_of_record
SF:https://raw.githubusercontent.com/kanini/Propel-Project-Team-12/566c2a6afb6428f0334cf8f12ab828ebeb0e3b0c/src/backend/PatientAccess.Business/Services/DocumentService.cs
FN:20,System.Void PatientAccess.Business.Services.DocumentService::.ctor(PatientAccess.Data.PatientAccessDbContext,Microsoft.Extensions.Logging.ILogger`1<PatientAccess.Business.Services.DocumentService>)
FNDA:0,System.Void PatientAccess.Business.Services.DocumentService::.ctor(PatientAccess.Data.PatientAccessDbContext,Microsoft.Extensions.Logging.ILogger`1<PatientAccess.Business.Services.DocumentService>)
DA:21,0
DA:22,0
DA:23,0
DA:24,0
BRDA:22,11,0,0
BRDA:22,11,1,0
BRDA:23,33,0,0
BRDA:23,33,1,0
FN:30,System.Void PatientAccess.Business.Services.DocumentService/<GetRecentDocumentsAsync>d__3::MoveNext()
FNDA:0,System.Void PatientAccess.Business.Services.DocumentService/<GetRecentDocumentsAsync>d__3::MoveNext()
DA:31,0
DA:32,0
DA:33,0
DA:34,0
DA:38,0
DA:39,0
DA:41,0
DA:42,0
DA:43,0
DA:44,0
DA:45,0
DA:46,0
DA:47,0
DA:48,0
DA:49,0
DA:50,0
DA:51,0
DA:52,0
DA:53,0
DA:54,0
DA:55,0
DA:56,0
DA:58,0
DA:60,0
DA:62,0
DA:63,0
DA:64,0
DA:65,0
DA:67,0
BRDA:32,50,0,0
BRDA:32,50,1,0
BRDA:32,67,0,0
BRDA:32,67,1,0
LF:33
LH:0
BRF:8
BRH:0
FNF:2
FNH:0
end_of_record
SF:https://raw.githubusercontent.com/kanini/Propel-Project-Team-12/566c2a6afb6428f0334cf8f12ab828ebeb0e3b0c/src/backend/PatientAccess.Business/Services/DocumentUploadService.cs
FN:196,System.Void PatientAccess.Business.Services.DocumentUploadService::ValidateFileMetadata(System.String,System.Int64,System.String)
FNDA:0,System.Void PatientAccess.Business.Services.DocumentUploadService::ValidateFileMetadata(System.String,System.Int64,System.String)
DA:197,0
DA:198,0
DA:199,0
DA:200,0
DA:203,0
DA:204,0
DA:205,0
DA:208,0
DA:209,0
DA:210,0
DA:212,0
BRDA:198,9,0,0
BRDA:198,9,1,0
BRDA:203,31,0,0
BRDA:203,31,1,0
BRDA:203,47,0,0
BRDA:203,47,1,0
BRDA:208,156,0,0
BRDA:208,156,1,0
FN:28,System.Void PatientAccess.Business.Services.DocumentUploadService::.ctor(PatientAccess.Business.Services.ChunkedUploadManager,PatientAccess.Business.Interfaces.IPusherService,PatientAccess.Data.PatientAccessDbContext,Microsoft.Extensions.Logging.ILogger`1<PatientAccess.Business.Services.DocumentUploadService>)
FNDA:0,System.Void PatientAccess.Business.Services.DocumentUploadService::.ctor(PatientAccess.Business.Services.ChunkedUploadManager,PatientAccess.Business.Interfaces.IPusherService,PatientAccess.Data.PatientAccessDbContext,Microsoft.Extensions.Logging.ILogger`1<PatientAccess.Business.Services.DocumentUploadService>)
DA:29,0
DA:30,0
DA:31,0
DA:32,0
DA:33,0
DA:34,0
BRDA:30,11,0,0
BRDA:30,11,1,0
BRDA:31,33,0,0
BRDA:31,33,1,0
BRDA:32,55,0,0
BRDA:32,55,1,0
BRDA:33,78,0,0
BRDA:33,78,1,0
FN:113,System.Void PatientAccess.Business.Services.DocumentUploadService/<FinalizeUploadAsync>d__9::MoveNext()
FNDA:0,System.Void PatientAccess.Business.Services.DocumentUploadService/<FinalizeUploadAsync>d__9::MoveNext()
DA:114,0
DA:115,0
DA:118,0
DA:120,0
DA:121,0
DA:122,0
DA:126,0
DA:129,0
DA:130,0
DA:131,0
DA:132,0
DA:133,0
DA:134,0
DA:135,0
DA:136,0
DA:137,0
DA:138,0
DA:139,0
DA:140,0
DA:141,0
DA:143,0
DA:144,0
DA:146,0
DA:147,0
DA:150,0
DA:153,0
DA:157,0
DA:158,0
DA:159,0
DA:160,0
DA:161,0
DA:162,0
DA:164,0
DA:165,0
DA:167,0
DA:168,0
DA:169,0
DA:170,0
DA:171,0
DA:172,0
DA:173,0
DA:174,0
DA:175,0
DA:177,0
DA:179,0
DA:180,0
DA:181,0
DA:184,0
DA:187,0
DA:189,0
DA:191,0
BRDA:120,161,0,0
BRDA:120,161,1,0
FN:39,System.Void PatientAccess.Business.Services.DocumentUploadService/<InitializeUploadAsync>d__7::MoveNext()
FNDA:0,System.Void PatientAccess.Business.Services.DocumentUploadService/<InitializeUploadAsync>d__7::MoveNext()
DA:40,0
DA:41,0
DA:44,0
DA:47,0
DA:48,0
DA:49,0
DA:50,0
DA:54,0
DA:55,0
DA:56,0
DA:57,0
DA:58,0
DA:59,0
DA:60,0
DA:62,0
DA:63,0
DA:64,0
DA:65,0
DA:66,0
DA:67,0
DA:68,0
DA:70,0
DA:72,0
DA:73,0
BRDA:48,530,0,0
BRDA:48,530,1,0
FN:217,System.Void PatientAccess.Business.Services.DocumentUploadService/<TriggerChunkUploadedEventAsync>d__11::MoveNext()
FNDA:0,System.Void PatientAccess.Business.Services.DocumentUploadService/<TriggerChunkUploadedEventAsync>d__11::MoveNext()
DA:218,0
DA:219,0
DA:220,0
DA:221,0
DA:222,0
DA:223,0
DA:224,0
DA:225,0
DA:226,0
DA:228,0
DA:229,0
FN:234,System.Void PatientAccess.Business.Services.DocumentUploadService/<TriggerUploadCompleteEventAsync>d__12::MoveNext()
FNDA:0,System.Void PatientAccess.Business.Services.DocumentUploadService/<TriggerUploadCompleteEventAsync>d__12::MoveNext()
DA:235,0
DA:236,0
DA:237,0
DA:238,0
DA:239,0
DA:240,0
DA:241,0
DA:242,0
DA:243,0
DA:244,0
DA:246,0
DA:247,0
FN:252,System.Void PatientAccess.Business.Services.DocumentUploadService/<TriggerUploadFailedEventAsync>d__13::MoveNext()
FNDA:0,System.Void PatientAccess.Business.Services.DocumentUploadService/<TriggerUploadFailedEventAsync>d__13::MoveNext()
DA:253,0
DA:254,0
DA:255,0
DA:256,0
DA:257,0
DA:258,0
DA:259,0
DA:261,0
DA:262,0
FN:78,System.Void PatientAccess.Business.Services.DocumentUploadService/<UploadChunkAsync>d__8::MoveNext()
FNDA:0,System.Void PatientAccess.Business.Services.DocumentUploadService/<UploadChunkAsync>d__8::MoveNext()
DA:79,0
DA:80,0
DA:81,0
DA:82,0
DA:85,0
DA:88,0
DA:89,0
DA:90,0
DA:91,0
DA:93,0
DA:94,0
DA:96,0
DA:97,0
DA:98,0
DA:99,0
DA:100,0
DA:101,0
DA:102,0
DA:105,0
DA:107,0
DA:108,0
BRDA:80,35,0,0
BRDA:80,35,1,0
BRDA:80,57,0,0
BRDA:80,57,1,0
BRDA:94,329,0,0
BRDA:94,329,1,0
LF:145
LH:0
BRF:26
BRH:0
FNF:8
FNH:0
end_of_record
SF:https://raw.githubusercontent.com/kanini/Propel-Project-Team-12/566c2a6afb6428f0334cf8f12ab828ebeb0e3b0c/src/backend/PatientAccess.Business/Services/EmailService.cs
FN:17,System.Void PatientAccess.Business.Services.EmailService::.ctor(Microsoft.Extensions.Configuration.IConfiguration,Microsoft.Extensions.Logging.ILogger`1<PatientAccess.Business.Services.EmailService>)
FNDA:0,System.Void PatientAccess.Business.Services.EmailService::.ctor(Microsoft.Extensions.Configuration.IConfiguration,Microsoft.Extensions.Logging.ILogger`1<PatientAccess.Business.Services.EmailService>)
DA:18,0
DA:19,0
DA:20,0
DA:21,0
DA:22,0
BRDA:21,40,0,0
BRDA:21,40,1,0
FN:59,System.Void PatientAccess.Business.Services.EmailService/<ResendVerificationEmailAsync>d__5::MoveNext()
FNDA:0,System.Void PatientAccess.Business.Services.EmailService/<ResendVerificationEmailAsync>d__5::MoveNext()
DA:60,0
DA:62,0
DA:63,0
FN:76,System.Void PatientAccess.Business.Services.EmailService/<SendAppointmentConfirmationAsync>d__6::MoveNext()
FNDA:0,System.Void PatientAccess.Business.Services.EmailService/<SendAppointmentConfirmationAsync>d__6::MoveNext()
DA:77,0
DA:79,0
DA:82,0
DA:83,0
DA:84,0
DA:85,0
DA:86,0
DA:87,0
DA:88,0
DA:89,0
DA:90,0
DA:91,0
DA:92,0
DA:93,0
DA:94,0
DA:95,0
DA:96,0
DA:97,0
DA:98,0
DA:99,0
DA:100,0
DA:101,0
DA:102,0
DA:105,0
DA:107,0
DA:109,0
DA:110,0
DA:111,0
DA:112,0
DA:114,0
FN:28,System.Void PatientAccess.Business.Services.EmailService/<SendVerificationEmailAsync>d__4::MoveNext()
FNDA:0,System.Void PatientAccess.Business.Services.EmailService/<SendVerificationEmailAsync>d__4::MoveNext()
DA:29,0
DA:31,0
DA:32,0
DA:36,0
DA:37,0
DA:38,0
DA:39,0
DA:40,0
DA:41,0
DA:42,0
DA:45,0
DA:47,0
DA:49,0
DA:50,0
DA:51,0
DA:52,0
DA:54,0
LF:55
LH:0
BRF:2
BRH:0
FNF:4
FNH:0
end_of_record
SF:https://raw.githubusercontent.com/kanini/Propel-Project-Team-12/566c2a6afb6428f0334cf8f12ab828ebeb0e3b0c/src/backend/PatientAccess.Business/Services/InsurancePrecheckService.cs
FN:114,System.Threading.Tasks.Task`1<PatientAccess.Business.DTOs.InsurancePrecheckResponseDto> PatientAccess.Business.Services.InsurancePrecheckService::GetPrecheckResultAsync(System.Int32,System.Threading.CancellationToken)
FNDA:0,System.Threading.Tasks.Task`1<PatientAccess.Business.DTOs.InsurancePrecheckResponseDto> PatientAccess.Business.Services.InsurancePrecheckService::GetPrecheckResultAsync(System.Int32,System.Threading.CancellationToken)
DA:115,0
DA:116,0
DA:118,0
DA:119,0
DA:120,0
DA:123,0
DA:124,0
BRDA:118,57,0,0
BRDA:118,57,1,0
FN:32,System.Void PatientAccess.Business.Services.InsurancePrecheckService::.ctor(Microsoft.Extensions.Caching.Memory.IMemoryCache,Microsoft.Extensions.Logging.ILogger`1<PatientAccess.Business.Services.InsurancePrecheckService>)
FNDA:0,System.Void PatientAccess.Business.Services.InsurancePrecheckService::.ctor(Microsoft.Extensions.Caching.Memory.IMemoryCache,Microsoft.Extensions.Logging.ILogger`1<PatientAccess.Business.Services.InsurancePrecheckService>)
DA:33,0
DA:34,0
DA:35,0
DA:36,0
FN:15,System.Void PatientAccess.Business.Services.InsurancePrecheckService::.cctor()
FNDA:0,System.Void PatientAccess.Business.Services.InsurancePrecheckService::.cctor()
DA:16,0
DA:18,0
DA:19,0
DA:20,0
DA:21,0
DA:22,0
DA:23,0
DA:24,0
DA:25,0
DA:26,0
DA:27,0
DA:28,0
DA:29,0
DA:30,0
FN:40,System.Void PatientAccess.Business.Services.InsurancePrecheckService/<VerifyInsuranceAsync>d__5::MoveNext()
FNDA:0,System.Void PatientAccess.Business.Services.InsurancePrecheckService/<VerifyInsuranceAsync>d__5::MoveNext()
DA:41,0
DA:42,0
DA:45,0
DA:46,0
DA:47,0
DA:48,0
DA:51,0
DA:52,0
DA:53,0
DA:54,0
DA:57,0
DA:64,0
DA:65,0
DA:66,0
DA:67,0
DA:68,0
DA:69,0
DA:70,0
DA:71,0
DA:72,0
DA:73,0
DA:74,0
DA:75,0
DA:76,0
DA:77,0
DA:78,0
DA:79,0
DA:81,0
DA:83,0
DA:85,0
DA:86,0
DA:87,0
DA:88,0
DA:89,0
DA:90,0
DA:91,0
DA:92,0
DA:93,0
DA:94,0
DA:95,0
DA:96,0
DA:97,0
DA:98,0
DA:99,0
DA:100,0
DA:101,0
DA:102,0
DA:103,0
DA:104,0
DA:105,0
DA:106,0
DA:109,0
DA:111,0
DA:112,0
BRDA:45,100,0,0
BRDA:45,100,1,0
BRDA:45,116,0,0
BRDA:45,116,1,0
BRDA:64,374,0,0
BRDA:64,374,1,0
BRDA:64,402,0,0
BRDA:64,402,1,0
BRDA:72,471,0,0
BRDA:72,471,1,0
BRDA:92,762,0,0
BRDA:92,776,0,0
BRDA:92,762,1,0
BRDA:92,776,1,0
BRDA:92,790,1,0
BRDA:92,790,0,0
BRDA:99,897,0,0
BRDA:99,897,1,0
BRDA:99,911,1,0
BRDA:99,911,0,0
LF:79
LH:0
BRF:22
BRH:0
FNF:4
FNH:0
end_of_record
SF:https://raw.githubusercontent.com/kanini/Propel-Project-Team-12/566c2a6afb6428f0334cf8f12ab828ebeb0e3b0c/src/backend/PatientAccess.Business/Services/IntakeAppointmentService.cs
FN:281,System.String PatientAccess.Business.Services.IntakeAppointmentService::FormatProviderName(PatientAccess.Data.Models.Provider)
FNDA:0,System.String PatientAccess.Business.Services.IntakeAppointmentService::FormatProviderName(PatientAccess.Data.Models.Provider)
DA:282,0
DA:283,0
DA:286,0
DA:287,0
BRDA:283,7,0,0
BRDA:283,7,1,0
FN:34,System.Void PatientAccess.Business.Services.IntakeAppointmentService::.ctor(PatientAccess.Data.PatientAccessDbContext,Microsoft.Extensions.Caching.Memory.IMemoryCache,Microsoft.Extensions.Logging.ILogger`1<PatientAccess.Business.Services.IntakeAppointmentService>)
FNDA:0,System.Void PatientAccess.Business.Services.IntakeAppointmentService::.ctor(PatientAccess.Data.PatientAccessDbContext,Microsoft.Extensions.Caching.Memory.IMemoryCache,Microsoft.Extensions.Logging.ILogger`1<PatientAccess.Business.Services.IntakeAppointmentService>)
DA:35,0
DA:36,0
DA:37,0
DA:38,0
DA:39,0
BRDA:36,11,0,0
BRDA:36,11,1,0
BRDA:37,33,0,0
BRDA:37,33,1,0
BRDA:38,55,0,0
BRDA:38,55,1,0
FN:23,System.Void PatientAccess.Business.Services.IntakeAppointmentService::.cctor()
FNDA:0,System.Void PatientAccess.Business.Services.IntakeAppointmentService::.cctor()
DA:24,0
FN:84,System.Guid PatientAccess.Business.Services.IntakeAppointmentService/<>c::<GetPatientIntakeAppointmentsAsync>b__6_0(PatientAccess.Data.Models.Appointment)
FNDA:0,System.Guid PatientAccess.Business.Services.IntakeAppointmentService/<>c::<GetPatientIntakeAppointmentsAsync>b__6_0(PatientAccess.Data.Models.Appointment)
DA:85,0
FN:88,System.Guid PatientAccess.Business.Services.IntakeAppointmentService/<>c::<GetPatientIntakeAppointmentsAsync>b__6_7(PatientAccess.Data.Models.IntakeRecord)
FNDA:0,System.Guid PatientAccess.Business.Services.IntakeAppointmentService/<>c::<GetPatientIntakeAppointmentsAsync>b__6_7(PatientAccess.Data.Models.IntakeRecord)
DA:89,0
FN:218,System.Guid PatientAccess.Business.Services.IntakeAppointmentService/<>c::<GetPatientIntakeAppointmentsAsync>b__8_0(PatientAccess.Data.Models.Appointment)
FNDA:0,System.Guid PatientAccess.Business.Services.IntakeAppointmentService/<>c::<GetPatientIntakeAppointmentsAsync>b__8_0(PatientAccess.Data.Models.Appointment)
DA:219,0
FN:222,System.Guid PatientAccess.Business.Services.IntakeAppointmentService/<>c::<GetPatientIntakeAppointmentsAsync>b__8_7(PatientAccess.Data.Models.IntakeRecord)
FNDA:0,System.Guid PatientAccess.Business.Services.IntakeAppointmentService/<>c::<GetPatientIntakeAppointmentsAsync>b__8_7(PatientAccess.Data.Models.IntakeRecord)
DA:223,0
FN:92,PatientAccess.Business.DTOs.IntakeAppointmentDto PatientAccess.Business.Services.IntakeAppointmentService/<>c__DisplayClass6_0::<GetPatientIntakeAppointmentsAsync>b__1(PatientAccess.Data.Models.Appointment)
FNDA:0,PatientAccess.Business.DTOs.IntakeAppointmentDto PatientAccess.Business.Services.IntakeAppointmentService/<>c__DisplayClass6_0::<GetPatientIntakeAppointmentsAsync>b__1(PatientAccess.Data.Models.Appointment)
DA:93,0
DA:94,0
DA:96,0
DA:98,0
DA:99,0
DA:100,0
DA:101,0
DA:102,0
DA:103,0
DA:104,0
DA:105,0
DA:106,0
DA:108,0
DA:109,0
DA:110,0
DA:111,0
DA:113,0
DA:114,0
DA:115,0
DA:116,0
DA:117,0
DA:118,0
DA:119,0
DA:120,0
DA:121,0
DA:122,0
DA:123,0
DA:124,0
DA:125,0
BRDA:98,30,0,0
BRDA:98,30,1,0
BRDA:98,43,0,0
BRDA:98,43,1,0
BRDA:102,65,0,0
BRDA:102,65,1,0
BRDA:113,168,0,0
BRDA:113,168,1,0
BRDA:113,180,0,0
BRDA:113,180,1,0
BRDA:113,229,0,0
BRDA:113,229,1,0
BRDA:113,255,0,0
BRDA:113,255,1,0
FN:225,PatientAccess.Business.DTOs.IntakeAppointmentDto PatientAccess.Business.Services.IntakeAppointmentService/<>c__DisplayClass8_1::<GetPatientIntakeAppointmentsAsync>b__1(PatientAccess.Data.Models.Appointment)
FNDA:0,PatientAccess.Business.DTOs.IntakeAppointmentDto PatientAccess.Business.Services.IntakeAppointmentService/<>c__DisplayClass8_1::<GetPatientIntakeAppointmentsAsync>b__1(PatientAccess.Data.Models.Appointment)
DA:226,0
DA:227,0
DA:229,0
DA:231,0
DA:232,0
DA:233,0
DA:234,0
DA:235,0
DA:236,0
DA:237,0
DA:238,0
DA:239,0
DA:241,0
DA:242,0
DA:243,0
DA:244,0
DA:246,0
DA:247,0
DA:248,0
DA:249,0
DA:250,0
DA:251,0
DA:252,0
DA:253,0
DA:254,0
DA:255,0
DA:256,0
DA:257,0
DA:258,0
BRDA:231,30,0,0
BRDA:231,30,1,0
BRDA:231,43,0,0
BRDA:231,43,1,0
BRDA:235,65,0,0
BRDA:235,65,1,0
BRDA:246,168,0,0
BRDA:246,168,1,0
BRDA:246,180,0,0
BRDA:246,180,1,0
BRDA:246,229,0,0
BRDA:246,229,1,0
BRDA:246,255,0,0
BRDA:246,255,1,0
FN:150,System.Void PatientAccess.Business.Services.IntakeAppointmentService/<GetPatientGuidByIdAsync>d__7::MoveNext()
FNDA:0,System.Void PatientAccess.Business.Services.IntakeAppointmentService/<GetPatientGuidByIdAsync>d__7::MoveNext()
DA:151,0
DA:169,0
DA:170,0
DA:171,0
DA:172,0
DA:173,0
DA:176,0
DA:177,0
DA:178,0
DA:179,0
DA:180,0
DA:181,0
DA:183,0
DA:185,0
DA:186,0
BRDA:176,437,1,0
BRDA:178,348,0,0
BRDA:178,348,1,0
BRDA:178,396,0,0
BRDA:178,396,1,0
BRDA:176,437,0,0
FN:44,System.Void PatientAccess.Business.Services.IntakeAppointmentService/<GetPatientIntakeAppointmentsAsync>d__6::MoveNext()
FNDA:0,System.Void PatientAccess.Business.Services.IntakeAppointmentService/<GetPatientIntakeAppointmentsAsync>d__6::MoveNext()
DA:45,0
DA:46,0
DA:49,0
DA:50,0
DA:51,0
DA:52,0
DA:55,0
DA:58,0
DA:61,0
DA:63,0
DA:64,0
DA:65,0
DA:66,0
DA:72,0
DA:74,0
DA:75,0
DA:76,0
DA:77,0
DA:78,0
DA:79,0
DA:80,0
DA:81,0
DA:82,0
DA:86,0
DA:87,0
DA:88,0
DA:92,0
DA:95,0
DA:97,0
DA:107,0
DA:112,0
DA:128,0
DA:129,0
DA:131,0
DA:133,0
DA:134,0
DA:135,0
DA:137,0
DA:139,0
DA:140,0
DA:141,0
DA:142,0
DA:144,0
BRDA:49,95,0,0
BRDA:49,95,1,0
BRDA:49,111,0,0
BRDA:49,111,1,0
BRDA:63,417,0,0
BRDA:63,417,1,0
FN:193,System.Void PatientAccess.Business.Services.IntakeAppointmentService/<GetPatientIntakeAppointmentsAsync>d__8::MoveNext()
FNDA:0,System.Void PatientAccess.Business.Services.IntakeAppointmentService/<GetPatientIntakeAppointmentsAsync>d__8::MoveNext()
DA:194,0
DA:195,0
DA:197,0
DA:198,0
DA:199,0
DA:200,0
DA:203,0
DA:206,0
DA:207,0
DA:209,0
DA:210,0
DA:211,0
DA:212,0
DA:213,0
DA:214,0
DA:215,0
DA:216,0
DA:217,0
DA:220,0
DA:221,0
DA:222,0
DA:225,0
DA:228,0
DA:230,0
DA:240,0
DA:245,0
DA:260,0
DA:261,0
DA:263,0
DA:265,0
DA:266,0
DA:267,0
DA:269,0
DA:271,0
DA:272,0
DA:273,0
DA:274,0
DA:276,0
BRDA:197,128,0,0
BRDA:197,128,1,0
BRDA:197,144,0,0
BRDA:197,144,1,0
LF:168
LH:0
BRF:52
BRH:0
FNF:12
FNH:0
end_of_record
SF:https://raw.githubusercontent.com/kanini/Propel-Project-Team-12/566c2a6afb6428f0334cf8f12ab828ebeb0e3b0c/src/backend/PatientAccess.Business/Services/IntakeService.cs
FN:474,System.Collections.Generic.List`1<PatientAccess.Business.Interfaces.ConversationMessage> PatientAccess.Business.Services.IntakeService::DeserializeConversationHistory(PatientAccess.Data.Models.IntakeRecord)
FNDA:0,System.Collections.Generic.List`1<PatientAccess.Business.Interfaces.ConversationMessage> PatientAccess.Business.Services.IntakeService::DeserializeConversationHistory(PatientAccess.Data.Models.IntakeRecord)
DA:475,0
DA:476,0
DA:477,0
DA:480,0
DA:481,0
DA:482,0
DA:483,0
DA:484,0
DA:485,0
DA:487,0
DA:488,0
DA:489,0
DA:491,0
DA:493,0
DA:494,0
BRDA:476,14,0,0
BRDA:476,14,1,0
BRDA:482,57,0,0
BRDA:484,74,0,0
BRDA:484,74,1,0
BRDA:482,57,1,0
FN:496,System.Int32 PatientAccess.Business.Services.IntakeService::GetConsecutiveFailures(PatientAccess.Data.Models.IntakeRecord)
FNDA:0,System.Int32 PatientAccess.Business.Services.IntakeService::GetConsecutiveFailures(PatientAccess.Data.Models.IntakeRecord)
DA:497,0
DA:498,0
DA:499,0
DA:502,0
DA:503,0
DA:504,0
DA:505,0
DA:506,0
DA:508,0
DA:509,0
DA:510,0
DA:512,0
DA:514,0
DA:515,0
BRDA:498,14,0,0
BRDA:498,14,1,0
BRDA:504,53,0,0
BRDA:504,53,1,0
FN:517,System.Collections.Generic.List`1<System.String> PatientAccess.Business.Services.IntakeService::GetCompletedCategories(PatientAccess.Data.Models.IntakeRecord)
FNDA:0,System.Collections.Generic.List`1<System.String> PatientAccess.Business.Services.IntakeService::GetCompletedCategories(PatientAccess.Data.Models.IntakeRecord)
DA:518,0
DA:519,0
DA:521,0
DA:522,0
DA:525,0
DA:526,0
DA:528,0
DA:529,0
DA:530,0
DA:531,0
DA:532,0
DA:533,0
DA:534,0
DA:535,0
DA:536,0
DA:537,0
DA:538,0
DA:540,0
DA:541,0
DA:543,0
DA:544,0
DA:545,0
DA:546,0
DA:547,0
DA:548,0
DA:550,0
DA:551,0
DA:552,0
DA:553,0
DA:554,0
DA:555,0
DA:557,0
DA:558,0
DA:560,0
DA:561,0
DA:564,0
DA:565,0
DA:566,0
DA:567,0
DA:568,0
DA:571,0
DA:572,0
DA:573,0
DA:574,0
DA:575,0
DA:578,0
DA:579,0
DA:580,0
DA:581,0
DA:582,0
DA:583,0
DA:584,0
DA:585,0
DA:587,0
DA:588,0
DA:591,0
DA:592,0
DA:594,0
DA:595,0
BRDA:521,23,0,0
BRDA:521,23,1,0
BRDA:525,53,0,0
BRDA:530,84,0,0
BRDA:530,94,0,0
BRDA:530,84,1,0
BRDA:530,94,1,0
BRDA:530,113,0,0
BRDA:530,113,1,0
BRDA:525,53,1,0
BRDA:543,156,0,0
BRDA:546,186,0,0
BRDA:546,186,1,0
BRDA:543,156,1,0
BRDA:550,219,0,0
BRDA:553,249,0,0
BRDA:553,249,1,0
BRDA:550,219,1,0
BRDA:557,282,0,0
BRDA:564,317,0,0
BRDA:564,317,1,0
BRDA:564,339,0,0
BRDA:564,339,1,0
BRDA:571,369,0,0
BRDA:571,369,1,0
BRDA:571,391,0,0
BRDA:571,391,1,0
BRDA:578,421,0,0
BRDA:578,421,1,0
BRDA:578,443,0,0
BRDA:578,443,1,0
BRDA:557,282,1,0
BRDA:591,487,0,0
BRDA:591,487,1,0
FN:597,System.String PatientAccess.Business.Services.IntakeService::GetNextCategory(System.Collections.Generic.List`1<System.String>)
FNDA:0,System.String PatientAccess.Business.Services.IntakeService::GetNextCategory(System.Collections.Generic.List`1<System.String>)
DA:598,0
DA:599,0
DA:600,0
DA:601,0
DA:602,0
DA:603,0
DA:604,0
DA:605,0
BRDA:599,45,1,0
BRDA:601,29,0,0
BRDA:601,29,1,0
BRDA:599,45,0,0
FN:607,System.Int32 PatientAccess.Business.Services.IntakeService::CalculateProgress(PatientAccess.Data.Models.IntakeRecord)
FNDA:0,System.Int32 PatientAccess.Business.Services.IntakeService::CalculateProgress(PatientAccess.Data.Models.IntakeRecord)
DA:608,0
DA:609,0
DA:610,0
DA:613,0
DA:614,0
DA:615,0
DA:616,0
DA:617,0
DA:620,0
DA:621,0
BRDA:614,56,0,0
BRDA:614,68,0,0
BRDA:614,56,1,0
BRDA:614,68,1,0
BRDA:614,89,0,0
BRDA:614,89,1,0
FN:704,System.Collections.Generic.List`1<System.String> PatientAccess.Business.Services.IntakeService::TryDeserializeList(System.String)
FNDA:0,System.Collections.Generic.List`1<System.String> PatientAccess.Business.Services.IntakeService::TryDeserializeList(System.String)
DA:705,0
DA:706,0
DA:707,0
DA:710,0
DA:711,0
DA:713,0
DA:714,0
DA:715,0
DA:717,0
BRDA:706,9,0,0
BRDA:706,9,1,0
BRDA:711,29,0,0
BRDA:711,29,1,0
FN:719,PatientAccess.Business.DTOs.IntakeSummaryDto PatientAccess.Business.Services.IntakeService::DeserializeIntakeSummary(PatientAccess.Data.Models.IntakeRecord)
FNDA:0,PatientAccess.Business.DTOs.IntakeSummaryDto PatientAccess.Business.Services.IntakeService::DeserializeIntakeSummary(PatientAccess.Data.Models.IntakeRecord)
DA:720,0
DA:721,0
DA:722,0
DA:723,0
DA:724,0
DA:725,0
DA:726,0
DA:727,0
DA:728,0
DA:729,0
DA:730,0
DA:731,0
DA:732,0
BRDA:721,14,0,0
BRDA:721,14,1,0
BRDA:721,59,0,0
BRDA:721,59,1,0
BRDA:721,86,0,0
BRDA:721,86,1,0
BRDA:721,113,0,0
BRDA:721,113,1,0
FN:734,T PatientAccess.Business.Services.IntakeService::TryDeserialize(System.String)
FNDA:0,T PatientAccess.Business.Services.IntakeService::TryDeserialize(System.String)
DA:735,0
DA:736,0
DA:737,0
DA:740,0
DA:741,0
DA:743,0
DA:744,0
DA:745,0
DA:747,0
BRDA:736,9,0,0
BRDA:736,9,1,0
FN:749,System.Collections.Generic.Dictionary`2<System.String,System.Object> PatientAccess.Business.Services.IntakeService::DeserializeSymptomHistory(PatientAccess.Data.Models.IntakeRecord)
FNDA:0,System.Collections.Generic.Dictionary`2<System.String,System.Object> PatientAccess.Business.Services.IntakeService::DeserializeSymptomHistory(PatientAccess.Data.Models.IntakeRecord)
DA:750,0
DA:751,0
DA:752,0
DA:755,0
DA:756,0
DA:757,0
DA:759,0
DA:760,0
DA:761,0
DA:762,0
DA:763,0
DA:764,0
DA:765,0
DA:766,0
DA:767,0
DA:768,0
DA:769,0
DA:770,0
DA:771,0
DA:772,0
DA:773,0
DA:774,0
DA:775,0
DA:776,0
DA:777,0
DA:778,0
DA:779,0
DA:780,0
DA:781,0
DA:782,0
DA:783,0
DA:784,0
DA:785,0
DA:787,0
DA:789,0
DA:790,0
DA:791,0
DA:793,0
BRDA:751,14,0,0
BRDA:751,14,1,0
BRDA:759,508,1,0
BRDA:761,99,0,0
BRDA:761,99,1,0
BRDA:761,127,0,0
BRDA:764,228,1,0
BRDA:766,194,0,0
BRDA:767,206,0,0
BRDA:767,206,1,0
BRDA:766,194,1,0
BRDA:764,228,0,0
BRDA:761,127,1,0
BRDA:771,290,0,0
BRDA:774,326,0,0
BRDA:774,326,1,0
BRDA:771,290,1,0
BRDA:777,371,0,0
BRDA:777,371,1,0
BRDA:781,429,0,0
BRDA:781,429,1,0
BRDA:781,457,0,0
BRDA:783,485,0,0
BRDA:783,485,1,0
BRDA:781,457,1,0
BRDA:759,508,0,0
FN:795,System.Collections.Generic.Dictionary`2<System.String,System.Object> PatientAccess.Business.Services.IntakeService::DeserializeMedicalHistory(PatientAccess.Data.Models.IntakeRecord)
FNDA:0,System.Collections.Generic.Dictionary`2<System.String,System.Object> PatientAccess.Business.Services.IntakeService::DeserializeMedicalHistory(PatientAccess.Data.Models.IntakeRecord)
DA:796,0
DA:797,0
DA:798,0
DA:801,0
DA:802,0
DA:803,0
DA:805,0
DA:806,0
DA:807,0
DA:808,0
DA:810,0
DA:812,0
DA:813,0
DA:814,0
DA:816,0
BRDA:797,14,0,0
BRDA:797,14,1,0
BRDA:805,114,1,0
BRDA:805,114,0,0
FN:40,System.Void PatientAccess.Business.Services.IntakeService::.ctor(PatientAccess.Data.PatientAccessDbContext,PatientAccess.Business.Interfaces.IAiIntakeService,Microsoft.Extensions.Logging.ILogger`1<PatientAccess.Business.Services.IntakeService>)
FNDA:0,System.Void PatientAccess.Business.Services.IntakeService::.ctor(PatientAccess.Data.PatientAccessDbContext,PatientAccess.Business.Interfaces.IAiIntakeService,Microsoft.Extensions.Logging.ILogger`1<PatientAccess.Business.Services.IntakeService>)
DA:41,0
DA:42,0
DA:43,0
DA:44,0
DA:45,0
BRDA:42,11,0,0
BRDA:42,11,1,0
BRDA:43,33,0,0
BRDA:43,33,1,0
BRDA:44,55,0,0
BRDA:44,55,1,0
FN:24,System.Void PatientAccess.Business.Services.IntakeService::.cctor()
FNDA:0,System.Void PatientAccess.Business.Services.IntakeService::.cctor()
DA:25,0
DA:26,0
DA:27,0
DA:28,0
DA:29,0
DA:30,0
DA:31,0
DA:32,0
DA:33,0
DA:34,0
DA:35,0
FN:298,PatientAccess.Business.DTOs.ExtractedDataItemDto PatientAccess.Business.Services.IntakeService/<>c::<ProcessMessageAsync>b__6_0(PatientAccess.Business.Interfaces.ExtractedDataItem)
FNDA:0,PatientAccess.Business.DTOs.ExtractedDataItemDto PatientAccess.Business.Services.IntakeService/<>c::<ProcessMessageAsync>b__6_0(PatientAccess.Business.Interfaces.ExtractedDataItem)
DA:299,0
DA:300,0
DA:301,0
DA:302,0
DA:303,0
DA:304,0
FN:366,System.Void PatientAccess.Business.Services.IntakeService/<CompleteIntakeAsync>d__9::MoveNext()
FNDA:0,System.Void PatientAccess.Business.Services.IntakeService/<CompleteIntakeAsync>d__9::MoveNext()
DA:367,0
DA:368,0
DA:369,0
DA:370,0
DA:373,0
DA:375,0
DA:376,0
DA:377,0
DA:379,0
DA:381,0
DA:383,0
DA:384,0
DA:385,0
DA:386,0
DA:387,0
DA:388,0
DA:389,0
BRDA:368,48,0,0
BRDA:368,48,1,0
FN:456,System.Void PatientAccess.Business.Services.IntakeService/<GetIntakeRecordWithAuthAsync>d__12::MoveNext()
FNDA:0,System.Void PatientAccess.Business.Services.IntakeService/<GetIntakeRecordWithAuthAsync>d__12::MoveNext()
DA:457,0
DA:458,0
DA:459,0
DA:461,0
DA:462,0
DA:463,0
DA:466,0
DA:467,0
DA:468,0
DA:471,0
DA:472,0
BRDA:461,315,0,0
BRDA:461,315,1,0
BRDA:466,355,0,0
BRDA:466,355,1,0
FN:395,System.Void PatientAccess.Business.Services.IntakeService/<GetSessionAsync>d__10::MoveNext()
FNDA:0,System.Void PatientAccess.Business.Services.IntakeService/<GetSessionAsync>d__10::MoveNext()
DA:396,0
DA:397,0
DA:398,0
DA:399,0
DA:402,0
DA:403,0
DA:404,0
DA:405,0
DA:407,0
DA:408,0
DA:410,0
DA:411,0
DA:412,0
DA:413,0
DA:414,0
DA:415,0
DA:416,0
DA:417,0
DA:418,0
BRDA:397,73,0,0
BRDA:397,73,1,0
BRDA:407,444,0,0
BRDA:407,444,1,0
BRDA:410,522,0,0
BRDA:410,522,1,0
BRDA:410,554,0,0
BRDA:410,554,1,0
FN:317,System.Void PatientAccess.Business.Services.IntakeService/<GetSummaryAsync>d__7::MoveNext()
FNDA:0,System.Void PatientAccess.Business.Services.IntakeService/<GetSummaryAsync>d__7::MoveNext()
DA:318,0
DA:319,0
DA:320,0
DA:321,0
DA:324,0
DA:326,0
DA:327,0
BRDA:319,37,0,0
BRDA:319,37,1,0
FN:132,System.Void PatientAccess.Business.Services.IntakeService/<ProcessMessageAsync>d__6::MoveNext()
FNDA:0,System.Void PatientAccess.Business.Services.IntakeService/<ProcessMessageAsync>d__6::MoveNext()
DA:133,0
DA:134,0
DA:135,0
DA:136,0
DA:140,0
DA:142,0
DA:143,0
DA:144,0
DA:147,0
DA:150,0
DA:153,0
DA:154,0
DA:155,0
DA:156,0
DA:157,0
DA:159,0
DA:160,0
DA:161,0
DA:162,0
DA:163,0
DA:166,0
DA:167,0
DA:168,0
DA:170,0
DA:171,0
DA:172,0
DA:173,0
DA:174,0
DA:175,0
DA:177,0
DA:178,0
DA:180,0
DA:181,0
DA:182,0
DA:183,0
DA:184,0
DA:185,0
DA:187,0
DA:188,0
DA:189,0
DA:191,0
DA:192,0
DA:193,0
DA:194,0
DA:195,0
DA:196,0
DA:197,0
DA:198,0
DA:199,0
DA:200,0
DA:204,0
DA:205,0
DA:206,0
DA:207,0
DA:208,0
DA:211,0
DA:212,0
DA:213,0
DA:214,0
DA:215,0
DA:216,0
DA:219,0
DA:220,0
DA:222,0
DA:223,0
DA:224,0
DA:225,0
DA:226,0
DA:227,0
DA:228,0
DA:229,0
DA:231,0
DA:232,0
DA:234,0
DA:235,0
DA:239,0
DA:240,0
DA:241,0
DA:242,0
DA:243,0
DA:244,0
DA:245,0
DA:247,0
DA:248,0
DA:249,0
DA:250,0
DA:251,0
DA:252,0
DA:253,0
DA:254,0
DA:257,0
DA:258,0
DA:259,0
DA:260,0
DA:261,0
DA:262,0
DA:265,0
DA:266,0
DA:267,0
DA:270,0
DA:271,0
DA:272,0
DA:273,0
DA:275,0
DA:276,0
DA:278,0
DA:279,0
DA:280,0
DA:281,0
DA:283,0
DA:286,0
DA:289,0
DA:291,0
DA:292,0
DA:293,0
DA:295,0
DA:296,0
DA:297,0
DA:298,0
DA:305,0
DA:306,0
DA:307,0
DA:308,0
DA:309,0
DA:310,0
DA:311,0
BRDA:134,106,0,0
BRDA:134,106,1,0
BRDA:153,386,0,0
BRDA:153,386,1,0
BRDA:153,421,0,0
BRDA:153,421,1,0
BRDA:166,576,0,0
BRDA:166,576,1,0
BRDA:222,1243,0,0
BRDA:225,1280,0,0
BRDA:225,1280,1,0
BRDA:222,1243,1,0
BRDA:239,1448,0,0
BRDA:239,1448,1,0
BRDA:249,1670,0,0
BRDA:249,1670,1,0
BRDA:265,1884,0,0
BRDA:265,1884,1,0
BRDA:265,1906,0,0
BRDA:265,1906,1,0
BRDA:289,2263,0,0
BRDA:289,2263,1,0
BRDA:295,2459,0,0
BRDA:295,2459,1,0
FN:51,System.Void PatientAccess.Business.Services.IntakeService/<StartSessionAsync>d__5::MoveNext()
FNDA:0,System.Void PatientAccess.Business.Services.IntakeService/<StartSessionAsync>d__5::MoveNext()
DA:52,0
DA:53,0
DA:54,0
DA:55,0
DA:58,0
DA:59,0
DA:60,0
DA:61,0
DA:62,0
DA:63,0
DA:65,0
DA:66,0
DA:67,0
DA:71,0
DA:72,0
DA:73,0
DA:77,0
DA:78,0
DA:80,0
DA:81,0
DA:82,0
DA:83,0
DA:84,0
DA:86,0
DA:88,0
DA:89,0
DA:90,0
DA:91,0
DA:92,0
DA:93,0
DA:94,0
DA:95,0
DA:96,0
DA:97,0
DA:98,0
DA:99,0
DA:100,0
DA:101,0
DA:102,0
DA:103,0
DA:105,0
DA:106,0
DA:108,0
DA:109,0
DA:110,0
DA:111,0
DA:114,0
DA:115,0
DA:116,0
DA:117,0
DA:118,0
DA:120,0
DA:121,0
DA:122,0
DA:123,0
DA:124,0
DA:125,0
DA:126,0
BRDA:65,621,0,0
BRDA:65,621,1,0
BRDA:77,927,0,0
BRDA:77,927,1,0
BRDA:88,1082,0,0
BRDA:88,1082,1,0
BRDA:115,1573,0,0
BRDA:115,1573,1,0
BRDA:115,1585,0,0
BRDA:115,1585,1,0
BRDA:120,1801,0,0
BRDA:120,1801,1,0
FN:425,System.Void PatientAccess.Business.Services.IntakeService/<SwitchModeAsync>d__11::MoveNext()
FNDA:0,System.Void PatientAccess.Business.Services.IntakeService/<SwitchModeAsync>d__11::MoveNext()
DA:426,0
DA:427,0
DA:428,0
DA:429,0
DA:432,0
DA:434,0
DA:435,0
DA:437,0
DA:439,0
DA:440,0
DA:441,0
DA:443,0
DA:444,0
DA:445,0
DA:446,0
DA:447,0
DA:448,0
DA:449,0
BRDA:427,48,0,0
BRDA:427,48,1,0
BRDA:434,228,0,0
BRDA:434,228,1,0
FN:334,System.Void PatientAccess.Business.Services.IntakeService/<UpdateIntakeAsync>d__8::MoveNext()
FNDA:0,System.Void PatientAccess.Business.Services.IntakeService/<UpdateIntakeAsync>d__8::MoveNext()
DA:335,0
DA:336,0
DA:337,0
DA:338,0
DA:341,0
DA:344,0
DA:345,0
DA:346,0
DA:347,0
DA:348,0
DA:349,0
DA:350,0
DA:351,0
DA:352,0
DA:353,0
DA:355,0
DA:356,0
DA:358,0
DA:359,0
BRDA:336,48,0,0
BRDA:336,48,1,0
BRDA:344,223,0,0
BRDA:344,223,1,0
BRDA:346,266,0,0
BRDA:346,266,1,0
BRDA:348,309,0,0
BRDA:348,309,1,0
BRDA:350,352,0,0
BRDA:350,352,1,0
BRDA:352,395,0,0
BRDA:352,395,1,0
FN:626,System.Void PatientAccess.Business.Services.IntakeService/<UpdateIntakeDataFromExtraction>d__18::MoveNext()
FNDA:0,System.Void PatientAccess.Business.Services.IntakeService/<UpdateIntakeDataFromExtraction>d__18::MoveNext()
DA:627,0
DA:628,0
DA:629,0
DA:630,0
DA:633,0
DA:634,0
DA:639,0
DA:640,0
DA:641,0
DA:643,0
DA:644,0
DA:645,0
DA:648,0
DA:649,0
DA:653,0
DA:654,0
DA:655,0
DA:656,0
DA:657,0
DA:658,0
DA:659,0
DA:660,0
DA:661,0
DA:665,0
DA:666,0
DA:667,0
DA:668,0
DA:669,0
DA:670,0
DA:671,0
DA:672,0
DA:673,0
DA:676,0
DA:677,0
DA:678,0
DA:679,0
DA:682,0
DA:683,0
DA:684,0
DA:685,0
DA:688,0
DA:689,0
DA:690,0
DA:691,0
DA:696,0
DA:697,0
DA:699,0
DA:701,0
DA:702,0
BRDA:628,1351,1,0
BRDA:630,98,0,0
BRDA:630,106,0,0
BRDA:630,114,0,0
BRDA:630,106,1,0
BRDA:630,143,0,0
BRDA:630,156,0,0
BRDA:630,98,1,0
BRDA:630,185,0,0
BRDA:630,193,0,0
BRDA:630,203,0,0
BRDA:630,185,1,0
BRDA:630,232,0,0
BRDA:630,242,0,0
BRDA:630,242,1,0
BRDA:630,232,1,0
BRDA:630,193,1,0
BRDA:630,143,1,0
BRDA:630,203,1,0
BRDA:630,156,1,0
BRDA:630,169,1,0
BRDA:630,114,1,0
BRDA:630,216,1,0
BRDA:630,127,1,0
BRDA:630,252,1,0
BRDA:630,273,1,0
BRDA:630,294,1,0
BRDA:630,315,1,0
BRDA:640,561,0,0
BRDA:640,561,1,0
BRDA:643,608,0,0
BRDA:643,608,1,0
BRDA:630,336,1,0
BRDA:630,357,1,0
BRDA:654,734,0,0
BRDA:654,762,0,0
BRDA:654,734,1,0
BRDA:654,762,1,0
BRDA:654,800,0,0
BRDA:654,800,1,0
BRDA:630,378,1,0
BRDA:630,399,1,0
BRDA:666,894,0,0
BRDA:666,922,0,0
BRDA:666,894,1,0
BRDA:666,922,1,0
BRDA:666,960,0,0
BRDA:666,960,1,0
BRDA:630,420,1,0
BRDA:630,441,1,0
BRDA:630,462,1,0
BRDA:630,483,1,0
BRDA:630,127,0,0
BRDA:630,169,0,0
BRDA:630,216,0,0
BRDA:630,252,0,0
BRDA:630,273,0,0
BRDA:630,294,0,0
BRDA:630,315,0,0
BRDA:630,336,0,0
BRDA:630,357,0,0
BRDA:630,378,0,0
BRDA:630,399,0,0
BRDA:630,420,0,0
BRDA:630,441,0,0
BRDA:630,462,0,0
BRDA:630,483,0,0
BRDA:628,1351,0,0
LF:536
LH:0
BRF:240
BRH:0
FNF:22
FNH:0
end_of_record
SF:https://raw.githubusercontent.com/kanini/Propel-Project-Team-12/566c2a6afb6428f0334cf8f12ab828ebeb0e3b0c/src/backend/PatientAccess.Business/Services/JwtTokenService.cs
FN:53,System.String PatientAccess.Business.Services.JwtTokenService::GenerateToken(System.String,System.String,System.String)
FNDA:0,System.String PatientAccess.Business.Services.JwtTokenService::GenerateToken(System.String,System.String,System.String)
DA:54,0
DA:55,0
DA:56,0
DA:58,0
DA:59,0
DA:61,0
DA:62,0
DA:64,0
DA:65,0
DA:66,0
DA:67,0
DA:68,0
DA:69,0
DA:70,0
DA:71,0
DA:73,0
DA:74,0
DA:75,0
DA:77,0
DA:78,0
DA:79,0
DA:80,0
DA:81,0
DA:82,0
DA:83,0
DA:84,0
DA:86,0
DA:87,0
BRDA:55,9,0,0
BRDA:55,9,1,0
BRDA:58,37,0,0
BRDA:58,37,1,0
BRDA:61,65,0,0
BRDA:61,65,1,0
FN:93,System.Security.Claims.ClaimsPrincipal PatientAccess.Business.Services.JwtTokenService::ValidateToken(System.String)
FNDA:0,System.Security.Claims.ClaimsPrincipal PatientAccess.Business.Services.JwtTokenService::ValidateToken(System.String)
DA:94,0
DA:95,0
DA:96,0
DA:98,0
DA:100,0
DA:101,0
DA:102,0
DA:103,0
DA:104,0
DA:105,0
DA:106,0
DA:107,0
DA:108,0
DA:109,0
DA:110,0
DA:113,0
DA:114,0
DA:115,0
DA:117,0
DA:118,0
DA:120,0
DA:122,0
DA:123,0
DA:125,0
DA:127,0
BRDA:95,9,0,0
BRDA:95,9,1,0
FN:23,System.Void PatientAccess.Business.Services.JwtTokenService::.ctor(Microsoft.Extensions.Configuration.IConfiguration)
FNDA:0,System.Void PatientAccess.Business.Services.JwtTokenService::.ctor(Microsoft.Extensions.Configuration.IConfiguration)
DA:24,0
DA:25,0
DA:27,0
DA:28,0
DA:29,0
DA:30,0
DA:33,0
DA:34,0
DA:37,0
DA:38,0
DA:39,0
DA:40,0
DA:43,0
DA:44,0
DA:45,0
DA:46,0
DA:47,0
BRDA:27,33,0,0
BRDA:27,33,1,0
BRDA:28,65,0,0
BRDA:28,65,1,0
BRDA:29,97,0,0
BRDA:29,97,1,0
BRDA:30,128,0,0
BRDA:30,128,1,0
BRDA:33,158,0,0
BRDA:33,158,1,0
BRDA:34,179,0,0
BRDA:34,179,1,0
LF:70
LH:0
BRF:20
BRH:0
FNF:3
FNH:0
end_of_record
SF:https://raw.githubusercontent.com/kanini/Propel-Project-Team-12/566c2a6afb6428f0334cf8f12ab828ebeb0e3b0c/src/backend/PatientAccess.Business/Services/NotificationService.cs
FN:203,System.String PatientAccess.Business.Services.NotificationService::GetNotificationTitle(System.String)
FNDA:0,System.String PatientAccess.Business.Services.NotificationService::GetNotificationTitle(System.String)
DA:204,0
DA:205,0
DA:206,0
DA:207,0
DA:208,0
DA:209,0
DA:210,0
DA:211,0
DA:212,0
DA:213,0
DA:214,0
BRDA:205,16,0,0
BRDA:205,29,0,0
BRDA:205,42,0,0
BRDA:205,55,0,0
BRDA:205,16,1,0
BRDA:205,29,1,0
BRDA:205,42,1,0
BRDA:205,55,1,0
BRDA:205,68,1,0
BRDA:205,68,0,0
FN:219,System.String PatientAccess.Business.Services.NotificationService::GetNotificationMessage(System.String,System.DateTime)
FNDA:0,System.String PatientAccess.Business.Services.NotificationService::GetNotificationMessage(System.String,System.DateTime)
DA:220,0
DA:221,0
DA:222,0
DA:223,0
DA:224,0
DA:225,0
DA:226,0
DA:227,0
DA:228,0
DA:229,0
DA:230,0
BRDA:221,16,0,0
BRDA:221,29,0,0
BRDA:221,42,0,0
BRDA:221,55,0,0
BRDA:221,16,1,0
BRDA:221,29,1,0
BRDA:221,42,1,0
BRDA:221,55,1,0
BRDA:221,68,1,0
BRDA:221,68,0,0
FN:26,System.Void PatientAccess.Business.Services.NotificationService::.ctor(PatientAccess.Data.PatientAccessDbContext,Microsoft.Extensions.Caching.Distributed.IDistributedCache,Microsoft.Extensions.Logging.ILogger`1<PatientAccess.Business.Services.NotificationService>)
FNDA:0,System.Void PatientAccess.Business.Services.NotificationService::.ctor(PatientAccess.Data.PatientAccessDbContext,Microsoft.Extensions.Caching.Distributed.IDistributedCache,Microsoft.Extensions.Logging.ILogger`1<PatientAccess.Business.Services.NotificationService>)
DA:27,0
DA:28,0
DA:29,0
DA:30,0
DA:31,0
BRDA:28,11,0,0
BRDA:28,11,1,0
BRDA:29,33,0,0
BRDA:29,33,1,0
BRDA:30,55,0,0
BRDA:30,55,1,0
FN:69,PatientAccess.Business.DTOs.NotificationDto PatientAccess.Business.Services.NotificationService/<>c__DisplayClass5_0::<GetRecentNotificationsAsync>b__0(PatientAccess.Data.Models.Notification)
FNDA:0,PatientAccess.Business.DTOs.NotificationDto PatientAccess.Business.Services.NotificationService/<>c__DisplayClass5_0::<GetRecentNotificationsAsync>b__0(PatientAccess.Data.Models.Notification)
DA:70,0
DA:71,0
DA:72,0
DA:73,0
DA:74,0
DA:75,0
DA:76,0
DA:77,0
DA:78,0
DA:79,0
DA:80,0
BRDA:70,100,0,0
BRDA:70,100,1,0
BRDA:70,170,0,0
BRDA:70,170,1,0
FN:36,System.Void PatientAccess.Business.Services.NotificationService/<GetRecentNotificationsAsync>d__5::MoveNext()
FNDA:0,System.Void PatientAccess.Business.Services.NotificationService/<GetRecentNotificationsAsync>d__5::MoveNext()
DA:37,0
DA:38,0
DA:39,0
DA:40,0
DA:43,0
DA:46,0
DA:48,0
DA:49,0
DA:50,0
DA:51,0
DA:52,0
DA:55,0
DA:62,0
DA:63,0
DA:64,0
DA:65,0
DA:66,0
DA:67,0
DA:83,0
DA:84,0
DA:85,0
DA:86,0
DA:87,0
DA:88,0
DA:90,0
DA:92,0
DA:94,0
DA:95,0
DA:96,0
DA:97,0
DA:99,0
BRDA:38,71,0,0
BRDA:38,71,1,0
BRDA:38,88,0,0
BRDA:38,88,1,0
BRDA:49,390,0,0
BRDA:49,390,1,0
FN:104,System.Void PatientAccess.Business.Services.NotificationService/<GetUnreadCountAsync>d__6::MoveNext()
FNDA:0,System.Void PatientAccess.Business.Services.NotificationService/<GetUnreadCountAsync>d__6::MoveNext()
DA:105,0
DA:106,0
DA:109,0
DA:111,0
DA:112,0
DA:113,0
DA:114,0
DA:115,0
DA:118,0
DA:121,0
DA:122,0
DA:123,0
DA:124,0
DA:127,0
DA:128,0
DA:129,0
DA:130,0
DA:131,0
DA:133,0
DA:135,0
DA:136,0
DA:137,0
DA:138,0
DA:140,0
BRDA:112,297,0,0
BRDA:112,297,1,0
FN:182,System.Void PatientAccess.Business.Services.NotificationService/<InvalidateCacheAsync>d__8::MoveNext()
FNDA:0,System.Void PatientAccess.Business.Services.NotificationService/<InvalidateCacheAsync>d__8::MoveNext()
DA:183,0
DA:184,0
DA:185,0
DA:186,0
DA:187,0
DA:188,0
DA:189,0
DA:190,0
DA:192,0
DA:193,0
DA:194,0
DA:195,0
DA:197,0
DA:198,0
BRDA:192,456,1,0
BRDA:192,456,0,0
FN:147,System.Void PatientAccess.Business.Services.NotificationService/<MarkNotificationAsReadAsync>d__7::MoveNext()
FNDA:0,System.Void PatientAccess.Business.Services.NotificationService/<MarkNotificationAsReadAsync>d__7::MoveNext()
DA:148,0
DA:150,0
DA:151,0
DA:152,0
DA:154,0
DA:155,0
DA:156,0
DA:157,0
DA:162,0
DA:163,0
DA:166,0
DA:168,0
DA:170,0
DA:172,0
DA:173,0
DA:174,0
DA:175,0
DA:177,0
BRDA:154,454,0,0
BRDA:154,454,1,0
LF:125
LH:0
BRF:42
BRH:0
FNF:8
FNH:0
end_of_record
[...]
DA:119,0
DA:120,0
DA:122,0
BRDA:44,152,0,0
BRDA:44,152,1,0
BRDA:82,2428,0,0
BRDA:82,2428,1,0
BRDA:119,3244,0,0
BRDA:119,3244,1,0
FN:130,System.Void PatientAccess.Business.Services.QueueManagementService/<UpdatePatientPriorityAsync>d__6::MoveNext()
FNDA:0,System.Void PatientAccess.Business.Services.QueueManagementService/<UpdatePatientPriorityAsync>d__6::MoveNext()
DA:131,0
DA:133,0
DA:134,0
DA:135,0
DA:138,0
DA:139,0
DA:140,0
DA:141,0
DA:144,0
DA:145,0
DA:146,0
DA:147,0
DA:151,0
DA:152,0
DA:153,0
DA:154,0
DA:155,0
DA:156,0
DA:160,0
DA:161,0
DA:162,0
DA:163,0
DA:167,0
DA:168,0
DA:169,0
DA:171,0
DA:174,0
DA:177,0
DA:178,0
DA:179,0
DA:182,0
DA:183,0
DA:184,0
DA:185,0
DA:186,0
DA:187,0
DA:188,0
DA:189,0
DA:190,0
DA:192,0
DA:193,0
DA:195,0
DA:196,0
DA:197,0
DA:198,0
DA:200,0
BRDA:144,539,0,0
BRDA:144,539,1,0
BRDA:151,678,0,0
BRDA:151,678,1,0
BRDA:160,845,0,0
BRDA:160,845,1,0
LF:128
LH:0
BRF:32
BRH:0
FNF:5
FNH:0
end_of_record
SF:https://raw.githubusercontent.com/kanini/Propel-Project-Team-12/566c2a6afb6428f0334cf8f12ab828ebeb0e3b0c/src/backend/PatientAccess.Business/Services/SessionCacheService.cs
FN:233,System.String PatientAccess.Business.Services.SessionCacheService::GetSessionKey(System.String)
FNDA:0,System.String PatientAccess.Business.Services.SessionCacheService::GetSessionKey(System.String)
DA:234,0
FN:247,System.Threading.Tasks.Task`1<System.Boolean> PatientAccess.Business.Services.SessionCacheService::FallbackToDatabase_SetSessionAsync(System.String,System.String,System.Threading.CancellationToken)
FNDA:0,System.Threading.Tasks.Task`1<System.Boolean> PatientAccess.Business.Services.SessionCacheService::FallbackToDatabase_SetSessionAsync(System.String,System.String,System.Threading.CancellationToken)
DA:248,0
DA:249,0
DA:255,0
DA:256,0
FN:262,System.Threading.Tasks.Task`1<System.String> PatientAccess.Business.Services.SessionCacheService::FallbackToDatabase_GetSessionAsync(System.String,System.Threading.CancellationToken)
FNDA:0,System.Threading.Tasks.Task`1<System.String> PatientAccess.Business.Services.SessionCacheService::FallbackToDatabase_GetSessionAsync(System.String,System.Threading.CancellationToken)
DA:263,0
DA:264,0
DA:271,0
DA:272,0
FN:278,System.Threading.Tasks.Task`1<System.Boolean> PatientAccess.Business.Services.SessionCacheService::FallbackToDatabase_RemoveSessionAsync(System.String,System.Threading.CancellationToken)
FNDA:0,System.Threading.Tasks.Task`1<System.Boolean> PatientAccess.Business.Services.SessionCacheService::FallbackToDatabase_RemoveSessionAsync(System.String,System.Threading.CancellationToken)
DA:279,0
DA:280,0
DA:286,0
DA:287,0
FN:293,System.Threading.Tasks.Task`1<System.Boolean> PatientAccess.Business.Services.SessionCacheService::FallbackToDatabase_RefreshSessionAsync(System.String,System.Threading.CancellationToken)
FNDA:0,System.Threading.Tasks.Task`1<System.Boolean> PatientAccess.Business.Services.SessionCacheService::FallbackToDatabase_RefreshSessionAsync(System.String,System.Threading.CancellationToken)
DA:294,0
DA:295,0
DA:307,0
DA:308,0
FN:15,System.Void PatientAccess.Business.Services.SessionCacheService::.ctor(StackExchange.Redis.IConnectionMultiplexer,Microsoft.Extensions.Logging.ILogger`1<PatientAccess.Business.Services.SessionCacheService>)
FNDA:0,System.Void PatientAccess.Business.Services.SessionCacheService::.ctor(StackExchange.Redis.IConnectionMultiplexer,Microsoft.Extensions.Logging.ILogger`1<PatientAccess.Business.Services.SessionCacheService>)
DA:16,0
DA:26,0
DA:27,0
DA:28,0
DA:29,0
BRDA:27,31,0,0
BRDA:27,31,1,0
BRDA:28,53,0,0
BRDA:28,53,1,0
FN:78,System.Void PatientAccess.Business.Services.SessionCacheService/<GetSessionAsync>d__6::MoveNext()
FNDA:0,System.Void PatientAccess.Business.Services.SessionCacheService/<GetSessionAsync>d__6::MoveNext()
DA:79,0
DA:80,0
DA:81,0
DA:84,0
DA:85,0
DA:86,0
DA:89,0
DA:91,0
DA:92,0
DA:93,0
DA:94,0
DA:98,0
DA:100,0
DA:101,0
DA:103,0
DA:104,0
DA:105,0
DA:106,0
DA:108,0
DA:109,0
DA:110,0
DA:111,0
DA:113,0
BRDA:80,61,0,0
BRDA:80,61,1,0
BRDA:91,317,0,0
BRDA:91,317,1,0
FN:203,System.Void PatientAccess.Business.Services.SessionCacheService/<IsRedisAvailableAsync>d__9::MoveNext()
FNDA:0,System.Void PatientAccess.Business.Services.SessionCacheService/<IsRedisAvailableAsync>d__9::MoveNext()
DA:204,0
DA:206,0
DA:207,0
DA:208,0
DA:209,0
DA:211,0
DA:212,0
DA:213,0
DA:214,0
DA:216,0
DA:217,0
DA:218,0
DA:219,0
DA:221,0
DA:222,0
DA:223,0
DA:224,0
DA:226,0
FN:157,System.Void PatientAccess.Business.Services.SessionCacheService/<RefreshSessionAsync>d__8::MoveNext()
FNDA:0,System.Void PatientAccess.Business.Services.SessionCacheService/<RefreshSessionAsync>d__8::MoveNext()
DA:158,0
DA:159,0
DA:160,0
DA:163,0
DA:164,0
DA:165,0
DA:168,0
DA:170,0
DA:171,0
DA:172,0
DA:173,0
DA:177,0
DA:179,0
DA:180,0
DA:181,0
DA:182,0
DA:185,0
DA:187,0
DA:188,0
DA:189,0
DA:190,0
DA:192,0
DA:193,0
DA:194,0
DA:195,0
DA:197,0
BRDA:159,61,0,0
BRDA:159,61,1,0
BRDA:170,303,0,0
BRDA:170,303,1,0
BRDA:179,641,0,0
BRDA:179,641,1,0
FN:119,System.Void PatientAccess.Business.Services.SessionCacheService/<RemoveSessionAsync>d__7::MoveNext()
FNDA:0,System.Void PatientAccess.Business.Services.SessionCacheService/<RemoveSessionAsync>d__7::MoveNext()
DA:120,0
DA:121,0
DA:122,0
DA:124,0
DA:127,0
DA:128,0
DA:129,0
DA:131,0
DA:133,0
DA:134,0
DA:135,0
DA:136,0
DA:137,0
DA:138,0
DA:139,0
DA:140,0
DA:141,0
DA:142,0
DA:143,0
DA:144,0
DA:145,0
DA:148,0
DA:150,0
DA:151,0
BRDA:121,39,0,0
BRDA:121,39,1,0
BRDA:133,250,0,0
BRDA:133,250,1,0
FN:36,System.Void PatientAccess.Business.Services.SessionCacheService/<SetSessionAsync>d__5::MoveNext()
FNDA:0,System.Void PatientAccess.Business.Services.SessionCacheService/<SetSessionAsync>d__5::MoveNext()
DA:37,0
DA:38,0
DA:39,0
DA:41,0
DA:42,0
DA:45,0
DA:46,0
DA:47,0
DA:51,0
DA:53,0
DA:54,0
DA:55,0
DA:56,0
DA:59,0
DA:60,0
DA:62,0
DA:63,0
DA:64,0
DA:65,0
DA:67,0
DA:68,0
DA:69,0
DA:70,0
DA:72,0
BRDA:38,57,0,0
BRDA:38,57,1,0
BRDA:41,83,0,0
BRDA:41,83,1,0
BRDA:53,348,0,0
BRDA:53,348,1,0
LF:137
LH:0
BRF:24
BRH:0
FNF:11
FNH:0
end_of_record
SF:https://raw.githubusercontent.com/kanini/Propel-Project-Team-12/566c2a6afb6428f0334cf8f12ab828ebeb0e3b0c/src/backend/PatientAccess.Business/Services/SlotSwapService.cs
FN:313,System.Boolean PatientAccess.Business.Services.SlotSwapService::IsDeadlockException(System.Exception)
FNDA:0,System.Boolean PatientAccess.Business.Services.SlotSwapService::IsDeadlockException(System.Exception)
DA:314,0
DA:316,0
DA:317,0
BRDA:316,17,0,0
BRDA:316,17,1,0
FN:21,System.Void PatientAccess.Business.Services.SlotSwapService::.ctor(PatientAccess.Data.PatientAccessDbContext,Microsoft.Extensions.Logging.ILogger`1<PatientAccess.Business.Services.SlotSwapService>)
FNDA:0,System.Void PatientAccess.Business.Services.SlotSwapService::.ctor(PatientAccess.Data.PatientAccessDbContext,Microsoft.Extensions.Logging.ILogger`1<PatientAccess.Business.Services.SlotSwapService>)
DA:22,0
DA:23,0
DA:24,0
DA:25,0
BRDA:23,11,0,0
BRDA:23,11,1,0
BRDA:24,33,0,0
BRDA:24,33,1,0
FN:46,System.Void PatientAccess.Business.Services.SlotSwapService/<>c__DisplayClass5_0/<<ExecuteSwapAsync>b__0>d::MoveNext()
FNDA:0,System.Void PatientAccess.Business.Services.SlotSwapService/<>c__DisplayClass5_0/<<ExecuteSwapAsync>b__0>d::MoveNext()
DA:47,0
DA:49,0
DA:52,0
DA:54,0
DA:55,0
DA:56,0
DA:57,0
DA:58,0
DA:59,0
DA:60,0
DA:61,0
DA:63,0
DA:64,0
DA:65,0
DA:66,0
DA:67,0
DA:71,0
DA:72,0
DA:73,0
DA:74,0
DA:75,0
DA:76,0
DA:77,0
DA:78,0
DA:79,0
DA:83,0
DA:84,0
DA:85,0
DA:86,0
DA:87,0
DA:88,0
DA:90,0
DA:91,0
DA:92,0
DA:93,0
DA:94,0
DA:98,0
DA:99,0
DA:100,0
DA:101,0
DA:102,0
DA:103,0
DA:105,0
DA:109,0
DA:110,0
DA:111,0
DA:112,0
DA:113,0
DA:114,0
DA:116,0
DA:117,0
DA:118,0
DA:119,0
DA:120,0
DA:125,0
DA:126,0
DA:129,0
DA:130,0
DA:133,0
DA:134,0
DA:135,0
DA:136,0
DA:139,0
DA:140,0
DA:142,0
DA:143,0
DA:144,0
DA:149,0
DA:151,0
DA:152,0
DA:153,0
DA:154,0
DA:156,0
BRDA:47,17,0,0
BRDA:47,17,1,0
BRDA:49,185,0,0
BRDA:49,185,1,0
BRDA:63,643,0,0
BRDA:63,643,1,0
BRDA:71,900,0,0
BRDA:71,900,1,0
BRDA:71,926,0,0
BRDA:71,926,1,0
BRDA:90,1405,0,0
BRDA:90,1405,1,0
BRDA:98,1665,0,0
BRDA:98,1665,1,0
BRDA:116,2045,0,0
BRDA:116,2045,1,0
FN:260,System.Void PatientAccess.Business.Services.SlotSwapService/<CancelSwapPreferenceAsync>d__7::MoveNext()
FNDA:0,System.Void PatientAccess.Business.Services.SlotSwapService/<CancelSwapPreferenceAsync>d__7::MoveNext()
DA:261,0
DA:263,0
DA:264,0
DA:265,0
DA:266,0
DA:268,0
DA:269,0
DA:270,0
DA:272,0
DA:273,0
DA:274,0
DA:275,0
DA:276,0
DA:277,0
DA:278,0
DA:281,0
DA:282,0
DA:283,0
DA:284,0
DA:285,0
DA:286,0
DA:290,0
DA:291,0
DA:293,0
DA:295,0
DA:296,0
DA:297,0
DA:299,0
DA:301,0
DA:302,0
DA:303,0
DA:304,0
DA:305,0
DA:306,0
DA:308,0
BRDA:272,511,0,0
BRDA:272,511,1,0
BRDA:281,697,0,0
BRDA:281,697,1,0
FN:32,System.Void PatientAccess.Business.Services.SlotSwapService/<ExecuteSwapAsync>d__5::MoveNext()
FNDA:0,System.Void PatientAccess.Business.Services.SlotSwapService/<ExecuteSwapAsync>d__5::MoveNext()
DA:33,0
DA:34,0
DA:35,0
DA:37,0
DA:38,0
DA:40,0
DA:41,0
DA:42,0
DA:43,0
DA:45,0
DA:46,0
DA:48,0
DA:50,0
DA:51,0
DA:53,0
DA:62,0
DA:68,0
DA:69,0
DA:70,0
DA:80,0
DA:81,0
DA:82,0
DA:89,0
DA:95,0
DA:96,0
DA:97,0
DA:104,0
DA:106,0
DA:107,0
DA:108,0
DA:115,0
DA:121,0
DA:122,0
DA:123,0
DA:124,0
DA:127,0
DA:128,0
DA:131,0
DA:132,0
DA:137,0
DA:138,0
DA:141,0
DA:145,0
DA:146,0
DA:147,0
DA:148,0
DA:150,0
DA:155,0
DA:158,0
DA:159,0
DA:160,0
DA:161,0
DA:162,0
DA:163,0
DA:164,0
DA:165,0
DA:166,0
DA:169,0
DA:170,0
DA:171,0
DA:173,0
DA:174,0
DA:175,0
DA:176,0
DA:178,0
DA:179,0
BRDA:37,860,1,0
BRDA:46,255,0,0
BRDA:46,255,1,0
BRDA:161,530,0,0
BRDA:161,530,1,0
BRDA:37,860,0,0
FN:186,System.Void PatientAccess.Business.Services.SlotSwapService/<ProcessPendingSwapsAsync>d__6::MoveNext()
FNDA:0,System.Void PatientAccess.Business.Services.SlotSwapService/<ProcessPendingSwapsAsync>d__6::MoveNext()
DA:187,0
DA:189,0
DA:190,0
DA:194,0
DA:195,0
DA:196,0
DA:197,0
DA:198,0
DA:199,0
DA:200,0
DA:201,0
DA:203,0
DA:204,0
DA:205,0
DA:207,0
DA:209,0
DA:210,0
DA:212,0
DA:213,0
DA:214,0
DA:215,0
DA:216,0
DA:217,0
DA:218,0
DA:220,0
DA:221,0
DA:223,0
DA:224,0
DA:225,0
DA:226,0
DA:227,0
DA:228,0
DA:229,0
DA:230,0
DA:231,0
DA:232,0
DA:233,0
DA:234,0
DA:236,0
DA:237,0
DA:238,0
DA:239,0
DA:240,0
DA:241,0
DA:243,0
DA:244,0
DA:245,0
DA:247,0
DA:249,0
DA:250,0
DA:251,0
DA:252,0
DA:254,0
BRDA:187,26,0,0
BRDA:187,26,1,0
BRDA:209,1781,1,0
BRDA:220,1429,0,0
BRDA:225,1594,0,0
BRDA:225,1594,1,0
BRDA:220,1429,1,0
BRDA:209,1781,0,0
LF:234
LH:0
BRF:40
BRH:0
FNF:6
FNH:0
end_of_record
SF:https://raw.githubusercontent.com/kanini/Propel-Project-Team-12/566c2a6afb6428f0334cf8f12ab828ebeb0e3b0c/src/backend/PatientAccess.Business/Services/StubAiIntakeService.cs
FN:30,System.Threading.Tasks.Task`1<PatientAccess.Business.Interfaces.AiExtractionResult> PatientAccess.Business.Services.StubAiIntakeService::ExtractStructuredDataAsync(System.String,System.Collections.Generic.List`1<PatientAccess.Business.Interfaces.ConversationMessage>,System.String,System.Threading.CancellationToken)
FNDA:0,System.Threading.Tasks.Task`1<PatientAccess.Business.Interfaces.AiExtractionResult> PatientAccess.Business.Services.StubAiIntakeService::ExtractStructuredDataAsync(System.String,System.Collections.Generic.List`1<PatientAccess.Business.Interfaces.ConversationMessage>,System.String,System.Threading.CancellationToken)
DA:31,0
DA:33,0
DA:34,0
DA:35,0
DA:38,0
DA:39,0
DA:40,0
DA:41,0
DA:42,0
DA:44,0
DA:45,0
DA:46,0
DA:47,0
DA:48,0
DA:49,0
DA:50,0
DA:51,0
DA:52,0
DA:53,0
DA:55,0
DA:56,0
DA:57,0
DA:58,0
DA:59,0
DA:60,0
DA:61,0
DA:62,0
DA:63,0
DA:64,0
DA:66,0
DA:67,0
DA:68,0
DA:69,0
DA:70,0
DA:71,0
DA:72,0
DA:73,0
DA:74,0
DA:75,0
DA:76,0
DA:77,0
DA:78,0
DA:79,0
DA:80,0
DA:81,0
DA:82,0
DA:83,0
DA:84,0
DA:85,0
DA:86,0
DA:87,0
DA:88,0
DA:89,0
DA:90,0
DA:91,0
DA:92,0
DA:93,0
DA:94,0
DA:95,0
DA:96,0
DA:97,0
DA:98,0
DA:99,0
DA:101,0
DA:102,0
DA:103,0
DA:104,0
DA:105,0
DA:106,0
DA:107,0
DA:108,0
DA:109,0
DA:110,0
DA:111,0
DA:112,0
DA:113,0
DA:114,0
DA:115,0
DA:116,0
DA:117,0
DA:118,0
DA:119,0
DA:120,0
DA:121,0
DA:122,0
DA:124,0
DA:125,0
DA:126,0
DA:127,0
DA:128,0
DA:129,0
DA:130,0
DA:131,0
DA:132,0
DA:133,0
DA:134,0
DA:135,0
DA:136,0
DA:137,0
DA:138,0
DA:139,0
DA:140,0
DA:141,0
DA:142,0
DA:143,0
DA:144,0
DA:145,0
DA:146,0
DA:148,0
DA:149,0
DA:150,0
DA:151,0
DA:152,0
DA:153,0
DA:154,0
DA:155,0
DA:156,0
DA:157,0
DA:158,0
DA:159,0
DA:160,0
DA:161,0
DA:162,0
DA:163,0
DA:164,0
DA:165,0
DA:166,0
DA:167,0
DA:168,0
DA:169,0
DA:170,0
DA:172,0
DA:173,0
DA:174,0
DA:175,0
DA:176,0
DA:177,0
DA:178,0
DA:179,0
DA:180,0
DA:181,0
DA:182,0
DA:183,0
DA:184,0
DA:185,0
DA:186,0
DA:187,0
DA:188,0
DA:189,0
DA:190,0
DA:191,0
DA:192,0
DA:193,0
DA:194,0
DA:195,0
DA:196,0
DA:197,0
DA:198,0
DA:199,0
DA:200,0
DA:201,0
DA:203,0
DA:205,0
DA:206,0
DA:207,0
DA:208,0
DA:209,0
DA:210,0
DA:211,0
DA:214,0
DA:215,0
DA:218,0
DA:219,0
DA:221,0
DA:222,0
DA:224,0
DA:225,0
DA:226,0
DA:227,0
DA:228,0
DA:229,0
DA:231,0
DA:232,0
DA:233,0
DA:234,0
DA:235,0
DA:236,0
DA:237,0
DA:238,0
BRDA:38,33,0,0
BRDA:38,46,0,0
BRDA:38,59,0,0
BRDA:38,72,0,0
BRDA:38,72,1,0
BRDA:38,33,1,0
BRDA:38,46,1,0
BRDA:38,59,1,0
BRDA:38,93,0,0
BRDA:38,93,1,0
BRDA:52,161,0,0
BRDA:52,161,1,0
BRDA:63,227,0,0
BRDA:63,227,1,0
BRDA:68,254,0,0
BRDA:68,254,1,0
BRDA:78,322,0,0
BRDA:78,322,1,0
BRDA:88,390,0,0
BRDA:90,407,0,0
BRDA:90,420,0,0
BRDA:90,407,1,0
BRDA:90,420,1,0
BRDA:90,440,0,0
BRDA:90,440,1,0
BRDA:88,390,1,0
BRDA:111,561,0,0
BRDA:113,578,0,0
BRDA:113,591,0,0
BRDA:113,578,1,0
BRDA:113,591,1,0
BRDA:113,611,0,0
BRDA:113,611,1,0
BRDA:111,561,1,0
BRDA:134,732,0,0
BRDA:136,749,0,0
BRDA:136,762,0,0
BRDA:136,775,0,0
BRDA:136,749,1,0
BRDA:136,762,1,0
BRDA:136,775,1,0
BRDA:136,795,0,0
BRDA:136,795,1,0
BRDA:134,732,1,0
BRDA:158,916,0,0
BRDA:160,933,0,0
BRDA:160,946,0,0
BRDA:160,959,0,0
BRDA:160,933,1,0
BRDA:160,946,1,0
BRDA:160,959,1,0
BRDA:160,979,0,0
BRDA:160,979,1,0
BRDA:158,916,1,0
BRDA:182,1100,0,0
BRDA:182,1100,1,0
BRDA:192,1165,0,0
BRDA:192,1165,1,0
BRDA:218,1339,0,0
BRDA:218,1339,1,0
BRDA:226,1369,0,0
BRDA:226,1369,1,0
FN:245,System.Threading.Tasks.Task`1<System.String> PatientAccess.Business.Services.StubAiIntakeService::GenerateNextQuestionAsync(System.Collections.Generic.List`1<PatientAccess.Business.Interfaces.ConversationMessage>,System.Collections.Generic.List`1<System.String>,System.String,System.Threading.CancellationToken)
FNDA:0,System.Threading.Tasks.Task`1<System.String> PatientAccess.Business.Services.StubAiIntakeService::GenerateNextQuestionAsync(System.Collections.Generic.List`1<PatientAccess.Business.Interfaces.ConversationMessage>,System.Collections.Generic.List`1<System.String>,System.String,System.Threading.CancellationToken)
DA:246,0
DA:247,0
DA:248,0
DA:249,0
DA:251,0
DA:252,0
BRDA:247,14,0,0
BRDA:247,14,1,0
FN:258,System.Threading.Tasks.Task`1<System.String> PatientAccess.Business.Services.StubAiIntakeService::GenerateClarificationPromptAsync(System.String,System.String,System.Threading.CancellationToken)
FNDA:0,System.Threading.Tasks.Task`1<System.String> PatientAccess.Business.Services.StubAiIntakeService::GenerateClarificationPromptAsync(System.String,System.String,System.Threading.CancellationToken)
DA:259,0
DA:260,0
DA:261,0
DA:262,0
DA:263,0
DA:264,0
DA:265,0
DA:266,0
DA:267,0
DA:269,0
DA:270,0
DA:271,0
DA:273,0
DA:274,0
BRDA:269,101,0,0
BRDA:269,101,1,0
FN:280,System.Threading.Tasks.Task`1<System.String> PatientAccess.Business.Services.StubAiIntakeService::GenerateWelcomeMessageAsync(System.String,System.String,System.Threading.CancellationToken)
FNDA:0,System.Threading.Tasks.Task`1<System.String> PatientAccess.Business.Services.StubAiIntakeService::GenerateWelcomeMessageAsync(System.String,System.String,System.Threading.CancellationToken)
DA:281,0
DA:282,0
DA:283,0
DA:284,0
DA:286,0
DA:287,0
FN:11,System.Void PatientAccess.Business.Services.StubAiIntakeService::.cctor()
FNDA:0,System.Void PatientAccess.Business.Services.StubAiIntakeService::.cctor()
DA:12,0
DA:13,0
DA:14,0
DA:15,0
DA:16,0
DA:17,0
DA:18,0
DA:19,0
DA:20,0
DA:21,0
DA:22,0
DA:23,0
LF:227
LH:0
BRF:66
BRH:0
FNF:5
FNH:0
end_of_record
SF:https://raw.githubusercontent.com/kanini/Propel-Project-Team-12/566c2a6afb6428f0334cf8f12ab828ebeb0e3b0c/src/backend/PatientAccess.Business/Services/WaitlistService.cs
FN:20,System.Void PatientAccess.Business.Services.WaitlistService::.ctor(PatientAccess.Data.PatientAccessDbContext,Microsoft.Extensions.Logging.ILogger`1<PatientAccess.Business.Services.WaitlistService>)
FNDA:0,System.Void PatientAccess.Business.Services.WaitlistService::.ctor(PatientAccess.Data.PatientAccessDbContext,Microsoft.Extensions.Logging.ILogger`1<PatientAccess.Business.Services.WaitlistService>)
DA:21,0
DA:22,0
DA:23,0
DA:24,0
BRDA:22,11,0,0
BRDA:22,11,1,0
BRDA:23,33,0,0
BRDA:23,33,1,0
FN:330,System.Void PatientAccess.Business.Services.WaitlistService/<CalculateQueuePositionAsync>d__7::MoveNext()
FNDA:0,System.Void PatientAccess.Business.Services.WaitlistService/<CalculateQueuePositionAsync>d__7::MoveNext()
DA:331,0
DA:332,0
DA:333,0
DA:334,0
DA:335,0
DA:337,0
DA:338,0
DA:339,0
DA:343,0
DA:344,0
DA:345,0
DA:346,0
DA:347,0
DA:349,0
DA:350,0
BRDA:337,429,0,0
BRDA:337,429,1,0
FN:287,System.Void PatientAccess.Business.Services.WaitlistService/<DeleteWaitlistAsync>d__6::MoveNext()
FNDA:0,System.Void PatientAccess.Business.Services.WaitlistService/<DeleteWaitlistAsync>d__6::MoveNext()
DA:288,0
DA:290,0
DA:291,0
DA:292,0
DA:293,0
DA:296,0
DA:297,0
DA:298,0
DA:299,0
DA:300,0
DA:302,0
DA:303,0
DA:304,0
DA:308,0
DA:309,0
DA:311,0
DA:313,0
DA:314,0
DA:315,0
DA:316,0
DA:317,0
DA:319,0
DA:320,0
DA:321,0
DA:322,0
DA:324,0
BRDA:302,577,0,0
BRDA:302,577,1,0
FN:156,System.Void PatientAccess.Business.Services.WaitlistService/<GetPatientWaitlistAsync>d__4::MoveNext()
FNDA:0,System.Void PatientAccess.Business.Services.WaitlistService/<GetPatientWaitlistAsync>d__4::MoveNext()
DA:157,0
DA:159,0
DA:160,0
DA:164,0
DA:165,0
DA:166,0
DA:167,0
DA:168,0
DA:170,0
DA:171,0
DA:172,0
DA:176,0
DA:177,0
DA:178,0
DA:179,0
DA:181,0
DA:182,0
DA:183,0
DA:184,0
DA:185,0
DA:186,0
DA:187,0
DA:188,0
DA:189,0
DA:190,0
DA:191,0
DA:192,0
DA:193,0
DA:194,0
DA:196,0
DA:197,0
DA:198,0
DA:200,0
DA:202,0
DA:203,0
DA:204,0
DA:205,0
DA:207,0
BRDA:170,588,0,0
BRDA:170,588,1,0
BRDA:177,1028,1,0
BRDA:177,1028,0,0
FN:30,System.Void PatientAccess.Business.Services.WaitlistService/<JoinWaitlistAsync>d__3::MoveNext()
FNDA:0,System.Void PatientAccess.Business.Services.WaitlistService/<JoinWaitlistAsync>d__3::MoveNext()
DA:31,0
DA:33,0
DA:34,0
DA:35,0
DA:36,0
DA:39,0
DA:40,0
DA:41,0
DA:45,0
DA:46,0
DA:47,0
DA:48,0
DA:49,0
DA:50,0
DA:52,0
DA:53,0
DA:55,0
DA:57,0
DA:58,0
DA:59,0
DA:62,0
DA:63,0
DA:64,0
DA:65,0
DA:66,0
DA:67,0
DA:68,0
DA:69,0
DA:70,0
DA:71,0
DA:72,0
DA:73,0
DA:74,0
DA:75,0
DA:76,0
DA:77,0
DA:78,0
DA:79,0
DA:80,0
DA:84,0
DA:85,0
DA:87,0
DA:88,0
DA:89,0
DA:93,0
DA:94,0
DA:95,0
DA:96,0
DA:97,0
DA:98,0
DA:99,0
DA:100,0
DA:101,0
DA:102,0
DA:103,0
DA:104,0
DA:105,0
DA:107,0
DA:108,0
DA:110,0
DA:111,0
DA:112,0
DA:115,0
DA:116,0
DA:117,0
DA:118,0
DA:121,0
DA:123,0
DA:124,0
DA:125,0
DA:126,0
DA:127,0
DA:128,0
DA:129,0
DA:130,0
DA:131,0
DA:132,0
DA:133,0
DA:134,0
DA:135,0
DA:137,0
DA:138,0
DA:139,0
DA:141,0
DA:142,0
DA:143,0
DA:145,0
DA:146,0
DA:147,0
DA:148,0
DA:150,0
BRDA:39,235,0,0
BRDA:39,235,1,0
BRDA:52,767,0,0
BRDA:52,767,1,0
BRDA:87,1587,0,0
BRDA:87,1587,1,0
FN:213,System.Void PatientAccess.Business.Services.WaitlistService/<UpdateWaitlistAsync>d__5::MoveNext()
FNDA:0,System.Void PatientAccess.Business.Services.WaitlistService/<UpdateWaitlistAsync>d__5::MoveNext()
DA:214,0
DA:216,0
DA:217,0
DA:218,0
DA:219,0
DA:222,0
DA:223,0
DA:224,0
DA:228,0
DA:229,0
DA:230,0
DA:231,0
DA:232,0
DA:233,0
DA:235,0
DA:236,0
DA:237,0
DA:241,0
DA:242,0
DA:243,0
DA:244,0
DA:245,0
DA:247,0
DA:249,0
DA:252,0
DA:254,0
DA:255,0
DA:256,0
DA:257,0
DA:258,0
DA:259,0
DA:260,0
DA:261,0
DA:262,0
DA:263,0
DA:264,0
DA:265,0
DA:266,0
DA:268,0
DA:269,0
DA:270,0
DA:272,0
DA:273,0
DA:274,0
DA:276,0
DA:277,0
DA:278,0
DA:279,0
DA:281,0
BRDA:222,193,0,0
BRDA:222,193,1,0
BRDA:235,705,0,0
BRDA:235,705,1,0
LF:223
LH:0
BRF:22
BRH:0
FNF:6
FNH:0
end_of_record