SF:https://raw.githubusercontent.com/kanini/Propel-Project-Team-12/c439b142e05172b490f1a815d34e8b04b70d9753/src/backend/PatientAccess.Business/Services/JwtTokenService.cs
FN:49,System.String PatientAccess.Business.Services.JwtTokenService::GenerateToken(System.String,System.String,System.String)
FNDA:0,System.String PatientAccess.Business.Services.JwtTokenService::GenerateToken(System.String,System.String,System.String)
DA:50,0
DA:51,0
DA:52,0
DA:54,0
DA:55,0
DA:57,0
DA:58,0
DA:60,0
DA:61,0
DA:62,0
DA:63,0
DA:64,0
DA:65,0
DA:66,0
DA:67,0
DA:69,0
DA:70,0
DA:71,0
DA:73,0
DA:74,0
DA:75,0
DA:76,0
DA:77,0
DA:78,0
DA:79,0
DA:80,0
DA:82,0
DA:83,0
BRDA:51,9,0,0
BRDA:51,9,1,0
BRDA:54,37,0,0
BRDA:54,37,1,0
BRDA:57,65,0,0
BRDA:57,65,1,0
FN:89,System.Security.Claims.ClaimsPrincipal PatientAccess.Business.Services.JwtTokenService::ValidateToken(System.String)
FNDA:0,System.Security.Claims.ClaimsPrincipal PatientAccess.Business.Services.JwtTokenService::ValidateToken(System.String)
DA:90,0
DA:91,0
DA:92,0
DA:94,0
DA:96,0
DA:97,0
DA:98,0
DA:99,0
DA:100,0
DA:101,0
DA:102,0
DA:103,0
DA:104,0
DA:105,0
DA:106,0
DA:109,0
DA:110,0
DA:111,0
DA:113,0
DA:114,0
DA:116,0
DA:118,0
DA:119,0
DA:121,0
DA:123,0
BRDA:91,9,0,0
BRDA:91,9,1,0
FN:21,System.Void PatientAccess.Business.Services.JwtTokenService::.ctor(Microsoft.Extensions.Configuration.IConfiguration)
FNDA:0,System.Void PatientAccess.Business.Services.JwtTokenService::.ctor(Microsoft.Extensions.Configuration.IConfiguration)
DA:22,0
DA:23,0
DA:25,0
DA:26,0
DA:27,0
DA:28,0
DA:31,0
DA:34,0
DA:35,0
DA:36,0
DA:37,0
DA:38,0
DA:42,0
DA:43,0
BRDA:25,33,0,0
BRDA:25,33,1,0
BRDA:26,65,0,0
BRDA:26,65,1,0
BRDA:27,97,0,0
BRDA:27,97,1,0
BRDA:28,128,0,0
BRDA:28,128,1,0
BRDA:31,158,0,0
BRDA:31,158,1,0
BRDA:34,185,0,0
BRDA:34,185,1,0
LF:67
LH:0
BRF:20
BRH:0
FNF:3
FNH:0
end_of_record
SF:https://raw.githubusercontent.com/kanini/Propel-Project-Team-12/c439b142e05172b490f1a815d34e8b04b70d9753/src/backend/PatientAccess.Business/Services/PasswordHashingService.cs
FN:22,System.String PatientAccess.Business.Services.PasswordHashingService::HashPassword(System.String)
FNDA:0,System.String PatientAccess.Business.Services.PasswordHashingService::HashPassword(System.String)
DA:23,0
DA:24,0
DA:25,0
DA:29,0
DA:30,0
BRDA:24,9,0,0
BRDA:24,9,1,0
FN:39,System.Boolean PatientAccess.Business.Services.PasswordHashingService::VerifyPassword(System.String,System.String)
FNDA:0,System.Boolean PatientAccess.Business.Services.PasswordHashingService::VerifyPassword(System.String,System.String)
DA:40,0
DA:41,0
DA:42,0
DA:45,0
DA:47,0
DA:49,0
DA:50,0
DA:52,0
DA:54,0
BRDA:41,7,0,0
BRDA:41,7,1,0
BRDA:41,20,0,0
BRDA:41,20,1,0
LF:14
LH:0
BRF:6
BRH:0
FNF:2
FNH:0
end_of_record
SF:https://raw.githubusercontent.com/kanini/Propel-Project-Team-12/c439b142e05172b490f1a815d34e8b04b70d9753/src/backend/PatientAccess.Business/Services/SessionCacheService.cs
FN:233,System.String PatientAccess.Business.Services.SessionCacheService::GetSessionKey(System.String)
FNDA:14,System.String PatientAccess.Business.Services.SessionCacheService::GetSessionKey(System.String)
DA:234,14
FN:247,System.Threading.Tasks.Task`1<System.Boolean> PatientAccess.Business.Services.SessionCacheService::FallbackToDatabase_SetSessionAsync(System.String,System.String,System.Threading.CancellationToken)
FNDA:5,System.Threading.Tasks.Task`1<System.Boolean> PatientAccess.Business.Services.SessionCacheService::FallbackToDatabase_SetSessionAsync(System.String,System.String,System.Threading.CancellationToken)
DA:248,5
DA:249,5
DA:255,5
DA:256,5
FN:262,System.Threading.Tasks.Task`1<System.String> PatientAccess.Business.Services.SessionCacheService::FallbackToDatabase_GetSessionAsync(System.String,System.Threading.CancellationToken)
FNDA:2,System.Threading.Tasks.Task`1<System.String> PatientAccess.Business.Services.SessionCacheService::FallbackToDatabase_GetSessionAsync(System.String,System.Threading.CancellationToken)
DA:263,2
DA:264,2
DA:271,2
DA:272,2
FN:278,System.Threading.Tasks.Task`1<System.Boolean> PatientAccess.Business.Services.SessionCacheService::FallbackToDatabase_RemoveSessionAsync(System.String,System.Threading.CancellationToken)
FNDA:3,System.Threading.Tasks.Task`1<System.Boolean> PatientAccess.Business.Services.SessionCacheService::FallbackToDatabase_RemoveSessionAsync(System.String,System.Threading.CancellationToken)
DA:279,3
DA:280,3
DA:286,3
DA:287,3
FN:293,System.Threading.Tasks.Task`1<System.Boolean> PatientAccess.Business.Services.SessionCacheService::FallbackToDatabase_RefreshSessionAsync(System.String,System.Threading.CancellationToken)
FNDA:2,System.Threading.Tasks.Task`1<System.Boolean> PatientAccess.Business.Services.SessionCacheService::FallbackToDatabase_RefreshSessionAsync(System.String,System.Threading.CancellationToken)
DA:294,2
DA:295,2
DA:307,2
DA:308,2
FN:15,System.Void PatientAccess.Business.Services.SessionCacheService::.ctor(StackExchange.Redis.IConnectionMultiplexer,Microsoft.Extensions.Logging.ILogger`1<PatientAccess.Business.Services.SessionCacheService>)
FNDA:36,System.Void PatientAccess.Business.Services.SessionCacheService::.ctor(StackExchange.Redis.IConnectionMultiplexer,Microsoft.Extensions.Logging.ILogger`1<PatientAccess.Business.Services.SessionCacheService>)
DA:16,36
DA:26,36
DA:27,36
DA:28,35
DA:29,34
BRDA:27,31,0,1
BRDA:27,31,1,35
BRDA:28,53,0,1
BRDA:28,53,1,34
FN:78,System.Void PatientAccess.Business.Services.SessionCacheService/<GetSessionAsync>d__6::MoveNext()
FNDA:6,System.Void PatientAccess.Business.Services.SessionCacheService/<GetSessionAsync>d__6::MoveNext()
DA:79,6
DA:80,6
DA:81,3
DA:84,3
DA:85,3
DA:86,3
DA:89,3
DA:91,2
DA:92,1
DA:93,1
DA:94,1
DA:98,1
DA:100,1
DA:101,1
DA:103,1
DA:104,1
DA:105,1
DA:106,1
DA:108,0
DA:109,0
DA:110,0
DA:111,0
DA:113,3
BRDA:80,61,0,3
BRDA:80,61,1,3
BRDA:91,317,0,1
BRDA:91,317,1,1
FN:203,System.Void PatientAccess.Business.Services.SessionCacheService/<IsRedisAvailableAsync>d__9::MoveNext()
FNDA:3,System.Void PatientAccess.Business.Services.SessionCacheService/<IsRedisAvailableAsync>d__9::MoveNext()
DA:204,3
DA:206,3
DA:207,3
DA:208,3
DA:209,1
DA:211,1
DA:212,1
DA:213,1
DA:214,1
DA:216,1
DA:217,1
DA:218,1
DA:219,1
DA:221,0
DA:222,0
DA:223,0
DA:224,0
DA:226,3
FN:157,System.Void PatientAccess.Business.Services.SessionCacheService/<RefreshSessionAsync>d__8::MoveNext()
FNDA:6,System.Void PatientAccess.Business.Services.SessionCacheService/<RefreshSessionAsync>d__8::MoveNext()
DA:158,6
DA:159,6
DA:160,3
DA:163,3
DA:164,3
DA:165,3
DA:168,3
DA:170,2
DA:171,1
DA:172,1
DA:173,1
DA:177,1
DA:179,1
DA:180,1
DA:181,1
DA:182,1
DA:185,0
DA:187,1
DA:188,1
DA:189,1
DA:190,1
DA:192,0
DA:193,0
DA:194,0
DA:195,0
DA:197,3
BRDA:159,61,0,3
BRDA:159,61,1,3
BRDA:170,303,0,1
BRDA:170,303,1,1
BRDA:179,641,0,1
BRDA:179,641,1,0
FN:119,System.Void PatientAccess.Business.Services.SessionCacheService/<RemoveSessionAsync>d__7::MoveNext()
FNDA:6,System.Void PatientAccess.Business.Services.SessionCacheService/<RemoveSessionAsync>d__7::MoveNext()
DA:120,6
DA:121,6
DA:122,3
DA:124,3
DA:127,3
DA:128,3
DA:129,3
DA:131,3
DA:133,2
DA:134,1
DA:135,1
DA:136,1
DA:137,2
DA:138,1
DA:139,1
DA:140,1
DA:141,1
DA:142,0
DA:143,0
DA:144,0
DA:145,0
DA:148,3
DA:150,3
DA:151,3
BRDA:121,39,0,3
BRDA:121,39,1,3
BRDA:133,250,0,1
BRDA:133,250,1,2
FN:36,System.Void PatientAccess.Business.Services.SessionCacheService/<SetSessionAsync>d__5::MoveNext()
FNDA:11,System.Void PatientAccess.Business.Services.SessionCacheService/<SetSessionAsync>d__5::MoveNext()
DA:37,11
DA:38,11
DA:39,3
DA:41,8
DA:42,3
DA:45,5
DA:46,5
DA:47,5
DA:51,5
DA:53,5
DA:54,0
DA:55,0
DA:56,0
DA:59,5
DA:60,5
DA:62,0
DA:63,0
DA:64,0
DA:65,0
DA:67,0
DA:68,0
DA:69,0
DA:70,0
DA:72,5
BRDA:38,57,0,3
BRDA:38,57,1,8
BRDA:41,83,0,3
BRDA:41,83,1,5
BRDA:53,348,0,0
BRDA:53,348,1,5
LF:137
LH:109
BRF:24
BRH:22
FNF:11
FNH:11
end_of_record