{"D:\\PropelIQ\\Propel-Project-Team-12\\src\\frontend\\src\\App.tsx": {"path":"D:\\PropelIQ\\Propel-Project-Team-12\\src\\frontend\\src\\App.tsx","statementMap":{"0":{"start":{"line":4,"column":16},"end":{"line":4,"column":39}},"1":{"start":{"line":6,"column":2},"end":{"line":41,"column":null}},"2":{"start":{"line":31,"column":27},"end":{"line":31,"column":57}},"3":{"start":{"line":31,"column":47},"end":{"line":31,"column":57}}},"fnMap":{"0":{"name":"App","decl":{"start":{"line":3,"column":9},"end":{"line":3,"column":15}},"loc":{"start":{"line":3,"column":15},"end":{"line":41,"column":null}},"line":3},"1":{"name":"(anonymous_1)","decl":{"start":{"line":31,"column":12},"end":{"line":31,"column":27}},"loc":{"start":{"line":31,"column":27},"end":{"line":31,"column":57}},"line":31},"2":{"name":"(anonymous_2)","decl":{"start":{"line":31,"column":27},"end":{"line":31,"column":37}},"loc":{"start":{"line":31,"column":47},"end":{"line":31,"column":57}},"line":31}},"branchMap":{},"s":{"0":7,"1":7,"2":2,"3":2},"f":{"0":7,"1":2,"2":2},"b":{},"meta":{"lastBranch":0,"lastFunction":3,"lastStatement":4,"seen":{"f:3:9:3:15":0,"s:4:16:4:39":0,"s:6:2:41:Infinity":1,"f:31:12:31:27":1,"s:31:27:31:57":2,"f:31:27:31:37":2,"s:31:47:31:57":3}}}
}
