<?xml version="1.0" encoding="utf-8"?>
<CoverageSession>
  <Summary numSequencePoints="0" visitedSequencePoints="0" numBranchPoints="0" visitedBranchPoints="0" sequenceCoverage="100" branchCoverage="100" maxCyclomaticComplexity="0" minCyclomaticComplexity="0" visitedClasses="0" numClasses="0" visitedMethods="0" numMethods="0" />
  <Modules>
    <Module hash="CA902F82-C365-4EAF-BCBB-49380AF774D7">
      <ModulePath>PatientAccess.Data.dll</ModulePath>
      <ModuleTime>2026-03-24T09:29:22</ModuleTime>
      <ModuleName>PatientAccess.Data</ModuleName>
      <Files />
      <Classes />
    </Module>
  </Modules>
</CoverageSession>