SF:https://raw.githubusercontent.com/kanini/Propel-Project-Team-12/f57ca3a7adf48b1287d9f043aabce7c8c471000b/src/backend/PatientAccess.Business/Services/AdminService.cs
FN:316,PatientAccess.Business.DTOs.UserDto PatientAccess.Business.Services.AdminService::MapToUserDto(PatientAccess.Data.Models.User)
FNDA:0,PatientAccess.Business.DTOs.UserDto PatientAccess.Business.Services.AdminService::MapToUserDto(PatientAccess.Data.Models.User)
DA:317,0
DA:318,0
DA:319,0
DA:320,0
DA:321,0
DA:322,0
DA:323,0
DA:324,0
DA:325,0
DA:326,0
DA:327,0
DA:328,0
DA:329,0
FN:334,System.String PatientAccess.Business.Services.AdminService::GenerateVerificationToken()
FNDA:0,System.String PatientAccess.Business.Services.AdminService::GenerateVerificationToken()
DA:335,0
DA:336,0
DA:337,0
DA:338,0
DA:339,0
DA:340,0
FN:29,System.Void PatientAccess.Business.Services.AdminService::.ctor(PatientAccess.Data.PatientAccessDbContext,PatientAccess.Business.Services.IPasswordHashingService,PatientAccess.Business.Services.IEmailService,PatientAccess.Business.Interfaces.IAuditLogService,Microsoft.Extensions.Logging.ILogger`1<PatientAccess.Business.Services.AdminService>,PatientAccess.Business.Services.ISessionCacheService)
FNDA:0,System.Void PatientAccess.Business.Services.AdminService::.ctor(PatientAccess.Data.PatientAccessDbContext,PatientAccess.Business.Services.IPasswordHashingService,PatientAccess.Business.Services.IEmailService,PatientAccess.Business.Interfaces.IAuditLogService,Microsoft.Extensions.Logging.ILogger`1<PatientAccess.Business.Services.AdminService>,PatientAccess.Business.Services.ISessionCacheService)
DA:30,0
DA:31,0
DA:32,0
DA:33,0
DA:34,0
DA:35,0
DA:36,0
DA:37,0
FN:46,System.Void PatientAccess.Business.Services.AdminService/<CreateUserAsync>d__7::MoveNext()
FNDA:0,System.Void PatientAccess.Business.Services.AdminService/<CreateUserAsync>d__7::MoveNext()
DA:47,0
DA:49,0
DA:50,0
DA:52,0
DA:53,0
DA:54,0
DA:58,0
DA:61,0
DA:64,0
DA:65,0
DA:66,0
DA:67,0
DA:68,0
DA:69,0
DA:70,0
DA:71,0
DA:72,0
DA:73,0
DA:74,0
DA:75,0
DA:76,0
DA:78,0
DA:79,0
DA:81,0
DA:82,0
DA:83,0
DA:86,0
DA:87,0
DA:88,0
DA:89,0
DA:90,0
DA:91,0
DA:92,0
DA:93,0
DA:94,0
DA:95,0
DA:96,0
DA:97,0
DA:100,0
DA:102,0
DA:103,0
BRDA:52,397,0,0
BRDA:52,397,1,0
BRDA:64,583,0,0
BRDA:64,583,1,0
FN:195,System.Void PatientAccess.Business.Services.AdminService/<DeactivateUserAsync>d__9::MoveNext()
FNDA:0,System.Void PatientAccess.Business.Services.AdminService/<DeactivateUserAsync>d__9::MoveNext()
DA:196,0
DA:198,0
DA:199,0
DA:200,0
DA:203,0
DA:205,0
DA:206,0
DA:207,0
DA:211,0
DA:212,0
DA:213,0
DA:214,0
DA:216,0
DA:217,0
DA:218,0
DA:220,0
DA:223,0
DA:224,0
DA:226,0
DA:228,0
DA:231,0
DA:232,0
DA:234,0
DA:235,0
DA:236,0
DA:237,0
DA:238,0
DA:239,0
DA:240,0
DA:241,0
DA:242,0
DA:245,0
DA:246,0
DA:247,0
DA:248,0
DA:249,0
DA:250,0
DA:251,0
DA:252,0
DA:253,0
DA:254,0
DA:255,0
DA:256,0
DA:257,0
BRDA:198,80,0,0
BRDA:198,80,1,0
BRDA:205,266,0,0
BRDA:205,266,1,0
BRDA:211,350,0,0
BRDA:216,683,0,0
BRDA:216,683,1,0
BRDA:211,350,1,0
BRDA:231,932,0,0
BRDA:231,932,1,0
FN:265,System.Void PatientAccess.Business.Services.AdminService/<GetAllUsersAsync>d__10::MoveNext()
FNDA:0,System.Void PatientAccess.Business.Services.AdminService/<GetAllUsersAsync>d__10::MoveNext()
DA:266,0
DA:267,0
DA:270,0
DA:271,0
DA:272,0
DA:273,0
DA:274,0
DA:275,0
DA:276,0
DA:279,0
DA:280,0
DA:281,0
DA:282,0
DA:285,0
DA:286,0
DA:287,0
DA:288,0
DA:291,0
DA:292,0
DA:293,0
DA:295,0
DA:296,0
BRDA:270,72,0,0
BRDA:270,72,1,0
BRDA:279,410,0,0
BRDA:279,410,1,0
BRDA:279,442,0,0
BRDA:279,442,1,0
BRDA:285,605,0,0
BRDA:285,605,1,0
BRDA:285,637,0,0
BRDA:285,637,1,0
FN:301,System.Void PatientAccess.Business.Services.AdminService/<GetUserByIdAsync>d__11::MoveNext()
FNDA:0,System.Void PatientAccess.Business.Services.AdminService/<GetUserByIdAsync>d__11::MoveNext()
DA:302,0
DA:303,0
DA:305,0
DA:306,0
DA:307,0
DA:310,0
DA:311,0
BRDA:305,187,0,0
BRDA:305,187,1,0
FN:113,System.Void PatientAccess.Business.Services.AdminService/<UpdateUserAsync>d__8::MoveNext()
FNDA:0,System.Void PatientAccess.Business.Services.AdminService/<UpdateUserAsync>d__8::MoveNext()
DA:114,0
DA:115,0
DA:117,0
DA:118,0
DA:119,0
DA:123,0
DA:126,0
DA:127,0
DA:128,0
DA:129,0
DA:130,0
DA:132,0
DA:133,0
DA:135,0
DA:136,0
DA:138,0
DA:139,0
DA:140,0
DA:143,0
DA:144,0
DA:145,0
DA:147,0
DA:148,0
DA:149,0
DA:150,0
DA:151,0
DA:153,0
DA:154,0
DA:155,0
DA:156,0
DA:157,0
DA:159,0
DA:160,0
DA:161,0
DA:162,0
DA:163,0
DA:165,0
DA:167,0
DA:169,0
DA:172,0
DA:173,0
DA:174,0
DA:175,0
DA:176,0
DA:177,0
DA:178,0
DA:179,0
DA:180,0
DA:181,0
DA:182,0
DA:184,0
DA:185,0
BRDA:117,274,0,0
BRDA:117,274,1,0
BRDA:126,384,0,0
BRDA:126,384,1,0
BRDA:132,498,0,0
BRDA:138,911,0,0
BRDA:138,911,1,0
BRDA:132,498,1,0
BRDA:147,1068,0,0
BRDA:147,1068,1,0
BRDA:153,1216,0,0
BRDA:153,1216,1,0
BRDA:159,1331,0,0
BRDA:159,1331,1,0
LF:193
LH:0
BRF:40
BRH:0
FNF:8
FNH:0
end_of_record
SF:https://raw.githubusercontent.com/kanini/Propel-Project-Team-12/f57ca3a7adf48b1287d9f043aabce7c8c471000b/src/backend/PatientAccess.Business/Services/AppointmentService.cs
FN:383,System.String PatientAccess.Business.Services.AppointmentService::GenerateConfirmationNumber()
FNDA:0,System.String PatientAccess.Business.Services.AppointmentService::GenerateConfirmationNumber()
DA:384,0
DA:385,0
DA:386,0
FN:392,System.Boolean PatientAccess.Business.Services.AppointmentService::IsDeadlockException(System.Exception)
FNDA:0,System.Boolean PatientAccess.Business.Services.AppointmentService::IsDeadlockException(System.Exception)
DA:393,0
DA:395,0
DA:396,0
DA:397,0
DA:398,0
DA:402,0
DA:403,0
DA:404,0
DA:407,0
DA:408,0
BRDA:396,9,0,0
BRDA:396,9,1,0
BRDA:396,32,0,0
BRDA:396,32,1,0
BRDA:402,50,0,0
BRDA:402,50,1,0
FN:35,System.Void PatientAccess.Business.Services.AppointmentService::.ctor(PatientAccess.Data.PatientAccessDbContext,Microsoft.Extensions.Logging.ILogger`1<PatientAccess.Business.Services.AppointmentService>,Microsoft.Extensions.Configuration.IConfiguration,PatientAccess.Business.Interfaces.IReminderService,PatientAccess.Business.Interfaces.INoShowRiskService)
FNDA:0,System.Void PatientAccess.Business.Services.AppointmentService::.ctor(PatientAccess.Data.PatientAccessDbContext,Microsoft.Extensions.Logging.ILogger`1<PatientAccess.Business.Services.AppointmentService>,Microsoft.Extensions.Configuration.IConfiguration,PatientAccess.Business.Interfaces.IReminderService,PatientAccess.Business.Interfaces.INoShowRiskService)
DA:36,0
DA:37,0
DA:38,0
DA:39,0
DA:40,0
DA:41,0
DA:42,0
BRDA:37,11,0,0
BRDA:37,11,1,0
BRDA:38,33,0,0
BRDA:38,33,1,0
BRDA:39,55,0,0
BRDA:39,55,1,0
FN:76,System.DateTime PatientAccess.Business.Services.AppointmentService/<>c::<GetMonthlyAvailabilityAsync>b__9_0(<>f__AnonymousType4`4<System.Guid,System.DateTime,System.DateTime,System.Boolean>)
FNDA:0,System.DateTime PatientAccess.Business.Services.AppointmentService/<>c::<GetMonthlyAvailabilityAsync>b__9_0(<>f__AnonymousType4`4<System.Guid,System.DateTime,System.DateTime,System.Boolean>)
DA:77,0
FN:77,PatientAccess.Business.DTOs.AvailabilityResponseDto PatientAccess.Business.Services.AppointmentService/<>c::<GetMonthlyAvailabilityAsync>b__9_1(System.Linq.IGrouping`2<System.DateTime,<>f__AnonymousType4`4<System.Guid,System.DateTime,System.DateTime,System.Boolean>>)
FNDA:0,PatientAccess.Business.DTOs.AvailabilityResponseDto PatientAccess.Business.Services.AppointmentService/<>c::<GetMonthlyAvailabilityAsync>b__9_1(System.Linq.IGrouping`2<System.DateTime,<>f__AnonymousType4`4<System.Guid,System.DateTime,System.DateTime,System.Boolean>>)
DA:78,0
DA:79,0
DA:80,0
DA:81,0
DA:82,0
DA:83,0
DA:84,0
DA:85,0
DA:86,0
DA:87,0
DA:88,0
FN:88,System.DateTime PatientAccess.Business.Services.AppointmentService/<>c::<GetMonthlyAvailabilityAsync>b__9_2(PatientAccess.Business.DTOs.AvailabilityResponseDto)
FNDA:0,System.DateTime PatientAccess.Business.Services.AppointmentService/<>c::<GetMonthlyAvailabilityAsync>b__9_2(PatientAccess.Business.DTOs.AvailabilityResponseDto)
DA:89,0
FN:175,System.Void PatientAccess.Business.Services.AppointmentService/<>c__DisplayClass11_0/<<CreateAppointmentAsync>b__0>d::MoveNext()
FNDA:0,System.Void PatientAccess.Business.Services.AppointmentService/<>c__DisplayClass11_0/<<CreateAppointmentAsync>b__0>d::MoveNext()
DA:176,0
DA:178,0
DA:181,0
DA:183,0
DA:184,0
DA:185,0
DA:187,0
DA:188,0
DA:189,0
DA:193,0
DA:194,0
DA:195,0
DA:196,0
DA:197,0
DA:198,0
DA:199,0
DA:203,0
DA:204,0
DA:207,0
DA:208,0
DA:209,0
DA:210,0
DA:211,0
DA:212,0
DA:213,0
DA:214,0
DA:215,0
DA:216,0
DA:217,0
DA:218,0
DA:219,0
DA:220,0
DA:221,0
DA:223,0
DA:224,0
DA:227,0
DA:228,0
DA:230,0
DA:231,0
DA:232,0
DA:233,0
DA:234,0
DA:235,0
DA:236,0
DA:238,0
DA:239,0
DA:240,0
DA:243,0
DA:244,0
DA:245,0
DA:246,0
DA:247,0
DA:249,0
DA:250,0
DA:252,0
DA:254,0
DA:255,0
DA:256,0
DA:259,0
DA:260,0
DA:262,0
DA:263,0
DA:264,0
DA:265,0
DA:266,0
DA:267,0
DA:269,0
DA:270,0
DA:273,0
DA:274,0
DA:277,0
DA:278,0
DA:279,0
DA:280,0
DA:281,0
DA:284,0
DA:285,0
DA:286,0
DA:287,0
DA:288,0
DA:289,0
DA:290,0
DA:291,0
DA:292,0
DA:295,0
DA:296,0
DA:297,0
DA:298,0
DA:299,0
DA:300,0
DA:302,0
DA:303,0
DA:304,0
DA:305,0
DA:306,0
DA:307,0
DA:308,0
DA:309,0
DA:310,0
DA:311,0
DA:312,0
DA:313,0
DA:314,0
DA:315,0
DA:316,0
DA:318,0
DA:319,0
DA:320,0
DA:321,0
DA:323,0
DA:324,0
DA:325,0
DA:326,0
DA:327,0
DA:328,0
DA:329,0
DA:331,0
BRDA:176,17,0,0
BRDA:176,17,1,0
BRDA:187,673,0,0
BRDA:187,673,1,0
BRDA:193,769,0,0
BRDA:193,769,1,0
BRDA:227,1454,0,0
BRDA:227,1454,1,0
BRDA:259,2327,0,0
BRDA:259,2327,1,0
BRDA:285,3204,0,0
BRDA:285,3204,1,0
BRDA:296,3636,0,0
BRDA:299,3689,0,0
BRDA:299,3709,0,0
BRDA:299,3709,1,0
BRDA:299,3689,1,0
BRDA:296,3636,1,0
BRDA:302,3795,0,0
BRDA:302,3795,1,0
BRDA:302,3807,0,0
BRDA:302,3807,1,0
BRDA:302,3829,0,0
BRDA:302,3829,1,0
BRDA:302,3841,0,0
BRDA:302,3841,1,0
FN:556,System.Void PatientAccess.Business.Services.AppointmentService/<>c__DisplayClass16_0/<<RescheduleAsync>b__0>d::MoveNext()
FNDA:0,System.Void PatientAccess.Business.Services.AppointmentService/<>c__DisplayClass16_0/<<RescheduleAsync>b__0>d::MoveNext()
DA:557,0
DA:559,0
DA:562,0
DA:564,0
DA:565,0
DA:566,0
DA:567,0
DA:569,0
DA:570,0
DA:571,0
DA:572,0
DA:573,0
DA:577,0
DA:578,0
DA:579,0
DA:580,0
DA:581,0
DA:582,0
DA:583,0
DA:584,0
DA:588,0
DA:589,0
DA:590,0
DA:591,0
DA:592,0
DA:593,0
DA:594,0
DA:595,0
DA:596,0
DA:597,0
DA:601,0
DA:602,0
DA:603,0
DA:606,0
DA:607,0
DA:608,0
DA:610,0
DA:611,0
DA:612,0
DA:613,0
DA:614,0
DA:618,0
DA:619,0
DA:620,0
DA:621,0
DA:622,0
DA:623,0
DA:624,0
DA:625,0
DA:626,0
DA:630,0
DA:631,0
DA:632,0
DA:633,0
DA:634,0
DA:635,0
DA:636,0
DA:641,0
DA:642,0
DA:643,0
DA:644,0
DA:645,0
DA:648,0
DA:649,0
DA:652,0
DA:653,0
DA:654,0
DA:656,0
DA:658,0
DA:659,0
DA:661,0
DA:662,0
DA:663,0
DA:666,0
DA:667,0
DA:673,0
DA:674,0
DA:675,0
DA:676,0
DA:677,0
DA:678,0
DA:679,0
DA:680,0
DA:681,0
DA:682,0
DA:683,0
DA:685,0
DA:686,0
DA:687,0
DA:688,0
DA:690,0
DA:691,0
DA:692,0
DA:693,0
DA:695,0
BRDA:557,17,0,0
BRDA:557,17,1,0
BRDA:569,751,0,0
BRDA:569,751,1,0
BRDA:577,1032,0,0
BRDA:577,1032,1,0
BRDA:588,1351,0,0
BRDA:588,1351,1,0
BRDA:588,1379,0,0
BRDA:588,1379,1,0
BRDA:610,2223,0,0
BRDA:610,2223,1,0
BRDA:618,2504,0,0
BRDA:618,2504,1,0
BRDA:630,2781,0,0
BRDA:630,2781,1,0
BRDA:641,3035,0,0
BRDA:641,3035,1,0
BRDA:661,3514,0,0
BRDA:661,3514,1,0
FN:810,System.Void PatientAccess.Business.Services.AppointmentService/<>c__DisplayClass19_0/<<CreateWalkinAppointmentAsync>b__0>d::MoveNext()
FNDA:0,System.Void PatientAccess.Business.Services.AppointmentService/<>c__DisplayClass19_0/<<CreateWalkinAppointmentAsync>b__0>d::MoveNext()
DA:811,0
DA:813,0
DA:816,0
DA:818,0
DA:819,0
DA:820,0
DA:822,0
DA:823,0
DA:824,0
DA:828,0
DA:829,0
DA:830,0
DA:831,0
DA:832,0
DA:833,0
DA:834,0
DA:838,0
DA:839,0
DA:842,0
DA:843,0
DA:844,0
DA:845,0
DA:846,0
DA:847,0
DA:848,0
DA:849,0
DA:850,0
DA:851,0
DA:852,0
DA:853,0
DA:854,0
DA:855,0
DA:856,0
DA:858,0
DA:859,0
DA:860,0
DA:862,0
DA:863,0
DA:864,0
DA:867,0
DA:868,0
DA:869,0
DA:870,0
DA:871,0
DA:873,0
DA:874,0
DA:875,0
DA:876,0
DA:877,0
DA:878,0
DA:879,0
DA:880,0
DA:881,0
DA:882,0
DA:883,0
DA:884,0
DA:886,0
DA:887,0
DA:888,0
DA:889,0
DA:891,0
DA:892,0
DA:893,0
DA:894,0
DA:896,0
BRDA:811,16,0,0
BRDA:811,16,1,0
BRDA:822,606,0,0
BRDA:822,606,1,0
BRDA:828,702,0,0
BRDA:828,702,1,0
BRDA:873,1952,0,0
BRDA:873,1952,1,0
FN:415,System.Void PatientAccess.Business.Services.AppointmentService/<CancelAsync>d__15::MoveNext()
FNDA:0,System.Void PatientAccess.Business.Services.AppointmentService/<CancelAsync>d__15::MoveNext()
DA:416,0
DA:418,0
DA:419,0
DA:420,0
DA:421,0
DA:424,0
DA:425,0
DA:426,0
DA:427,0
DA:429,0
DA:430,0
DA:431,0
DA:432,0
DA:436,0
DA:437,0
DA:438,0
DA:439,0
DA:440,0
DA:441,0
DA:442,0
DA:446,0
DA:447,0
DA:448,0
DA:449,0
DA:453,0
DA:456,0
DA:457,0
DA:458,0
DA:460,0
DA:462,0
DA:463,0
DA:464,0
DA:465,0
DA:466,0
DA:467,0
DA:468,0
DA:469,0
DA:473,0
DA:474,0
DA:477,0
DA:478,0
DA:479,0
DA:480,0
DA:481,0
DA:482,0
DA:484,0
DA:486,0
DA:487,0
DA:488,0
DA:491,0
DA:492,0
DA:493,0
DA:494,0
DA:495,0
DA:496,0
DA:499,0
DA:500,0
DA:502,0
DA:503,0
DA:504,0
DA:505,0
DA:506,0
DA:507,0
DA:509,0
DA:510,0
DA:513,0
DA:514,0
DA:516,0
DA:517,0
DA:518,0
DA:519,0
DA:520,0
DA:521,0
DA:526,0
DA:528,0
DA:529,0
DA:530,0
DA:531,0
DA:532,0
DA:533,0
DA:535,0
BRDA:429,557,0,0
BRDA:429,557,1,0
BRDA:436,729,0,0
BRDA:436,729,1,0
BRDA:446,945,0,0
BRDA:446,945,1,0
BRDA:456,1121,0,0
BRDA:456,1121,1,0
BRDA:456,1137,0,0
BRDA:456,1137,1,0
BRDA:462,1239,0,0
BRDA:462,1239,1,0
BRDA:478,1498,0,0
BRDA:478,1498,1,0
BRDA:486,1712,0,0
BRDA:486,1712,1,0
BRDA:491,1762,0,0
BRDA:491,1762,1,0
BRDA:499,1899,0,0
BRDA:499,1899,1,0
BRDA:516,2177,0,0
BRDA:516,2177,1,0
BRDA:516,2205,0,0
BRDA:516,2205,1,0
FN:163,System.Void PatientAccess.Business.Services.AppointmentService/<CreateAppointmentAsync>d__11::MoveNext()
FNDA:0,System.Void PatientAccess.Business.Services.AppointmentService/<CreateAppointmentAsync>d__11::MoveNext()
DA:164,0
DA:165,0
DA:166,0
DA:167,0
DA:170,0
DA:173,0
DA:175,0
DA:177,0
DA:179,0
DA:180,0
DA:182,0
DA:186,0
DA:190,0
DA:191,0
DA:192,0
DA:200,0
DA:201,0
DA:202,0
DA:205,0
DA:206,0
DA:222,0
DA:225,0
DA:226,0
DA:229,0
DA:237,0
DA:241,0
DA:242,0
DA:248,0
DA:251,0
DA:253,0
DA:257,0
DA:258,0
DA:261,0
DA:268,0
DA:271,0
DA:272,0
DA:275,0
DA:276,0
DA:282,0
DA:283,0
DA:293,0
DA:294,0
DA:301,0
DA:317,0
DA:322,0
DA:330,0
DA:332,0
FN:793,System.Void PatientAccess.Business.Services.AppointmentService/<CreateWalkinAppointmentAsync>d__19::MoveNext()
FNDA:0,System.Void PatientAccess.Business.Services.AppointmentService/<CreateWalkinAppointmentAsync>d__19::MoveNext()
DA:794,0
DA:795,0
DA:796,0
DA:798,0
DA:799,0
DA:801,0
DA:802,0
DA:803,0
DA:804,0
DA:807,0
DA:809,0
DA:810,0
DA:812,0
DA:814,0
DA:815,0
DA:817,0
DA:821,0
DA:825,0
DA:826,0
DA:827,0
DA:835,0
DA:836,0
DA:837,0
DA:840,0
DA:841,0
DA:857,0
DA:861,0
DA:865,0
DA:866,0
DA:872,0
DA:885,0
DA:890,0
DA:895,0
DA:898,0
DA:899,0
DA:900,0
DA:902,0
DA:903,0
DA:904,0
DA:906,0
DA:907,0
DA:908,0
DA:909,0
DA:910,0
DA:911,0
DA:912,0
DA:913,0
DA:914,0
DA:915,0
DA:916,0
DA:919,0
DA:920,0
DA:921,0
DA:923,0
DA:924,0
DA:925,0
DA:926,0
DA:927,0
DA:928,0
DA:929,0
DA:930,0
DA:931,0
DA:933,0
DA:935,0
DA:936,0
BRDA:798,1197,1,0
BRDA:810,396,0,0
BRDA:810,396,1,0
BRDA:909,778,0,0
BRDA:909,778,1,0
BRDA:798,1197,0,0
FN:986,System.Void PatientAccess.Business.Services.AppointmentService/<EnsureNoShowHistoryExistsAsync>d__21::MoveNext()
FNDA:0,System.Void PatientAccess.Business.Services.AppointmentService/<EnsureNoShowHistoryExistsAsync>d__21::MoveNext()
DA:987,0
DA:988,0
DA:989,0
DA:991,0
DA:992,0
DA:993,0
DA:994,0
DA:995,0
DA:996,0
DA:997,0
DA:998,0
DA:999,0
DA:1000,0
DA:1001,0
DA:1002,0
DA:1003,0
DA:1005,0
DA:1006,0
DA:1008,0
DA:1009,0
DA:1010,0
BRDA:991,322,0,0
BRDA:991,322,1,0
FN:769,System.Void PatientAccess.Business.Services.AppointmentService/<GetAppointmentByIdInternalAsync>d__18::MoveNext()
FNDA:0,System.Void PatientAccess.Business.Services.AppointmentService/<GetAppointmentByIdInternalAsync>d__18::MoveNext()
DA:770,0
DA:772,0
DA:773,0
DA:774,0
DA:775,0
DA:776,0
DA:777,0
DA:779,0
DA:781,0
DA:782,0
DA:783,0
DA:784,0
DA:786,0
FN:112,System.Void PatientAccess.Business.Services.AppointmentService/<GetDailyAvailabilityAsync>d__10::MoveNext()
FNDA:0,System.Void PatientAccess.Business.Services.AppointmentService/<GetDailyAvailabilityAsync>d__10::MoveNext()
DA:113,0
DA:115,0
DA:116,0
DA:117,0
DA:118,0
DA:120,0
DA:121,0
DA:124,0
DA:125,0
DA:126,0
DA:127,0
DA:128,0
DA:129,0
DA:130,0
DA:131,0
DA:132,0
DA:133,0
DA:134,0
DA:135,0
DA:136,0
DA:137,0
DA:139,0
DA:140,0
DA:141,0
DA:143,0
DA:144,0
DA:145,0
DA:146,0
DA:147,0
DA:149,0
DA:150,0
DA:151,0
DA:152,0
DA:153,0
DA:154,0
DA:156,0
FN:48,System.Void PatientAccess.Business.Services.AppointmentService/<GetMonthlyAvailabilityAsync>d__9::MoveNext()
FNDA:0,System.Void PatientAccess.Business.Services.AppointmentService/<GetMonthlyAvailabilityAsync>d__9::MoveNext()
DA:49,0
DA:51,0
DA:52,0
DA:53,0
DA:54,0
DA:56,0
DA:57,0
DA:60,0
DA:61,0
DA:62,0
DA:63,0
DA:64,0
DA:65,0
DA:66,0
DA:67,0
DA:68,0
DA:69,0
DA:70,0
DA:71,0
DA:72,0
DA:73,0
DA:76,0
DA:90,0
DA:92,0
DA:93,0
DA:94,0
DA:96,0
DA:98,0
DA:99,0
DA:100,0
DA:101,0
DA:102,0
DA:103,0
DA:105,0
FN:726,System.Void PatientAccess.Business.Services.AppointmentService/<GetPatientAppointmentsAsync>d__17::MoveNext()
FNDA:0,System.Void PatientAccess.Business.Services.AppointmentService/<GetPatientAppointmentsAsync>d__17::MoveNext()
DA:727,0
DA:729,0
DA:730,0
DA:733,0
DA:734,0
DA:735,0
DA:736,0
DA:737,0
DA:738,0
DA:739,0
DA:740,0
DA:741,0
DA:742,0
DA:743,0
DA:744,0
DA:745,0
DA:746,0
DA:747,0
DA:748,0
DA:749,0
DA:750,0
DA:752,0
DA:753,0
DA:754,0
DA:756,0
DA:758,0
DA:759,0
DA:760,0
DA:761,0
DA:763,0
FN:542,System.Void PatientAccess.Business.Services.AppointmentService/<RescheduleAsync>d__16::MoveNext()
FNDA:0,System.Void PatientAccess.Business.Services.AppointmentService/<RescheduleAsync>d__16::MoveNext()
DA:543,0
DA:544,0
DA:545,0
DA:547,0
DA:548,0
DA:550,0
DA:551,0
DA:552,0
DA:553,0
DA:555,0
DA:556,0
DA:558,0
DA:560,0
DA:561,0
DA:563,0
DA:568,0
DA:574,0
DA:575,0
DA:576,0
DA:585,0
DA:586,0
DA:587,0
DA:598,0
DA:599,0
DA:600,0
DA:604,0
DA:605,0
DA:609,0
DA:615,0
DA:616,0
DA:617,0
DA:627,0
DA:628,0
DA:629,0
DA:637,0
DA:638,0
DA:639,0
DA:640,0
DA:646,0
DA:647,0
DA:650,0
DA:651,0
DA:655,0
DA:657,0
DA:660,0
DA:664,0
DA:665,0
DA:668,0
DA:669,0
DA:670,0
DA:671,0
DA:672,0
DA:684,0
DA:689,0
DA:694,0
DA:697,0
DA:698,0
DA:699,0
DA:700,0
DA:701,0
DA:702,0
DA:703,0
DA:704,0
DA:705,0
DA:706,0
DA:707,0
DA:710,0
DA:711,0
DA:712,0
DA:714,0
DA:715,0
DA:716,0
DA:717,0
DA:719,0
DA:720,0
BRDA:547,925,1,0
BRDA:556,291,0,0
BRDA:556,291,1,0
BRDA:700,566,0,0
BRDA:700,566,1,0
BRDA:547,925,0,0
FN:1044,System.Void PatientAccess.Business.Services.AppointmentService/<UpdateNoShowHistoryForConfirmationAsync>d__23::MoveNext()
FNDA:0,System.Void PatientAccess.Business.Services.AppointmentService/<UpdateNoShowHistoryForConfirmationAsync>d__23::MoveNext()
DA:1045,0
DA:1046,0
DA:1047,0
DA:1049,0
DA:1050,0
DA:1053,0
DA:1054,0
DA:1056,0
DA:1057,0
DA:1058,0
DA:1059,0
DA:1061,0
DA:1063,0
DA:1064,0
DA:1065,0
DA:1066,0
DA:1068,0
DA:1069,0
DA:1070,0
DA:1071,0
BRDA:1049,343,0,0
BRDA:1049,343,1,0
FN:1017,System.Void PatientAccess.Business.Services.AppointmentService/<UpdateNoShowHistoryForNoShowAsync>d__22::MoveNext()
FNDA:0,System.Void PatientAccess.Business.Services.AppointmentService/<UpdateNoShowHistoryForNoShowAsync>d__22::MoveNext()
DA:1018,0
DA:1019,0
DA:1020,0
DA:1022,0
DA:1023,0
DA:1024,0
DA:1025,0
DA:1026,0
DA:1027,0
DA:1029,0
DA:1030,0
DA:1031,0
DA:1032,0
DA:1034,0
DA:1035,0
DA:1036,0
DA:1037,0
BRDA:1022,329,0,0
BRDA:1022,329,1,0
FN:337,System.Void PatientAccess.Business.Services.AppointmentService/<ValidateAppointmentRequestAsync>d__12::MoveNext()
FNDA:0,System.Void PatientAccess.Business.Services.AppointmentService/<ValidateAppointmentRequestAsync>d__12::MoveNext()
DA:338,0
DA:340,0
DA:341,0
DA:342,0
DA:344,0
DA:345,0
DA:346,0
DA:350,0
DA:351,0
DA:352,0
DA:354,0
DA:355,0
DA:356,0
DA:360,0
DA:361,0
DA:362,0
DA:363,0
DA:364,0
DA:366,0
DA:367,0
DA:368,0
DA:370,0
DA:373,0
DA:374,0
DA:375,0
DA:377,0
BRDA:344,387,0,0
BRDA:344,387,1,0
BRDA:354,864,0,0
BRDA:354,864,1,0
BRDA:360,998,0,0
BRDA:366,1425,0,0
BRDA:366,1425,1,0
BRDA:360,998,1,0
BRDA:373,1552,0,0
BRDA:373,1552,1,0
BRDA:373,1589,0,0
BRDA:373,1589,1,0
FN:941,System.Void PatientAccess.Business.Services.AppointmentService/<ValidateWalkinAppointmentRequestAsync>d__20::MoveNext()
FNDA:0,System.Void PatientAccess.Business.Services.AppointmentService/<ValidateWalkinAppointmentRequestAsync>d__20::MoveNext()
DA:942,0
DA:944,0
DA:945,0
DA:946,0
DA:947,0
DA:948,0
DA:950,0
DA:951,0
DA:952,0
DA:956,0
DA:957,0
DA:958,0
DA:960,0
DA:961,0
DA:962,0
DA:966,0
DA:967,0
DA:968,0
DA:970,0
DA:971,0
DA:972,0
DA:976,0
DA:977,0
DA:978,0
DA:980,0
BRDA:950,495,0,0
BRDA:950,495,1,0
BRDA:960,895,0,0
BRDA:960,895,1,0
BRDA:970,1372,0,0
BRDA:970,1372,1,0
BRDA:976,1498,0,0
BRDA:976,1498,1,0
BRDA:976,1535,0,0
BRDA:976,1535,1,0
LF:800
LH:0
BRF:130
BRH:0
FNF:22
FNH:0
end_of_record
SF:https://raw.githubusercontent.com/kanini/Propel-Project-Team-12/f57ca3a7adf48b1287d9f043aabce7c8c471000b/src/backend/PatientAccess.Business/Services/ArrivalManagementService.cs
FN:182,PatientAccess.Business.DTOs.ArrivalSearchResultDto PatientAccess.Business.Services.ArrivalManagementService::MapToArrivalSearchResultDto(PatientAccess.Data.Models.Appointment)
FNDA:0,PatientAccess.Business.DTOs.ArrivalSearchResultDto PatientAccess.Business.Services.ArrivalManagementService::MapToArrivalSearchResultDto(PatientAccess.Data.Models.Appointment)
DA:183,0
DA:184,0
DA:185,0
DA:186,0
DA:187,0
DA:188,0
DA:189,0
DA:190,0
DA:191,0
DA:192,0
DA:193,0
DA:194,0
DA:195,0
BRDA:184,40,0,0
BRDA:184,40,1,0
BRDA:184,52,0,0
BRDA:184,52,1,0
BRDA:184,74,0,0
BRDA:184,74,1,0
BRDA:184,94,0,0
BRDA:184,94,1,0
BRDA:184,119,0,0
BRDA:184,119,1,0
BRDA:184,154,0,0
BRDA:184,154,1,0
BRDA:184,166,0,0
BRDA:184,166,1,0
BRDA:184,188,0,0
BRDA:184,188,1,0
FN:78,PatientAccess.Business.DTOs.ArrivalSearchResultDto PatientAccess.Business.Services.ArrivalManagementService::<SearchTodayAppointmentsAsync>b__5_3(PatientAccess.Data.Models.Appointment)
FNDA:0,PatientAccess.Business.DTOs.ArrivalSearchResultDto PatientAccess.Business.Services.ArrivalManagementService::<SearchTodayAppointmentsAsync>b__5_3(PatientAccess.Data.Models.Appointment)
DA:79,0
FN:28,System.Void PatientAccess.Business.Services.ArrivalManagementService::.ctor(PatientAccess.Data.PatientAccessDbContext,PatientAccess.Business.Interfaces.IPusherService,Microsoft.Extensions.Logging.ILogger`1<PatientAccess.Business.Services.ArrivalManagementService>)
FNDA:0,System.Void PatientAccess.Business.Services.ArrivalManagementService::.ctor(PatientAccess.Data.PatientAccessDbContext,PatientAccess.Business.Interfaces.IPusherService,Microsoft.Extensions.Logging.ILogger`1<PatientAccess.Business.Services.ArrivalManagementService>)
DA:29,0
DA:30,0
DA:31,0
DA:32,0
DA:33,0
BRDA:30,11,0,0
BRDA:30,11,1,0
BRDA:31,33,0,0
BRDA:31,33,1,0
BRDA:32,55,0,0
BRDA:32,55,1,0
FN:96,System.Void PatientAccess.Business.Services.ArrivalManagementService/<MarkAppointmentArrivedAsync>d__6::MoveNext()
FNDA:0,System.Void PatientAccess.Business.Services.ArrivalManagementService/<MarkAppointmentArrivedAsync>d__6::MoveNext()
DA:97,0
DA:99,0
DA:100,0
DA:103,0
DA:104,0
DA:105,0
DA:106,0
DA:109,0
DA:110,0
DA:111,0
DA:112,0
DA:116,0
DA:117,0
DA:118,0
DA:119,0
DA:123,0
DA:124,0
DA:125,0
DA:126,0
DA:130,0
DA:131,0
DA:132,0
DA:133,0
DA:134,0
DA:135,0
DA:139,0
DA:140,0
DA:141,0
DA:142,0
DA:144,0
DA:147,0
DA:150,0
DA:151,0
DA:152,0
DA:155,0
DA:156,0
DA:157,0
DA:158,0
DA:159,0
DA:160,0
DA:161,0
DA:162,0
DA:163,0
DA:164,0
DA:165,0
DA:166,0
DA:167,0
DA:169,0
DA:170,0
DA:172,0
DA:173,0
DA:174,0
DA:175,0
DA:177,0
BRDA:109,525,0,0
BRDA:109,525,1,0
BRDA:116,661,0,0
BRDA:116,661,1,0
BRDA:123,740,0,0
BRDA:123,740,1,0
BRDA:130,813,0,0
BRDA:130,813,1,0
BRDA:130,839,0,0
BRDA:130,839,1,0
BRDA:155,1448,0,0
BRDA:155,1448,1,0
FN:42,System.Void PatientAccess.Business.Services.ArrivalManagementService/<SearchTodayAppointmentsAsync>d__5::MoveNext()
FNDA:0,System.Void PatientAccess.Business.Services.ArrivalManagementService/<SearchTodayAppointmentsAsync>d__5::MoveNext()
DA:43,0
DA:45,0
DA:48,0
DA:49,0
DA:50,0
DA:51,0
DA:53,0
DA:56,0
DA:57,0
DA:58,0
DA:59,0
DA:60,0
DA:61,0
DA:64,0
DA:65,0
DA:66,0
DA:67,0
DA:68,0
DA:69,0
DA:70,0
DA:71,0
DA:74,0
DA:75,0
DA:76,0
DA:81,0
DA:82,0
DA:84,0
DA:85,0
DA:86,0
DA:87,0
DA:89,0
BRDA:48,55,0,0
BRDA:48,55,1,0
BRDA:64,558,0,0
BRDA:64,558,1,0
BRDA:64,589,0,0
BRDA:64,589,1,0
LF:104
LH:0
BRF:40
BRH:0
FNF:5
FNH:0
end_of_record
SF:https://raw.githubusercontent.com/kanini/Propel-Project-Team-12/f57ca3a7adf48b1287d9f043aabce7c8c471000b/src/backend/PatientAccess.Business/Services/AuditLogService.cs
FN:128,System.String PatientAccess.Business.Services.AuditLogService::HashEmail(System.String)
FNDA:0,System.String PatientAccess.Business.Services.AuditLogService::HashEmail(System.String)
DA:129,0
DA:130,0
DA:131,0
DA:132,0
DA:133,0
FN:24,System.Void PatientAccess.Business.Services.AuditLogService::.ctor(PatientAccess.Data.PatientAccessDbContext,Microsoft.Extensions.Logging.ILogger`1<PatientAccess.Business.Services.AuditLogService>)
FNDA:0,System.Void PatientAccess.Business.Services.AuditLogService::.ctor(PatientAccess.Data.PatientAccessDbContext,Microsoft.Extensions.Logging.ILogger`1<PatientAccess.Business.Services.AuditLogService>)
DA:25,0
DA:26,0
DA:27,0
DA:28,0
FN:40,System.Void PatientAccess.Business.Services.AuditLogService/<LogAuthEventAsync>d__3::MoveNext()
FNDA:0,System.Void PatientAccess.Business.Services.AuditLogService/<LogAuthEventAsync>d__3::MoveNext()
DA:41,0
DA:43,0
DA:44,0
DA:45,0
DA:46,0
DA:47,0
DA:48,0
DA:49,0
DA:50,0
DA:51,0
DA:52,0
DA:53,0
DA:55,0
DA:56,0
DA:58,0
DA:59,0
DA:60,0
DA:61,0
DA:62,0
DA:63,0
DA:64,0
DA:65,0
DA:67,0
DA:68,0
DA:69,0
DA:70,0
DA:71,0
DA:72,0
DA:73,0
BRDA:44,114,0,0
BRDA:44,114,1,0
BRDA:44,136,0,0
BRDA:44,136,1,0
BRDA:44,158,0,0
BRDA:44,158,1,0
FN:83,System.Void PatientAccess.Business.Services.AuditLogService/<LogFailedLoginAsync>d__4::MoveNext()
FNDA:0,System.Void PatientAccess.Business.Services.AuditLogService/<LogFailedLoginAsync>d__4::MoveNext()
DA:84,0
DA:86,0
DA:87,0
DA:89,0
DA:90,0
DA:91,0
DA:92,0
DA:93,0
DA:94,0
DA:96,0
DA:97,0
DA:98,0
DA:99,0
DA:100,0
DA:101,0
DA:102,0
DA:103,0
DA:104,0
DA:105,0
DA:107,0
DA:108,0
DA:110,0
DA:111,0
DA:112,0
DA:113,0
DA:114,0
DA:115,0
DA:116,0
DA:117,0
DA:119,0
DA:120,0
DA:121,0
DA:122,0
DA:123,0
BRDA:96,172,0,0
BRDA:96,172,1,0
BRDA:96,194,0,0
BRDA:96,194,1,0
LF:72
LH:0
BRF:10
BRH:0
FNF:4
FNH:0
end_of_record
SF:https://raw.githubusercontent.com/kanini/Propel-Project-Team-12/f57ca3a7adf48b1287d9f043aabce7c8c471000b/src/backend/PatientAccess.Business/Services/AuthService.cs
FN:444,System.String PatientAccess.Business.Services.AuthService::GenerateVerificationToken()
FNDA:0,System.String PatientAccess.Business.Services.AuthService::GenerateVerificationToken()
DA:445,0
DA:446,0
DA:447,0
DA:448,0
DA:449,0
DA:450,0
FN:35,System.Void PatientAccess.Business.Services.AuthService::.ctor(PatientAccess.Data.PatientAccessDbContext,PatientAccess.Business.Services.IPasswordHashingService,PatientAccess.Business.Services.IEmailService,PatientAccess.Business.Services.IJwtTokenService,PatientAccess.Business.Interfaces.IAuditLogService,Microsoft.Extensions.Logging.ILogger`1<PatientAccess.Business.Services.AuthService>,PatientAccess.Business.Services.ISessionCacheService)
FNDA:0,System.Void PatientAccess.Business.Services.AuthService::.ctor(PatientAccess.Data.PatientAccessDbContext,PatientAccess.Business.Services.IPasswordHashingService,PatientAccess.Business.Services.IEmailService,PatientAccess.Business.Services.IJwtTokenService,PatientAccess.Business.Interfaces.IAuditLogService,Microsoft.Extensions.Logging.ILogger`1<PatientAccess.Business.Services.AuthService>,PatientAccess.Business.Services.ISessionCacheService)
DA:36,0
DA:37,0
DA:38,0
DA:39,0
DA:40,0
DA:41,0
DA:42,0
DA:43,0
DA:44,0
FN:381,System.Void PatientAccess.Business.Services.AuthService/<IncrementFailedLoginAttemptsAsync>d__15::MoveNext()
FNDA:0,System.Void PatientAccess.Business.Services.AuthService/<IncrementFailedLoginAttemptsAsync>d__15::MoveNext()
DA:382,0
DA:383,0
DA:384,0
DA:385,0
DA:386,0
DA:390,0
DA:391,0
DA:392,0
DA:394,0
DA:395,0
DA:398,0
DA:400,0
DA:401,0
DA:402,0
DA:403,0
DA:404,0
DA:406,0
DA:407,0
DA:408,0
DA:409,0
DA:410,0
DA:411,0
DA:412,0
DA:413,0
DA:414,0
DA:415,0
BRDA:383,32,0,0
BRDA:383,32,1,0
BRDA:394,283,0,0
BRDA:394,283,1,0
BRDA:400,465,0,0
BRDA:400,465,1,0
FN:343,System.Void PatientAccess.Business.Services.AuthService/<IsAccountLockedAsync>d__14::MoveNext()
FNDA:0,System.Void PatientAccess.Business.Services.AuthService/<IsAccountLockedAsync>d__14::MoveNext()
DA:344,0
DA:346,0
DA:348,0
DA:349,0
DA:351,0
DA:352,0
DA:353,0
DA:357,0
DA:358,0
DA:359,0
DA:360,0
DA:362,0
DA:363,0
DA:364,0
DA:366,0
DA:368,0
DA:370,0
DA:371,0
DA:372,0
DA:373,0
DA:375,0
BRDA:351,368,0,0
BRDA:351,368,1,0
BRDA:351,386,0,0
BRDA:351,386,1,0
BRDA:357,414,0,0
BRDA:362,618,0,0
BRDA:362,618,1,0
BRDA:357,414,1,0
FN:186,System.Void PatientAccess.Business.Services.AuthService/<IsEmailRegisteredAsync>d__12::MoveNext()
FNDA:0,System.Void PatientAccess.Business.Services.AuthService/<IsEmailRegisteredAsync>d__12::MoveNext()
DA:187,0
DA:188,0
DA:189,0
DA:190,0
DA:193,0
DA:194,0
DA:195,0
BRDA:188,64,0,0
BRDA:188,64,1,0
FN:201,System.Void PatientAccess.Business.Services.AuthService/<LoginAsync>d__13::MoveNext()
FNDA:0,System.Void PatientAccess.Business.Services.AuthService/<LoginAsync>d__13::MoveNext()
DA:202,0
DA:203,0
DA:204,0
DA:205,0
DA:208,0
DA:211,0
DA:212,0
DA:213,0
DA:214,0
DA:217,0
DA:218,0
DA:219,0
DA:220,0
DA:221,0
DA:223,0
DA:227,0
DA:228,0
DA:231,0
DA:232,0
DA:234,0
DA:237,0
DA:238,0
DA:239,0
DA:240,0
DA:241,0
DA:243,0
DA:244,0
DA:248,0
DA:249,0
DA:250,0
DA:252,0
DA:253,0
DA:254,0
DA:255,0
DA:256,0
DA:258,0
DA:261,0
DA:262,0
DA:263,0
DA:265,0
DA:266,0
DA:267,0
DA:268,0
DA:269,0
DA:271,0
DA:274,0
DA:275,0
DA:276,0
DA:278,0
DA:279,0
DA:280,0
DA:281,0
DA:282,0
DA:284,0
DA:288,0
DA:291,0
DA:294,0
DA:295,0
DA:296,0
DA:298,0
DA:299,0
DA:300,0
DA:301,0
DA:302,0
DA:304,0
DA:305,0
DA:306,0
DA:308,0
DA:309,0
DA:312,0
DA:313,0
DA:314,0
DA:315,0
DA:316,0
DA:317,0
DA:318,0
DA:319,0
DA:320,0
DA:321,0
DA:322,0
DA:325,0
DA:327,0
DA:328,0
DA:329,0
DA:330,0
DA:331,0
DA:332,0
DA:333,0
DA:334,0
DA:335,0
DA:336,0
DA:337,0
BRDA:203,137,0,0
BRDA:203,137,1,0
BRDA:212,323,0,0
BRDA:212,323,1,0
BRDA:231,801,0,0
BRDA:231,801,1,0
BRDA:231,851,0,0
BRDA:231,851,1,0
BRDA:248,1182,0,0
BRDA:248,1182,1,0
BRDA:261,1397,0,0
BRDA:261,1397,1,0
BRDA:274,1612,0,0
BRDA:274,1612,1,0
BRDA:294,2028,0,0
BRDA:298,2217,0,0
BRDA:298,2217,1,0
BRDA:294,2028,1,0
FN:49,System.Void PatientAccess.Business.Services.AuthService/<RegisterUserAsync>d__10::MoveNext()
FNDA:0,System.Void PatientAccess.Business.Services.AuthService/<RegisterUserAsync>d__10::MoveNext()
DA:50,0
DA:52,0
DA:53,0
DA:55,0
DA:56,0
DA:57,0
DA:61,0
DA:64,0
DA:67,0
DA:68,0
DA:69,0
DA:70,0
DA:71,0
DA:72,0
DA:73,0
DA:74,0
DA:75,0
DA:76,0
DA:77,0
DA:78,0
DA:79,0
DA:80,0
DA:83,0
DA:84,0
DA:86,0
DA:87,0
DA:90,0
DA:91,0
DA:92,0
DA:93,0
DA:94,0
DA:95,0
DA:96,0
DA:97,0
DA:98,0
DA:99,0
DA:100,0
DA:103,0
DA:104,0
DA:105,0
DA:106,0
DA:108,0
DA:109,0
DA:110,0
DA:111,0
DA:113,0
DA:114,0
DA:115,0
DA:116,0
DA:117,0
DA:118,0
DA:119,0
DA:120,0
BRDA:55,397,0,0
BRDA:55,397,1,0
BRDA:67,611,0,0
BRDA:67,611,1,0
BRDA:108,1312,0,0
BRDA:108,1312,1,0
FN:420,System.Void PatientAccess.Business.Services.AuthService/<ResetFailedLoginAttemptsAsync>d__16::MoveNext()
FNDA:0,System.Void PatientAccess.Business.Services.AuthService/<ResetFailedLoginAttemptsAsync>d__16::MoveNext()
DA:421,0
DA:422,0
DA:423,0
DA:424,0
DA:428,0
DA:429,0
DA:430,0
DA:432,0
DA:433,0
DA:434,0
DA:435,0
DA:436,0
DA:437,0
DA:438,0
BRDA:422,31,0,0
BRDA:422,31,1,0
FN:125,System.Void PatientAccess.Business.Services.AuthService/<VerifyEmailAsync>d__11::MoveNext()
FNDA:0,System.Void PatientAccess.Business.Services.AuthService/<VerifyEmailAsync>d__11::MoveNext()
DA:126,0
DA:127,0
DA:128,0
DA:129,0
DA:130,0
DA:134,0
DA:135,0
DA:137,0
DA:138,0
DA:139,0
DA:140,0
DA:144,0
DA:145,0
DA:146,0
DA:147,0
DA:151,0
DA:152,0
DA:153,0
DA:154,0
DA:158,0
DA:159,0
DA:160,0
DA:161,0
DA:163,0
DA:165,0
DA:166,0
DA:169,0
DA:170,0
DA:171,0
DA:172,0
DA:173,0
DA:174,0
DA:175,0
DA:176,0
DA:177,0
DA:178,0
DA:180,0
DA:181,0
BRDA:127,89,0,0
BRDA:127,89,1,0
BRDA:137,386,0,0
BRDA:137,386,1,0
BRDA:144,443,0,0
BRDA:144,472,0,0
BRDA:144,472,1,0
BRDA:144,443,1,0
BRDA:144,498,0,0
BRDA:144,498,1,0
BRDA:151,568,0,0
BRDA:151,568,1,0
LF:266
LH:0
BRF:54
BRH:0
FNF:9
FNH:0
end_of_record
SF:https://raw.githubusercontent.com/kanini/Propel-Project-Team-12/f57ca3a7adf48b1287d9f043aabce7c8c471000b/src/backend/PatientAccess.Business/Services/DashboardService.cs
FN:134,System.Double PatientAccess.Business.Services.DashboardService::CalculateTrendPercentage(System.Int32,System.Int32)
FNDA:0,System.Double PatientAccess.Business.Services.DashboardService::CalculateTrendPercentage(System.Int32,System.Int32)
DA:135,0
DA:136,0
DA:137,0
DA:138,0
DA:140,0
DA:141,0
BRDA:136,7,0,0
BRDA:138,12,0,0
BRDA:138,12,1,0
BRDA:136,7,1,0
FN:26,System.Void PatientAccess.Business.Services.DashboardService::.ctor(PatientAccess.Data.PatientAccessDbContext,Microsoft.Extensions.Caching.Distributed.IDistributedCache,Microsoft.Extensions.Logging.ILogger`1<PatientAccess.Business.Services.DashboardService>)
FNDA:0,System.Void PatientAccess.Business.Services.DashboardService::.ctor(PatientAccess.Data.PatientAccessDbContext,Microsoft.Extensions.Caching.Distributed.IDistributedCache,Microsoft.Extensions.Logging.ILogger`1<PatientAccess.Business.Services.DashboardService>)
DA:27,0
DA:28,0
DA:29,0
DA:30,0
DA:31,0
BRDA:28,11,0,0
BRDA:28,11,1,0
BRDA:29,33,0,0
BRDA:29,33,1,0
BRDA:30,55,0,0
BRDA:30,55,1,0
FN:37,System.Void PatientAccess.Business.Services.DashboardService/<GetDashboardStatsAsync>d__5::MoveNext()
FNDA:0,System.Void PatientAccess.Business.Services.DashboardService/<GetDashboardStatsAsync>d__5::MoveNext()
DA:38,0
DA:39,0
DA:42,0
DA:44,0
DA:45,0
DA:46,0
DA:47,0
DA:48,0
DA:51,0
DA:54,0
DA:55,0
DA:56,0
DA:57,0
DA:60,0
DA:61,0
DA:62,0
DA:63,0
DA:64,0
DA:65,0
DA:67,0
DA:68,0
DA:69,0
DA:70,0
DA:71,0
DA:72,0
DA:74,0
DA:75,0
DA:76,0
DA:77,0
DA:80,0
DA:81,0
DA:82,0
DA:84,0
DA:85,0
DA:86,0
DA:87,0
DA:90,0
DA:91,0
DA:92,0
DA:93,0
DA:94,0
DA:95,0
DA:97,0
DA:98,0
DA:99,0
DA:100,0
DA:101,0
DA:102,0
DA:103,0
DA:104,0
DA:105,0
DA:106,0
DA:107,0
DA:108,0
DA:109,0
DA:110,0
DA:113,0
DA:114,0
DA:115,0
DA:116,0
DA:117,0
DA:118,0
DA:120,0
DA:122,0
DA:124,0
DA:125,0
DA:126,0
DA:127,0
DA:129,0
BRDA:45,373,0,0
BRDA:45,373,1,0
LF:80
LH:0
BRF:12
BRH:0
FNF:3
FNH:0
end_of_record
SF:https://raw.githubusercontent.com/kanini/Propel-Project-Team-12/f57ca3a7adf48b1287d9f043aabce7c8c471000b/src/backend/PatientAccess.Business/Services/DocumentService.cs
FN:20,System.Void PatientAccess.Business.Services.DocumentService::.ctor(PatientAccess.Data.PatientAccessDbContext,Microsoft.Extensions.Logging.ILogger`1<PatientAccess.Business.Services.DocumentService>)
FNDA:0,System.Void PatientAccess.Business.Services.DocumentService::.ctor(PatientAccess.Data.PatientAccessDbContext,Microsoft.Extensions.Logging.ILogger`1<PatientAccess.Business.Services.DocumentService>)
DA:21,0
DA:22,0
DA:23,0
DA:24,0
BRDA:22,11,0,0
BRDA:22,11,1,0
BRDA:23,33,0,0
BRDA:23,33,1,0
FN:30,System.Void PatientAccess.Business.Services.DocumentService/<GetRecentDocumentsAsync>d__3::MoveNext()
FNDA:0,System.Void PatientAccess.Business.Services.DocumentService/<GetRecentDocumentsAsync>d__3::MoveNext()
DA:31,0
DA:32,0
DA:33,0
DA:34,0
DA:38,0
DA:39,0
DA:41,0
DA:42,0
DA:43,0
DA:44,0
DA:45,0
DA:46,0
DA:47,0
DA:48,0
DA:49,0
DA:50,0
DA:51,0
DA:52,0
DA:53,0
DA:54,0
DA:55,0
DA:56,0
DA:58,0
DA:60,0
DA:62,0
DA:63,0
DA:64,0
DA:65,0
DA:67,0
BRDA:32,50,0,0
BRDA:32,50,1,0
BRDA:32,67,0,0
BRDA:32,67,1,0
LF:33
LH:0
BRF:8
BRH:0
FNF:2
FNH:0
end_of_record
SF:https://raw.githubusercontent.com/kanini/Propel-Project-Team-12/f57ca3a7adf48b1287d9f043aabce7c8c471000b/src/backend/PatientAccess.Business/Services/EmailService.cs
FN:17,System.Void PatientAccess.Business.Services.EmailService::.ctor(Microsoft.Extensions.Configuration.IConfiguration,Microsoft.Extensions.Logging.ILogger`1<PatientAccess.Business.Services.EmailService>)
FNDA:0,System.Void PatientAccess.Business.Services.EmailService::.ctor(Microsoft.Extensions.Configuration.IConfiguration,Microsoft.Extensions.Logging.ILogger`1<PatientAccess.Business.Services.EmailService>)
DA:18,0
DA:19,0
DA:20,0
DA:21,0
DA:22,0
BRDA:21,40,0,0
BRDA:21,40,1,0
FN:59,System.Void PatientAccess.Business.Services.EmailService/<ResendVerificationEmailAsync>d__5::MoveNext()
FNDA:0,System.Void PatientAccess.Business.Services.EmailService/<ResendVerificationEmailAsync>d__5::MoveNext()
DA:60,0
DA:62,0
DA:63,0
FN:76,System.Void PatientAccess.Business.Services.EmailService/<SendAppointmentConfirmationAsync>d__6::MoveNext()
FNDA:0,System.Void PatientAccess.Business.Services.EmailService/<SendAppointmentConfirmationAsync>d__6::MoveNext()
DA:77,0
DA:79,0
DA:82,0
DA:83,0
DA:84,0
DA:85,0
DA:86,0
DA:87,0
DA:88,0
DA:89,0
DA:90,0
DA:91,0
DA:92,0
DA:93,0
DA:94,0
DA:95,0
DA:96,0
DA:97,0
DA:98,0
DA:99,0
DA:100,0
DA:101,0
DA:102,0
DA:105,0
DA:107,0
DA:109,0
DA:110,0
DA:111,0
DA:112,0
DA:114,0
FN:125,System.Void PatientAccess.Business.Services.EmailService/<SendAppointmentReminderAsync>d__7::MoveNext()
FNDA:0,System.Void PatientAccess.Business.Services.EmailService/<SendAppointmentReminderAsync>d__7::MoveNext()
DA:126,0
DA:128,0
DA:129,0
DA:132,0
DA:133,0
DA:136,0
DA:137,0
DA:138,0
DA:139,0
DA:140,0
DA:141,0
DA:142,0
DA:143,0
DA:144,0
DA:145,0
DA:146,0
DA:147,0
DA:148,0
DA:149,0
DA:150,0
DA:151,0
DA:152,0
DA:153,0
DA:154,0
DA:155,0
DA:156,0
DA:157,0
DA:158,0
DA:159,0
DA:160,0
DA:161,0
DA:162,0
DA:163,0
DA:165,0
DA:166,0
DA:180,0
DA:181,0
DA:182,0
DA:184,0
DA:185,0
DA:186,0
DA:187,0
DA:189,0
BRDA:136,144,0,0
BRDA:136,144,1,0
BRDA:136,162,0,0
BRDA:136,162,1,0
FN:28,System.Void PatientAccess.Business.Services.EmailService/<SendVerificationEmailAsync>d__4::MoveNext()
FNDA:0,System.Void PatientAccess.Business.Services.EmailService/<SendVerificationEmailAsync>d__4::MoveNext()
DA:29,0
DA:31,0
DA:32,0
DA:36,0
DA:37,0
DA:38,0
DA:39,0
DA:40,0
DA:41,0
DA:42,0
DA:45,0
DA:47,0
DA:49,0
DA:50,0
DA:51,0
DA:52,0
DA:54,0
FN:202,System.Void PatientAccess.Business.Services.EmailService/<SendWaitlistSlotNotificationAsync>d__8::MoveNext()
FNDA:0,System.Void PatientAccess.Business.Services.EmailService/<SendWaitlistSlotNotificationAsync>d__8::MoveNext()
DA:203,0
DA:205,0
DA:206,0
DA:209,0
DA:210,0
DA:213,0
DA:214,0
DA:215,0
DA:216,0
DA:217,0
DA:218,0
DA:219,0
DA:220,0
DA:221,0
DA:222,0
DA:223,0
DA:224,0
DA:225,0
DA:226,0
DA:227,0
DA:228,0
DA:229,0
DA:230,0
DA:231,0
DA:232,0
DA:233,0
DA:234,0
DA:235,0
DA:236,0
DA:237,0
DA:238,0
DA:239,0
DA:240,0
DA:241,0
DA:243,0
DA:244,0
DA:258,0
DA:259,0
DA:260,0
DA:262,0
DA:263,0
DA:264,0
DA:265,0
DA:267,0
BRDA:213,143,0,0
BRDA:213,143,1,0
BRDA:213,161,0,0
BRDA:213,161,1,0
LF:142
LH:0
BRF:10
BRH:0
FNF:6
FNH:0
end_of_record
SF:https://raw.githubusercontent.com/kanini/Propel-Project-Team-12/f57ca3a7adf48b1287d9f043aabce7c8c471000b/src/backend/PatientAccess.Business/Services/GoogleCalendarService.cs
FN:39,System.Void PatientAccess.Business.Services.GoogleCalendarService::.ctor(PatientAccess.Data.PatientAccessDbContext,Microsoft.Extensions.Logging.ILogger`1<PatientAccess.Business.Services.GoogleCalendarService>,Microsoft.Extensions.Configuration.IConfiguration,System.Net.Http.IHttpClientFactory)
FNDA:0,System.Void PatientAccess.Business.Services.GoogleCalendarService::.ctor(PatientAccess.Data.PatientAccessDbContext,Microsoft.Extensions.Logging.ILogger`1<PatientAccess.Business.Services.GoogleCalendarService>,Microsoft.Extensions.Configuration.IConfiguration,System.Net.Http.IHttpClientFactory)
DA:40,0
DA:41,0
DA:42,0
DA:43,0
DA:44,0
DA:45,0
BRDA:41,11,0,0
BRDA:41,11,1,0
BRDA:42,33,0,0
BRDA:42,33,1,0
BRDA:43,55,0,0
BRDA:43,55,1,0
BRDA:44,78,0,0
BRDA:44,78,1,0
FN:137,System.Void PatientAccess.Business.Services.GoogleCalendarService/<CreateEventAsync>d__10::MoveNext()
FNDA:0,System.Void PatientAccess.Business.Services.GoogleCalendarService/<CreateEventAsync>d__10::MoveNext()
DA:138,0
DA:139,0
DA:142,0
DA:143,0
DA:144,0
DA:146,0
DA:147,0
DA:148,0
DA:149,0
DA:150,0
DA:151,0
DA:152,0
DA:153,0
DA:154,0
DA:155,0
DA:156,0
DA:157,0
DA:158,0
DA:159,0
DA:160,0
DA:161,0
DA:163,0
DA:164,0
DA:166,0
DA:167,0
DA:169,0
DA:171,0
DA:172,0
DA:173,0
DA:174,0
DA:176,0
FN:226,System.Void PatientAccess.Business.Services.GoogleCalendarService/<DeleteEventAsync>d__12::MoveNext()
FNDA:0,System.Void PatientAccess.Business.Services.GoogleCalendarService/<DeleteEventAsync>d__12::MoveNext()
DA:227,0
DA:228,0
DA:229,0
DA:232,0
DA:233,0
DA:234,0
DA:236,0
DA:237,0
DA:239,0
DA:240,0
DA:241,0
DA:242,0
DA:243,0
DA:244,0
DA:245,0
DA:246,0
DA:248,0
FN:266,System.Void PatientAccess.Business.Services.GoogleCalendarService/<DisconnectAsync>d__14::MoveNext()
FNDA:0,System.Void PatientAccess.Business.Services.GoogleCalendarService/<DisconnectAsync>d__14::MoveNext()
DA:267,0
DA:268,0
DA:270,0
DA:271,0
DA:273,0
DA:274,0
DA:275,0
DA:276,0
DA:277,0
DA:278,0
DA:280,0
DA:282,0
DA:283,0
DA:284,0
BRDA:273,427,0,0
BRDA:273,427,1,0
FN:51,System.Void PatientAccess.Business.Services.GoogleCalendarService/<GetAuthorizationUrlAsync>d__8::MoveNext()
FNDA:0,System.Void PatientAccess.Business.Services.GoogleCalendarService/<GetAuthorizationUrlAsync>d__8::MoveNext()
DA:52,0
DA:53,0
DA:55,0
DA:56,0
DA:57,0
DA:58,0
DA:61,0
DA:62,0
DA:63,0
DA:64,0
DA:65,0
DA:66,0
DA:67,0
DA:68,0
DA:70,0
DA:71,0
DA:72,0
BRDA:55,83,0,0
BRDA:55,83,1,0
BRDA:57,130,0,0
BRDA:57,130,1,0
FN:392,System.Void PatientAccess.Business.Services.GoogleCalendarService/<GetCalendarIdAsync>d__17::MoveNext()
FNDA:0,System.Void PatientAccess.Business.Services.GoogleCalendarService/<GetCalendarIdAsync>d__17::MoveNext()
DA:393,0
DA:394,0
DA:395,0
DA:396,0
DA:398,0
DA:399,0
BRDA:398,369,0,0
BRDA:398,369,1,0
BRDA:398,381,0,0
BRDA:398,381,1,0
FN:290,System.Void PatientAccess.Business.Services.GoogleCalendarService/<GetCalendarServiceForUserAsync>d__15::MoveNext()
FNDA:0,System.Void PatientAccess.Business.Services.GoogleCalendarService/<GetCalendarServiceForUserAsync>d__15::MoveNext()
DA:291,0
DA:292,0
DA:293,0
DA:294,0
DA:296,0
DA:297,0
DA:298,0
DA:302,0
DA:303,0
DA:304,0
DA:305,0
DA:306,0
DA:309,0
DA:311,0
DA:312,0
DA:313,0
DA:314,0
DA:315,0
DA:317,0
DA:318,0
BRDA:292,357,0,0
BRDA:292,357,1,0
BRDA:296,445,0,0
BRDA:296,445,1,0
BRDA:302,546,0,0
BRDA:302,546,1,0
FN:78,System.Void PatientAccess.Business.Services.GoogleCalendarService/<HandleCallbackAsync>d__9::MoveNext()
FNDA:0,System.Void PatientAccess.Business.Services.GoogleCalendarService/<HandleCallbackAsync>d__9::MoveNext()
DA:79,0
DA:80,0
DA:82,0
DA:83,0
DA:84,0
DA:85,0
DA:88,0
DA:89,0
DA:90,0
DA:91,0
DA:92,0
DA:93,0
DA:94,0
DA:95,0
DA:96,0
DA:98,0
DA:99,0
DA:101,0
DA:102,0
DA:105,0
DA:106,0
DA:108,0
DA:109,0
DA:110,0
DA:111,0
DA:112,0
DA:113,0
DA:114,0
DA:115,0
DA:116,0
DA:117,0
DA:118,0
DA:119,0
DA:122,0
DA:123,0
DA:124,0
DA:125,0
DA:126,0
DA:128,0
DA:130,0
DA:131,0
BRDA:82,150,0,0
BRDA:82,150,1,0
BRDA:84,192,0,0
BRDA:84,192,1,0
BRDA:101,620,0,0
BRDA:101,620,1,0
BRDA:108,976,0,0
BRDA:108,976,1,0
BRDA:123,1126,0,0
BRDA:123,1126,1,0
FN:253,System.Void PatientAccess.Business.Services.GoogleCalendarService/<IsConnectedAsync>d__13::MoveNext()
FNDA:0,System.Void PatientAccess.Business.Services.GoogleCalendarService/<IsConnectedAsync>d__13::MoveNext()
DA:254,0
DA:255,0
DA:256,0
DA:257,0
DA:259,0
DA:260,0
BRDA:259,369,0,0
BRDA:259,369,1,0
FN:324,System.Void PatientAccess.Business.Services.GoogleCalendarService/<RefreshAccessTokenAsync>d__16::MoveNext()
FNDA:0,System.Void PatientAccess.Business.Services.GoogleCalendarService/<RefreshAccessTokenAsync>d__16::MoveNext()
DA:325,0
DA:326,0
DA:328,0
DA:329,0
DA:330,0
DA:331,0
DA:334,0
DA:335,0
DA:336,0
DA:337,0
DA:338,0
DA:339,0
DA:340,0
DA:341,0
DA:342,0
DA:344,0
DA:346,0
DA:347,0
DA:349,0
DA:350,0
DA:351,0
DA:352,0
DA:353,0
DA:355,0
DA:356,0
DA:359,0
DA:360,0
DA:363,0
DA:364,0
DA:365,0
DA:366,0
DA:367,0
DA:368,0
DA:369,0
DA:371,0
DA:373,0
DA:374,0
DA:375,0
DA:376,0
DA:377,0
DA:378,0
DA:379,0
DA:380,0
DA:381,0
DA:382,0
DA:384,0
DA:385,0
DA:387,0
BRDA:328,100,0,0
BRDA:328,100,1,0
BRDA:330,142,0,0
BRDA:330,142,1,0
BRDA:346,485,0,0
BRDA:346,485,1,0
BRDA:359,892,0,0
BRDA:359,892,1,0
BRDA:364,964,0,0
BRDA:364,964,1,0
FN:181,System.Void PatientAccess.Business.Services.GoogleCalendarService/<UpdateEventAsync>d__11::MoveNext()
FNDA:0,System.Void PatientAccess.Business.Services.GoogleCalendarService/<UpdateEventAsync>d__11::MoveNext()
DA:182,0
DA:183,0
DA:184,0
DA:187,0
DA:188,0
DA:189,0
DA:192,0
DA:195,0
DA:196,0
DA:197,0
DA:198,0
DA:199,0
DA:200,0
DA:201,0
DA:202,0
DA:203,0
DA:204,0
DA:205,0
DA:206,0
DA:207,0
DA:209,0
DA:210,0
DA:212,0
DA:213,0
DA:214,0
DA:215,0
DA:216,0
DA:217,0
DA:218,0
DA:219,0
DA:221,0
LF:237
LH:0
BRF:46
BRH:0
FNF:11
FNH:0
end_of_record
SF:https://raw.githubusercontent.com/kanini/Propel-Project-Team-12/f57ca3a7adf48b1287d9f043aabce7c8c471000b/src/backend/PatientAccess.Business/Services/JwtTokenService.cs
FN:53,System.String PatientAccess.Business.Services.JwtTokenService::GenerateToken(System.String,System.String,System.String)
FNDA:0,System.String PatientAccess.Business.Services.JwtTokenService::GenerateToken(System.String,System.String,System.String)
DA:54,0
DA:55,0
DA:56,0
DA:58,0
DA:59,0
DA:61,0
DA:62,0
DA:64,0
DA:65,0
DA:66,0
DA:67,0
DA:68,0
DA:69,0
DA:70,0
DA:71,0
DA:73,0
DA:74,0
DA:75,0
DA:77,0
DA:78,0
DA:79,0
DA:80,0
DA:81,0
DA:82,0
DA:83,0
DA:84,0
DA:86,0
DA:87,0
BRDA:55,9,0,0
BRDA:55,9,1,0
BRDA:58,37,0,0
BRDA:58,37,1,0
BRDA:61,65,0,0
BRDA:61,65,1,0
FN:93,System.Security.Claims.ClaimsPrincipal PatientAccess.Business.Services.JwtTokenService::ValidateToken(System.String)
FNDA:0,System.Security.Claims.ClaimsPrincipal PatientAccess.Business.Services.JwtTokenService::ValidateToken(System.String)
DA:94,0
DA:95,0
DA:96,0
DA:98,0
DA:100,0
DA:101,0
DA:102,0
DA:103,0
DA:104,0
DA:105,0
DA:106,0
DA:107,0
DA:108,0
DA:109,0
DA:110,0
DA:113,0
DA:114,0
DA:115,0
DA:117,0
DA:118,0
DA:120,0
DA:122,0
DA:123,0
DA:125,0
DA:127,0
BRDA:95,9,0,0
BRDA:95,9,1,0
FN:23,System.Void PatientAccess.Business.Services.JwtTokenService::.ctor(Microsoft.Extensions.Configuration.IConfiguration)
FNDA:0,System.Void PatientAccess.Business.Services.JwtTokenService::.ctor(Microsoft.Extensions.Configuration.IConfiguration)
DA:24,0
DA:25,0
DA:27,0
DA:28,0
DA:29,0
DA:30,0
DA:33,0
DA:34,0
DA:37,0
DA:38,0
DA:39,0
DA:40,0
DA:43,0
DA:44,0
DA:45,0
DA:46,0
DA:47,0
BRDA:27,33,0,0
BRDA:27,33,1,0
BRDA:28,65,0,0
BRDA:28,65,1,0
BRDA:29,97,0,0
BRDA:29,97,1,0
BRDA:30,128,0,0
BRDA:30,128,1,0
BRDA:33,158,0,0
BRDA:33,158,1,0
BRDA:34,179,0,0
BRDA:34,179,1,0
LF:70
LH:0
BRF:20
BRH:0
FNF:3
FNH:0
end_of_record
SF:https://raw.githubusercontent.com/kanini/Propel-Project-Team-12/f57ca3a7adf48b1287d9f043aabce7c8c471000b/src/backend/PatientAccess.Business/Services/NoShowRiskService.cs
FN:159,System.Decimal PatientAccess.Business.Services.NoShowRiskService::CalculateLeadTimeFactor(System.DateTime)
FNDA:0,System.Decimal PatientAccess.Business.Services.NoShowRiskService::CalculateLeadTimeFactor(System.DateTime)
DA:160,0
DA:161,0
DA:164,0
DA:165,0
DA:166,0
DA:167,0
DA:168,0
DA:169,0
DA:170,0
DA:171,0
DA:172,0
BRDA:164,35,0,0
BRDA:164,47,0,0
BRDA:164,59,0,0
BRDA:164,35,1,0
BRDA:164,47,1,0
BRDA:164,59,1,0
BRDA:164,71,1,0
BRDA:164,71,0,0
FN:30,System.Void PatientAccess.Business.Services.NoShowRiskService::.ctor(PatientAccess.Data.PatientAccessDbContext,Microsoft.Extensions.Configuration.IConfiguration,Microsoft.Extensions.Logging.ILogger`1<PatientAccess.Business.Services.NoShowRiskService>)
FNDA:0,System.Void PatientAccess.Business.Services.NoShowRiskService::.ctor(PatientAccess.Data.PatientAccessDbContext,Microsoft.Extensions.Configuration.IConfiguration,Microsoft.Extensions.Logging.ILogger`1<PatientAccess.Business.Services.NoShowRiskService>)
DA:31,0
DA:32,0
DA:33,0
DA:34,0
DA:35,0
FN:22,System.Void PatientAccess.Business.Services.NoShowRiskService::.cctor()
FNDA:0,System.Void PatientAccess.Business.Services.NoShowRiskService::.cctor()
DA:23,0
DA:24,0
DA:25,0
FN:179,System.Void PatientAccess.Business.Services.NoShowRiskService/<CalculateHistoryFactorsAsync>d__10::MoveNext()
FNDA:0,System.Void PatientAccess.Business.Services.NoShowRiskService/<CalculateHistoryFactorsAsync>d__10::MoveNext()
DA:180,0
DA:182,0
DA:183,0
DA:184,0
DA:187,0
DA:188,0
DA:189,0
DA:190,0
DA:195,0
DA:196,0
DA:197,0
DA:198,0
DA:200,0
DA:201,0
DA:202,0
DA:203,0
DA:204,0
DA:205,0
DA:206,0
DA:207,0
DA:208,0
DA:209,0
DA:213,0
DA:214,0
DA:216,0
DA:217,0
DA:219,0
DA:220,0
DA:221,0
DA:222,0
DA:223,0
DA:224,0
DA:225,0
DA:226,0
DA:227,0
DA:228,0
DA:230,0
DA:231,0
BRDA:187,324,0,0
BRDA:187,324,1,0
BRDA:195,410,0,0
BRDA:195,410,1,0
BRDA:195,433,0,0
BRDA:195,433,1,0
BRDA:202,525,0,0
BRDA:202,525,1,0
BRDA:202,549,1,0
BRDA:202,549,0,0
BRDA:202,575,1,0
BRDA:202,575,0,0
BRDA:213,663,0,0
BRDA:213,663,1,0
BRDA:221,738,0,0
BRDA:221,738,1,0
BRDA:221,762,1,0
BRDA:221,762,0,0
BRDA:221,788,1,0
BRDA:221,788,0,0
FN:43,System.Void PatientAccess.Business.Services.NoShowRiskService/<CalculateRiskScoreAsync>d__7::MoveNext()
FNDA:0,System.Void PatientAccess.Business.Services.NoShowRiskService/<CalculateRiskScoreAsync>d__7::MoveNext()
DA:44,0
DA:46,0
DA:47,0
DA:48,0
DA:49,0
DA:50,0
DA:51,0
DA:52,0
DA:53,0
DA:54,0
DA:55,0
DA:56,0
DA:60,0
DA:63,0
DA:66,0
DA:69,0
DA:70,0
DA:71,0
DA:74,0
DA:77,0
DA:79,0
DA:80,0
DA:81,0
DA:82,0
DA:84,0
DA:85,0
DA:86,0
DA:87,0
DA:88,0
DA:89,0
DA:90,0
DA:91,0
DA:92,0
BRDA:46,37,0,0
BRDA:46,37,1,0
BRDA:77,592,0,0
BRDA:77,612,0,0
BRDA:77,612,1,0
BRDA:77,592,1,0
FN:98,System.Void PatientAccess.Business.Services.NoShowRiskService/<LoadWeightsAsync>d__8::MoveNext()
FNDA:0,System.Void PatientAccess.Business.Services.NoShowRiskService/<LoadWeightsAsync>d__8::MoveNext()
DA:99,0
DA:101,0
DA:102,0
DA:103,0
DA:106,0
DA:107,0
DA:108,0
DA:109,0
DA:110,0
DA:111,0
DA:112,0
DA:113,0
DA:114,0
DA:115,0
DA:117,0
DA:118,0
DA:119,0
DA:120,0
DA:121,0
DA:122,0
DA:123,0
DA:124,0
DA:125,0
DA:126,0
DA:127,0
DA:130,0
DA:131,0
DA:132,0
DA:133,0
DA:134,0
DA:135,0
DA:136,0
DA:137,0
DA:138,0
DA:141,0
DA:142,0
DA:143,0
DA:144,0
DA:145,0
DA:146,0
DA:147,0
DA:148,0
DA:149,0
DA:150,0
DA:152,0
DA:153,0
BRDA:117,815,0,0
BRDA:117,815,1,0
BRDA:117,846,0,0
BRDA:117,846,1,0
BRDA:119,866,0,0
BRDA:119,866,1,0
BRDA:119,897,0,0
BRDA:119,897,1,0
BRDA:121,917,0,0
BRDA:121,917,1,0
BRDA:121,948,0,0
BRDA:121,948,1,0
BRDA:130,1055,0,0
BRDA:130,1079,0,0
BRDA:130,1055,1,0
BRDA:130,1079,1,0
BRDA:130,1110,0,0
BRDA:132,1152,0,0
BRDA:132,1152,1,0
BRDA:134,1202,0,0
BRDA:134,1202,1,0
BRDA:136,1252,0,0
BRDA:136,1252,1,0
BRDA:130,1110,1,0
BRDA:142,1323,0,0
BRDA:142,1323,1,0
BRDA:142,1348,0,0
BRDA:142,1348,1,0
LF:136
LH:0
BRF:62
BRH:0
FNF:6
FNH:0
end_of_record
SF:https://raw.githubusercontent.com/kanini/Propel-Project-Team-12/f57ca3a7adf48b1287d9f043aabce7c8c471000b/src/backend/PatientAccess.Business/Services/NotificationService.cs
FN:203,System.String PatientAccess.Business.Services.NotificationService::GetNotificationTitle(System.String)
FNDA:0,System.String PatientAccess.Business.Services.NotificationService::GetNotificationTitle(System.String)
DA:204,0
DA:205,0
DA:206,0
DA:207,0
DA:208,0
DA:209,0
DA:210,0
DA:211,0
DA:212,0
DA:213,0
DA:214,0
BRDA:205,16,0,0
BRDA:205,29,0,0
BRDA:205,42,0,0
BRDA:205,55,0,0
BRDA:205,16,1,0
BRDA:205,29,1,0
BRDA:205,42,1,0
BRDA:205,55,1,0
BRDA:205,68,1,0
BRDA:205,68,0,0
FN:219,System.String PatientAccess.Business.Services.NotificationService::GetNotificationMessage(System.String,System.DateTime)
FNDA:0,System.String PatientAccess.Business.Services.NotificationService::GetNotificationMessage(System.String,System.DateTime)
DA:220,0
DA:221,0
DA:222,0
DA:223,0
DA:224,0
DA:225,0
DA:226,0
DA:227,0
DA:228,0
DA:229,0
DA:230,0
BRDA:221,16,0,0
BRDA:221,29,0,0
BRDA:221,42,0,0
BRDA:221,55,0,0
BRDA:221,16,1,0
BRDA:221,29,1,0
BRDA:221,42,1,0
BRDA:221,55,1,0
BRDA:221,68,1,0
BRDA:221,68,0,0
FN:26,System.Void PatientAccess.Business.Services.NotificationService::.ctor(PatientAccess.Data.PatientAccessDbContext,Microsoft.Extensions.Caching.Distributed.IDistributedCache,Microsoft.Extensions.Logging.ILogger`1<PatientAccess.Business.Services.NotificationService>)
FNDA:0,System.Void PatientAccess.Business.Services.NotificationService::.ctor(PatientAccess.Data.PatientAccessDbContext,Microsoft.Extensions.Caching.Distributed.IDistributedCache,Microsoft.Extensions.Logging.ILogger`1<PatientAccess.Business.Services.NotificationService>)
DA:27,0
DA:28,0
DA:29,0
DA:30,0
DA:31,0
BRDA:28,11,0,0
BRDA:28,11,1,0
BRDA:29,33,0,0
BRDA:29,33,1,0
BRDA:30,55,0,0
BRDA:30,55,1,0
FN:69,PatientAccess.Business.DTOs.NotificationDto PatientAccess.Business.Services.NotificationService/<>c__DisplayClass5_0::<GetRecentNotificationsAsync>b__0(PatientAccess.Data.Models.Notification)
FNDA:0,PatientAccess.Business.DTOs.NotificationDto PatientAccess.Business.Services.NotificationService/<>c__DisplayClass5_0::<GetRecentNotificationsAsync>b__0(PatientAccess.Data.Models.Notification)
DA:70,0
DA:71,0
DA:72,0
DA:73,0
DA:74,0
DA:75,0
DA:76,0
DA:77,0
DA:78,0
DA:79,0
DA:80,0
BRDA:70,100,0,0
BRDA:70,100,1,0
BRDA:70,170,0,0
BRDA:70,170,1,0
FN:36,System.Void PatientAccess.Business.Services.NotificationService/<GetRecentNotificationsAsync>d__5::MoveNext()
FNDA:0,System.Void PatientAccess.Business.Services.NotificationService/<GetRecentNotificationsAsync>d__5::MoveNext()
DA:37,0
DA:38,0
DA:39,0
DA:40,0
DA:43,0
DA:46,0
DA:48,0
DA:49,0
DA:50,0
DA:51,0
DA:52,0
DA:55,0
DA:62,0
DA:63,0
DA:64,0
DA:65,0
DA:66,0
DA:67,0
DA:83,0
DA:84,0
DA:85,0
DA:86,0
DA:87,0
DA:88,0
DA:90,0
DA:92,0
DA:94,0
DA:95,0
DA:96,0
DA:97,0
DA:99,0
BRDA:38,71,0,0
BRDA:38,71,1,0
BRDA:38,88,0,0
BRDA:38,88,1,0
BRDA:49,390,0,0
BRDA:49,390,1,0
FN:104,System.Void PatientAccess.Business.Services.NotificationService/<GetUnreadCountAsync>d__6::MoveNext()
FNDA:0,System.Void PatientAccess.Business.Services.NotificationService/<GetUnreadCountAsync>d__6::MoveNext()
DA:105,0
DA:106,0
DA:109,0
DA:111,0
DA:112,0
DA:113,0
DA:114,0
DA:115,0
DA:118,0
DA:121,0
DA:122,0
DA:123,0
DA:124,0
DA:127,0
DA:128,0
DA:129,0
DA:130,0
DA:131,0
DA:133,0
DA:135,0
DA:136,0
DA:137,0
DA:138,0
DA:140,0
BRDA:112,297,0,0
BRDA:112,297,1,0
FN:182,System.Void PatientAccess.Business.Services.NotificationService/<InvalidateCacheAsync>d__8::MoveNext()
FNDA:0,System.Void PatientAccess.Business.Services.NotificationService/<InvalidateCacheAsync>d__8::MoveNext()
DA:183,0
DA:184,0
DA:185,0
DA:186,0
DA:187,0
DA:188,0
DA:189,0
DA:190,0
DA:192,0
DA:193,0
DA:194,0
DA:195,0
DA:197,0
DA:198,0
BRDA:192,456,1,0
BRDA:192,456,0,0
FN:147,System.Void PatientAccess.Business.Services.NotificationService/<MarkNotificationAsReadAsync>d__7::MoveNext()
FNDA:0,System.Void PatientAccess.Business.Services.NotificationService/<MarkNotificationAsReadAsync>d__7::MoveNext()
DA:148,0
DA:150,0
DA:151,0
DA:152,0
DA:154,0
DA:155,0
DA:156,0
DA:157,0
DA:162,0
DA:163,0
DA:166,0
DA:168,0
DA:170,0
DA:172,0
DA:173,0
DA:174,0
DA:175,0
DA:177,0
BRDA:154,454,0,0
BRDA:154,454,1,0
LF:125
LH:0
BRF:42
BRH:0
FNF:8
FNH:0
end_of_record
SF:https://raw.githubusercontent.com/kanini/Propel-Project-Team-12/f57ca3a7adf48b1287d9f043aabce7c8c471000b/src/backend/PatientAccess.Business/Services/OutlookCalendarService.cs
FN:38,System.Void PatientAccess.Business.Services.OutlookCalendarService::.ctor(PatientAccess.Data.PatientAccessDbContext,Microsoft.Extensions.Logging.ILogger`1<PatientAccess.Business.Services.OutlookCalendarService>,Microsoft.Extensions.Configuration.IConfiguration,System.Net.Http.IHttpClientFactory)
FNDA:0,System.Void PatientAccess.Business.Services.OutlookCalendarService::.ctor(PatientAccess.Data.PatientAccessDbContext,Microsoft.Extensions.Logging.ILogger`1<PatientAccess.Business.Services.OutlookCalendarService>,Microsoft.Extensions.Configuration.IConfiguration,System.Net.Http.IHttpClientFactory)
DA:39,0
DA:40,0
DA:41,0
DA:42,0
DA:43,0
DA:44,0
BRDA:40,11,0,0
BRDA:40,11,1,0
BRDA:41,33,0,0
BRDA:41,33,1,0
BRDA:42,55,0,0
BRDA:42,55,1,0
BRDA:43,78,0,0
BRDA:43,78,1,0
FN:469,System.Threading.Tasks.Task`1<System.String> PatientAccess.Business.Services.OutlookCalendarService/TokenProvider::GetAuthorizationTokenAsync(System.Uri,System.Collections.Generic.Dictionary`2<System.String,System.Object>,System.Threading.CancellationToken)
FNDA:0,System.Threading.Tasks.Task`1<System.String> PatientAccess.Business.Services.OutlookCalendarService/TokenProvider::GetAuthorizationTokenAsync(System.Uri,System.Collections.Generic.Dictionary`2<System.String,System.Object>,System.Threading.CancellationToken)
DA:470,0
DA:471,0
DA:472,0
FN:473,Microsoft.Kiota.Abstractions.Authentication.AllowedHostsValidator PatientAccess.Business.Services.OutlookCalendarService/TokenProvider::get_AllowedHostsValidator()
FNDA:0,Microsoft.Kiota.Abstractions.Authentication.AllowedHostsValidator PatientAccess.Business.Services.OutlookCalendarService/TokenProvider::get_AllowedHostsValidator()
DA:474,0
FN:464,System.Void PatientAccess.Business.Services.OutlookCalendarService/TokenProvider::.ctor(System.String)
FNDA:0,System.Void PatientAccess.Business.Services.OutlookCalendarService/TokenProvider::.ctor(System.String)
DA:465,0
DA:466,0
DA:467,0
FN:138,System.Void PatientAccess.Business.Services.OutlookCalendarService/<CreateEventAsync>d__10::MoveNext()
FNDA:0,System.Void PatientAccess.Business.Services.OutlookCalendarService/<CreateEventAsync>d__10::MoveNext()
DA:139,0
DA:140,0
DA:143,0
DA:144,0
DA:146,0
DA:147,0
DA:148,0
DA:149,0
DA:150,0
DA:151,0
DA:152,0
DA:153,0
DA:154,0
DA:155,0
DA:156,0
DA:157,0
DA:158,0
DA:159,0
DA:160,0
DA:161,0
DA:162,0
DA:163,0
DA:164,0
DA:165,0
DA:166,0
DA:167,0
DA:168,0
DA:170,0
DA:172,0
DA:173,0
DA:175,0
DA:177,0
DA:178,0
DA:180,0
DA:181,0
DA:182,0
DA:184,0
DA:185,0
DA:186,0
DA:188,0
DA:190,0
DA:191,0
DA:192,0
DA:193,0
DA:195,0
BRDA:172,609,0,0
BRDA:172,609,1,0
BRDA:175,648,0,0
BRDA:175,648,1,0
BRDA:180,729,0,0
BRDA:180,729,1,0
BRDA:180,751,0,0
BRDA:180,751,1,0
FN:262,System.Void PatientAccess.Business.Services.OutlookCalendarService/<DeleteEventAsync>d__12::MoveNext()
FNDA:0,System.Void PatientAccess.Business.Services.OutlookCalendarService/<DeleteEventAsync>d__12::MoveNext()
DA:263,0
DA:264,0
DA:265,0
DA:268,0
DA:269,0
DA:271,0
DA:273,0
DA:274,0
DA:275,0
DA:276,0
DA:277,0
DA:279,0
DA:280,0
DA:281,0
DA:283,0
DA:284,0
DA:285,0
DA:287,0
DA:289,0
DA:290,0
DA:291,0
DA:292,0
DA:293,0
DA:295,0
BRDA:279,479,0,0
BRDA:279,479,1,0
BRDA:279,501,0,0
BRDA:279,501,1,0
FN:313,System.Void PatientAccess.Business.Services.OutlookCalendarService/<DisconnectAsync>d__14::MoveNext()
FNDA:0,System.Void PatientAccess.Business.Services.OutlookCalendarService/<DisconnectAsync>d__14::MoveNext()
DA:314,0
DA:315,0
DA:317,0
DA:318,0
DA:320,0
DA:321,0
DA:322,0
DA:323,0
DA:324,0
DA:325,0
DA:327,0
DA:329,0
DA:330,0
DA:331,0
BRDA:320,427,0,0
BRDA:320,427,1,0
FN:50,System.Void PatientAccess.Business.Services.OutlookCalendarService/<GetAuthorizationUrlAsync>d__8::MoveNext()
FNDA:0,System.Void PatientAccess.Business.Services.OutlookCalendarService/<GetAuthorizationUrlAsync>d__8::MoveNext()
DA:51,0
DA:52,0
DA:54,0
DA:55,0
DA:56,0
DA:57,0
DA:60,0
DA:61,0
DA:62,0
DA:63,0
DA:64,0
DA:65,0
DA:66,0
DA:68,0
DA:69,0
DA:70,0
BRDA:54,83,0,0
BRDA:54,83,1,0
BRDA:56,130,0,0
BRDA:56,130,1,0
FN:337,System.Void PatientAccess.Business.Services.OutlookCalendarService/<GetGraphClientForUserAsync>d__15::MoveNext()
FNDA:0,System.Void PatientAccess.Business.Services.OutlookCalendarService/<GetGraphClientForUserAsync>d__15::MoveNext()
DA:338,0
DA:339,0
DA:340,0
DA:341,0
DA:343,0
DA:344,0
DA:345,0
DA:349,0
DA:350,0
DA:351,0
DA:352,0
DA:353,0
DA:356,0
DA:357,0
DA:359,0
DA:361,0
DA:362,0
BRDA:339,357,0,0
BRDA:339,357,1,0
BRDA:343,445,0,0
BRDA:343,445,1,0
BRDA:349,546,0,0
BRDA:349,546,1,0
FN:76,System.Void PatientAccess.Business.Services.OutlookCalendarService/<HandleCallbackAsync>d__9::MoveNext()
FNDA:0,System.Void PatientAccess.Business.Services.OutlookCalendarService/<HandleCallbackAsync>d__9::MoveNext()
DA:77,0
DA:78,0
DA:80,0
DA:81,0
DA:82,0
DA:83,0
DA:84,0
DA:85,0
DA:88,0
DA:89,0
DA:90,0
DA:91,0
DA:92,0
DA:93,0
DA:94,0
DA:95,0
DA:96,0
DA:97,0
DA:99,0
DA:100,0
DA:102,0
DA:103,0
DA:106,0
DA:107,0
DA:109,0
DA:110,0
DA:111,0
DA:112,0
DA:113,0
DA:114,0
DA:115,0
DA:116,0
DA:117,0
DA:118,0
DA:119,0
DA:120,0
DA:123,0
DA:124,0
DA:125,0
DA:126,0
DA:127,0
DA:129,0
DA:131,0
DA:132,0
BRDA:80,150,0,0
BRDA:80,150,1,0
BRDA:82,192,0,0
BRDA:82,192,1,0
BRDA:84,239,0,0
BRDA:84,239,1,0
BRDA:102,706,0,0
BRDA:102,706,1,0
BRDA:109,1062,0,0
BRDA:109,1062,1,0
BRDA:124,1208,0,0
BRDA:124,1208,1,0
FN:300,System.Void PatientAccess.Business.Services.OutlookCalendarService/<IsConnectedAsync>d__13::MoveNext()
FNDA:0,System.Void PatientAccess.Business.Services.OutlookCalendarService/<IsConnectedAsync>d__13::MoveNext()
DA:301,0
DA:302,0
DA:303,0
DA:304,0
DA:306,0
DA:307,0
BRDA:306,369,0,0
BRDA:306,369,1,0
FN:368,System.Void PatientAccess.Business.Services.OutlookCalendarService/<RefreshAccessTokenAsync>d__16::MoveNext()
FNDA:0,System.Void PatientAccess.Business.Services.OutlookCalendarService/<RefreshAccessTokenAsync>d__16::MoveNext()
DA:369,0
DA:370,0
DA:372,0
DA:373,0
DA:374,0
DA:375,0
DA:376,0
DA:377,0
DA:380,0
DA:381,0
DA:382,0
DA:383,0
DA:384,0
DA:385,0
DA:386,0
DA:387,0
DA:388,0
DA:389,0
DA:391,0
DA:393,0
DA:394,0
DA:396,0
DA:397,0
DA:398,0
DA:399,0
DA:400,0
DA:402,0
DA:403,0
DA:406,0
DA:407,0
DA:410,0
DA:411,0
DA:412,0
DA:413,0
DA:414,0
DA:415,0
DA:416,0
DA:418,0
DA:420,0
DA:421,0
DA:422,0
DA:423,0
DA:424,0
DA:425,0
DA:426,0
DA:427,0
DA:428,0
DA:429,0
DA:431,0
DA:432,0
DA:434,0
BRDA:372,100,0,0
BRDA:372,100,1,0
BRDA:374,142,0,0
BRDA:374,142,1,0
BRDA:376,189,0,0
BRDA:376,189,1,0
BRDA:393,571,0,0
BRDA:393,571,1,0
BRDA:406,978,0,0
BRDA:406,978,1,0
BRDA:411,1050,0,0
BRDA:411,1050,1,0
FN:200,System.Void PatientAccess.Business.Services.OutlookCalendarService/<UpdateEventAsync>d__11::MoveNext()
FNDA:0,System.Void PatientAccess.Business.Services.OutlookCalendarService/<UpdateEventAsync>d__11::MoveNext()
DA:201,0
DA:202,0
DA:203,0
DA:206,0
DA:207,0
DA:209,0
DA:210,0
DA:211,0
DA:212,0
DA:213,0
DA:214,0
DA:215,0
DA:216,0
DA:217,0
DA:218,0
DA:219,0
DA:220,0
DA:221,0
DA:222,0
DA:223,0
DA:224,0
DA:225,0
DA:226,0
DA:227,0
DA:228,0
DA:229,0
DA:230,0
DA:231,0
DA:233,0
DA:235,0
DA:236,0
DA:237,0
DA:238,0
DA:239,0
DA:241,0
DA:242,0
DA:243,0
DA:245,0
DA:246,0
DA:247,0
DA:249,0
DA:251,0
DA:252,0
DA:253,0
DA:254,0
DA:255,0
DA:257,0
BRDA:241,707,0,0
BRDA:241,707,1,0
BRDA:241,729,0,0
BRDA:241,729,1,0
LF:277
LH:0
BRF:62
BRH:0
FNF:13
FNH:0
end_of_record
SF:https://raw.githubusercontent.com/kanini/Propel-Project-Team-12/f57ca3a7adf48b1287d9f043aabce7c8c471000b/src/backend/PatientAccess.Business/Services/PasswordHashingService.cs
FN:22,System.String PatientAccess.Business.Services.PasswordHashingService::HashPassword(System.String)
FNDA:0,System.String PatientAccess.Business.Services.PasswordHashingService::HashPassword(System.String)
DA:23,0
DA:24,0
DA:25,0
DA:29,0
DA:30,0
BRDA:24,9,0,0
BRDA:24,9,1,0
FN:39,System.Boolean PatientAccess.Business.Services.PasswordHashingService::VerifyPassword(System.String,System.String)
FNDA:0,System.Boolean PatientAccess.Business.Services.PasswordHashingService::VerifyPassword(System.String,System.String)
DA:40,0
DA:41,0
DA:42,0
DA:45,0
DA:47,0
DA:49,0
DA:50,0
DA:52,0
DA:54,0
BRDA:41,7,0,0
BRDA:41,7,1,0
BRDA:41,20,0,0
BRDA:41,20,1,0
LF:14
LH:0
BRF:6
BRH:0
FNF:2
FNH:0
end_of_record
SF:https://raw.githubusercontent.com/kanini/Propel-Project-Team-12/f57ca3a7adf48b1287d9f043aabce7c8c471000b/src/backend/PatientAccess.Business/Services/PatientService.cs
FN:22,System.Void PatientAccess.Business.Services.PatientService::.ctor(PatientAccess.Data.PatientAccessDbContext,Microsoft.Extensions.Logging.ILogger`1<PatientAccess.Business.Services.PatientService>)
FNDA:0,System.Void PatientAccess.Business.Services.PatientService::.ctor(PatientAccess.Data.PatientAccessDbContext,Microsoft.Extensions.Logging.ILogger`1<PatientAccess.Business.Services.PatientService>)
DA:23,0
DA:24,0
DA:25,0
DA:26,0
BRDA:24,11,0,0
BRDA:24,11,1,0
BRDA:25,33,0,0
BRDA:25,33,1,0
FN:82,System.Boolean PatientAccess.Business.Services.PatientService/<>c::<SearchPatientsAsync>b__4_0(<>f__AnonymousType11`8<System.Guid,System.String,System.Nullable`1<System.DateOnly>,System.String,System.String,System.DateTime,System.Boolean,System.Boolean>)
FNDA:0,System.Boolean PatientAccess.Business.Services.PatientService/<>c::<SearchPatientsAsync>b__4_0(<>f__AnonymousType11`8<System.Guid,System.String,System.Nullable`1<System.DateOnly>,System.String,System.String,System.DateTime,System.Boolean,System.Boolean>)
DA:83,0
FN:83,System.Boolean PatientAccess.Business.Services.PatientService/<>c::<SearchPatientsAsync>b__4_1(<>f__AnonymousType11`8<System.Guid,System.String,System.Nullable`1<System.DateOnly>,System.String,System.String,System.DateTime,System.Boolean,System.Boolean>)
FNDA:0,System.Boolean PatientAccess.Business.Services.PatientService/<>c::<SearchPatientsAsync>b__4_1(<>f__AnonymousType11`8<System.Guid,System.String,System.Nullable`1<System.DateOnly>,System.String,System.String,System.DateTime,System.Boolean,System.Boolean>)
DA:84,0
FN:84,System.DateTime PatientAccess.Business.Services.PatientService/<>c::<SearchPatientsAsync>b__4_2(<>f__AnonymousType11`8<System.Guid,System.String,System.Nullable`1<System.DateOnly>,System.String,System.String,System.DateTime,System.Boolean,System.Boolean>)
FNDA:0,System.DateTime PatientAccess.Business.Services.PatientService/<>c::<SearchPatientsAsync>b__4_2(<>f__AnonymousType11`8<System.Guid,System.String,System.Nullable`1<System.DateOnly>,System.String,System.String,System.DateTime,System.Boolean,System.Boolean>)
DA:85,0
FN:85,System.String PatientAccess.Business.Services.PatientService/<>c::<SearchPatientsAsync>b__4_3(<>f__AnonymousType11`8<System.Guid,System.String,System.Nullable`1<System.DateOnly>,System.String,System.String,System.DateTime,System.Boolean,System.Boolean>)
FNDA:0,System.String PatientAccess.Business.Services.PatientService/<>c::<SearchPatientsAsync>b__4_3(<>f__AnonymousType11`8<System.Guid,System.String,System.Nullable`1<System.DateOnly>,System.String,System.String,System.DateTime,System.Boolean,System.Boolean>)
DA:86,0
FN:89,PatientAccess.Business.DTOs.PatientSearchResultDto PatientAccess.Business.Services.PatientService/<>c::<SearchPatientsAsync>b__4_4(<>f__AnonymousType11`8<System.Guid,System.String,System.Nullable`1<System.DateOnly>,System.String,System.String,System.DateTime,System.Boolean,System.Boolean>)
FNDA:0,PatientAccess.Business.DTOs.PatientSearchResultDto PatientAccess.Business.Services.PatientService/<>c::<SearchPatientsAsync>b__4_4(<>f__AnonymousType11`8<System.Guid,System.String,System.Nullable`1<System.DateOnly>,System.String,System.String,System.DateTime,System.Boolean,System.Boolean>)
DA:90,0
DA:91,0
DA:92,0
DA:93,0
DA:94,0
DA:95,0
DA:96,0
DA:97,0
DA:98,0
DA:99,0
DA:100,0
BRDA:90,46,0,0
BRDA:90,46,1,0
BRDA:90,135,0,0
BRDA:90,135,1,0
FN:177,System.Void PatientAccess.Business.Services.PatientService/<>c__DisplayClass5_1/<<CreateMinimalPatientAsync>b__1>d::MoveNext()
FNDA:0,System.Void PatientAccess.Business.Services.PatientService/<>c__DisplayClass5_1/<<CreateMinimalPatientAsync>b__1>d::MoveNext()
DA:178,0
DA:179,0
DA:182,0
DA:183,0
DA:184,0
DA:185,0
DA:187,0
DA:188,0
DA:189,0
DA:191,0
DA:192,0
DA:193,0
DA:194,0
DA:195,0
DA:196,0
DA:197,0
DA:198,0
DA:199,0
DA:200,0
DA:201,0
DA:203,0
DA:204,0
DA:205,0
DA:206,0
DA:208,0
BRDA:178,16,0,0
BRDA:178,16,1,0
BRDA:179,188,0,0
BRDA:179,188,1,0
BRDA:191,798,0,0
BRDA:191,798,1,0
FN:117,System.Void PatientAccess.Business.Services.PatientService/<CreateMinimalPatientAsync>d__5::MoveNext()
FNDA:0,System.Void PatientAccess.Business.Services.PatientService/<CreateMinimalPatientAsync>d__5::MoveNext()
DA:118,0
DA:120,0
DA:121,0
DA:122,0
DA:123,0
DA:126,0
DA:127,0
DA:128,0
DA:129,0
DA:130,0
DA:131,0
DA:132,0
DA:134,0
DA:135,0
DA:136,0
DA:137,0
DA:138,0
DA:141,0
DA:142,0
DA:143,0
DA:144,0
DA:145,0
DA:146,0
DA:147,0
DA:148,0
DA:149,0
DA:150,0
DA:151,0
DA:153,0
DA:156,0
DA:157,0
DA:158,0
DA:162,0
DA:163,0
DA:164,0
DA:165,0
DA:166,0
DA:167,0
DA:168,0
DA:169,0
DA:170,0
DA:171,0
DA:172,0
DA:173,0
DA:176,0
DA:177,0
DA:180,0
DA:181,0
DA:186,0
DA:190,0
DA:202,0
DA:207,0
DA:210,0
DA:211,0
DA:212,0
DA:213,0
DA:214,0
DA:215,0
DA:217,0
BRDA:126,243,0,0
BRDA:134,672,0,0
BRDA:141,811,0,0
BRDA:141,811,1,0
BRDA:134,672,1,0
BRDA:126,243,1,0
BRDA:156,957,0,0
BRDA:156,957,1,0
BRDA:162,1017,0,0
BRDA:162,1017,1,0
FN:33,System.Void PatientAccess.Business.Services.PatientService/<SearchPatientsAsync>d__4::MoveNext()
FNDA:0,System.Void PatientAccess.Business.Services.PatientService/<SearchPatientsAsync>d__4::MoveNext()
DA:34,0
DA:36,0
DA:38,0
DA:39,0
DA:40,0
DA:41,0
DA:44,0
DA:47,0
DA:48,0
DA:56,0
DA:57,0
DA:58,0
DA:59,0
DA:60,0
DA:61,0
DA:62,0
DA:63,0
DA:64,0
DA:65,0
DA:66,0
DA:67,0
DA:68,0
DA:69,0
DA:70,0
DA:71,0
DA:72,0
DA:73,0
DA:74,0
DA:75,0
DA:76,0
DA:77,0
DA:78,0
DA:79,0
DA:82,0
DA:87,0
DA:88,0
DA:102,0
DA:104,0
DA:106,0
DA:107,0
DA:108,0
DA:109,0
DA:111,0
BRDA:38,49,0,0
BRDA:38,49,1,0
BRDA:38,75,0,0
BRDA:38,75,1,0
LF:146
LH:0
BRF:28
BRH:0
FNF:9
FNH:0
end_of_record
SF:https://raw.githubusercontent.com/kanini/Propel-Project-Team-12/f57ca3a7adf48b1287d9f043aabce7c8c471000b/src/backend/PatientAccess.Business/Services/PdfGenerationService.cs
FN:73,System.Void PatientAccess.Business.Services.PdfGenerationService::ComposeHeader(QuestPDF.Infrastructure.IContainer)
FNDA:0,System.Void PatientAccess.Business.Services.PdfGenerationService::ComposeHeader(QuestPDF.Infrastructure.IContainer)
DA:74,0
DA:75,0
DA:76,0
DA:77,0
DA:78,0
DA:79,0
DA:80,0
DA:81,0
DA:82,0
DA:83,0
DA:84,0
DA:85,0
DA:86,0
DA:87,0
DA:88,0
DA:89,0
DA:90,0
DA:91,0
DA:92,0
DA:93,0
FN:98,System.Void PatientAccess.Business.Services.PdfGenerationService::ComposeContent(QuestPDF.Infrastructure.IContainer,PatientAccess.Data.Models.Appointment)
FNDA:0,System.Void PatientAccess.Business.Services.PdfGenerationService::ComposeContent(QuestPDF.Infrastructure.IContainer,PatientAccess.Data.Models.Appointment)
DA:99,0
DA:100,0
DA:101,0
DA:102,0
DA:103,0
DA:104,0
DA:105,0
DA:106,0
DA:107,0
DA:108,0
DA:109,0
DA:110,0
DA:111,0
DA:112,0
DA:113,0
DA:114,0
DA:115,0
DA:116,0
DA:117,0
DA:118,0
DA:119,0
DA:120,0
DA:121,0
DA:122,0
DA:123,0
DA:124,0
DA:125,0
DA:126,0
DA:127,0
DA:128,0
DA:129,0
DA:130,0
DA:131,0
DA:132,0
DA:133,0
DA:134,0
DA:135,0
DA:136,0
DA:137,0
DA:138,0
DA:139,0
DA:140,0
DA:141,0
DA:142,0
DA:143,0
DA:144,0
DA:145,0
DA:146,0
DA:147,0
DA:148,0
DA:149,0
DA:150,0
DA:151,0
DA:152,0
DA:153,0
DA:154,0
DA:155,0
DA:156,0
DA:157,0
DA:158,0
DA:159,0
DA:160,0
DA:161,0
DA:162,0
DA:163,0
DA:164,0
DA:165,0
DA:166,0
DA:167,0
DA:168,0
DA:169,0
DA:170,0
DA:171,0
DA:172,0
DA:173,0
DA:174,0
DA:175,0
DA:176,0
DA:177,0
DA:178,0
DA:179,0
DA:180,0
DA:181,0
DA:182,0
DA:183,0
DA:184,0
DA:185,0
DA:186,0
BRDA:105,48,0,0
BRDA:105,48,1,0
BRDA:123,133,0,0
BRDA:123,133,1,0
BRDA:162,187,0,0
BRDA:162,187,1,0
BRDA:137,335,0,0
BRDA:137,335,1,0
BRDA:137,347,0,0
BRDA:137,347,1,0
BRDA:141,500,0,0
BRDA:141,500,1,0
BRDA:141,512,0,0
BRDA:141,512,1,0
BRDA:153,947,0,0
BRDA:153,947,1,0
BRDA:153,959,0,0
BRDA:153,959,1,0
FN:191,System.Void PatientAccess.Business.Services.PdfGenerationService::ComposeFooter(QuestPDF.Infrastructure.IContainer,PatientAccess.Data.Models.Appointment)
FNDA:0,System.Void PatientAccess.Business.Services.PdfGenerationService::ComposeFooter(QuestPDF.Infrastructure.IContainer,PatientAccess.Data.Models.Appointment)
DA:192,0
DA:193,0
DA:194,0
DA:195,0
DA:196,0
DA:197,0
DA:198,0
DA:199,0
DA:200,0
FN:18,System.Void PatientAccess.Business.Services.PdfGenerationService::.ctor(Microsoft.Extensions.Logging.ILogger`1<PatientAccess.Business.Services.PdfGenerationService>)
FNDA:0,System.Void PatientAccess.Business.Services.PdfGenerationService::.ctor(Microsoft.Extensions.Logging.ILogger`1<PatientAccess.Business.Services.PdfGenerationService>)
DA:19,0
DA:20,0
DA:23,0
DA:24,0
BRDA:20,11,0,0
BRDA:20,11,1,0
FN:43,QuestPDF.Infrastructure.TextStyle PatientAccess.Business.Services.PdfGenerationService/<>c::<GenerateConfirmationPdfAsync>b__2_3(QuestPDF.Infrastructure.TextStyle)
FNDA:0,QuestPDF.Infrastructure.TextStyle PatientAccess.Business.Services.PdfGenerationService/<>c::<GenerateConfirmationPdfAsync>b__2_3(QuestPDF.Infrastructure.TextStyle)
DA:44,0
FN:37,System.Byte[] PatientAccess.Business.Services.PdfGenerationService/<>c__DisplayClass2_0::<GenerateConfirmationPdfAsync>b__0()
FNDA:0,System.Byte[] PatientAccess.Business.Services.PdfGenerationService/<>c__DisplayClass2_0::<GenerateConfirmationPdfAsync>b__0()
DA:38,0
DA:39,0
DA:40,0
DA:41,0
DA:42,0
DA:43,0
DA:45,0
DA:46,0
DA:47,0
DA:48,0
DA:49,0
DA:50,0
DA:51,0
DA:52,0
DA:53,0
DA:54,0
DA:55,0
BRDA:38,7,0,0
BRDA:38,7,1,0
FN:31,System.Void PatientAccess.Business.Services.PdfGenerationService/<GenerateConfirmationPdfAsync>d__2::MoveNext()
FNDA:0,System.Void PatientAccess.Business.Services.PdfGenerationService/<GenerateConfirmationPdfAsync>d__2::MoveNext()
DA:32,0
DA:34,0
DA:35,0
DA:57,0
DA:58,0
DA:59,0
DA:61,0
DA:63,0
DA:64,0
DA:65,0
DA:66,0
DA:68,0
LF:151
LH:0
BRF:28
BRH:0
FNF:7
FNH:0
end_of_record
SF:https://raw.githubusercontent.com/kanini/Propel-Project-Team-12/f57ca3a7adf48b1287d9f043aabce7c8c471000b/src/backend/PatientAccess.Business/Services/ProviderService.cs
FN:164,System.String PatientAccess.Business.Services.ProviderService::FormatSpecialty(System.String)
FNDA:0,System.String PatientAccess.Business.Services.ProviderService::FormatSpecialty(System.String)
DA:165,0
DA:166,0
DA:167,0
DA:168,0
FN:18,System.Void PatientAccess.Business.Services.ProviderService::.ctor(PatientAccess.Data.PatientAccessDbContext,Microsoft.Extensions.Logging.ILogger`1<PatientAccess.Business.Services.ProviderService>)
FNDA:0,System.Void PatientAccess.Business.Services.ProviderService::.ctor(PatientAccess.Data.PatientAccessDbContext,Microsoft.Extensions.Logging.ILogger`1<PatientAccess.Business.Services.ProviderService>)
DA:19,0
DA:20,0
DA:21,0
DA:22,0
BRDA:20,11,0,0
BRDA:20,11,1,0
BRDA:21,33,0,0
BRDA:21,33,1,0
FN:123,PatientAccess.Business.DTOs.ProviderDto PatientAccess.Business.Services.ProviderService/<>c::<GetProvidersAsync>b__3_1(<>f__AnonymousType12`6<System.Guid,System.String,System.String,System.String,System.String,System.Nullable`1<System.DateTime>>)
FNDA:0,PatientAccess.Business.DTOs.ProviderDto PatientAccess.Business.Services.ProviderService/<>c::<GetProvidersAsync>b__3_1(<>f__AnonymousType12`6<System.Guid,System.String,System.String,System.String,System.String,System.Nullable`1<System.DateTime>>)
DA:124,0
DA:125,0
DA:126,0
DA:127,0
DA:128,0
DA:129,0
DA:130,0
DA:131,0
DA:132,0
DA:133,0
DA:134,0
DA:135,0
FN:34,System.Void PatientAccess.Business.Services.ProviderService/<GetProvidersAsync>d__3::MoveNext()
FNDA:0,System.Void PatientAccess.Business.Services.ProviderService/<GetProvidersAsync>d__3::MoveNext()
DA:35,0
DA:37,0
DA:38,0
DA:39,0
DA:40,0
DA:43,0
DA:44,0
DA:45,0
DA:48,0
DA:49,0
DA:50,0
DA:51,0
DA:52,0
DA:53,0
DA:54,0
DA:57,0
DA:58,0
DA:60,0
DA:61,0
DA:62,0
DA:65,0
DA:66,0
DA:67,0
DA:68,0
DA:69,0
DA:70,0
DA:71,0
DA:72,0
DA:73,0
DA:74,0
DA:76,0
DA:77,0
DA:78,0
DA:79,0
DA:80,0
DA:81,0
DA:82,0
DA:85,0
DA:86,0
DA:87,0
DA:88,0
DA:89,0
DA:100,0
DA:103,0
DA:104,0
DA:105,0
DA:106,0
DA:107,0
DA:108,0
DA:109,0
DA:110,0
DA:111,0
DA:112,0
DA:113,0
DA:114,0
DA:115,0
DA:116,0
DA:117,0
DA:118,0
DA:119,0
DA:120,0
DA:121,0
DA:138,0
DA:140,0
DA:141,0
DA:142,0
DA:144,0
DA:145,0
DA:146,0
DA:147,0
DA:148,0
DA:149,0
DA:150,0
DA:151,0
DA:153,0
DA:154,0
DA:155,0
DA:156,0
DA:158,0
BRDA:48,236,0,0
BRDA:48,236,1,0
BRDA:57,574,0,0
BRDA:57,574,1,0
BRDA:57,599,0,0
BRDA:57,599,1,0
BRDA:65,772,0,0
BRDA:65,772,1,0
BRDA:65,797,0,0
BRDA:68,849,0,0
BRDA:68,863,0,0
BRDA:68,849,1,0
BRDA:68,863,1,0
BRDA:68,877,1,0
BRDA:68,877,0,0
BRDA:76,994,0,0
BRDA:76,1008,0,0
BRDA:76,994,1,0
BRDA:76,1008,1,0
BRDA:76,1022,1,0
BRDA:76,1022,0,0
BRDA:65,797,1,0
LF:99
LH:0
BRF:26
BRH:0
FNF:4
FNH:0
end_of_record
SF:https://raw.githubusercontent.com/kanini/Propel-Project-Team-12/f57ca3a7adf48b1287d9f043aabce7c8c471000b/src/backend/PatientAccess.Business/Services/PusherService.cs
FN:27,System.Void PatientAccess.Business.Services.PusherService::.ctor(Microsoft.Extensions.Configuration.IConfiguration,Microsoft.Extensions.Logging.ILogger`1<PatientAccess.Business.Services.PusherService>)
FNDA:0,System.Void PatientAccess.Business.Services.PusherService::.ctor(Microsoft.Extensions.Configuration.IConfiguration,Microsoft.Extensions.Logging.ILogger`1<PatientAccess.Business.Services.PusherService>)
DA:28,0
DA:29,0
DA:32,0
DA:33,0
DA:34,0
DA:35,0
DA:36,0
DA:39,0
DA:41,0
DA:42,0
DA:43,0
DA:44,0
DA:45,0
DA:49,0
DA:50,0
DA:51,0
DA:52,0
DA:53,0
DA:54,0
DA:55,0
DA:56,0
DA:57,0
DA:61,0
DA:63,0
DA:64,0
DA:65,0
DA:66,0
DA:67,0
DA:69,0
DA:70,0
DA:71,0
DA:72,0
DA:73,0
DA:74,0
DA:75,0
DA:76,0
DA:77,0
DA:78,0
BRDA:35,63,0,0
BRDA:35,63,1,0
BRDA:41,116,0,0
BRDA:41,116,1,0
BRDA:49,159,0,0
BRDA:49,167,0,0
BRDA:49,159,1,0
BRDA:49,167,1,0
BRDA:49,182,0,0
BRDA:49,182,1,0
FN:88,System.Void PatientAccess.Business.Services.PusherService/<TriggerEventAsync>d__4::MoveNext()
FNDA:0,System.Void PatientAccess.Business.Services.PusherService/<TriggerEventAsync>d__4::MoveNext()
DA:89,0
DA:90,0
DA:91,0
DA:92,0
DA:93,0
DA:94,0
DA:98,0
DA:99,0
DA:102,0
DA:104,0
DA:105,0
DA:106,0
DA:107,0
DA:108,0
DA:111,0
DA:112,0
DA:113,0
DA:115,0
DA:116,0
DA:118,0
DA:119,0
DA:120,0
DA:122,0
BRDA:90,26,0,0
BRDA:90,26,1,0
BRDA:90,47,0,0
BRDA:90,47,1,0
BRDA:104,333,0,0
BRDA:104,333,1,0
LF:61
LH:0
BRF:16
BRH:0
FNF:2
FNH:0
end_of_record
SF:https://raw.githubusercontent.com/kanini/Propel-Project-Team-12/f57ca3a7adf48b1287d9f043aabce7c8c471000b/src/backend/PatientAccess.Business/Services/QueueManagementService.cs
FN:205,PatientAccess.Business.DTOs.QueuePatientDto PatientAccess.Business.Services.QueueManagementService::MapToQueuePatientDto(PatientAccess.Data.Models.Appointment)
FNDA:0,PatientAccess.Business.DTOs.QueuePatientDto PatientAccess.Business.Services.QueueManagementService::MapToQueuePatientDto(PatientAccess.Data.Models.Appointment)
DA:206,0
DA:208,0
DA:209,0
DA:210,0
DA:213,0
DA:215,0
DA:216,0
DA:217,0
DA:218,0
DA:219,0
DA:220,0
DA:221,0
DA:222,0
DA:223,0
DA:224,0
DA:225,0
DA:226,0
DA:227,0
BRDA:208,15,0,0
BRDA:208,15,1,0
BRDA:215,115,0,0
BRDA:215,115,1,0
BRDA:215,127,0,0
BRDA:215,127,1,0
BRDA:215,148,0,0
BRDA:215,148,1,0
BRDA:215,176,0,0
BRDA:215,176,1,0
BRDA:215,188,0,0
BRDA:215,188,1,0
BRDA:215,230,0,0
BRDA:215,230,1,0
FN:28,System.Void PatientAccess.Business.Services.QueueManagementService::.ctor(PatientAccess.Data.PatientAccessDbContext,PatientAccess.Business.Interfaces.IPusherService,Microsoft.Extensions.Logging.ILogger`1<PatientAccess.Business.Services.QueueManagementService>)
FNDA:0,System.Void PatientAccess.Business.Services.QueueManagementService::.ctor(PatientAccess.Data.PatientAccessDbContext,PatientAccess.Business.Interfaces.IPusherService,Microsoft.Extensions.Logging.ILogger`1<PatientAccess.Business.Services.QueueManagementService>)
DA:29,0
DA:30,0
DA:31,0
DA:32,0
DA:33,0
BRDA:30,11,0,0
BRDA:30,11,1,0
BRDA:31,33,0,0
BRDA:31,33,1,0
BRDA:32,55,0,0
BRDA:32,55,1,0
FN:100,PatientAccess.Business.DTOs.QueuePatientDto PatientAccess.Business.Services.QueueManagementService/<>c__DisplayClass5_0::<GetSameDayQueueAsync>b__11(<>f__AnonymousType15`3<PatientAccess.Data.Models.Appointment,PatientAccess.Data.Models.User,PatientAccess.Data.Models.Provider>)
FNDA:0,PatientAccess.Business.DTOs.QueuePatientDto PatientAccess.Business.Services.QueueManagementService/<>c__DisplayClass5_0::<GetSameDayQueueAsync>b__11(<>f__AnonymousType15`3<PatientAccess.Data.Models.Appointment,PatientAccess.Data.Models.User,PatientAccess.Data.Models.Provider>)
DA:101,0
DA:102,0
DA:103,0
DA:104,0
DA:105,0
DA:106,0
FN:40,System.Void PatientAccess.Business.Services.QueueManagementService/<GetSameDayQueueAsync>d__5::MoveNext()
FNDA:0,System.Void PatientAccess.Business.Services.QueueManagementService/<GetSameDayQueueAsync>d__5::MoveNext()
DA:41,0
DA:43,0
DA:44,0
DA:47,0
DA:48,0
DA:50,0
DA:53,0
DA:54,0
DA:55,0
DA:56,0
DA:58,0
DA:59,0
DA:60,0
DA:61,0
DA:62,0
DA:63,0
DA:65,0
DA:68,0
DA:69,0
DA:70,0
DA:71,0
DA:72,0
DA:73,0
DA:74,0
DA:75,0
[...]
DA:279,0
DA:280,0
DA:286,0
DA:287,0
FN:293,System.Threading.Tasks.Task`1<System.Boolean> PatientAccess.Business.Services.SessionCacheService::FallbackToDatabase_RefreshSessionAsync(System.String,System.Threading.CancellationToken)
FNDA:0,System.Threading.Tasks.Task`1<System.Boolean> PatientAccess.Business.Services.SessionCacheService::FallbackToDatabase_RefreshSessionAsync(System.String,System.Threading.CancellationToken)
DA:294,0
DA:295,0
DA:307,0
DA:308,0
FN:15,System.Void PatientAccess.Business.Services.SessionCacheService::.ctor(StackExchange.Redis.IConnectionMultiplexer,Microsoft.Extensions.Logging.ILogger`1<PatientAccess.Business.Services.SessionCacheService>)
FNDA:0,System.Void PatientAccess.Business.Services.SessionCacheService::.ctor(StackExchange.Redis.IConnectionMultiplexer,Microsoft.Extensions.Logging.ILogger`1<PatientAccess.Business.Services.SessionCacheService>)
DA:16,0
DA:26,0
DA:27,0
DA:28,0
DA:29,0
BRDA:27,31,0,0
BRDA:27,31,1,0
BRDA:28,53,0,0
BRDA:28,53,1,0
FN:78,System.Void PatientAccess.Business.Services.SessionCacheService/<GetSessionAsync>d__6::MoveNext()
FNDA:0,System.Void PatientAccess.Business.Services.SessionCacheService/<GetSessionAsync>d__6::MoveNext()
DA:79,0
DA:80,0
DA:81,0
DA:84,0
DA:85,0
DA:86,0
DA:89,0
DA:91,0
DA:92,0
DA:93,0
DA:94,0
DA:98,0
DA:100,0
DA:101,0
DA:103,0
DA:104,0
DA:105,0
DA:106,0
DA:108,0
DA:109,0
DA:110,0
DA:111,0
DA:113,0
BRDA:80,61,0,0
BRDA:80,61,1,0
BRDA:91,317,0,0
BRDA:91,317,1,0
FN:203,System.Void PatientAccess.Business.Services.SessionCacheService/<IsRedisAvailableAsync>d__9::MoveNext()
FNDA:0,System.Void PatientAccess.Business.Services.SessionCacheService/<IsRedisAvailableAsync>d__9::MoveNext()
DA:204,0
DA:206,0
DA:207,0
DA:208,0
DA:209,0
DA:211,0
DA:212,0
DA:213,0
DA:214,0
DA:216,0
DA:217,0
DA:218,0
DA:219,0
DA:221,0
DA:222,0
DA:223,0
DA:224,0
DA:226,0
FN:157,System.Void PatientAccess.Business.Services.SessionCacheService/<RefreshSessionAsync>d__8::MoveNext()
FNDA:0,System.Void PatientAccess.Business.Services.SessionCacheService/<RefreshSessionAsync>d__8::MoveNext()
DA:158,0
DA:159,0
DA:160,0
DA:163,0
DA:164,0
DA:165,0
DA:168,0
DA:170,0
DA:171,0
DA:172,0
DA:173,0
DA:177,0
DA:179,0
DA:180,0
DA:181,0
DA:182,0
DA:185,0
DA:187,0
DA:188,0
DA:189,0
DA:190,0
DA:192,0
DA:193,0
DA:194,0
DA:195,0
DA:197,0
BRDA:159,61,0,0
BRDA:159,61,1,0
BRDA:170,303,0,0
BRDA:170,303,1,0
BRDA:179,641,0,0
BRDA:179,641,1,0
FN:119,System.Void PatientAccess.Business.Services.SessionCacheService/<RemoveSessionAsync>d__7::MoveNext()
FNDA:0,System.Void PatientAccess.Business.Services.SessionCacheService/<RemoveSessionAsync>d__7::MoveNext()
DA:120,0
DA:121,0
DA:122,0
DA:124,0
DA:127,0
DA:128,0
DA:129,0
DA:131,0
DA:133,0
DA:134,0
DA:135,0
DA:136,0
DA:137,0
DA:138,0
DA:139,0
DA:140,0
DA:141,0
DA:142,0
DA:143,0
DA:144,0
DA:145,0
DA:148,0
DA:150,0
DA:151,0
BRDA:121,39,0,0
BRDA:121,39,1,0
BRDA:133,250,0,0
BRDA:133,250,1,0
FN:36,System.Void PatientAccess.Business.Services.SessionCacheService/<SetSessionAsync>d__5::MoveNext()
FNDA:0,System.Void PatientAccess.Business.Services.SessionCacheService/<SetSessionAsync>d__5::MoveNext()
DA:37,0
DA:38,0
DA:39,0
DA:41,0
DA:42,0
DA:45,0
DA:46,0
DA:47,0
DA:51,0
DA:53,0
DA:54,0
DA:55,0
DA:56,0
DA:59,0
DA:60,0
DA:62,0
DA:63,0
DA:64,0
DA:65,0
DA:67,0
DA:68,0
DA:69,0
DA:70,0
DA:72,0
BRDA:38,57,0,0
BRDA:38,57,1,0
BRDA:41,83,0,0
BRDA:41,83,1,0
BRDA:53,348,0,0
BRDA:53,348,1,0
LF:137
LH:0
BRF:24
BRH:0
FNF:11
FNH:0
end_of_record
SF:https://raw.githubusercontent.com/kanini/Propel-Project-Team-12/f57ca3a7adf48b1287d9f043aabce7c8c471000b/src/backend/PatientAccess.Business/Services/SlotSwapService.cs
FN:313,System.Boolean PatientAccess.Business.Services.SlotSwapService::IsDeadlockException(System.Exception)
FNDA:0,System.Boolean PatientAccess.Business.Services.SlotSwapService::IsDeadlockException(System.Exception)
DA:314,0
DA:316,0
DA:317,0
BRDA:316,17,0,0
BRDA:316,17,1,0
FN:21,System.Void PatientAccess.Business.Services.SlotSwapService::.ctor(PatientAccess.Data.PatientAccessDbContext,Microsoft.Extensions.Logging.ILogger`1<PatientAccess.Business.Services.SlotSwapService>)
FNDA:0,System.Void PatientAccess.Business.Services.SlotSwapService::.ctor(PatientAccess.Data.PatientAccessDbContext,Microsoft.Extensions.Logging.ILogger`1<PatientAccess.Business.Services.SlotSwapService>)
DA:22,0
DA:23,0
DA:24,0
DA:25,0
BRDA:23,11,0,0
BRDA:23,11,1,0
BRDA:24,33,0,0
BRDA:24,33,1,0
FN:46,System.Void PatientAccess.Business.Services.SlotSwapService/<>c__DisplayClass5_0/<<ExecuteSwapAsync>b__0>d::MoveNext()
FNDA:0,System.Void PatientAccess.Business.Services.SlotSwapService/<>c__DisplayClass5_0/<<ExecuteSwapAsync>b__0>d::MoveNext()
DA:47,0
DA:49,0
DA:52,0
DA:54,0
DA:55,0
DA:56,0
DA:57,0
DA:58,0
DA:59,0
DA:60,0
DA:61,0
DA:63,0
DA:64,0
DA:65,0
DA:66,0
DA:67,0
DA:71,0
DA:72,0
DA:73,0
DA:74,0
DA:75,0
DA:76,0
DA:77,0
DA:78,0
DA:79,0
DA:83,0
DA:84,0
DA:85,0
DA:86,0
DA:87,0
DA:88,0
DA:90,0
DA:91,0
DA:92,0
DA:93,0
DA:94,0
DA:98,0
DA:99,0
DA:100,0
DA:101,0
DA:102,0
DA:103,0
DA:105,0
DA:109,0
DA:110,0
DA:111,0
DA:112,0
DA:113,0
DA:114,0
DA:116,0
DA:117,0
DA:118,0
DA:119,0
DA:120,0
DA:125,0
DA:126,0
DA:129,0
DA:130,0
DA:133,0
DA:134,0
DA:135,0
DA:136,0
DA:139,0
DA:140,0
DA:142,0
DA:143,0
DA:144,0
DA:149,0
DA:151,0
DA:152,0
DA:153,0
DA:154,0
DA:156,0
BRDA:47,17,0,0
BRDA:47,17,1,0
BRDA:49,185,0,0
BRDA:49,185,1,0
BRDA:63,643,0,0
BRDA:63,643,1,0
BRDA:71,900,0,0
BRDA:71,900,1,0
BRDA:71,926,0,0
BRDA:71,926,1,0
BRDA:90,1405,0,0
BRDA:90,1405,1,0
BRDA:98,1665,0,0
BRDA:98,1665,1,0
BRDA:116,2045,0,0
BRDA:116,2045,1,0
FN:260,System.Void PatientAccess.Business.Services.SlotSwapService/<CancelSwapPreferenceAsync>d__7::MoveNext()
FNDA:0,System.Void PatientAccess.Business.Services.SlotSwapService/<CancelSwapPreferenceAsync>d__7::MoveNext()
DA:261,0
DA:263,0
DA:264,0
DA:265,0
DA:266,0
DA:268,0
DA:269,0
DA:270,0
DA:272,0
DA:273,0
DA:274,0
DA:275,0
DA:276,0
DA:277,0
DA:278,0
DA:281,0
DA:282,0
DA:283,0
DA:284,0
DA:285,0
DA:286,0
DA:290,0
DA:291,0
DA:293,0
DA:295,0
DA:296,0
DA:297,0
DA:299,0
DA:301,0
DA:302,0
DA:303,0
DA:304,0
DA:305,0
DA:306,0
DA:308,0
BRDA:272,511,0,0
BRDA:272,511,1,0
BRDA:281,697,0,0
BRDA:281,697,1,0
FN:32,System.Void PatientAccess.Business.Services.SlotSwapService/<ExecuteSwapAsync>d__5::MoveNext()
FNDA:0,System.Void PatientAccess.Business.Services.SlotSwapService/<ExecuteSwapAsync>d__5::MoveNext()
DA:33,0
DA:34,0
DA:35,0
DA:37,0
DA:38,0
DA:40,0
DA:41,0
DA:42,0
DA:43,0
DA:45,0
DA:46,0
DA:48,0
DA:50,0
DA:51,0
DA:53,0
DA:62,0
DA:68,0
DA:69,0
DA:70,0
DA:80,0
DA:81,0
DA:82,0
DA:89,0
DA:95,0
DA:96,0
DA:97,0
DA:104,0
DA:106,0
DA:107,0
DA:108,0
DA:115,0
DA:121,0
DA:122,0
DA:123,0
DA:124,0
DA:127,0
DA:128,0
DA:131,0
DA:132,0
DA:137,0
DA:138,0
DA:141,0
DA:145,0
DA:146,0
DA:147,0
DA:148,0
DA:150,0
DA:155,0
DA:158,0
DA:159,0
DA:160,0
DA:161,0
DA:162,0
DA:163,0
DA:164,0
DA:165,0
DA:166,0
DA:169,0
DA:170,0
DA:171,0
DA:173,0
DA:174,0
DA:175,0
DA:176,0
DA:178,0
DA:179,0
BRDA:37,860,1,0
BRDA:46,255,0,0
BRDA:46,255,1,0
BRDA:161,530,0,0
BRDA:161,530,1,0
BRDA:37,860,0,0
FN:186,System.Void PatientAccess.Business.Services.SlotSwapService/<ProcessPendingSwapsAsync>d__6::MoveNext()
FNDA:0,System.Void PatientAccess.Business.Services.SlotSwapService/<ProcessPendingSwapsAsync>d__6::MoveNext()
DA:187,0
DA:189,0
DA:190,0
DA:194,0
DA:195,0
DA:196,0
DA:197,0
DA:198,0
DA:199,0
DA:200,0
DA:201,0
DA:203,0
DA:204,0
DA:205,0
DA:207,0
DA:209,0
DA:210,0
DA:212,0
DA:213,0
DA:214,0
DA:215,0
DA:216,0
DA:217,0
DA:218,0
DA:220,0
DA:221,0
DA:223,0
DA:224,0
DA:225,0
DA:226,0
DA:227,0
DA:228,0
DA:229,0
DA:230,0
DA:231,0
DA:232,0
DA:233,0
DA:234,0
DA:236,0
DA:237,0
DA:238,0
DA:239,0
DA:240,0
DA:241,0
DA:243,0
DA:244,0
DA:245,0
DA:247,0
DA:249,0
DA:250,0
DA:251,0
DA:252,0
DA:254,0
BRDA:187,26,0,0
BRDA:187,26,1,0
BRDA:209,1781,1,0
BRDA:220,1429,0,0
BRDA:225,1594,0,0
BRDA:225,1594,1,0
BRDA:220,1429,1,0
BRDA:209,1781,0,0
LF:234
LH:0
BRF:40
BRH:0
FNF:6
FNH:0
end_of_record
SF:https://raw.githubusercontent.com/kanini/Propel-Project-Team-12/f57ca3a7adf48b1287d9f043aabce7c8c471000b/src/backend/PatientAccess.Business/Services/SmsService.cs
FN:21,System.Void PatientAccess.Business.Services.SmsService::.ctor(Microsoft.Extensions.Configuration.IConfiguration,Microsoft.Extensions.Logging.ILogger`1<PatientAccess.Business.Services.SmsService>)
FNDA:0,System.Void PatientAccess.Business.Services.SmsService::.ctor(Microsoft.Extensions.Configuration.IConfiguration,Microsoft.Extensions.Logging.ILogger`1<PatientAccess.Business.Services.SmsService>)
DA:22,0
DA:23,0
DA:24,0
DA:27,0
DA:28,0
DA:29,0
DA:30,0
DA:31,0
FN:90,System.Void PatientAccess.Business.Services.SmsService/<SendAppointmentReminderSmsAsync>d__8::MoveNext()
FNDA:0,System.Void PatientAccess.Business.Services.SmsService/<SendAppointmentReminderSmsAsync>d__8::MoveNext()
DA:91,0
DA:93,0
DA:95,0
DA:96,0
DA:97,0
DA:98,0
DA:99,0
DA:100,0
DA:104,0
DA:105,0
DA:106,0
DA:109,0
DA:111,0
DA:112,0
DA:113,0
DA:114,0
DA:115,0
DA:116,0
DA:117,0
DA:118,0
DA:120,0
BRDA:95,40,0,0
BRDA:95,40,1,0
FN:38,System.Void PatientAccess.Business.Services.SmsService/<SendSmsAsync>d__7::MoveNext()
FNDA:0,System.Void PatientAccess.Business.Services.SmsService/<SendSmsAsync>d__7::MoveNext()
DA:39,0
DA:41,0
DA:43,0
DA:44,0
DA:45,0
DA:46,0
DA:50,0
DA:51,0
DA:52,0
DA:53,0
DA:54,0
DA:55,0
DA:56,0
DA:58,0
DA:59,0
DA:70,0
DA:71,0
DA:72,0
DA:74,0
DA:75,0
DA:76,0
DA:77,0
DA:79,0
BRDA:43,52,0,0
BRDA:43,52,1,0
BRDA:50,100,0,0
BRDA:50,100,1,0
BRDA:50,123,0,0
BRDA:50,123,1,0
LF:52
LH:0
BRF:8
BRH:0
FNF:3
FNH:0
end_of_record
SF:https://raw.githubusercontent.com/kanini/Propel-Project-Team-12/f57ca3a7adf48b1287d9f043aabce7c8c471000b/src/backend/PatientAccess.Business/Services/WaitlistNotificationService.cs
FN:33,System.Void PatientAccess.Business.Services.WaitlistNotificationService::.ctor(PatientAccess.Data.PatientAccessDbContext,PatientAccess.Business.Services.IEmailService,PatientAccess.Business.Interfaces.ISmsService,Microsoft.Extensions.Configuration.IConfiguration,Microsoft.Extensions.Logging.ILogger`1<PatientAccess.Business.Services.WaitlistNotificationService>)
FNDA:7,System.Void PatientAccess.Business.Services.WaitlistNotificationService::.ctor(PatientAccess.Data.PatientAccessDbContext,PatientAccess.Business.Services.IEmailService,PatientAccess.Business.Interfaces.ISmsService,Microsoft.Extensions.Configuration.IConfiguration,Microsoft.Extensions.Logging.ILogger`1<PatientAccess.Business.Services.WaitlistNotificationService>)
DA:34,7
DA:35,7
DA:36,7
DA:37,7
DA:38,7
DA:39,7
DA:40,7
FN:64,System.Guid PatientAccess.Business.Services.WaitlistNotificationService/<>c::<DetectAvailableSlotsAsync>b__6_0(<>f__AnonymousType18`2<System.Guid,System.Guid>)
FNDA:1,System.Guid PatientAccess.Business.Services.WaitlistNotificationService/<>c::<DetectAvailableSlotsAsync>b__6_0(<>f__AnonymousType18`2<System.Guid,System.Guid>)
DA:65,1
FN:65,System.ValueTuple`2<System.Guid,System.Guid> PatientAccess.Business.Services.WaitlistNotificationService/<>c::<DetectAvailableSlotsAsync>b__6_1(System.Linq.IGrouping`2<System.Guid,<>f__AnonymousType18`2<System.Guid,System.Guid>>)
FNDA:1,System.ValueTuple`2<System.Guid,System.Guid> PatientAccess.Business.Services.WaitlistNotificationService/<>c::<DetectAvailableSlotsAsync>b__6_1(System.Linq.IGrouping`2<System.Guid,<>f__AnonymousType18`2<System.Guid,System.Guid>>)
DA:66,1
FN:384,System.Void PatientAccess.Business.Services.WaitlistNotificationService/<CreateNotificationRecord>d__11::MoveNext()
FNDA:0,System.Void PatientAccess.Business.Services.WaitlistNotificationService/<CreateNotificationRecord>d__11::MoveNext()
DA:385,0
DA:386,0
DA:387,0
DA:388,0
DA:389,0
DA:390,0
DA:391,0
DA:392,0
DA:393,0
DA:394,0
DA:395,0
DA:396,0
DA:397,0
DA:399,0
DA:400,0
FN:43,System.Void PatientAccess.Business.Services.WaitlistNotificationService/<DetectAvailableSlotsAsync>d__6::MoveNext()
FNDA:2,System.Void PatientAccess.Business.Services.WaitlistNotificationService/<DetectAvailableSlotsAsync>d__6::MoveNext()
DA:44,2
DA:45,2
DA:48,2
DA:49,2
DA:50,2
DA:51,2
DA:52,2
DA:53,2
DA:54,2
DA:55,2
DA:56,2
DA:57,2
DA:58,2
DA:59,2
DA:60,2
DA:61,2
DA:64,2
DA:67,2
DA:69,2
DA:70,2
DA:71,2
FN:74,System.Void PatientAccess.Business.Services.WaitlistNotificationService/<NotifyNextPatientAsync>d__7::MoveNext()
FNDA:2,System.Void PatientAccess.Business.Services.WaitlistNotificationService/<NotifyNextPatientAsync>d__7::MoveNext()
DA:75,2
DA:76,2
DA:79,2
DA:80,2
DA:81,2
DA:83,2
DA:84,0
DA:85,0
DA:86,0
DA:89,2
DA:90,2
DA:91,2
DA:92,2
DA:93,2
DA:94,2
DA:95,2
DA:96,2
DA:97,2
DA:98,2
DA:100,2
DA:101,0
DA:102,0
DA:103,0
DA:107,2
DA:108,2
DA:111,2
DA:114,0
DA:115,0
DA:116,0
DA:117,0
DA:118,0
DA:119,0
DA:122,0
DA:123,0
DA:124,0
DA:126,0
DA:129,0
DA:130,0
DA:132,0
DA:133,0
DA:134,0
DA:135,0
DA:136,0
DA:138,0
DA:139,0
DA:140,0
DA:141,0
DA:142,0
DA:143,0
DA:144,0
DA:145,0
DA:147,0
DA:148,0
DA:149,0
DA:150,0
DA:152,0
DA:154,0
DA:155,0
DA:157,0
DA:158,0
DA:159,0
DA:160,0
DA:161,0
DA:162,0
DA:163,0
DA:164,0
DA:165,0
DA:166,0
DA:168,0
DA:169,0
DA:170,0
DA:172,0
DA:173,0
DA:174,0
DA:175,0
DA:176,0
DA:177,0
DA:178,0
DA:181,0
DA:182,0
DA:183,0
DA:184,0
BRDA:83,491,0,2
BRDA:83,491,1,0
BRDA:83,516,0,0
BRDA:83,516,1,2
BRDA:100,1325,0,0
BRDA:100,1325,1,2
BRDA:122,1605,0,0
BRDA:122,1605,1,0
BRDA:129,1707,0,0
BRDA:129,1707,1,0
BRDA:129,1714,1,0
BRDA:129,1714,0,0
BRDA:129,1732,0,0
BRDA:129,1732,1,0
BRDA:147,2167,1,0
BRDA:147,2167,0,0
BRDA:147,2185,0,0
BRDA:149,2219,0,0
BRDA:149,2219,1,0
BRDA:147,2185,1,0
BRDA:168,2843,0,0
BRDA:168,2843,1,0
FN:187,System.Void PatientAccess.Business.Services.WaitlistNotificationService/<ProcessConfirmAsync>d__8::MoveNext()
FNDA:2,System.Void PatientAccess.Business.Services.WaitlistNotificationService/<ProcessConfirmAsync>d__8::MoveNext()
DA:188,2
DA:189,2
DA:191,2
DA:192,2
DA:193,2
DA:194,2
DA:196,2
DA:197,0
DA:198,0
DA:199,0
DA:202,2
DA:203,0
DA:204,0
DA:205,0
DA:208,2
DA:209,0
DA:210,0
DA:211,0
DA:215,2
DA:216,2
DA:217,1
DA:218,1
DA:221,1
DA:222,1
DA:223,1
DA:224,1
DA:225,1
DA:226,1
DA:227,1
DA:229,1
DA:230,1
DA:231,1
DA:232,1
DA:233,1
DA:237,1
DA:238,1
DA:240,1
DA:241,1
DA:242,1
DA:243,1
DA:244,1
DA:245,1
DA:246,1
DA:247,1
DA:248,1
DA:249,1
DA:250,1
DA:251,1
DA:252,1
DA:255,1
DA:256,1
DA:258,1
DA:260,1
DA:264,1
DA:265,1
DA:266,1
DA:267,0
DA:268,1
DA:269,1
DA:270,1
DA:271,1
DA:273,1
DA:274,1
DA:275,1
DA:276,1
DA:277,1
DA:278,1
DA:279,2
BRDA:196,503,0,0
BRDA:196,503,1,2
BRDA:202,580,0,0
BRDA:202,580,1,2
BRDA:208,680,0,2
BRDA:208,709,0,0
BRDA:208,709,1,2
BRDA:208,680,1,0
BRDA:208,735,0,0
BRDA:208,735,1,2
BRDA:216,970,0,2
BRDA:216,970,1,0
BRDA:216,990,0,1
BRDA:216,990,1,1
BRDA:240,1478,0,1
BRDA:240,1478,1,1
FN:282,System.Void PatientAccess.Business.Services.WaitlistNotificationService/<ProcessDeclineAsync>d__9::MoveNext()
FNDA:1,System.Void PatientAccess.Business.Services.WaitlistNotificationService/<ProcessDeclineAsync>d__9::MoveNext()
DA:283,1
DA:284,1
DA:286,1
DA:287,1
DA:289,1
DA:290,0
DA:291,0
DA:292,0
DA:295,1
DA:296,0
DA:297,0
DA:298,0
DA:301,1
DA:304,1
DA:305,1
DA:306,1
DA:307,1
DA:308,1
DA:309,1
DA:311,1
DA:313,1
DA:316,1
DA:317,1
DA:319,1
DA:320,1
DA:321,1
DA:322,0
DA:323,1
DA:324,1
DA:325,1
DA:326,1
DA:327,1
DA:329,1
DA:330,1
BRDA:289,356,0,0
BRDA:289,356,1,1
BRDA:295,433,0,0
BRDA:295,433,1,1
BRDA:316,855,0,1
BRDA:316,855,1,1
FN:333,System.Void PatientAccess.Business.Services.WaitlistNotificationService/<ProcessTimeoutsAsync>d__10::MoveNext()
FNDA:0,System.Void PatientAccess.Business.Services.WaitlistNotificationService/<ProcessTimeoutsAsync>d__10::MoveNext()
DA:334,0
DA:335,0
DA:337,0
DA:338,0
DA:339,0
DA:340,0
DA:341,0
DA:343,0
DA:345,0
DA:347,0
DA:348,0
DA:349,0
DA:352,0
DA:353,0
DA:354,0
DA:355,0
DA:356,0
DA:357,0
DA:359,0
DA:361,0
DA:364,0
DA:365,0
DA:367,0
DA:368,0
DA:369,0
DA:370,0
DA:371,0
DA:372,0
DA:373,0
DA:374,0
DA:375,0
DA:377,0
DA:378,0
DA:380,0
DA:381,0
DA:382,0
BRDA:347,1135,1,0
BRDA:364,880,0,0
BRDA:364,880,1,0
BRDA:347,1135,0,0
LF:265
LH:135
BRF:48
BRH:17
FNF:9
FNH:7
end_of_record
SF:https://raw.githubusercontent.com/kanini/Propel-Project-Team-12/f57ca3a7adf48b1287d9f043aabce7c8c471000b/src/backend/PatientAccess.Business/Services/WaitlistService.cs
FN:20,System.Void PatientAccess.Business.Services.WaitlistService::.ctor(PatientAccess.Data.PatientAccessDbContext,Microsoft.Extensions.Logging.ILogger`1<PatientAccess.Business.Services.WaitlistService>)
FNDA:0,System.Void PatientAccess.Business.Services.WaitlistService::.ctor(PatientAccess.Data.PatientAccessDbContext,Microsoft.Extensions.Logging.ILogger`1<PatientAccess.Business.Services.WaitlistService>)
DA:21,0
DA:22,0
DA:23,0
DA:24,0
BRDA:22,11,0,0
BRDA:22,11,1,0
BRDA:23,33,0,0
BRDA:23,33,1,0
FN:330,System.Void PatientAccess.Business.Services.WaitlistService/<CalculateQueuePositionAsync>d__7::MoveNext()
FNDA:0,System.Void PatientAccess.Business.Services.WaitlistService/<CalculateQueuePositionAsync>d__7::MoveNext()
DA:331,0
DA:332,0
DA:333,0
DA:334,0
DA:335,0
DA:337,0
DA:338,0
DA:339,0
DA:343,0
DA:344,0
DA:345,0
DA:346,0
DA:347,0
DA:349,0
DA:350,0
BRDA:337,429,0,0
BRDA:337,429,1,0
FN:287,System.Void PatientAccess.Business.Services.WaitlistService/<DeleteWaitlistAsync>d__6::MoveNext()
FNDA:0,System.Void PatientAccess.Business.Services.WaitlistService/<DeleteWaitlistAsync>d__6::MoveNext()
DA:288,0
DA:290,0
DA:291,0
DA:292,0
DA:293,0
DA:296,0
DA:297,0
DA:298,0
DA:299,0
DA:300,0
DA:302,0
DA:303,0
DA:304,0
DA:308,0
DA:309,0
DA:311,0
DA:313,0
DA:314,0
DA:315,0
DA:316,0
DA:317,0
DA:319,0
DA:320,0
DA:321,0
DA:322,0
DA:324,0
BRDA:302,577,0,0
BRDA:302,577,1,0
FN:156,System.Void PatientAccess.Business.Services.WaitlistService/<GetPatientWaitlistAsync>d__4::MoveNext()
FNDA:0,System.Void PatientAccess.Business.Services.WaitlistService/<GetPatientWaitlistAsync>d__4::MoveNext()
DA:157,0
DA:159,0
DA:160,0
DA:164,0
DA:165,0
DA:166,0
DA:167,0
DA:168,0
DA:170,0
DA:171,0
DA:172,0
DA:176,0
DA:177,0
DA:178,0
DA:179,0
DA:181,0
DA:182,0
DA:183,0
DA:184,0
DA:185,0
DA:186,0
DA:187,0
DA:188,0
DA:189,0
DA:190,0
DA:191,0
DA:192,0
DA:193,0
DA:194,0
DA:196,0
DA:197,0
DA:198,0
DA:200,0
DA:202,0
DA:203,0
DA:204,0
DA:205,0
DA:207,0
BRDA:170,588,0,0
BRDA:170,588,1,0
BRDA:177,1028,1,0
BRDA:177,1028,0,0
FN:30,System.Void PatientAccess.Business.Services.WaitlistService/<JoinWaitlistAsync>d__3::MoveNext()
FNDA:0,System.Void PatientAccess.Business.Services.WaitlistService/<JoinWaitlistAsync>d__3::MoveNext()
DA:31,0
DA:33,0
DA:34,0
DA:35,0
DA:36,0
DA:39,0
DA:40,0
DA:41,0
DA:45,0
DA:46,0
DA:47,0
DA:48,0
DA:49,0
DA:50,0
DA:52,0
DA:53,0
DA:55,0
DA:57,0
DA:58,0
DA:59,0
DA:62,0
DA:63,0
DA:64,0
DA:65,0
DA:66,0
DA:67,0
DA:68,0
DA:69,0
DA:70,0
DA:71,0
DA:72,0
DA:73,0
DA:74,0
DA:75,0
DA:76,0
DA:77,0
DA:78,0
DA:79,0
DA:80,0
DA:84,0
DA:85,0
DA:87,0
DA:88,0
DA:89,0
DA:93,0
DA:94,0
DA:95,0
DA:96,0
DA:97,0
DA:98,0
DA:99,0
DA:100,0
DA:101,0
DA:102,0
DA:103,0
DA:104,0
DA:105,0
DA:107,0
DA:108,0
DA:110,0
DA:111,0
DA:112,0
DA:115,0
DA:116,0
DA:117,0
DA:118,0
DA:121,0
DA:123,0
DA:124,0
DA:125,0
DA:126,0
DA:127,0
DA:128,0
DA:129,0
DA:130,0
DA:131,0
DA:132,0
DA:133,0
DA:134,0
DA:135,0
DA:137,0
DA:138,0
DA:139,0
DA:141,0
DA:142,0
DA:143,0
DA:145,0
DA:146,0
DA:147,0
DA:148,0
DA:150,0
BRDA:39,235,0,0
BRDA:39,235,1,0
BRDA:52,767,0,0
BRDA:52,767,1,0
BRDA:87,1587,0,0
BRDA:87,1587,1,0
FN:213,System.Void PatientAccess.Business.Services.WaitlistService/<UpdateWaitlistAsync>d__5::MoveNext()
FNDA:0,System.Void PatientAccess.Business.Services.WaitlistService/<UpdateWaitlistAsync>d__5::MoveNext()
DA:214,0
DA:216,0
DA:217,0
DA:218,0
DA:219,0
DA:222,0
DA:223,0
DA:224,0
DA:228,0
DA:229,0
DA:230,0
DA:231,0
DA:232,0
DA:233,0
DA:235,0
DA:236,0
DA:237,0
DA:241,0
DA:242,0
DA:243,0
DA:244,0
DA:245,0
DA:247,0
DA:249,0
DA:252,0
DA:254,0
DA:255,0
DA:256,0
DA:257,0
DA:258,0
DA:259,0
DA:260,0
DA:261,0
DA:262,0
DA:263,0
DA:264,0
DA:265,0
DA:266,0
DA:268,0
DA:269,0
DA:270,0
DA:272,0
DA:273,0
DA:274,0
DA:276,0
DA:277,0
DA:278,0
DA:279,0
DA:281,0
BRDA:222,193,0,0
BRDA:222,193,1,0
BRDA:235,705,0,0
BRDA:235,705,1,0
LF:223
LH:0
BRF:22
BRH:0
FNF:6
FNH:0
end_of_record