<?xml version="1.0" encoding="utf-8"?>
<CoverageSession>
  <Summary numSequencePoints="4179" visitedSequencePoints="135" numBranchPoints="844" visitedBranchPoints="17" sequenceCoverage="3.23" branchCoverage="2.01" maxCyclomaticComplexity="897" minCyclomaticComplexity="0" visitedClasses="6" numClasses="133" visitedMethods="7" numMethods="169" />
  <Modules>
    <Module hash="6D6B3D65-7B9D-411E-AB5F-4072AB588A8F">
      <ModulePath>PatientAccess.Business.dll</ModulePath>
      <ModuleTime>2026-03-24T09:25:55</ModuleTime>
      <ModuleName>PatientAccess.Business</ModuleName>
      <Files>
        <File uid="1" fullPath="https://raw.githubusercontent.com/kanini/Propel-Project-Team-12/f57ca3a7adf48b1287d9f043aabce7c8c471000b/src/backend/PatientAccess.Business/Services/AdminService.cs" />
        <File uid="2" fullPath="https://raw.githubusercontent.com/kanini/Propel-Project-Team-12/f57ca3a7adf48b1287d9f043aabce7c8c471000b/src/backend/PatientAccess.Business/Services/AppointmentService.cs" />
        <File uid="3" fullPath="https://raw.githubusercontent.com/kanini/Propel-Project-Team-12/f57ca3a7adf48b1287d9f043aabce7c8c471000b/src/backend/PatientAccess.Business/Services/ArrivalManagementService.cs" />
        <File uid="4" fullPath="https://raw.githubusercontent.com/kanini/Propel-Project-Team-12/f57ca3a7adf48b1287d9f043aabce7c8c471000b/src/backend/PatientAccess.Business/Services/AuditLogService.cs" />
        <File uid="5" fullPath="https://raw.githubusercontent.com/kanini/Propel-Project-Team-12/f57ca3a7adf48b1287d9f043aabce7c8c471000b/src/backend/PatientAccess.Business/Services/AuthService.cs" />
        <File uid="6" fullPath="https://raw.githubusercontent.com/kanini/Propel-Project-Team-12/f57ca3a7adf48b1287d9f043aabce7c8c471000b/src/backend/PatientAccess.Business/Services/DashboardService.cs" />
        <File uid="7" fullPath="https://raw.githubusercontent.com/kanini/Propel-Project-Team-12/f57ca3a7adf48b1287d9f043aabce7c8c471000b/src/backend/PatientAccess.Business/Services/DocumentService.cs" />
        <File uid="8" fullPath="https://raw.githubusercontent.com/kanini/Propel-Project-Team-12/f57ca3a7adf48b1287d9f043aabce7c8c471000b/src/backend/PatientAccess.Business/Services/EmailService.cs" />
        <File uid="9" fullPath="https://raw.githubusercontent.com/kanini/Propel-Project-Team-12/f57ca3a7adf48b1287d9f043aabce7c8c471000b/src/backend/PatientAccess.Business/Services/GoogleCalendarService.cs" />
        <File uid="10" fullPath="https://raw.githubusercontent.com/kanini/Propel-Project-Team-12/f57ca3a7adf48b1287d9f043aabce7c8c471000b/src/backend/PatientAccess.Business/Services/JwtTokenService.cs" />
        <File uid="11" fullPath="https://raw.githubusercontent.com/kanini/Propel-Project-Team-12/f57ca3a7adf48b1287d9f043aabce7c8c471000b/src/backend/PatientAccess.Business/Services/NoShowRiskService.cs" />
        <File uid="12" fullPath="https://raw.githubusercontent.com/kanini/Propel-Project-Team-12/f57ca3a7adf48b1287d9f043aabce7c8c471000b/src/backend/PatientAccess.Business/Services/NotificationService.cs" />
        <File uid="13" fullPath="https://raw.githubusercontent.com/kanini/Propel-Project-Team-12/f57ca3a7adf48b1287d9f043aabce7c8c471000b/src/backend/PatientAccess.Business/Services/OutlookCalendarService.cs" />
        <File uid="14" fullPath="https://raw.githubusercontent.com/kanini/Propel-Project-Team-12/f57ca3a7adf48b1287d9f043aabce7c8c471000b/src/backend/PatientAccess.Business/Services/PasswordHashingService.cs" />
        <File uid="15" fullPath="https://raw.githubusercontent.com/kanini/Propel-Project-Team-12/f57ca3a7adf48b1287d9f043aabce7c8c471000b/src/backend/PatientAccess.Business/Services/PatientService.cs" />
        <File uid="16" fullPath="https://raw.githubusercontent.com/kanini/Propel-Project-Team-12/f57ca3a7adf48b1287d9f043aabce7c8c471000b/src/backend/PatientAccess.Business/Services/PdfGenerationService.cs" />
        <File uid="17" fullPath="https://raw.githubusercontent.com/kanini/Propel-Project-Team-12/f57ca3a7adf48b1287d9f043aabce7c8c471000b/src/backend/PatientAccess.Business/Services/ProviderService.cs" />
        <File uid="18" fullPath="https://raw.githubusercontent.com/kanini/Propel-Project-Team-12/f57ca3a7adf48b1287d9f043aabce7c8c471000b/src/backend/PatientAccess.Business/Services/PusherService.cs" />
        <File uid="19" fullPath="https://raw.githubusercontent.com/kanini/Propel-Project-Team-12/f57ca3a7adf48b1287d9f043aabce7c8c471000b/src/backend/PatientAccess.Business/Services/QueueManagementService.cs" />
        <File uid="20" fullPath="https://raw.githubusercontent.com/kanini/Propel-Project-Team-12/f57ca3a7adf48b1287d9f043aabce7c8c471000b/src/backend/PatientAccess.Business/Services/ReminderService.cs" />
        <File uid="21" fullPath="https://raw.githubusercontent.com/kanini/Propel-Project-Team-12/f57ca3a7adf48b1287d9f043aabce7c8c471000b/src/backend/PatientAccess.Business/Services/SessionCacheService.cs" />
        <File uid="22" fullPath="https://raw.githubusercontent.com/kanini/Propel-Project-Team-12/f57ca3a7adf48b1287d9f043aabce7c8c471000b/src/backend/PatientAccess.Business/Services/SlotSwapService.cs" />
        <File uid="23" fullPath="https://raw.githubusercontent.com/kanini/Propel-Project-Team-12/f57ca3a7adf48b1287d9f043aabce7c8c471000b/src/backend/PatientAccess.Business/Services/SmsService.cs" />
        <File uid="24" fullPath="https://raw.githubusercontent.com/kanini/Propel-Project-Team-12/f57ca3a7adf48b1287d9f043aabce7c8c471000b/src/backend/PatientAccess.Business/Services/WaitlistNotificationService.cs" />
        <File uid="25" fullPath="https://raw.githubusercontent.com/kanini/Propel-Project-Team-12/f57ca3a7adf48b1287d9f043aabce7c8c471000b/src/backend/PatientAccess.Business/Services/WaitlistService.cs" />
      </Files>
      <Classes>
        <Class>
          <Summary numSequencePoints="27" visitedSequencePoints="0" numBranchPoints="0" visitedBranchPoints="0" sequenceCoverage="0" branchCoverage="100" maxCyclomaticComplexity="1" minCyclomaticComplexity="1" visitedClasses="0" numClasses="1" visitedMethods="0" numMethods="3" />
          <FullName>PatientAccess.Business.Services.AdminService</FullName>
          <Methods>
            <Method cyclomaticComplexity="1" nPathComplexity="1" sequenceCoverage="0" branchCoverage="100" isConstructor="False" isGetter="False" isSetter="False" isStatic="True">
              <Summary numSequencePoints="13" visitedSequencePoints="0" numBranchPoints="0" visitedBranchPoints="0" sequenceCoverage="0" branchCoverage="100" maxCyclomaticComplexity="1" minCyclomaticComplexity="1" visitedClasses="0" numClasses="0" visitedMethods="0" numMethods="1" />
              <MetadataToken />
              <Name>PatientAccess.Business.DTOs.UserDto PatientAccess.Business.Services.AdminService::MapToUserDto(PatientAccess.Data.Models.User)</Name>
              <FileRef uid="1" />
              <SequencePoints>
                <SequencePoint vc="0" uspid="317" ordinal="0" sl="317" sc="1" el="317" ec="2" bec="0" bev="0" fileid="1" />
                <SequencePoint vc="0" uspid="318" ordinal="1" sl="318" sc="1" el="318" ec="2" bec="0" bev="0" fileid="1" />
                <SequencePoint vc="0" uspid="319" ordinal="2" sl="319" sc="1" el="319" ec="2" bec="0" bev="0" fileid="1" />
                <SequencePoint vc="0" uspid="320" ordinal="3" sl="320" sc="1" el="320" ec="2" bec="0" bev="0" fileid="1" />
                <SequencePoint vc="0" uspid="321" ordinal="4" sl="321" sc="1" el="321" ec="2" bec="0" bev="0" fileid="1" />
                <SequencePoint vc="0" uspid="322" ordinal="5" sl="322" sc="1" el="322" ec="2" bec="0" bev="0" fileid="1" />
                <SequencePoint vc="0" uspid="323" ordinal="6" sl="323" sc="1" el="323" ec="2" bec="0" bev="0" fileid="1" />
                <SequencePoint vc="0" uspid="324" ordinal="7" sl="324" sc="1" el="324" ec="2" bec="0" bev="0" fileid="1" />
                <SequencePoint vc="0" uspid="325" ordinal="8" sl="325" sc="1" el="325" ec="2" bec="0" bev="0" fileid="1" />
                <SequencePoint vc="0" uspid="326" ordinal="9" sl="326" sc="1" el="326" ec="2" bec="0" bev="0" fileid="1" />
                <SequencePoint vc="0" uspid="327" ordinal="10" sl="327" sc="1" el="327" ec="2" bec="0" bev="0" fileid="1" />
                <SequencePoint vc="0" uspid="328" ordinal="11" sl="328" sc="1" el="328" ec="2" bec="0" bev="0" fileid="1" />
                <SequencePoint vc="0" uspid="329" ordinal="12" sl="329" sc="1" el="329" ec="2" bec="0" bev="0" fileid="1" />
              </SequencePoints>
              <BranchPoints />
              <MethodPoint vc="0" uspid="0" p8:type="SequencePoint" ordinal="0" offset="0" sc="0" sl="317" ec="1" el="329" bec="0" bev="0" fileid="1" xmlns:p8="xsi" />
            </Method>
            <Method cyclomaticComplexity="1" nPathComplexity="1" sequenceCoverage="0" branchCoverage="100" isConstructor="False" isGetter="False" isSetter="False" isStatic="True">
              <Summary numSequencePoints="6" visitedSequencePoints="0" numBranchPoints="0" visitedBranchPoints="0" sequenceCoverage="0" branchCoverage="100" maxCyclomaticComplexity="1" minCyclomaticComplexity="1" visitedClasses="0" numClasses="0" visitedMethods="0" numMethods="1" />
              <MetadataToken />
              <Name>System.String PatientAccess.Business.Services.AdminService::GenerateVerificationToken()</Name>
              <FileRef uid="1" />
              <SequencePoints>
                <SequencePoint vc="0" uspid="335" ordinal="0" sl="335" sc="1" el="335" ec="2" bec="0" bev="0" fileid="1" />
                <SequencePoint vc="0" uspid="336" ordinal="1" sl="336" sc="1" el="336" ec="2" bec="0" bev="0" fileid="1" />
                <SequencePoint vc="0" uspid="337" ordinal="2" sl="337" sc="1" el="337" ec="2" bec="0" bev="0" fileid="1" />
                <SequencePoint vc="0" uspid="338" ordinal="3" sl="338" sc="1" el="338" ec="2" bec="0" bev="0" fileid="1" />
                <SequencePoint vc="0" uspid="339" ordinal="4" sl="339" sc="1" el="339" ec="2" bec="0" bev="0" fileid="1" />
                <SequencePoint vc="0" uspid="340" ordinal="5" sl="340" sc="1" el="340" ec="2" bec="0" bev="0" fileid="1" />
              </SequencePoints>
              <BranchPoints />
              <MethodPoint vc="0" uspid="0" p8:type="SequencePoint" ordinal="1" offset="1" sc="0" sl="335" ec="1" el="340" bec="0" bev="0" fileid="1" xmlns:p8="xsi" />
            </Method>
            <Method cyclomaticComplexity="1" nPathComplexity="1" sequenceCoverage="0" branchCoverage="100" isConstructor="True" isGetter="False" isSetter="False" isStatic="True">
              <Summary numSequencePoints="8" visitedSequencePoints="0" numBranchPoints="0" visitedBranchPoints="0" sequenceCoverage="0" branchCoverage="100" maxCyclomaticComplexity="1" minCyclomaticComplexity="1" visitedClasses="0" numClasses="0" visitedMethods="0" numMethods="1" />
              <MetadataToken />
              <Name>System.Void PatientAccess.Business.Services.AdminService::.ctor(PatientAccess.Data.PatientAccessDbContext,PatientAccess.Business.Services.IPasswordHashingService,PatientAccess.Business.Services.IEmailService,PatientAccess.Business.Interfaces.IAuditLogService,Microsoft.Extensions.Logging.ILogger`1&lt;PatientAccess.Business.Services.AdminService&gt;,PatientAccess.Business.Services.ISessionCacheService)</Name>
              <FileRef uid="1" />
              <SequencePoints>
                <SequencePoint vc="0" uspid="30" ordinal="0" sl="30" sc="1" el="30" ec="2" bec="0" bev="0" fileid="1" />
                <SequencePoint vc="0" uspid="31" ordinal="1" sl="31" sc="1" el="31" ec="2" bec="0" bev="0" fileid="1" />
                <SequencePoint vc="0" uspid="32" ordinal="2" sl="32" sc="1" el="32" ec="2" bec="0" bev="0" fileid="1" />
                <SequencePoint vc="0" uspid="33" ordinal="3" sl="33" sc="1" el="33" ec="2" bec="0" bev="0" fileid="1" />
                <SequencePoint vc="0" uspid="34" ordinal="4" sl="34" sc="1" el="34" ec="2" bec="0" bev="0" fileid="1" />
                <SequencePoint vc="0" uspid="35" ordinal="5" sl="35" sc="1" el="35" ec="2" bec="0" bev="0" fileid="1" />
                <SequencePoint vc="0" uspid="36" ordinal="6" sl="36" sc="1" el="36" ec="2" bec="0" bev="0" fileid="1" />
                <SequencePoint vc="0" uspid="37" ordinal="7" sl="37" sc="1" el="37" ec="2" bec="0" bev="0" fileid="1" />
              </SequencePoints>
              <BranchPoints />
              <MethodPoint vc="0" uspid="0" p8:type="SequencePoint" ordinal="2" offset="2" sc="0" sl="30" ec="1" el="37" bec="0" bev="0" fileid="1" xmlns:p8="xsi" />
            </Method>
          </Methods>
        </Class>
        <Class>
          <Summary numSequencePoints="41" visitedSequencePoints="0" numBranchPoints="4" visitedBranchPoints="0" sequenceCoverage="0" branchCoverage="0" maxCyclomaticComplexity="4" minCyclomaticComplexity="4" visitedClasses="0" numClasses="1" visitedMethods="0" numMethods="1" />
          <FullName>PatientAccess.Business.Services.AdminService/&lt;CreateUserAsync&gt;d__7</FullName>
          <Methods>
            <Method cyclomaticComplexity="4" nPathComplexity="4" sequenceCoverage="0" branchCoverage="0" isConstructor="False" isGetter="False" isSetter="False" isStatic="True">
              <Summary numSequencePoints="41" visitedSequencePoints="0" numBranchPoints="4" visitedBranchPoints="0" sequenceCoverage="0" branchCoverage="0" maxCyclomaticComplexity="4" minCyclomaticComplexity="4" visitedClasses="0" numClasses="0" visitedMethods="0" numMethods="1" />
              <MetadataToken />
              <Name>System.Void PatientAccess.Business.Services.AdminService/&lt;CreateUserAsync&gt;d__7::MoveNext()</Name>
              <FileRef uid="1" />
              <SequencePoints>
                <SequencePoint vc="0" uspid="47" ordinal="0" sl="47" sc="1" el="47" ec="2" bec="0" bev="0" fileid="1" />
                <SequencePoint vc="0" uspid="49" ordinal="1" sl="49" sc="1" el="49" ec="2" bec="0" bev="0" fileid="1" />
                <SequencePoint vc="0" uspid="50" ordinal="2" sl="50" sc="1" el="50" ec="2" bec="0" bev="0" fileid="1" />
                <SequencePoint vc="0" uspid="52" ordinal="3" sl="52" sc="1" el="52" ec="2" bec="2" bev="0" fileid="1" />
                <SequencePoint vc="0" uspid="53" ordinal="4" sl="53" sc="1" el="53" ec="2" bec="0" bev="0" fileid="1" />
                <SequencePoint vc="0" uspid="54" ordinal="5" sl="54" sc="1" el="54" ec="2" bec="0" bev="0" fileid="1" />
                <SequencePoint vc="0" uspid="58" ordinal="6" sl="58" sc="1" el="58" ec="2" bec="0" bev="0" fileid="1" />
                <SequencePoint vc="0" uspid="61" ordinal="7" sl="61" sc="1" el="61" ec="2" bec="0" bev="0" fileid="1" />
                <SequencePoint vc="0" uspid="64" ordinal="8" sl="64" sc="1" el="64" ec="2" bec="2" bev="0" fileid="1" />
                <SequencePoint vc="0" uspid="65" ordinal="9" sl="65" sc="1" el="65" ec="2" bec="0" bev="0" fileid="1" />
                <SequencePoint vc="0" uspid="66" ordinal="10" sl="66" sc="1" el="66" ec="2" bec="0" bev="0" fileid="1" />
                <SequencePoint vc="0" uspid="67" ordinal="11" sl="67" sc="1" el="67" ec="2" bec="0" bev="0" fileid="1" />
                <SequencePoint vc="0" uspid="68" ordinal="12" sl="68" sc="1" el="68" ec="2" bec="0" bev="0" fileid="1" />
                <SequencePoint vc="0" uspid="69" ordinal="13" sl="69" sc="1" el="69" ec="2" bec="0" bev="0" fileid="1" />
                <SequencePoint vc="0" uspid="70" ordinal="14" sl="70" sc="1" el="70" ec="2" bec="0" bev="0" fileid="1" />
                <SequencePoint vc="0" uspid="71" ordinal="15" sl="71" sc="1" el="71" ec="2" bec="0" bev="0" fileid="1" />
                <SequencePoint vc="0" uspid="72" ordinal="16" sl="72" sc="1" el="72" ec="2" bec="0" bev="0" fileid="1" />
                <SequencePoint vc="0" uspid="73" ordinal="17" sl="73" sc="1" el="73" ec="2" bec="0" bev="0" fileid="1" />
                <SequencePoint vc="0" uspid="74" ordinal="18" sl="74" sc="1" el="74" ec="2" bec="0" bev="0" fileid="1" />
                <SequencePoint vc="0" uspid="75" ordinal="19" sl="75" sc="1" el="75" ec="2" bec="0" bev="0" fileid="1" />
                <SequencePoint vc="0" uspid="76" ordinal="20" sl="76" sc="1" el="76" ec="2" bec="0" bev="0" fileid="1" />
                <SequencePoint vc="0" uspid="78" ordinal="21" sl="78" sc="1" el="78" ec="2" bec="0" bev="0" fileid="1" />
                <SequencePoint vc="0" uspid="79" ordinal="22" sl="79" sc="1" el="79" ec="2" bec="0" bev="0" fileid="1" />
                <SequencePoint vc="0" uspid="81" ordinal="23" sl="81" sc="1" el="81" ec="2" bec="0" bev="0" fileid="1" />
                <SequencePoint vc="0" uspid="82" ordinal="24" sl="82" sc="1" el="82" ec="2" bec="0" bev="0" fileid="1" />
                <SequencePoint vc="0" uspid="83" ordinal="25" sl="83" sc="1" el="83" ec="2" bec="0" bev="0" fileid="1" />
                <SequencePoint vc="0" uspid="86" ordinal="26" sl="86" sc="1" el="86" ec="2" bec="0" bev="0" fileid="1" />
                <SequencePoint vc="0" uspid="87" ordinal="27" sl="87" sc="1" el="87" ec="2" bec="0" bev="0" fileid="1" />
                <SequencePoint vc="0" uspid="88" ordinal="28" sl="88" sc="1" el="88" ec="2" bec="0" bev="0" fileid="1" />
                <SequencePoint vc="0" uspid="89" ordinal="29" sl="89" sc="1" el="89" ec="2" bec="0" bev="0" fileid="1" />
                <SequencePoint vc="0" uspid="90" ordinal="30" sl="90" sc="1" el="90" ec="2" bec="0" bev="0" fileid="1" />
                <SequencePoint vc="0" uspid="91" ordinal="31" sl="91" sc="1" el="91" ec="2" bec="0" bev="0" fileid="1" />
                <SequencePoint vc="0" uspid="92" ordinal="32" sl="92" sc="1" el="92" ec="2" bec="0" bev="0" fileid="1" />
                <SequencePoint vc="0" uspid="93" ordinal="33" sl="93" sc="1" el="93" ec="2" bec="0" bev="0" fileid="1" />
                <SequencePoint vc="0" uspid="94" ordinal="34" sl="94" sc="1" el="94" ec="2" bec="0" bev="0" fileid="1" />
                <SequencePoint vc="0" uspid="95" ordinal="35" sl="95" sc="1" el="95" ec="2" bec="0" bev="0" fileid="1" />
                <SequencePoint vc="0" uspid="96" ordinal="36" sl="96" sc="1" el="96" ec="2" bec="0" bev="0" fileid="1" />
                <SequencePoint vc="0" uspid="97" ordinal="37" sl="97" sc="1" el="97" ec="2" bec="0" bev="0" fileid="1" />
                <SequencePoint vc="0" uspid="100" ordinal="38" sl="100" sc="1" el="100" ec="2" bec="0" bev="0" fileid="1" />
                <SequencePoint vc="0" uspid="102" ordinal="39" sl="102" sc="1" el="102" ec="2" bec="0" bev="0" fileid="1" />
                <SequencePoint vc="0" uspid="103" ordinal="40" sl="103" sc="1" el="103" ec="2" bec="0" bev="0" fileid="1" />
              </SequencePoints>
              <BranchPoints>
                <BranchPoint vc="0" uspid="52" ordinal="0" path="0" offset="397" offsetend="399" sl="52" fileid="1" />
                <BranchPoint vc="0" uspid="52" ordinal="1" path="1" offset="397" offsetend="437" sl="52" fileid="1" />
                <BranchPoint vc="0" uspid="64" ordinal="2" path="0" offset="583" offsetend="585" sl="64" fileid="1" />
                <BranchPoint vc="0" uspid="64" ordinal="3" path="1" offset="583" offsetend="589" sl="64" fileid="1" />
              </BranchPoints>
              <MethodPoint vc="0" uspid="0" p8:type="SequencePoint" ordinal="0" offset="0" sc="0" sl="47" ec="1" el="103" bec="0" bev="0" fileid="1" xmlns:p8="xsi" />
            </Method>
          </Methods>
        </Class>
        <Class>
          <Summary numSequencePoints="44" visitedSequencePoints="0" numBranchPoints="10" visitedBranchPoints="0" sequenceCoverage="0" branchCoverage="0" maxCyclomaticComplexity="10" minCyclomaticComplexity="10" visitedClasses="0" numClasses="1" visitedMethods="0" numMethods="1" />
          <FullName>PatientAccess.Business.Services.AdminService/&lt;DeactivateUserAsync&gt;d__9</FullName>
          <Methods>
            <Method cyclomaticComplexity="10" nPathComplexity="10" sequenceCoverage="0" branchCoverage="0" isConstructor="False" isGetter="False" isSetter="False" isStatic="True">
              <Summary numSequencePoints="44" visitedSequencePoints="0" numBranchPoints="10" visitedBranchPoints="0" sequenceCoverage="0" branchCoverage="0" maxCyclomaticComplexity="10" minCyclomaticComplexity="10" visitedClasses="0" numClasses="0" visitedMethods="0" numMethods="1" />
              <MetadataToken />
              <Name>System.Void PatientAccess.Business.Services.AdminService/&lt;DeactivateUserAsync&gt;d__9::MoveNext()</Name>
              <FileRef uid="1" />
              <SequencePoints>
                <SequencePoint vc="0" uspid="196" ordinal="0" sl="196" sc="1" el="196" ec="2" bec="0" bev="0" fileid="1" />
                <SequencePoint vc="0" uspid="198" ordinal="1" sl="198" sc="1" el="198" ec="2" bec="2" bev="0" fileid="1" />
                <SequencePoint vc="0" uspid="199" ordinal="2" sl="199" sc="1" el="199" ec="2" bec="0" bev="0" fileid="1" />
                <SequencePoint vc="0" uspid="200" ordinal="3" sl="200" sc="1" el="200" ec="2" bec="0" bev="0" fileid="1" />
                <SequencePoint vc="0" uspid="203" ordinal="4" sl="203" sc="1" el="203" ec="2" bec="0" bev="0" fileid="1" />
                <SequencePoint vc="0" uspid="205" ordinal="5" sl="205" sc="1" el="205" ec="2" bec="2" bev="0" fileid="1" />
                <SequencePoint vc="0" uspid="206" ordinal="6" sl="206" sc="1" el="206" ec="2" bec="0" bev="0" fileid="1" />
                <SequencePoint vc="0" uspid="207" ordinal="7" sl="207" sc="1" el="207" ec="2" bec="0" bev="0" fileid="1" />
                <SequencePoint vc="0" uspid="211" ordinal="8" sl="211" sc="1" el="211" ec="2" bec="2" bev="0" fileid="1" />
                <SequencePoint vc="0" uspid="212" ordinal="9" sl="212" sc="1" el="212" ec="2" bec="0" bev="0" fileid="1" />
                <SequencePoint vc="0" uspid="213" ordinal="10" sl="213" sc="1" el="213" ec="2" bec="0" bev="0" fileid="1" />
                <SequencePoint vc="0" uspid="214" ordinal="11" sl="214" sc="1" el="214" ec="2" bec="0" bev="0" fileid="1" />
                <SequencePoint vc="0" uspid="216" ordinal="12" sl="216" sc="1" el="216" ec="2" bec="2" bev="0" fileid="1" />
                <SequencePoint vc="0" uspid="217" ordinal="13" sl="217" sc="1" el="217" ec="2" bec="0" bev="0" fileid="1" />
                <SequencePoint vc="0" uspid="218" ordinal="14" sl="218" sc="1" el="218" ec="2" bec="0" bev="0" fileid="1" />
                <SequencePoint vc="0" uspid="220" ordinal="15" sl="220" sc="1" el="220" ec="2" bec="0" bev="0" fileid="1" />
                <SequencePoint vc="0" uspid="223" ordinal="16" sl="223" sc="1" el="223" ec="2" bec="0" bev="0" fileid="1" />
                <SequencePoint vc="0" uspid="224" ordinal="17" sl="224" sc="1" el="224" ec="2" bec="0" bev="0" fileid="1" />
                <SequencePoint vc="0" uspid="226" ordinal="18" sl="226" sc="1" el="226" ec="2" bec="0" bev="0" fileid="1" />
                <SequencePoint vc="0" uspid="228" ordinal="19" sl="228" sc="1" el="228" ec="2" bec="0" bev="0" fileid="1" />
                <SequencePoint vc="0" uspid="231" ordinal="20" sl="231" sc="1" el="231" ec="2" bec="2" bev="0" fileid="1" />
                <SequencePoint vc="0" uspid="232" ordinal="21" sl="232" sc="1" el="232" ec="2" bec="0" bev="0" fileid="1" />
                <SequencePoint vc="0" uspid="234" ordinal="22" sl="234" sc="1" el="234" ec="2" bec="0" bev="0" fileid="1" />
                <SequencePoint vc="0" uspid="235" ordinal="23" sl="235" sc="1" el="235" ec="2" bec="0" bev="0" fileid="1" />
                <SequencePoint vc="0" uspid="236" ordinal="24" sl="236" sc="1" el="236" ec="2" bec="0" bev="0" fileid="1" />
                <SequencePoint vc="0" uspid="237" ordinal="25" sl="237" sc="1" el="237" ec="2" bec="0" bev="0" fileid="1" />
                <SequencePoint vc="0" uspid="238" ordinal="26" sl="238" sc="1" el="238" ec="2" bec="0" bev="0" fileid="1" />
                <SequencePoint vc="0" uspid="239" ordinal="27" sl="239" sc="1" el="239" ec="2" bec="0" bev="0" fileid="1" />
                <SequencePoint vc="0" uspid="240" ordinal="28" sl="240" sc="1" el="240" ec="2" bec="0" bev="0" fileid="1" />
                <SequencePoint vc="0" uspid="241" ordinal="29" sl="241" sc="1" el="241" ec="2" bec="0" bev="0" fileid="1" />
                <SequencePoint vc="0" uspid="242" ordinal="30" sl="242" sc="1" el="242" ec="2" bec="0" bev="0" fileid="1" />
                <SequencePoint vc="0" uspid="245" ordinal="31" sl="245" sc="1" el="245" ec="2" bec="0" bev="0" fileid="1" />
                <SequencePoint vc="0" uspid="246" ordinal="32" sl="246" sc="1" el="246" ec="2" bec="0" bev="0" fileid="1" />
                <SequencePoint vc="0" uspid="247" ordinal="33" sl="247" sc="1" el="247" ec="2" bec="0" bev="0" fileid="1" />
                <SequencePoint vc="0" uspid="248" ordinal="34" sl="248" sc="1" el="248" ec="2" bec="0" bev="0" fileid="1" />
                <SequencePoint vc="0" uspid="249" ordinal="35" sl="249" sc="1" el="249" ec="2" bec="0" bev="0" fileid="1" />
                <SequencePoint vc="0" uspid="250" ordinal="36" sl="250" sc="1" el="250" ec="2" bec="0" bev="0" fileid="1" />
                <SequencePoint vc="0" uspid="251" ordinal="37" sl="251" sc="1" el="251" ec="2" bec="0" bev="0" fileid="1" />
                <SequencePoint vc="0" uspid="252" ordinal="38" sl="252" sc="1" el="252" ec="2" bec="0" bev="0" fileid="1" />
                <SequencePoint vc="0" uspid="253" ordinal="39" sl="253" sc="1" el="253" ec="2" bec="0" bev="0" fileid="1" />
                <SequencePoint vc="0" uspid="254" ordinal="40" sl="254" sc="1" el="254" ec="2" bec="0" bev="0" fileid="1" />
                <SequencePoint vc="0" uspid="255" ordinal="41" sl="255" sc="1" el="255" ec="2" bec="0" bev="0" fileid="1" />
                <SequencePoint vc="0" uspid="256" ordinal="42" sl="256" sc="1" el="256" ec="2" bec="0" bev="0" fileid="1" />
                <SequencePoint vc="0" uspid="257" ordinal="43" sl="257" sc="1" el="257" ec="2" bec="0" bev="0" fileid="1" />
              </SequencePoints>
              <BranchPoints>
                <BranchPoint vc="0" uspid="198" ordinal="0" path="0" offset="80" offsetend="82" sl="198" fileid="1" />
                <BranchPoint vc="0" uspid="198" ordinal="1" path="1" offset="80" offsetend="94" sl="198" fileid="1" />
                <BranchPoint vc="0" uspid="205" ordinal="2" path="0" offset="266" offsetend="268" sl="205" fileid="1" />
                <BranchPoint vc="0" uspid="205" ordinal="3" path="1" offset="266" offsetend="332" sl="205" fileid="1" />
                <BranchPoint vc="0" uspid="211" ordinal="4" path="0" offset="350" offsetend="355" sl="211" fileid="1" />
                <BranchPoint vc="0" uspid="216" ordinal="6" path="0" offset="683" offsetend="685" sl="216" fileid="1" />
                <BranchPoint vc="0" uspid="216" ordinal="7" path="1" offset="683" offsetend="697" sl="216" fileid="1" />
                <BranchPoint vc="0" uspid="211" ordinal="5" path="1" offset="350" offsetend="698" sl="211" fileid="1" />
                <BranchPoint vc="0" uspid="231" ordinal="8" path="0" offset="932" offsetend="937" sl="231" fileid="1" />
                <BranchPoint vc="0" uspid="231" ordinal="9" path="1" offset="932" offsetend="1193" sl="231" fileid="1" />
              </BranchPoints>
              <MethodPoint vc="0" uspid="0" p8:type="SequencePoint" ordinal="0" offset="0" sc="0" sl="196" ec="1" el="257" bec="0" bev="0" fileid="1" xmlns:p8="xsi" />
            </Method>
          </Methods>
        </Class>
        <Class>
          <Summary numSequencePoints="22" visitedSequencePoints="0" numBranchPoints="10" visitedBranchPoints="0" sequenceCoverage="0" branchCoverage="0" maxCyclomaticComplexity="10" minCyclomaticComplexity="10" visitedClasses="0" numClasses="1" visitedMethods="0" numMethods="1" />
          <FullName>PatientAccess.Business.Services.AdminService/&lt;GetAllUsersAsync&gt;d__10</FullName>
          <Methods>
            <Method cyclomaticComplexity="10" nPathComplexity="10" sequenceCoverage="0" branchCoverage="0" isConstructor="False" isGetter="False" isSetter="False" isStatic="True">
              <Summary numSequencePoints="22" visitedSequencePoints="0" numBranchPoints="10" visitedBranchPoints="0" sequenceCoverage="0" branchCoverage="0" maxCyclomaticComplexity="10" minCyclomaticComplexity="10" visitedClasses="0" numClasses="0" visitedMethods="0" numMethods="1" />
              <MetadataToken />
              <Name>System.Void PatientAccess.Business.Services.AdminService/&lt;GetAllUsersAsync&gt;d__10::MoveNext()</Name>
              <FileRef uid="1" />
              <SequencePoints>
                <SequencePoint vc="0" uspid="266" ordinal="0" sl="266" sc="1" el="266" ec="2" bec="0" bev="0" fileid="1" />
                <SequencePoint vc="0" uspid="267" ordinal="1" sl="267" sc="1" el="267" ec="2" bec="0" bev="0" fileid="1" />
                <SequencePoint vc="0" uspid="270" ordinal="2" sl="270" sc="1" el="270" ec="2" bec="2" bev="0" fileid="1" />
                <SequencePoint vc="0" uspid="271" ordinal="3" sl="271" sc="1" el="271" ec="2" bec="0" bev="0" fileid="1" />
                <SequencePoint vc="0" uspid="272" ordinal="4" sl="272" sc="1" el="272" ec="2" bec="0" bev="0" fileid="1" />
                <SequencePoint vc="0" uspid="273" ordinal="5" sl="273" sc="1" el="273" ec="2" bec="0" bev="0" fileid="1" />
                <SequencePoint vc="0" uspid="274" ordinal="6" sl="274" sc="1" el="274" ec="2" bec="0" bev="0" fileid="1" />
                <SequencePoint vc="0" uspid="275" ordinal="7" sl="275" sc="1" el="275" ec="2" bec="0" bev="0" fileid="1" />
                <SequencePoint vc="0" uspid="276" ordinal="8" sl="276" sc="1" el="276" ec="2" bec="0" bev="0" fileid="1" />
                <SequencePoint vc="0" uspid="279" ordinal="9" sl="279" sc="1" el="279" ec="2" bec="4" bev="0" fileid="1" />
                <SequencePoint vc="0" uspid="280" ordinal="10" sl="280" sc="1" el="280" ec="2" bec="0" bev="0" fileid="1" />
                <SequencePoint vc="0" uspid="281" ordinal="11" sl="281" sc="1" el="281" ec="2" bec="0" bev="0" fileid="1" />
                <SequencePoint vc="0" uspid="282" ordinal="12" sl="282" sc="1" el="282" ec="2" bec="0" bev="0" fileid="1" />
                <SequencePoint vc="0" uspid="285" ordinal="13" sl="285" sc="1" el="285" ec="2" bec="4" bev="0" fileid="1" />
                <SequencePoint vc="0" uspid="286" ordinal="14" sl="286" sc="1" el="286" ec="2" bec="0" bev="0" fileid="1" />
                <SequencePoint vc="0" uspid="287" ordinal="15" sl="287" sc="1" el="287" ec="2" bec="0" bev="0" fileid="1" />
                <SequencePoint vc="0" uspid="288" ordinal="16" sl="288" sc="1" el="288" ec="2" bec="0" bev="0" fileid="1" />
                <SequencePoint vc="0" uspid="291" ordinal="17" sl="291" sc="1" el="291" ec="2" bec="0" bev="0" fileid="1" />
                <SequencePoint vc="0" uspid="292" ordinal="18" sl="292" sc="1" el="292" ec="2" bec="0" bev="0" fileid="1" />
                <SequencePoint vc="0" uspid="293" ordinal="19" sl="293" sc="1" el="293" ec="2" bec="0" bev="0" fileid="1" />
                <SequencePoint vc="0" uspid="295" ordinal="20" sl="295" sc="1" el="295" ec="2" bec="0" bev="0" fileid="1" />
                <SequencePoint vc="0" uspid="296" ordinal="21" sl="296" sc="1" el="296" ec="2" bec="0" bev="0" fileid="1" />
              </SequencePoints>
              <BranchPoints>
                <BranchPoint vc="0" uspid="270" ordinal="0" path="0" offset="72" offsetend="77" sl="270" fileid="1" />
                <BranchPoint vc="0" uspid="270" ordinal="1" path="1" offset="72" offsetend="399" sl="270" fileid="1" />
                <BranchPoint vc="0" uspid="279" ordinal="2" path="0" offset="410" offsetend="412" sl="279" fileid="1" />
                <BranchPoint vc="0" uspid="279" ordinal="3" path="1" offset="410" offsetend="437" sl="279" fileid="1" />
                <BranchPoint vc="0" uspid="279" ordinal="4" path="0" offset="442" offsetend="447" sl="279" fileid="1" />
                <BranchPoint vc="0" uspid="279" ordinal="5" path="1" offset="442" offsetend="594" sl="279" fileid="1" />
                <BranchPoint vc="0" uspid="285" ordinal="6" path="0" offset="605" offsetend="607" sl="285" fileid="1" />
                <BranchPoint vc="0" uspid="285" ordinal="7" path="1" offset="605" offsetend="632" sl="285" fileid="1" />
                <BranchPoint vc="0" uspid="285" ordinal="8" path="0" offset="637" offsetend="642" sl="285" fileid="1" />
                <BranchPoint vc="0" uspid="285" ordinal="9" path="1" offset="637" offsetend="789" sl="285" fileid="1" />
              </BranchPoints>
              <MethodPoint vc="0" uspid="0" p8:type="SequencePoint" ordinal="0" offset="0" sc="0" sl="266" ec="1" el="296" bec="0" bev="0" fileid="1" xmlns:p8="xsi" />
            </Method>
          </Methods>
        </Class>
        <Class>
          <Summary numSequencePoints="7" visitedSequencePoints="0" numBranchPoints="2" visitedBranchPoints="0" sequenceCoverage="0" branchCoverage="0" maxCyclomaticComplexity="2" minCyclomaticComplexity="2" visitedClasses="0" numClasses="1" visitedMethods="0" numMethods="1" />
          <FullName>PatientAccess.Business.Services.AdminService/&lt;GetUserByIdAsync&gt;d__11</FullName>
          <Methods>
            <Method cyclomaticComplexity="2" nPathComplexity="2" sequenceCoverage="0" branchCoverage="0" isConstructor="False" isGetter="False" isSetter="False" isStatic="True">
              <Summary numSequencePoints="7" visitedSequencePoints="0" numBranchPoints="2" visitedBranchPoints="0" sequenceCoverage="0" branchCoverage="0" maxCyclomaticComplexity="2" minCyclomaticComplexity="2" visitedClasses="0" numClasses="0" visitedMethods="0" numMethods="1" />
              <MetadataToken />
              <Name>System.Void PatientAccess.Business.Services.AdminService/&lt;GetUserByIdAsync&gt;d__11::MoveNext()</Name>
              <FileRef uid="1" />
              <SequencePoints>
                <SequencePoint vc="0" uspid="302" ordinal="0" sl="302" sc="1" el="302" ec="2" bec="0" bev="0" fileid="1" />
                <SequencePoint vc="0" uspid="303" ordinal="1" sl="303" sc="1" el="303" ec="2" bec="0" bev="0" fileid="1" />
                <SequencePoint vc="0" uspid="305" ordinal="2" sl="305" sc="1" el="305" ec="2" bec="2" bev="0" fileid="1" />
                <SequencePoint vc="0" uspid="306" ordinal="3" sl="306" sc="1" el="306" ec="2" bec="0" bev="0" fileid="1" />
                <SequencePoint vc="0" uspid="307" ordinal="4" sl="307" sc="1" el="307" ec="2" bec="0" bev="0" fileid="1" />
                <SequencePoint vc="0" uspid="310" ordinal="5" sl="310" sc="1" el="310" ec="2" bec="0" bev="0" fileid="1" />
                <SequencePoint vc="0" uspid="311" ordinal="6" sl="311" sc="1" el="311" ec="2" bec="0" bev="0" fileid="1" />
              </SequencePoints>
              <BranchPoints>
                <BranchPoint vc="0" uspid="305" ordinal="0" path="0" offset="187" offsetend="189" sl="305" fileid="1" />
                <BranchPoint vc="0" uspid="305" ordinal="1" path="1" offset="187" offsetend="253" sl="305" fileid="1" />
              </BranchPoints>
              <MethodPoint vc="0" uspid="0" p8:type="SequencePoint" ordinal="0" offset="0" sc="0" sl="302" ec="1" el="311" bec="0" bev="0" fileid="1" xmlns:p8="xsi" />
            </Method>
          </Methods>
        </Class>
        <Class>
          <Summary numSequencePoints="52" visitedSequencePoints="0" numBranchPoints="14" visitedBranchPoints="0" sequenceCoverage="0" branchCoverage="0" maxCyclomaticComplexity="14" minCyclomaticComplexity="14" visitedClasses="0" numClasses="1" visitedMethods="0" numMethods="1" />
          <FullName>PatientAccess.Business.Services.AdminService/&lt;UpdateUserAsync&gt;d__8</FullName>
          <Methods>
            <Method cyclomaticComplexity="14" nPathComplexity="14" sequenceCoverage="0" branchCoverage="0" isConstructor="False" isGetter="False" isSetter="False" isStatic="True">
              <Summary numSequencePoints="52" visitedSequencePoints="0" numBranchPoints="14" visitedBranchPoints="0" sequenceCoverage="0" branchCoverage="0" maxCyclomaticComplexity="14" minCyclomaticComplexity="14" visitedClasses="0" numClasses="0" visitedMethods="0" numMethods="1" />
              <MetadataToken />
              <Name>System.Void PatientAccess.Business.Services.AdminService/&lt;UpdateUserAsync&gt;d__8::MoveNext()</Name>
              <FileRef uid="1" />
              <SequencePoints>
                <SequencePoint vc="0" uspid="114" ordinal="0" sl="114" sc="1" el="114" ec="2" bec="0" bev="0" fileid="1" />
                <SequencePoint vc="0" uspid="115" ordinal="1" sl="115" sc="1" el="115" ec="2" bec="0" bev="0" fileid="1" />
                <SequencePoint vc="0" uspid="117" ordinal="2" sl="117" sc="1" el="117" ec="2" bec="2" bev="0" fileid="1" />
                <SequencePoint vc="0" uspid="118" ordinal="3" sl="118" sc="1" el="118" ec="2" bec="0" bev="0" fileid="1" />
                <SequencePoint vc="0" uspid="119" ordinal="4" sl="119" sc="1" el="119" ec="2" bec="0" bev="0" fileid="1" />
                <SequencePoint vc="0" uspid="123" ordinal="5" sl="123" sc="1" el="123" ec="2" bec="0" bev="0" fileid="1" />
                <SequencePoint vc="0" uspid="126" ordinal="6" sl="126" sc="1" el="126" ec="2" bec="2" bev="0" fileid="1" />
                <SequencePoint vc="0" uspid="127" ordinal="7" sl="127" sc="1" el="127" ec="2" bec="0" bev="0" fileid="1" />
                <SequencePoint vc="0" uspid="128" ordinal="8" sl="128" sc="1" el="128" ec="2" bec="0" bev="0" fileid="1" />
                <SequencePoint vc="0" uspid="129" ordinal="9" sl="129" sc="1" el="129" ec="2" bec="0" bev="0" fileid="1" />
                <SequencePoint vc="0" uspid="130" ordinal="10" sl="130" sc="1" el="130" ec="2" bec="0" bev="0" fileid="1" />
                <SequencePoint vc="0" uspid="132" ordinal="11" sl="132" sc="1" el="132" ec="2" bec="2" bev="0" fileid="1" />
                <SequencePoint vc="0" uspid="133" ordinal="12" sl="133" sc="1" el="133" ec="2" bec="0" bev="0" fileid="1" />
                <SequencePoint vc="0" uspid="135" ordinal="13" sl="135" sc="1" el="135" ec="2" bec="0" bev="0" fileid="1" />
                <SequencePoint vc="0" uspid="136" ordinal="14" sl="136" sc="1" el="136" ec="2" bec="0" bev="0" fileid="1" />
                <SequencePoint vc="0" uspid="138" ordinal="15" sl="138" sc="1" el="138" ec="2" bec="2" bev="0" fileid="1" />
                <SequencePoint vc="0" uspid="139" ordinal="16" sl="139" sc="1" el="139" ec="2" bec="0" bev="0" fileid="1" />
                <SequencePoint vc="0" uspid="140" ordinal="17" sl="140" sc="1" el="140" ec="2" bec="0" bev="0" fileid="1" />
                <SequencePoint vc="0" uspid="143" ordinal="18" sl="143" sc="1" el="143" ec="2" bec="0" bev="0" fileid="1" />
                <SequencePoint vc="0" uspid="144" ordinal="19" sl="144" sc="1" el="144" ec="2" bec="0" bev="0" fileid="1" />
                <SequencePoint vc="0" uspid="145" ordinal="20" sl="145" sc="1" el="145" ec="2" bec="0" bev="0" fileid="1" />
                <SequencePoint vc="0" uspid="147" ordinal="21" sl="147" sc="1" el="147" ec="2" bec="2" bev="0" fileid="1" />
                <SequencePoint vc="0" uspid="148" ordinal="22" sl="148" sc="1" el="148" ec="2" bec="0" bev="0" fileid="1" />
                <SequencePoint vc="0" uspid="149" ordinal="23" sl="149" sc="1" el="149" ec="2" bec="0" bev="0" fileid="1" />
                <SequencePoint vc="0" uspid="150" ordinal="24" sl="150" sc="1" el="150" ec="2" bec="0" bev="0" fileid="1" />
                <SequencePoint vc="0" uspid="151" ordinal="25" sl="151" sc="1" el="151" ec="2" bec="0" bev="0" fileid="1" />
                <SequencePoint vc="0" uspid="153" ordinal="26" sl="153" sc="1" el="153" ec="2" bec="2" bev="0" fileid="1" />
                <SequencePoint vc="0" uspid="154" ordinal="27" sl="154" sc="1" el="154" ec="2" bec="0" bev="0" fileid="1" />
                <SequencePoint vc="0" uspid="155" ordinal="28" sl="155" sc="1" el="155" ec="2" bec="0" bev="0" fileid="1" />
                <SequencePoint vc="0" uspid="156" ordinal="29" sl="156" sc="1" el="156" ec="2" bec="0" bev="0" fileid="1" />
                <SequencePoint vc="0" uspid="157" ordinal="30" sl="157" sc="1" el="157" ec="2" bec="0" bev="0" fileid="1" />
                <SequencePoint vc="0" uspid="159" ordinal="31" sl="159" sc="1" el="159" ec="2" bec="2" bev="0" fileid="1" />
                <SequencePoint vc="0" uspid="160" ordinal="32" sl="160" sc="1" el="160" ec="2" bec="0" bev="0" fileid="1" />
                <SequencePoint vc="0" uspid="161" ordinal="33" sl="161" sc="1" el="161" ec="2" bec="0" bev="0" fileid="1" />
                <SequencePoint vc="0" uspid="162" ordinal="34" sl="162" sc="1" el="162" ec="2" bec="0" bev="0" fileid="1" />
                <SequencePoint vc="0" uspid="163" ordinal="35" sl="163" sc="1" el="163" ec="2" bec="0" bev="0" fileid="1" />
                <SequencePoint vc="0" uspid="165" ordinal="36" sl="165" sc="1" el="165" ec="2" bec="0" bev="0" fileid="1" />
                <SequencePoint vc="0" uspid="167" ordinal="37" sl="167" sc="1" el="167" ec="2" bec="0" bev="0" fileid="1" />
                <SequencePoint vc="0" uspid="169" ordinal="38" sl="169" sc="1" el="169" ec="2" bec="0" bev="0" fileid="1" />
                <SequencePoint vc="0" uspid="172" ordinal="39" sl="172" sc="1" el="172" ec="2" bec="0" bev="0" fileid="1" />
                <SequencePoint vc="0" uspid="173" ordinal="40" sl="173" sc="1" el="173" ec="2" bec="0" bev="0" fileid="1" />
                <SequencePoint vc="0" uspid="174" ordinal="41" sl="174" sc="1" el="174" ec="2" bec="0" bev="0" fileid="1" />
                <SequencePoint vc="0" uspid="175" ordinal="42" sl="175" sc="1" el="175" ec="2" bec="0" bev="0" fileid="1" />
                <SequencePoint vc="0" uspid="176" ordinal="43" sl="176" sc="1" el="176" ec="2" bec="0" bev="0" fileid="1" />
                <SequencePoint vc="0" uspid="177" ordinal="44" sl="177" sc="1" el="177" ec="2" bec="0" bev="0" fileid="1" />
                <SequencePoint vc="0" uspid="178" ordinal="45" sl="178" sc="1" el="178" ec="2" bec="0" bev="0" fileid="1" />
                <SequencePoint vc="0" uspid="179" ordinal="46" sl="179" sc="1" el="179" ec="2" bec="0" bev="0" fileid="1" />
                <SequencePoint vc="0" uspid="180" ordinal="47" sl="180" sc="1" el="180" ec="2" bec="0" bev="0" fileid="1" />
                <SequencePoint vc="0" uspid="181" ordinal="48" sl="181" sc="1" el="181" ec="2" bec="0" bev="0" fileid="1" />
                <SequencePoint vc="0" uspid="182" ordinal="49" sl="182" sc="1" el="182" ec="2" bec="0" bev="0" fileid="1" />
                <SequencePoint vc="0" uspid="184" ordinal="50" sl="184" sc="1" el="184" ec="2" bec="0" bev="0" fileid="1" />
                <SequencePoint vc="0" uspid="185" ordinal="51" sl="185" sc="1" el="185" ec="2" bec="0" bev="0" fileid="1" />
              </SequencePoints>
              <BranchPoints>
                <BranchPoint vc="0" uspid="117" ordinal="0" path="0" offset="274" offsetend="276" sl="117" fileid="1" />
                <BranchPoint vc="0" uspid="117" ordinal="1" path="1" offset="274" offsetend="345" sl="117" fileid="1" />
                <BranchPoint vc="0" uspid="126" ordinal="2" path="0" offset="384" offsetend="386" sl="126" fileid="1" />
                <BranchPoint vc="0" uspid="126" ordinal="3" path="1" offset="384" offsetend="470" sl="126" fileid="1" />
                <BranchPoint vc="0" uspid="132" ordinal="4" path="0" offset="498" offsetend="503" sl="132" fileid="1" />
                <BranchPoint vc="0" uspid="138" ordinal="6" path="0" offset="911" offsetend="913" sl="138" fileid="1" />
                <BranchPoint vc="0" uspid="138" ordinal="7" path="1" offset="911" offsetend="951" sl="138" fileid="1" />
                <BranchPoint vc="0" uspid="132" ordinal="5" path="1" offset="498" offsetend="1039" sl="132" fileid="1" />
                <BranchPoint vc="0" uspid="147" ordinal="8" path="0" offset="1068" offsetend="1070" sl="147" fileid="1" />
                <BranchPoint vc="0" uspid="147" ordinal="9" path="1" offset="1068" offsetend="1188" sl="147" fileid="1" />
                <BranchPoint vc="0" uspid="153" ordinal="10" path="0" offset="1216" offsetend="1218" sl="153" fileid="1" />
                <BranchPoint vc="0" uspid="153" ordinal="11" path="1" offset="1216" offsetend="1302" sl="153" fileid="1" />
                <BranchPoint vc="0" uspid="159" ordinal="12" path="0" offset="1331" offsetend="1333" sl="159" fileid="1" />
                <BranchPoint vc="0" uspid="159" ordinal="13" path="1" offset="1331" offsetend="1451" sl="159" fileid="1" />
              </BranchPoints>
              <MethodPoint vc="0" uspid="0" p8:type="SequencePoint" ordinal="0" offset="0" sc="0" sl="114" ec="1" el="185" bec="0" bev="0" fileid="1" xmlns:p8="xsi" />
            </Method>
          </Methods>
        </Class>
        <Class>
          <Summary numSequencePoints="20" visitedSequencePoints="0" numBranchPoints="12" visitedBranchPoints="0" sequenceCoverage="0" branchCoverage="0" maxCyclomaticComplexity="6" minCyclomaticComplexity="1" visitedClasses="0" numClasses="1" visitedMethods="0" numMethods="3" />
          <FullName>PatientAccess.Business.Services.AppointmentService</FullName>
          <Methods>
            <Method cyclomaticComplexity="1" nPathComplexity="1" sequenceCoverage="0" branchCoverage="100" isConstructor="False" isGetter="False" isSetter="False" isStatic="True">
              <Summary numSequencePoints="3" visitedSequencePoints="0" numBranchPoints="0" visitedBranchPoints="0" sequenceCoverage="0" branchCoverage="100" maxCyclomaticComplexity="1" minCyclomaticComplexity="1" visitedClasses="0" numClasses="0" visitedMethods="0" numMethods="1" />
              <MetadataToken />
              <Name>System.String PatientAccess.Business.Services.AppointmentService::GenerateConfirmationNumber()</Name>
              <FileRef uid="2" />
              <SequencePoints>
                <SequencePoint vc="0" uspid="384" ordinal="0" sl="384" sc="1" el="384" ec="2" bec="0" bev="0" fileid="2" />
                <SequencePoint vc="0" uspid="385" ordinal="1" sl="385" sc="1" el="385" ec="2" bec="0" bev="0" fileid="2" />
                <SequencePoint vc="0" uspid="386" ordinal="2" sl="386" sc="1" el="386" ec="2" bec="0" bev="0" fileid="2" />
              </SequencePoints>
              <BranchPoints />
              <MethodPoint vc="0" uspid="0" p8:type="SequencePoint" ordinal="0" offset="0" sc="0" sl="384" ec="1" el="386" bec="0" bev="0" fileid="2" xmlns:p8="xsi" />
            </Method>
            <Method cyclomaticComplexity="6" nPathComplexity="6" sequenceCoverage="0" branchCoverage="0" isConstructor="False" isGetter="False" isSetter="False" isStatic="True">
              <Summary numSequencePoints="10" visitedSequencePoints="0" numBranchPoints="6" visitedBranchPoints="0" sequenceCoverage="0" branchCoverage="0" maxCyclomaticComplexity="6" minCyclomaticComplexity="6" visitedClasses="0" numClasses="0" visitedMethods="0" numMethods="1" />
              <MetadataToken />
              <Name>System.Boolean PatientAccess.Business.Services.AppointmentService::IsDeadlockException(System.Exception)</Name>
              <FileRef uid="2" />
              <SequencePoints>
                <SequencePoint vc="0" uspid="393" ordinal="0" sl="393" sc="1" el="393" ec="2" bec="0" bev="0" fileid="2" />
                <SequencePoint vc="0" uspid="395" ordinal="1" sl="395" sc="1" el="395" ec="2" bec="0" bev="0" fileid="2" />
                <SequencePoint vc="0" uspid="396" ordinal="2" sl="396" sc="1" el="396" ec="2" bec="4" bev="0" fileid="2" />
                <SequencePoint vc="0" uspid="397" ordinal="3" sl="397" sc="1" el="397" ec="2" bec="0" bev="0" fileid="2" />
                <SequencePoint vc="0" uspid="398" ordinal="4" sl="398" sc="1" el="398" ec="2" bec="0" bev="0" fileid="2" />
                <SequencePoint vc="0" uspid="402" ordinal="5" sl="402" sc="1" el="402" ec="2" bec="2" bev="0" fileid="2" />
                <SequencePoint vc="0" uspid="403" ordinal="6" sl="403" sc="1" el="403" ec="2" bec="0" bev="0" fileid="2" />
                <SequencePoint vc="0" uspid="404" ordinal="7" sl="404" sc="1" el="404" ec="2" bec="0" bev="0" fileid="2" />
                <SequencePoint vc="0" uspid="407" ordinal="8" sl="407" sc="1" el="407" ec="2" bec="0" bev="0" fileid="2" />
                <SequencePoint vc="0" uspid="408" ordinal="9" sl="408" sc="1" el="408" ec="2" bec="0" bev="0" fileid="2" />
              </SequencePoints>
              <BranchPoints>
                <BranchPoint vc="0" uspid="396" ordinal="0" path="0" offset="9" offsetend="11" sl="396" fileid="2" />
                <BranchPoint vc="0" uspid="396" ordinal="1" path="1" offset="9" offsetend="29" sl="396" fileid="2" />
                <BranchPoint vc="0" uspid="396" ordinal="2" path="0" offset="32" offsetend="34" sl="396" fileid="2" />
                <BranchPoint vc="0" uspid="396" ordinal="3" path="1" offset="32" offsetend="39" sl="396" fileid="2" />
                <BranchPoint vc="0" uspid="402" ordinal="4" path="0" offset="50" offsetend="52" sl="402" fileid="2" />
                <BranchPoint vc="0" uspid="402" ordinal="5" path="1" offset="50" offsetend="68" sl="402" fileid="2" />
              </BranchPoints>
              <MethodPoint vc="0" uspid="0" p8:type="SequencePoint" ordinal="1" offset="1" sc="0" sl="393" ec="1" el="408" bec="0" bev="0" fileid="2" xmlns:p8="xsi" />
            </Method>
            <Method cyclomaticComplexity="6" nPathComplexity="6" sequenceCoverage="0" branchCoverage="0" isConstructor="True" isGetter="False" isSetter="False" isStatic="True">
              <Summary numSequencePoints="7" visitedSequencePoints="0" numBranchPoints="6" visitedBranchPoints="0" sequenceCoverage="0" branchCoverage="0" maxCyclomaticComplexity="6" minCyclomaticComplexity="6" visitedClasses="0" numClasses="0" visitedMethods="0" numMethods="1" />
              <MetadataToken />
              <Name>System.Void PatientAccess.Business.Services.AppointmentService::.ctor(PatientAccess.Data.PatientAccessDbContext,Microsoft.Extensions.Logging.ILogger`1&lt;PatientAccess.Business.Services.AppointmentService&gt;,Microsoft.Extensions.Configuration.IConfiguration,PatientAccess.Business.Interfaces.IReminderService,PatientAccess.Business.Interfaces.INoShowRiskService)</Name>
              <FileRef uid="2" />
              <SequencePoints>
                <SequencePoint vc="0" uspid="36" ordinal="0" sl="36" sc="1" el="36" ec="2" bec="0" bev="0" fileid="2" />
                <SequencePoint vc="0" uspid="37" ordinal="1" sl="37" sc="1" el="37" ec="2" bec="2" bev="0" fileid="2" />
                <SequencePoint vc="0" uspid="38" ordinal="2" sl="38" sc="1" el="38" ec="2" bec="2" bev="0" fileid="2" />
                <SequencePoint vc="0" uspid="39" ordinal="3" sl="39" sc="1" el="39" ec="2" bec="2" bev="0" fileid="2" />
                <SequencePoint vc="0" uspid="40" ordinal="4" sl="40" sc="1" el="40" ec="2" bec="0" bev="0" fileid="2" />
                <SequencePoint vc="0" uspid="41" ordinal="5" sl="41" sc="1" el="41" ec="2" bec="0" bev="0" fileid="2" />
                <SequencePoint vc="0" uspid="42" ordinal="6" sl="42" sc="1" el="42" ec="2" bec="0" bev="0" fileid="2" />
              </SequencePoints>
              <BranchPoints>
                <BranchPoint vc="0" uspid="37" ordinal="0" path="0" offset="11" offsetend="13" sl="37" fileid="2" />
                <BranchPoint vc="0" uspid="37" ordinal="1" path="1" offset="11" offsetend="25" sl="37" fileid="2" />
                <BranchPoint vc="0" uspid="38" ordinal="2" path="0" offset="33" offsetend="35" sl="38" fileid="2" />
                <BranchPoint vc="0" uspid="38" ordinal="3" path="1" offset="33" offsetend="47" sl="38" fileid="2" />
                <BranchPoint vc="0" uspid="39" ordinal="4" path="0" offset="55" offsetend="57" sl="39" fileid="2" />
                <BranchPoint vc="0" uspid="39" ordinal="5" path="1" offset="55" offsetend="69" sl="39" fileid="2" />
              </BranchPoints>
              <MethodPoint vc="0" uspid="0" p8:type="SequencePoint" ordinal="2" offset="2" sc="0" sl="36" ec="1" el="42" bec="0" bev="0" fileid="2" xmlns:p8="xsi" />
            </Method>
          </Methods>
        </Class>
        <Class>
          <Summary numSequencePoints="13" visitedSequencePoints="0" numBranchPoints="0" visitedBranchPoints="0" sequenceCoverage="0" branchCoverage="100" maxCyclomaticComplexity="1" minCyclomaticComplexity="1" visitedClasses="0" numClasses="1" visitedMethods="0" numMethods="3" />
          <FullName>PatientAccess.Business.Services.AppointmentService/&lt;&gt;c</FullName>
          <Methods>
            <Method cyclomaticComplexity="1" nPathComplexity="1" sequenceCoverage="0" branchCoverage="100" isConstructor="False" isGetter="False" isSetter="False" isStatic="True">
              <Summary numSequencePoints="1" visitedSequencePoints="0" numBranchPoints="0" visitedBranchPoints="0" sequenceCoverage="0" branchCoverage="100" maxCyclomaticComplexity="1" minCyclomaticComplexity="1" visitedClasses="0" numClasses="0" visitedMethods="0" numMethods="1" />
              <MetadataToken />
              <Name>System.DateTime PatientAccess.Business.Services.AppointmentService/&lt;&gt;c::&lt;GetMonthlyAvailabilityAsync&gt;b__9_0(&lt;&gt;f__AnonymousType4`4&lt;System.Guid,System.DateTime,System.DateTime,System.Boolean&gt;)</Name>
              <FileRef uid="2" />
              <SequencePoints>
                <SequencePoint vc="0" uspid="77" ordinal="0" sl="77" sc="1" el="77" ec="2" bec="0" bev="0" fileid="2" />
              </SequencePoints>
              <BranchPoints />
              <MethodPoint vc="0" uspid="0" p8:type="SequencePoint" ordinal="0" offset="0" sc="0" sl="77" ec="1" el="77" bec="0" bev="0" fileid="2" xmlns:p8="xsi" />
            </Method>
            <Method cyclomaticComplexity="1" nPathComplexity="1" sequenceCoverage="0" branchCoverage="100" isConstructor="False" isGetter="False" isSetter="False" isStatic="True">
              <Summary numSequencePoints="11" visitedSequencePoints="0" numBranchPoints="0" visitedBranchPoints="0" sequenceCoverage="0" branchCoverage="100" maxCyclomaticComplexity="1" minCyclomaticComplexity="1" visitedClasses="0" numClasses="0" visitedMethods="0" numMethods="1" />
              <MetadataToken />
              <Name>PatientAccess.Business.DTOs.AvailabilityResponseDto PatientAccess.Business.Services.AppointmentService/&lt;&gt;c::&lt;GetMonthlyAvailabilityAsync&gt;b__9_1(System.Linq.IGrouping`2&lt;System.DateTime,&lt;&gt;f__AnonymousType4`4&lt;System.Guid,System.DateTime,System.DateTime,System.Boolean&gt;&gt;)</Name>
              <FileRef uid="2" />
              <SequencePoints>
                <SequencePoint vc="0" uspid="78" ordinal="0" sl="78" sc="1" el="78" ec="2" bec="0" bev="0" fileid="2" />
                <SequencePoint vc="0" uspid="79" ordinal="1" sl="79" sc="1" el="79" ec="2" bec="0" bev="0" fileid="2" />
                <SequencePoint vc="0" uspid="80" ordinal="2" sl="80" sc="1" el="80" ec="2" bec="0" bev="0" fileid="2" />
                <SequencePoint vc="0" uspid="81" ordinal="3" sl="81" sc="1" el="81" ec="2" bec="0" bev="0" fileid="2" />
                <SequencePoint vc="0" uspid="82" ordinal="4" sl="82" sc="1" el="82" ec="2" bec="0" bev="0" fileid="2" />
                <SequencePoint vc="0" uspid="83" ordinal="5" sl="83" sc="1" el="83" ec="2" bec="0" bev="0" fileid="2" />
                <SequencePoint vc="0" uspid="84" ordinal="6" sl="84" sc="1" el="84" ec="2" bec="0" bev="0" fileid="2" />
                <SequencePoint vc="0" uspid="85" ordinal="7" sl="85" sc="1" el="85" ec="2" bec="0" bev="0" fileid="2" />
                <SequencePoint vc="0" uspid="86" ordinal="8" sl="86" sc="1" el="86" ec="2" bec="0" bev="0" fileid="2" />
                <SequencePoint vc="0" uspid="87" ordinal="9" sl="87" sc="1" el="87" ec="2" bec="0" bev="0" fileid="2" />
                <SequencePoint vc="0" uspid="88" ordinal="10" sl="88" sc="1" el="88" ec="2" bec="0" bev="0" fileid="2" />
              </SequencePoints>
              <BranchPoints />
              <MethodPoint vc="0" uspid="0" p8:type="SequencePoint" ordinal="1" offset="1" sc="0" sl="78" ec="1" el="88" bec="0" bev="0" fileid="2" xmlns:p8="xsi" />
            </Method>
            <Method cyclomaticComplexity="1" nPathComplexity="1" sequenceCoverage="0" branchCoverage="100" isConstructor="False" isGetter="False" isSetter="False" isStatic="True">
              <Summary numSequencePoints="1" visitedSequencePoints="0" numBranchPoints="0" visitedBranchPoints="0" sequenceCoverage="0" branchCoverage="100" maxCyclomaticComplexity="1" minCyclomaticComplexity="1" visitedClasses="0" numClasses="0" visitedMethods="0" numMethods="1" />
              <MetadataToken />
              <Name>System.DateTime PatientAccess.Business.Services.AppointmentService/&lt;&gt;c::&lt;GetMonthlyAvailabilityAsync&gt;b__9_2(PatientAccess.Business.DTOs.AvailabilityResponseDto)</Name>
              <FileRef uid="2" />
              <SequencePoints>
                <SequencePoint vc="0" uspid="89" ordinal="0" sl="89" sc="1" el="89" ec="2" bec="0" bev="0" fileid="2" />
              </SequencePoints>
              <BranchPoints />
              <MethodPoint vc="0" uspid="0" p8:type="SequencePoint" ordinal="2" offset="2" sc="0" sl="89" ec="1" el="89" bec="0" bev="0" fileid="2" xmlns:p8="xsi" />
            </Method>
          </Methods>
        </Class>
        <Class>
          <Summary numSequencePoints="117" visitedSequencePoints="0" numBranchPoints="26" visitedBranchPoints="0" sequenceCoverage="0" branchCoverage="0" maxCyclomaticComplexity="26" minCyclomaticComplexity="26" visitedClasses="0" numClasses="1" visitedMethods="0" numMethods="1" />
          <FullName>PatientAccess.Business.Services.AppointmentService/&lt;&gt;c__DisplayClass11_0/&lt;&lt;CreateAppointmentAsync&gt;b__0&gt;d</FullName>
          <Methods>
            <Method cyclomaticComplexity="26" nPathComplexity="26" sequenceCoverage="0" branchCoverage="0" isConstructor="False" isGetter="False" isSetter="False" isStatic="True">
              <Summary numSequencePoints="117" visitedSequencePoints="0" numBranchPoints="26" visitedBranchPoints="0" sequenceCoverage="0" branchCoverage="0" maxCyclomaticComplexity="26" minCyclomaticComplexity="26" visitedClasses="0" numClasses="0" visitedMethods="0" numMethods="1" />
              <MetadataToken />
              <Name>System.Void PatientAccess.Business.Services.AppointmentService/&lt;&gt;c__DisplayClass11_0/&lt;&lt;CreateAppointmentAsync&gt;b__0&gt;d::MoveNext()</Name>
              <FileRef uid="2" />
              <SequencePoints>
                <SequencePoint vc="0" uspid="176" ordinal="0" sl="176" sc="1" el="176" ec="2" bec="2" bev="0" fileid="2" />
                <SequencePoint vc="0" uspid="178" ordinal="1" sl="178" sc="1" el="178" ec="2" bec="0" bev="0" fileid="2" />
                <SequencePoint vc="0" uspid="181" ordinal="2" sl="181" sc="1" el="181" ec="2" bec="0" bev="0" fileid="2" />
                <SequencePoint vc="0" uspid="183" ordinal="3" sl="183" sc="1" el="183" ec="2" bec="0" bev="0" fileid="2" />
                <SequencePoint vc="0" uspid="184" ordinal="4" sl="184" sc="1" el="184" ec="2" bec="0" bev="0" fileid="2" />
                <SequencePoint vc="0" uspid="185" ordinal="5" sl="185" sc="1" el="185" ec="2" bec="0" bev="0" fileid="2" />
                <SequencePoint vc="0" uspid="187" ordinal="6" sl="187" sc="1" el="187" ec="2" bec="2" bev="0" fileid="2" />
                <SequencePoint vc="0" uspid="188" ordinal="7" sl="188" sc="1" el="188" ec="2" bec="0" bev="0" fileid="2" />
                <SequencePoint vc="0" uspid="189" ordinal="8" sl="189" sc="1" el="189" ec="2" bec="0" bev="0" fileid="2" />
                <SequencePoint vc="0" uspid="193" ordinal="9" sl="193" sc="1" el="193" ec="2" bec="2" bev="0" fileid="2" />
                <SequencePoint vc="0" uspid="194" ordinal="10" sl="194" sc="1" el="194" ec="2" bec="0" bev="0" fileid="2" />
                <SequencePoint vc="0" uspid="195" ordinal="11" sl="195" sc="1" el="195" ec="2" bec="0" bev="0" fileid="2" />
                <SequencePoint vc="0" uspid="196" ordinal="12" sl="196" sc="1" el="196" ec="2" bec="0" bev="0" fileid="2" />
                <SequencePoint vc="0" uspid="197" ordinal="13" sl="197" sc="1" el="197" ec="2" bec="0" bev="0" fileid="2" />
                <SequencePoint vc="0" uspid="198" ordinal="14" sl="198" sc="1" el="198" ec="2" bec="0" bev="0" fileid="2" />
                <SequencePoint vc="0" uspid="199" ordinal="15" sl="199" sc="1" el="199" ec="2" bec="0" bev="0" fileid="2" />
                <SequencePoint vc="0" uspid="203" ordinal="16" sl="203" sc="1" el="203" ec="2" bec="0" bev="0" fileid="2" />
                <SequencePoint vc="0" uspid="204" ordinal="17" sl="204" sc="1" el="204" ec="2" bec="0" bev="0" fileid="2" />
                <SequencePoint vc="0" uspid="207" ordinal="18" sl="207" sc="1" el="207" ec="2" bec="0" bev="0" fileid="2" />
                <SequencePoint vc="0" uspid="208" ordinal="19" sl="208" sc="1" el="208" ec="2" bec="0" bev="0" fileid="2" />
                <SequencePoint vc="0" uspid="209" ordinal="20" sl="209" sc="1" el="209" ec="2" bec="0" bev="0" fileid="2" />
                <SequencePoint vc="0" uspid="210" ordinal="21" sl="210" sc="1" el="210" ec="2" bec="0" bev="0" fileid="2" />
                <SequencePoint vc="0" uspid="211" ordinal="22" sl="211" sc="1" el="211" ec="2" bec="0" bev="0" fileid="2" />
                <SequencePoint vc="0" uspid="212" ordinal="23" sl="212" sc="1" el="212" ec="2" bec="0" bev="0" fileid="2" />
                <SequencePoint vc="0" uspid="213" ordinal="24" sl="213" sc="1" el="213" ec="2" bec="0" bev="0" fileid="2" />
                <SequencePoint vc="0" uspid="214" ordinal="25" sl="214" sc="1" el="214" ec="2" bec="0" bev="0" fileid="2" />
                <SequencePoint vc="0" uspid="215" ordinal="26" sl="215" sc="1" el="215" ec="2" bec="0" bev="0" fileid="2" />
                <SequencePoint vc="0" uspid="216" ordinal="27" sl="216" sc="1" el="216" ec="2" bec="0" bev="0" fileid="2" />
                <SequencePoint vc="0" uspid="217" ordinal="28" sl="217" sc="1" el="217" ec="2" bec="0" bev="0" fileid="2" />
                <SequencePoint vc="0" uspid="218" ordinal="29" sl="218" sc="1" el="218" ec="2" bec="0" bev="0" fileid="2" />
                <SequencePoint vc="0" uspid="219" ordinal="30" sl="219" sc="1" el="219" ec="2" bec="0" bev="0" fileid="2" />
                <SequencePoint vc="0" uspid="220" ordinal="31" sl="220" sc="1" el="220" ec="2" bec="0" bev="0" fileid="2" />
                <SequencePoint vc="0" uspid="221" ordinal="32" sl="221" sc="1" el="221" ec="2" bec="0" bev="0" fileid="2" />
                <SequencePoint vc="0" uspid="223" ordinal="33" sl="223" sc="1" el="223" ec="2" bec="0" bev="0" fileid="2" />
                <SequencePoint vc="0" uspid="224" ordinal="34" sl="224" sc="1" el="224" ec="2" bec="0" bev="0" fileid="2" />
                <SequencePoint vc="0" uspid="227" ordinal="35" sl="227" sc="1" el="227" ec="2" bec="2" bev="0" fileid="2" />
                <SequencePoint vc="0" uspid="228" ordinal="36" sl="228" sc="1" el="228" ec="2" bec="0" bev="0" fileid="2" />
                <SequencePoint vc="0" uspid="230" ordinal="37" sl="230" sc="1" el="230" ec="2" bec="0" bev="0" fileid="2" />
                <SequencePoint vc="0" uspid="231" ordinal="38" sl="231" sc="1" el="231" ec="2" bec="0" bev="0" fileid="2" />
                <SequencePoint vc="0" uspid="232" ordinal="39" sl="232" sc="1" el="232" ec="2" bec="0" bev="0" fileid="2" />
                <SequencePoint vc="0" uspid="233" ordinal="40" sl="233" sc="1" el="233" ec="2" bec="0" bev="0" fileid="2" />
                <SequencePoint vc="0" uspid="234" ordinal="41" sl="234" sc="1" el="234" ec="2" bec="0" bev="0" fileid="2" />
                <SequencePoint vc="0" uspid="235" ordinal="42" sl="235" sc="1" el="235" ec="2" bec="0" bev="0" fileid="2" />
                <SequencePoint vc="0" uspid="236" ordinal="43" sl="236" sc="1" el="236" ec="2" bec="0" bev="0" fileid="2" />
                <SequencePoint vc="0" uspid="238" ordinal="44" sl="238" sc="1" el="238" ec="2" bec="0" bev="0" fileid="2" />
                <SequencePoint vc="0" uspid="239" ordinal="45" sl="239" sc="1" el="239" ec="2" bec="0" bev="0" fileid="2" />
                <SequencePoint vc="0" uspid="240" ordinal="46" sl="240" sc="1" el="240" ec="2" bec="0" bev="0" fileid="2" />
                <SequencePoint vc="0" uspid="243" ordinal="47" sl="243" sc="1" el="243" ec="2" bec="0" bev="0" fileid="2" />
                <SequencePoint vc="0" uspid="244" ordinal="48" sl="244" sc="1" el="244" ec="2" bec="0" bev="0" fileid="2" />
                <SequencePoint vc="0" uspid="245" ordinal="49" sl="245" sc="1" el="245" ec="2" bec="0" bev="0" fileid="2" />
                <SequencePoint vc="0" uspid="246" ordinal="50" sl="246" sc="1" el="246" ec="2" bec="0" bev="0" fileid="2" />
                <SequencePoint vc="0" uspid="247" ordinal="51" sl="247" sc="1" el="247" ec="2" bec="0" bev="0" fileid="2" />
                <SequencePoint vc="0" uspid="249" ordinal="52" sl="249" sc="1" el="249" ec="2" bec="0" bev="0" fileid="2" />
                <SequencePoint vc="0" uspid="250" ordinal="53" sl="250" sc="1" el="250" ec="2" bec="0" bev="0" fileid="2" />
                <SequencePoint vc="0" uspid="252" ordinal="54" sl="252" sc="1" el="252" ec="2" bec="0" bev="0" fileid="2" />
                <SequencePoint vc="0" uspid="254" ordinal="55" sl="254" sc="1" el="254" ec="2" bec="0" bev="0" fileid="2" />
                <SequencePoint vc="0" uspid="255" ordinal="56" sl="255" sc="1" el="255" ec="2" bec="0" bev="0" fileid="2" />
                <SequencePoint vc="0" uspid="256" ordinal="57" sl="256" sc="1" el="256" ec="2" bec="0" bev="0" fileid="2" />
                <SequencePoint vc="0" uspid="259" ordinal="58" sl="259" sc="1" el="259" ec="2" bec="2" bev="0" fileid="2" />
                <SequencePoint vc="0" uspid="260" ordinal="59" sl="260" sc="1" el="260" ec="2" bec="0" bev="0" fileid="2" />
                <SequencePoint vc="0" uspid="262" ordinal="60" sl="262" sc="1" el="262" ec="2" bec="0" bev="0" fileid="2" />
                <SequencePoint vc="0" uspid="263" ordinal="61" sl="263" sc="1" el="263" ec="2" bec="0" bev="0" fileid="2" />
                <SequencePoint vc="0" uspid="264" ordinal="62" sl="264" sc="1" el="264" ec="2" bec="0" bev="0" fileid="2" />
                <SequencePoint vc="0" uspid="265" ordinal="63" sl="265" sc="1" el="265" ec="2" bec="0" bev="0" fileid="2" />
                <SequencePoint vc="0" uspid="266" ordinal="64" sl="266" sc="1" el="266" ec="2" bec="0" bev="0" fileid="2" />
                <SequencePoint vc="0" uspid="267" ordinal="65" sl="267" sc="1" el="267" ec="2" bec="0" bev="0" fileid="2" />
                <SequencePoint vc="0" uspid="269" ordinal="66" sl="269" sc="1" el="269" ec="2" bec="0" bev="0" fileid="2" />
                <SequencePoint vc="0" uspid="270" ordinal="67" sl="270" sc="1" el="270" ec="2" bec="0" bev="0" fileid="2" />
                <SequencePoint vc="0" uspid="273" ordinal="68" sl="273" sc="1" el="273" ec="2" bec="0" bev="0" fileid="2" />
                <SequencePoint vc="0" uspid="274" ordinal="69" sl="274" sc="1" el="274" ec="2" bec="0" bev="0" fileid="2" />
                <SequencePoint vc="0" uspid="277" ordinal="70" sl="277" sc="1" el="277" ec="2" bec="0" bev="0" fileid="2" />
                <SequencePoint vc="0" uspid="278" ordinal="71" sl="278" sc="1" el="278" ec="2" bec="0" bev="0" fileid="2" />
                <SequencePoint vc="0" uspid="279" ordinal="72" sl="279" sc="1" el="279" ec="2" bec="0" bev="0" fileid="2" />
                <SequencePoint vc="0" uspid="280" ordinal="73" sl="280" sc="1" el="280" ec="2" bec="0" bev="0" fileid="2" />
                <SequencePoint vc="0" uspid="281" ordinal="74" sl="281" sc="1" el="281" ec="2" bec="0" bev="0" fileid="2" />
                <SequencePoint vc="0" uspid="284" ordinal="75" sl="284" sc="1" el="284" ec="2" bec="0" bev="0" fileid="2" />
                <SequencePoint vc="0" uspid="285" ordinal="76" sl="285" sc="1" el="285" ec="2" bec="2" bev="0" fileid="2" />
                <SequencePoint vc="0" uspid="286" ordinal="77" sl="286" sc="1" el="286" ec="2" bec="0" bev="0" fileid="2" />
                <SequencePoint vc="0" uspid="287" ordinal="78" sl="287" sc="1" el="287" ec="2" bec="0" bev="0" fileid="2" />
                <SequencePoint vc="0" uspid="288" ordinal="79" sl="288" sc="1" el="288" ec="2" bec="0" bev="0" fileid="2" />
                <SequencePoint vc="0" uspid="289" ordinal="80" sl="289" sc="1" el="289" ec="2" bec="0" bev="0" fileid="2" />
                <SequencePoint vc="0" uspid="290" ordinal="81" sl="290" sc="1" el="290" ec="2" bec="0" bev="0" fileid="2" />
                <SequencePoint vc="0" uspid="291" ordinal="82" sl="291" sc="1" el="291" ec="2" bec="0" bev="0" fileid="2" />
                <SequencePoint vc="0" uspid="292" ordinal="83" sl="292" sc="1" el="292" ec="2" bec="0" bev="0" fileid="2" />
                <SequencePoint vc="0" uspid="295" ordinal="84" sl="295" sc="1" el="295" ec="2" bec="0" bev="0" fileid="2" />
                <SequencePoint vc="0" uspid="296" ordinal="85" sl="296" sc="1" el="296" ec="2" bec="2" bev="0" fileid="2" />
                <SequencePoint vc="0" uspid="297" ordinal="86" sl="297" sc="1" el="297" ec="2" bec="0" bev="0" fileid="2" />
                <SequencePoint vc="0" uspid="298" ordinal="87" sl="298" sc="1" el="298" ec="2" bec="0" bev="0" fileid="2" />
                <SequencePoint vc="0" uspid="299" ordinal="88" sl="299" sc="1" el="299" ec="2" bec="4" bev="0" fileid="2" />
                <SequencePoint vc="0" uspid="300" ordinal="89" sl="300" sc="1" el="300" ec="2" bec="0" bev="0" fileid="2" />
                <SequencePoint vc="0" uspid="302" ordinal="90" sl="302" sc="1" el="302" ec="2" bec="8" bev="0" fileid="2" />
                <SequencePoint vc="0" uspid="303" ordinal="91" sl="303" sc="1" el="303" ec="2" bec="0" bev="0" fileid="2" />
                <SequencePoint vc="0" uspid="304" ordinal="92" sl="304" sc="1" el="304" ec="2" bec="0" bev="0" fileid="2" />
                <SequencePoint vc="0" uspid="305" ordinal="93" sl="305" sc="1" el="305" ec="2" bec="0" bev="0" fileid="2" />
                <SequencePoint vc="0" uspid="306" ordinal="94" sl="306" sc="1" el="306" ec="2" bec="0" bev="0" fileid="2" />
                <SequencePoint vc="0" uspid="307" ordinal="95" sl="307" sc="1" el="307" ec="2" bec="0" bev="0" fileid="2" />
                <SequencePoint vc="0" uspid="308" ordinal="96" sl="308" sc="1" el="308" ec="2" bec="0" bev="0" fileid="2" />
                <SequencePoint vc="0" uspid="309" ordinal="97" sl="309" sc="1" el="309" ec="2" bec="0" bev="0" fileid="2" />
                <SequencePoint vc="0" uspid="310" ordinal="98" sl="310" sc="1" el="310" ec="2" bec="0" bev="0" fileid="2" />
                <SequencePoint vc="0" uspid="311" ordinal="99" sl="311" sc="1" el="311" ec="2" bec="0" bev="0" fileid="2" />
                <SequencePoint vc="0" uspid="312" ordinal="100" sl="312" sc="1" el="312" ec="2" bec="0" bev="0" fileid="2" />
                <SequencePoint vc="0" uspid="313" ordinal="101" sl="313" sc="1" el="313" ec="2" bec="0" bev="0" fileid="2" />
                <SequencePoint vc="0" uspid="314" ordinal="102" sl="314" sc="1" el="314" ec="2" bec="0" bev="0" fileid="2" />
                <SequencePoint vc="0" uspid="315" ordinal="103" sl="315" sc="1" el="315" ec="2" bec="0" bev="0" fileid="2" />
                <SequencePoint vc="0" uspid="316" ordinal="104" sl="316" sc="1" el="316" ec="2" bec="0" bev="0" fileid="2" />
                <SequencePoint vc="0" uspid="318" ordinal="105" sl="318" sc="1" el="318" ec="2" bec="0" bev="0" fileid="2" />
                <SequencePoint vc="0" uspid="319" ordinal="106" sl="319" sc="1" el="319" ec="2" bec="0" bev="0" fileid="2" />
                <SequencePoint vc="0" uspid="320" ordinal="107" sl="320" sc="1" el="320" ec="2" bec="0" bev="0" fileid="2" />
                <SequencePoint vc="0" uspid="321" ordinal="108" sl="321" sc="1" el="321" ec="2" bec="0" bev="0" fileid="2" />
                <SequencePoint vc="0" uspid="323" ordinal="109" sl="323" sc="1" el="323" ec="2" bec="0" bev="0" fileid="2" />
                <SequencePoint vc="0" uspid="324" ordinal="110" sl="324" sc="1" el="324" ec="2" bec="0" bev="0" fileid="2" />
                <SequencePoint vc="0" uspid="325" ordinal="111" sl="325" sc="1" el="325" ec="2" bec="0" bev="0" fileid="2" />
                <SequencePoint vc="0" uspid="326" ordinal="112" sl="326" sc="1" el="326" ec="2" bec="0" bev="0" fileid="2" />
                <SequencePoint vc="0" uspid="327" ordinal="113" sl="327" sc="1" el="327" ec="2" bec="0" bev="0" fileid="2" />
                <SequencePoint vc="0" uspid="328" ordinal="114" sl="328" sc="1" el="328" ec="2" bec="0" bev="0" fileid="2" />
                <SequencePoint vc="0" uspid="329" ordinal="115" sl="329" sc="1" el="329" ec="2" bec="0" bev="0" fileid="2" />
                <SequencePoint vc="0" uspid="331" ordinal="116" sl="331" sc="1" el="331" ec="2" bec="0" bev="0" fileid="2" />
              </SequencePoints>
              <BranchPoints>
                <BranchPoint vc="0" uspid="176" ordinal="0" path="0" offset="17" offsetend="28" sl="176" fileid="2" />
                <BranchPoint vc="0" uspid="176" ordinal="1" path="1" offset="17" offsetend="184" sl="176" fileid="2" />
                <BranchPoint vc="0" uspid="187" ordinal="2" path="0" offset="673" offsetend="675" sl="187" fileid="2" />
                <BranchPoint vc="0" uspid="187" ordinal="3" path="1" offset="673" offsetend="754" sl="187" fileid="2" />
                <BranchPoint vc="0" uspid="193" ordinal="4" path="0" offset="769" offsetend="774" sl="193" fileid="2" />
                <BranchPoint vc="0" uspid="193" ordinal="5" path="1" offset="769" offsetend="1019" sl="193" fileid="2" />
                <BranchPoint vc="0" uspid="227" ordinal="6" path="0" offset="1454" offsetend="1459" sl="227" fileid="2" />
                <BranchPoint vc="0" uspid="227" ordinal="7" path="1" offset="1454" offsetend="2114" sl="227" fileid="2" />
                <BranchPoint vc="0" uspid="259" ordinal="8" path="0" offset="2327" offsetend="2332" sl="259" fileid="2" />
                <BranchPoint vc="0" uspid="259" ordinal="9" path="1" offset="2327" offsetend="2555" sl="259" fileid="2" />
                <BranchPoint vc="0" uspid="285" ordinal="10" path="0" offset="3204" offsetend="3209" sl="285" fileid="2" />
                <BranchPoint vc="0" uspid="285" ordinal="11" path="1" offset="3204" offsetend="3600" sl="285" fileid="2" />
                <BranchPoint vc="0" uspid="296" ordinal="12" path="0" offset="3636" offsetend="3638" sl="296" fileid="2" />
                <BranchPoint vc="0" uspid="299" ordinal="14" path="0" offset="3689" offsetend="3691" sl="299" fileid="2" />
                <BranchPoint vc="0" uspid="299" ordinal="16" path="0" offset="3709" offsetend="3711" sl="299" fileid="2" />
                <BranchPoint vc="0" uspid="299" ordinal="17" path="1" offset="3709" offsetend="3718" sl="299" fileid="2" />
                <BranchPoint vc="0" uspid="299" ordinal="15" path="1" offset="3689" offsetend="3725" sl="299" fileid="2" />
                <BranchPoint vc="0" uspid="296" ordinal="13" path="1" offset="3636" offsetend="3736" sl="296" fileid="2" />
                <BranchPoint vc="0" uspid="302" ordinal="18" path="0" offset="3795" offsetend="3797" sl="302" fileid="2" />
                <BranchPoint vc="0" uspid="302" ordinal="19" path="1" offset="3795" offsetend="3801" sl="302" fileid="2" />
                <BranchPoint vc="0" uspid="302" ordinal="20" path="0" offset="3807" offsetend="3809" sl="302" fileid="2" />
                <BranchPoint vc="0" uspid="302" ordinal="21" path="1" offset="3807" offsetend="3815" sl="302" fileid="2" />
                <BranchPoint vc="0" uspid="302" ordinal="22" path="0" offset="3829" offsetend="3831" sl="302" fileid="2" />
                <BranchPoint vc="0" uspid="302" ordinal="23" path="1" offset="3829" offsetend="3835" sl="302" fileid="2" />
                <BranchPoint vc="0" uspid="302" ordinal="24" path="0" offset="3841" offsetend="3843" sl="302" fileid="2" />
                <BranchPoint vc="0" uspid="302" ordinal="25" path="1" offset="3841" offsetend="3849" sl="302" fileid="2" />
              </BranchPoints>
              <MethodPoint vc="0" uspid="0" p8:type="SequencePoint" ordinal="0" offset="0" sc="0" sl="176" ec="1" el="331" bec="0" bev="0" fileid="2" xmlns:p8="xsi" />
            </Method>
          </Methods>
        </Class>
        <Class>
          <Summary numSequencePoints="95" visitedSequencePoints="0" numBranchPoints="20" visitedBranchPoints="0" sequenceCoverage="0" branchCoverage="0" maxCyclomaticComplexity="20" minCyclomaticComplexity="20" visitedClasses="0" numClasses="1" visitedMethods="0" numMethods="1" />
          <FullName>PatientAccess.Business.Services.AppointmentService/&lt;&gt;c__DisplayClass16_0/&lt;&lt;RescheduleAsync&gt;b__0&gt;d</FullName>
          <Methods>
            <Method cyclomaticComplexity="20" nPathComplexity="20" sequenceCoverage="0" branchCoverage="0" isConstructor="False" isGetter="False" isSetter="False" isStatic="True">
              <Summary numSequencePoints="95" visitedSequencePoints="0" numBranchPoints="20" visitedBranchPoints="0" sequenceCoverage="0" branchCoverage="0" maxCyclomaticComplexity="20" minCyclomaticComplexity="20" visitedClasses="0" numClasses="0" visitedMethods="0" numMethods="1" />
              <MetadataToken />
              <Name>System.Void PatientAccess.Business.Services.AppointmentService/&lt;&gt;c__DisplayClass16_0/&lt;&lt;RescheduleAsync&gt;b__0&gt;d::MoveNext()</Name>
              <FileRef uid="2" />
              <SequencePoints>
                <SequencePoint vc="0" uspid="557" ordinal="0" sl="557" sc="1" el="557" ec="2" bec="2" bev="0" fileid="2" />
                <SequencePoint vc="0" uspid="559" ordinal="1" sl="559" sc="1" el="559" ec="2" bec="0" bev="0" fileid="2" />
                <SequencePoint vc="0" uspid="562" ordinal="2" sl="562" sc="1" el="562" ec="2" bec="0" bev="0" fileid="2" />
                <SequencePoint vc="0" uspid="564" ordinal="3" sl="564" sc="1" el="564" ec="2" bec="0" bev="0" fileid="2" />
                <SequencePoint vc="0" uspid="565" ordinal="4" sl="565" sc="1" el="565" ec="2" bec="0" bev="0" fileid="2" />
                <SequencePoint vc="0" uspid="566" ordinal="5" sl="566" sc="1" el="566" ec="2" bec="0" bev="0" fileid="2" />
                <SequencePoint vc="0" uspid="567" ordinal="6" sl="567" sc="1" el="567" ec="2" bec="0" bev="0" fileid="2" />
                <SequencePoint vc="0" uspid="569" ordinal="7" sl="569" sc="1" el="569" ec="2" bec="2" bev="0" fileid="2" />
                <SequencePoint vc="0" uspid="570" ordinal="8" sl="570" sc="1" el="570" ec="2" bec="0" bev="0" fileid="2" />
                <SequencePoint vc="0" uspid="571" ordinal="9" sl="571" sc="1" el="571" ec="2" bec="0" bev="0" fileid="2" />
                <SequencePoint vc="0" uspid="572" ordinal="10" sl="572" sc="1" el="572" ec="2" bec="0" bev="0" fileid="2" />
                <SequencePoint vc="0" uspid="573" ordinal="11" sl="573" sc="1" el="573" ec="2" bec="0" bev="0" fileid="2" />
[...]
                <SequencePoint vc="0" uspid="41" ordinal="7" sl="41" sc="1" el="41" ec="2" bec="0" bev="0" fileid="25" />
                <SequencePoint vc="0" uspid="45" ordinal="8" sl="45" sc="1" el="45" ec="2" bec="0" bev="0" fileid="25" />
                <SequencePoint vc="0" uspid="46" ordinal="9" sl="46" sc="1" el="46" ec="2" bec="0" bev="0" fileid="25" />
                <SequencePoint vc="0" uspid="47" ordinal="10" sl="47" sc="1" el="47" ec="2" bec="0" bev="0" fileid="25" />
                <SequencePoint vc="0" uspid="48" ordinal="11" sl="48" sc="1" el="48" ec="2" bec="0" bev="0" fileid="25" />
                <SequencePoint vc="0" uspid="49" ordinal="12" sl="49" sc="1" el="49" ec="2" bec="0" bev="0" fileid="25" />
                <SequencePoint vc="0" uspid="50" ordinal="13" sl="50" sc="1" el="50" ec="2" bec="0" bev="0" fileid="25" />
                <SequencePoint vc="0" uspid="52" ordinal="14" sl="52" sc="1" el="52" ec="2" bec="2" bev="0" fileid="25" />
                <SequencePoint vc="0" uspid="53" ordinal="15" sl="53" sc="1" el="53" ec="2" bec="0" bev="0" fileid="25" />
                <SequencePoint vc="0" uspid="55" ordinal="16" sl="55" sc="1" el="55" ec="2" bec="0" bev="0" fileid="25" />
                <SequencePoint vc="0" uspid="57" ordinal="17" sl="57" sc="1" el="57" ec="2" bec="0" bev="0" fileid="25" />
                <SequencePoint vc="0" uspid="58" ordinal="18" sl="58" sc="1" el="58" ec="2" bec="0" bev="0" fileid="25" />
                <SequencePoint vc="0" uspid="59" ordinal="19" sl="59" sc="1" el="59" ec="2" bec="0" bev="0" fileid="25" />
                <SequencePoint vc="0" uspid="62" ordinal="20" sl="62" sc="1" el="62" ec="2" bec="0" bev="0" fileid="25" />
                <SequencePoint vc="0" uspid="63" ordinal="21" sl="63" sc="1" el="63" ec="2" bec="0" bev="0" fileid="25" />
                <SequencePoint vc="0" uspid="64" ordinal="22" sl="64" sc="1" el="64" ec="2" bec="0" bev="0" fileid="25" />
                <SequencePoint vc="0" uspid="65" ordinal="23" sl="65" sc="1" el="65" ec="2" bec="0" bev="0" fileid="25" />
                <SequencePoint vc="0" uspid="66" ordinal="24" sl="66" sc="1" el="66" ec="2" bec="0" bev="0" fileid="25" />
                <SequencePoint vc="0" uspid="67" ordinal="25" sl="67" sc="1" el="67" ec="2" bec="0" bev="0" fileid="25" />
                <SequencePoint vc="0" uspid="68" ordinal="26" sl="68" sc="1" el="68" ec="2" bec="0" bev="0" fileid="25" />
                <SequencePoint vc="0" uspid="69" ordinal="27" sl="69" sc="1" el="69" ec="2" bec="0" bev="0" fileid="25" />
                <SequencePoint vc="0" uspid="70" ordinal="28" sl="70" sc="1" el="70" ec="2" bec="0" bev="0" fileid="25" />
                <SequencePoint vc="0" uspid="71" ordinal="29" sl="71" sc="1" el="71" ec="2" bec="0" bev="0" fileid="25" />
                <SequencePoint vc="0" uspid="72" ordinal="30" sl="72" sc="1" el="72" ec="2" bec="0" bev="0" fileid="25" />
                <SequencePoint vc="0" uspid="73" ordinal="31" sl="73" sc="1" el="73" ec="2" bec="0" bev="0" fileid="25" />
                <SequencePoint vc="0" uspid="74" ordinal="32" sl="74" sc="1" el="74" ec="2" bec="0" bev="0" fileid="25" />
                <SequencePoint vc="0" uspid="75" ordinal="33" sl="75" sc="1" el="75" ec="2" bec="0" bev="0" fileid="25" />
                <SequencePoint vc="0" uspid="76" ordinal="34" sl="76" sc="1" el="76" ec="2" bec="0" bev="0" fileid="25" />
                <SequencePoint vc="0" uspid="77" ordinal="35" sl="77" sc="1" el="77" ec="2" bec="0" bev="0" fileid="25" />
                <SequencePoint vc="0" uspid="78" ordinal="36" sl="78" sc="1" el="78" ec="2" bec="0" bev="0" fileid="25" />
                <SequencePoint vc="0" uspid="79" ordinal="37" sl="79" sc="1" el="79" ec="2" bec="0" bev="0" fileid="25" />
                <SequencePoint vc="0" uspid="80" ordinal="38" sl="80" sc="1" el="80" ec="2" bec="0" bev="0" fileid="25" />
                <SequencePoint vc="0" uspid="84" ordinal="39" sl="84" sc="1" el="84" ec="2" bec="0" bev="0" fileid="25" />
                <SequencePoint vc="0" uspid="85" ordinal="40" sl="85" sc="1" el="85" ec="2" bec="0" bev="0" fileid="25" />
                <SequencePoint vc="0" uspid="87" ordinal="41" sl="87" sc="1" el="87" ec="2" bec="2" bev="0" fileid="25" />
                <SequencePoint vc="0" uspid="88" ordinal="42" sl="88" sc="1" el="88" ec="2" bec="0" bev="0" fileid="25" />
                <SequencePoint vc="0" uspid="89" ordinal="43" sl="89" sc="1" el="89" ec="2" bec="0" bev="0" fileid="25" />
                <SequencePoint vc="0" uspid="93" ordinal="44" sl="93" sc="1" el="93" ec="2" bec="0" bev="0" fileid="25" />
                <SequencePoint vc="0" uspid="94" ordinal="45" sl="94" sc="1" el="94" ec="2" bec="0" bev="0" fileid="25" />
                <SequencePoint vc="0" uspid="95" ordinal="46" sl="95" sc="1" el="95" ec="2" bec="0" bev="0" fileid="25" />
                <SequencePoint vc="0" uspid="96" ordinal="47" sl="96" sc="1" el="96" ec="2" bec="0" bev="0" fileid="25" />
                <SequencePoint vc="0" uspid="97" ordinal="48" sl="97" sc="1" el="97" ec="2" bec="0" bev="0" fileid="25" />
                <SequencePoint vc="0" uspid="98" ordinal="49" sl="98" sc="1" el="98" ec="2" bec="0" bev="0" fileid="25" />
                <SequencePoint vc="0" uspid="99" ordinal="50" sl="99" sc="1" el="99" ec="2" bec="0" bev="0" fileid="25" />
                <SequencePoint vc="0" uspid="100" ordinal="51" sl="100" sc="1" el="100" ec="2" bec="0" bev="0" fileid="25" />
                <SequencePoint vc="0" uspid="101" ordinal="52" sl="101" sc="1" el="101" ec="2" bec="0" bev="0" fileid="25" />
                <SequencePoint vc="0" uspid="102" ordinal="53" sl="102" sc="1" el="102" ec="2" bec="0" bev="0" fileid="25" />
                <SequencePoint vc="0" uspid="103" ordinal="54" sl="103" sc="1" el="103" ec="2" bec="0" bev="0" fileid="25" />
                <SequencePoint vc="0" uspid="104" ordinal="55" sl="104" sc="1" el="104" ec="2" bec="0" bev="0" fileid="25" />
                <SequencePoint vc="0" uspid="105" ordinal="56" sl="105" sc="1" el="105" ec="2" bec="0" bev="0" fileid="25" />
                <SequencePoint vc="0" uspid="107" ordinal="57" sl="107" sc="1" el="107" ec="2" bec="0" bev="0" fileid="25" />
                <SequencePoint vc="0" uspid="108" ordinal="58" sl="108" sc="1" el="108" ec="2" bec="0" bev="0" fileid="25" />
                <SequencePoint vc="0" uspid="110" ordinal="59" sl="110" sc="1" el="110" ec="2" bec="0" bev="0" fileid="25" />
                <SequencePoint vc="0" uspid="111" ordinal="60" sl="111" sc="1" el="111" ec="2" bec="0" bev="0" fileid="25" />
                <SequencePoint vc="0" uspid="112" ordinal="61" sl="112" sc="1" el="112" ec="2" bec="0" bev="0" fileid="25" />
                <SequencePoint vc="0" uspid="115" ordinal="62" sl="115" sc="1" el="115" ec="2" bec="0" bev="0" fileid="25" />
                <SequencePoint vc="0" uspid="116" ordinal="63" sl="116" sc="1" el="116" ec="2" bec="0" bev="0" fileid="25" />
                <SequencePoint vc="0" uspid="117" ordinal="64" sl="117" sc="1" el="117" ec="2" bec="0" bev="0" fileid="25" />
                <SequencePoint vc="0" uspid="118" ordinal="65" sl="118" sc="1" el="118" ec="2" bec="0" bev="0" fileid="25" />
                <SequencePoint vc="0" uspid="121" ordinal="66" sl="121" sc="1" el="121" ec="2" bec="0" bev="0" fileid="25" />
                <SequencePoint vc="0" uspid="123" ordinal="67" sl="123" sc="1" el="123" ec="2" bec="0" bev="0" fileid="25" />
                <SequencePoint vc="0" uspid="124" ordinal="68" sl="124" sc="1" el="124" ec="2" bec="0" bev="0" fileid="25" />
                <SequencePoint vc="0" uspid="125" ordinal="69" sl="125" sc="1" el="125" ec="2" bec="0" bev="0" fileid="25" />
                <SequencePoint vc="0" uspid="126" ordinal="70" sl="126" sc="1" el="126" ec="2" bec="0" bev="0" fileid="25" />
                <SequencePoint vc="0" uspid="127" ordinal="71" sl="127" sc="1" el="127" ec="2" bec="0" bev="0" fileid="25" />
                <SequencePoint vc="0" uspid="128" ordinal="72" sl="128" sc="1" el="128" ec="2" bec="0" bev="0" fileid="25" />
                <SequencePoint vc="0" uspid="129" ordinal="73" sl="129" sc="1" el="129" ec="2" bec="0" bev="0" fileid="25" />
                <SequencePoint vc="0" uspid="130" ordinal="74" sl="130" sc="1" el="130" ec="2" bec="0" bev="0" fileid="25" />
                <SequencePoint vc="0" uspid="131" ordinal="75" sl="131" sc="1" el="131" ec="2" bec="0" bev="0" fileid="25" />
                <SequencePoint vc="0" uspid="132" ordinal="76" sl="132" sc="1" el="132" ec="2" bec="0" bev="0" fileid="25" />
                <SequencePoint vc="0" uspid="133" ordinal="77" sl="133" sc="1" el="133" ec="2" bec="0" bev="0" fileid="25" />
                <SequencePoint vc="0" uspid="134" ordinal="78" sl="134" sc="1" el="134" ec="2" bec="0" bev="0" fileid="25" />
                <SequencePoint vc="0" uspid="135" ordinal="79" sl="135" sc="1" el="135" ec="2" bec="0" bev="0" fileid="25" />
                <SequencePoint vc="0" uspid="137" ordinal="80" sl="137" sc="1" el="137" ec="2" bec="0" bev="0" fileid="25" />
                <SequencePoint vc="0" uspid="138" ordinal="81" sl="138" sc="1" el="138" ec="2" bec="0" bev="0" fileid="25" />
                <SequencePoint vc="0" uspid="139" ordinal="82" sl="139" sc="1" el="139" ec="2" bec="0" bev="0" fileid="25" />
                <SequencePoint vc="0" uspid="141" ordinal="83" sl="141" sc="1" el="141" ec="2" bec="0" bev="0" fileid="25" />
                <SequencePoint vc="0" uspid="142" ordinal="84" sl="142" sc="1" el="142" ec="2" bec="0" bev="0" fileid="25" />
                <SequencePoint vc="0" uspid="143" ordinal="85" sl="143" sc="1" el="143" ec="2" bec="0" bev="0" fileid="25" />
                <SequencePoint vc="0" uspid="145" ordinal="86" sl="145" sc="1" el="145" ec="2" bec="0" bev="0" fileid="25" />
                <SequencePoint vc="0" uspid="146" ordinal="87" sl="146" sc="1" el="146" ec="2" bec="0" bev="0" fileid="25" />
                <SequencePoint vc="0" uspid="147" ordinal="88" sl="147" sc="1" el="147" ec="2" bec="0" bev="0" fileid="25" />
                <SequencePoint vc="0" uspid="148" ordinal="89" sl="148" sc="1" el="148" ec="2" bec="0" bev="0" fileid="25" />
                <SequencePoint vc="0" uspid="150" ordinal="90" sl="150" sc="1" el="150" ec="2" bec="0" bev="0" fileid="25" />
              </SequencePoints>
              <BranchPoints>
                <BranchPoint vc="0" uspid="39" ordinal="0" path="0" offset="235" offsetend="237" sl="39" fileid="25" />
                <BranchPoint vc="0" uspid="39" ordinal="1" path="1" offset="235" offsetend="249" sl="39" fileid="25" />
                <BranchPoint vc="0" uspid="52" ordinal="2" path="0" offset="767" offsetend="772" sl="52" fileid="25" />
                <BranchPoint vc="0" uspid="52" ordinal="3" path="1" offset="767" offsetend="1268" sl="52" fileid="25" />
                <BranchPoint vc="0" uspid="87" ordinal="4" path="0" offset="1587" offsetend="1589" sl="87" fileid="25" />
                <BranchPoint vc="0" uspid="87" ordinal="5" path="1" offset="1587" offsetend="1663" sl="87" fileid="25" />
              </BranchPoints>
              <MethodPoint vc="0" uspid="0" p8:type="SequencePoint" ordinal="0" offset="0" sc="0" sl="31" ec="1" el="150" bec="0" bev="0" fileid="25" xmlns:p8="xsi" />
            </Method>
          </Methods>
        </Class>
        <Class>
          <Summary numSequencePoints="49" visitedSequencePoints="0" numBranchPoints="4" visitedBranchPoints="0" sequenceCoverage="0" branchCoverage="0" maxCyclomaticComplexity="4" minCyclomaticComplexity="4" visitedClasses="0" numClasses="1" visitedMethods="0" numMethods="1" />
          <FullName>PatientAccess.Business.Services.WaitlistService/&lt;UpdateWaitlistAsync&gt;d__5</FullName>
          <Methods>
            <Method cyclomaticComplexity="4" nPathComplexity="4" sequenceCoverage="0" branchCoverage="0" isConstructor="False" isGetter="False" isSetter="False" isStatic="True">
              <Summary numSequencePoints="49" visitedSequencePoints="0" numBranchPoints="4" visitedBranchPoints="0" sequenceCoverage="0" branchCoverage="0" maxCyclomaticComplexity="4" minCyclomaticComplexity="4" visitedClasses="0" numClasses="0" visitedMethods="0" numMethods="1" />
              <MetadataToken />
              <Name>System.Void PatientAccess.Business.Services.WaitlistService/&lt;UpdateWaitlistAsync&gt;d__5::MoveNext()</Name>
              <FileRef uid="25" />
              <SequencePoints>
                <SequencePoint vc="0" uspid="214" ordinal="0" sl="214" sc="1" el="214" ec="2" bec="0" bev="0" fileid="25" />
                <SequencePoint vc="0" uspid="216" ordinal="1" sl="216" sc="1" el="216" ec="2" bec="0" bev="0" fileid="25" />
                <SequencePoint vc="0" uspid="217" ordinal="2" sl="217" sc="1" el="217" ec="2" bec="0" bev="0" fileid="25" />
                <SequencePoint vc="0" uspid="218" ordinal="3" sl="218" sc="1" el="218" ec="2" bec="0" bev="0" fileid="25" />
                <SequencePoint vc="0" uspid="219" ordinal="4" sl="219" sc="1" el="219" ec="2" bec="0" bev="0" fileid="25" />
                <SequencePoint vc="0" uspid="222" ordinal="5" sl="222" sc="1" el="222" ec="2" bec="2" bev="0" fileid="25" />
                <SequencePoint vc="0" uspid="223" ordinal="6" sl="223" sc="1" el="223" ec="2" bec="0" bev="0" fileid="25" />
                <SequencePoint vc="0" uspid="224" ordinal="7" sl="224" sc="1" el="224" ec="2" bec="0" bev="0" fileid="25" />
                <SequencePoint vc="0" uspid="228" ordinal="8" sl="228" sc="1" el="228" ec="2" bec="0" bev="0" fileid="25" />
                <SequencePoint vc="0" uspid="229" ordinal="9" sl="229" sc="1" el="229" ec="2" bec="0" bev="0" fileid="25" />
                <SequencePoint vc="0" uspid="230" ordinal="10" sl="230" sc="1" el="230" ec="2" bec="0" bev="0" fileid="25" />
                <SequencePoint vc="0" uspid="231" ordinal="11" sl="231" sc="1" el="231" ec="2" bec="0" bev="0" fileid="25" />
                <SequencePoint vc="0" uspid="232" ordinal="12" sl="232" sc="1" el="232" ec="2" bec="0" bev="0" fileid="25" />
                <SequencePoint vc="0" uspid="233" ordinal="13" sl="233" sc="1" el="233" ec="2" bec="0" bev="0" fileid="25" />
                <SequencePoint vc="0" uspid="235" ordinal="14" sl="235" sc="1" el="235" ec="2" bec="2" bev="0" fileid="25" />
                <SequencePoint vc="0" uspid="236" ordinal="15" sl="236" sc="1" el="236" ec="2" bec="0" bev="0" fileid="25" />
                <SequencePoint vc="0" uspid="237" ordinal="16" sl="237" sc="1" el="237" ec="2" bec="0" bev="0" fileid="25" />
                <SequencePoint vc="0" uspid="241" ordinal="17" sl="241" sc="1" el="241" ec="2" bec="0" bev="0" fileid="25" />
                <SequencePoint vc="0" uspid="242" ordinal="18" sl="242" sc="1" el="242" ec="2" bec="0" bev="0" fileid="25" />
                <SequencePoint vc="0" uspid="243" ordinal="19" sl="243" sc="1" el="243" ec="2" bec="0" bev="0" fileid="25" />
                <SequencePoint vc="0" uspid="244" ordinal="20" sl="244" sc="1" el="244" ec="2" bec="0" bev="0" fileid="25" />
                <SequencePoint vc="0" uspid="245" ordinal="21" sl="245" sc="1" el="245" ec="2" bec="0" bev="0" fileid="25" />
                <SequencePoint vc="0" uspid="247" ordinal="22" sl="247" sc="1" el="247" ec="2" bec="0" bev="0" fileid="25" />
                <SequencePoint vc="0" uspid="249" ordinal="23" sl="249" sc="1" el="249" ec="2" bec="0" bev="0" fileid="25" />
                <SequencePoint vc="0" uspid="252" ordinal="24" sl="252" sc="1" el="252" ec="2" bec="0" bev="0" fileid="25" />
                <SequencePoint vc="0" uspid="254" ordinal="25" sl="254" sc="1" el="254" ec="2" bec="0" bev="0" fileid="25" />
                <SequencePoint vc="0" uspid="255" ordinal="26" sl="255" sc="1" el="255" ec="2" bec="0" bev="0" fileid="25" />
                <SequencePoint vc="0" uspid="256" ordinal="27" sl="256" sc="1" el="256" ec="2" bec="0" bev="0" fileid="25" />
                <SequencePoint vc="0" uspid="257" ordinal="28" sl="257" sc="1" el="257" ec="2" bec="0" bev="0" fileid="25" />
                <SequencePoint vc="0" uspid="258" ordinal="29" sl="258" sc="1" el="258" ec="2" bec="0" bev="0" fileid="25" />
                <SequencePoint vc="0" uspid="259" ordinal="30" sl="259" sc="1" el="259" ec="2" bec="0" bev="0" fileid="25" />
                <SequencePoint vc="0" uspid="260" ordinal="31" sl="260" sc="1" el="260" ec="2" bec="0" bev="0" fileid="25" />
                <SequencePoint vc="0" uspid="261" ordinal="32" sl="261" sc="1" el="261" ec="2" bec="0" bev="0" fileid="25" />
                <SequencePoint vc="0" uspid="262" ordinal="33" sl="262" sc="1" el="262" ec="2" bec="0" bev="0" fileid="25" />
                <SequencePoint vc="0" uspid="263" ordinal="34" sl="263" sc="1" el="263" ec="2" bec="0" bev="0" fileid="25" />
                <SequencePoint vc="0" uspid="264" ordinal="35" sl="264" sc="1" el="264" ec="2" bec="0" bev="0" fileid="25" />
                <SequencePoint vc="0" uspid="265" ordinal="36" sl="265" sc="1" el="265" ec="2" bec="0" bev="0" fileid="25" />
                <SequencePoint vc="0" uspid="266" ordinal="37" sl="266" sc="1" el="266" ec="2" bec="0" bev="0" fileid="25" />
                <SequencePoint vc="0" uspid="268" ordinal="38" sl="268" sc="1" el="268" ec="2" bec="0" bev="0" fileid="25" />
                <SequencePoint vc="0" uspid="269" ordinal="39" sl="269" sc="1" el="269" ec="2" bec="0" bev="0" fileid="25" />
                <SequencePoint vc="0" uspid="270" ordinal="40" sl="270" sc="1" el="270" ec="2" bec="0" bev="0" fileid="25" />
                <SequencePoint vc="0" uspid="272" ordinal="41" sl="272" sc="1" el="272" ec="2" bec="0" bev="0" fileid="25" />
                <SequencePoint vc="0" uspid="273" ordinal="42" sl="273" sc="1" el="273" ec="2" bec="0" bev="0" fileid="25" />
                <SequencePoint vc="0" uspid="274" ordinal="43" sl="274" sc="1" el="274" ec="2" bec="0" bev="0" fileid="25" />
                <SequencePoint vc="0" uspid="276" ordinal="44" sl="276" sc="1" el="276" ec="2" bec="0" bev="0" fileid="25" />
                <SequencePoint vc="0" uspid="277" ordinal="45" sl="277" sc="1" el="277" ec="2" bec="0" bev="0" fileid="25" />
                <SequencePoint vc="0" uspid="278" ordinal="46" sl="278" sc="1" el="278" ec="2" bec="0" bev="0" fileid="25" />
                <SequencePoint vc="0" uspid="279" ordinal="47" sl="279" sc="1" el="279" ec="2" bec="0" bev="0" fileid="25" />
                <SequencePoint vc="0" uspid="281" ordinal="48" sl="281" sc="1" el="281" ec="2" bec="0" bev="0" fileid="25" />
              </SequencePoints>
              <BranchPoints>
                <BranchPoint vc="0" uspid="222" ordinal="0" path="0" offset="193" offsetend="195" sl="222" fileid="25" />
                <BranchPoint vc="0" uspid="222" ordinal="1" path="1" offset="193" offsetend="207" sl="222" fileid="25" />
                <BranchPoint vc="0" uspid="235" ordinal="2" path="0" offset="705" offsetend="707" sl="235" fileid="25" />
                <BranchPoint vc="0" uspid="235" ordinal="3" path="1" offset="705" offsetend="776" sl="235" fileid="25" />
              </BranchPoints>
              <MethodPoint vc="0" uspid="0" p8:type="SequencePoint" ordinal="0" offset="0" sc="0" sl="214" ec="1" el="281" bec="0" bev="0" fileid="25" xmlns:p8="xsi" />
            </Method>
          </Methods>
        </Class>
      </Classes>
    </Module>
    <Module hash="77E522A3-7408-4688-A7E1-A836044BDF4D">
      <ModulePath>PatientAccess.Data.dll</ModulePath>
      <ModuleTime>2026-03-24T09:25:55</ModuleTime>
      <ModuleName>PatientAccess.Data</ModuleName>
      <Files />
      <Classes />
    </Module>
  </Modules>
</CoverageSession>