SF:https://raw.githubusercontent.com/kanini/Propel-Project-Team-12/6e96a31aef26cdbd99a379fae665ea4aec982901/src/backend/PatientAccess.Business/Services/JwtTokenService.cs
FN:76,System.String PatientAccess.Business.Services.JwtTokenService::GenerateToken(System.String,System.String,System.String)
FNDA:0,System.String PatientAccess.Business.Services.JwtTokenService::GenerateToken(System.String,System.String,System.String)
DA:77,0
DA:78,0
DA:79,0
DA:81,0
DA:82,0
DA:84,0
DA:85,0
DA:87,0
DA:88,0
DA:89,0
DA:90,0
DA:91,0
DA:92,0
DA:93,0
DA:94,0
DA:96,0
DA:97,0
DA:98,0
DA:100,0
DA:101,0
DA:102,0
DA:103,0
DA:104,0
DA:105,0
DA:106,0
DA:107,0
DA:109,0
DA:110,0
BRDA:78,9,0,0
BRDA:78,9,1,0
BRDA:81,37,0,0
BRDA:81,37,1,0
BRDA:84,65,0,0
BRDA:84,65,1,0
FN:116,System.Security.Claims.ClaimsPrincipal PatientAccess.Business.Services.JwtTokenService::ValidateToken(System.String)
FNDA:0,System.Security.Claims.ClaimsPrincipal PatientAccess.Business.Services.JwtTokenService::ValidateToken(System.String)
DA:117,0
DA:118,0
DA:119,0
DA:121,0
DA:123,0
DA:124,0
DA:125,0
DA:126,0
DA:127,0
DA:128,0
DA:129,0
DA:130,0
DA:131,0
DA:132,0
DA:133,0
DA:136,0
DA:137,0
DA:138,0
DA:140,0
DA:141,0
DA:143,0
DA:145,0
DA:146,0
DA:148,0
DA:150,0
BRDA:118,9,0,0
BRDA:118,9,1,0
FN:22,System.Void PatientAccess.Business.Services.JwtTokenService::.ctor(Microsoft.Extensions.Configuration.IConfiguration)
FNDA:0,System.Void PatientAccess.Business.Services.JwtTokenService::.ctor(Microsoft.Extensions.Configuration.IConfiguration)
DA:23,0
DA:24,0
DA:26,0
DA:27,0
DA:28,0
DA:29,0
DA:32,0
DA:33,0
DA:36,0
DA:37,0
DA:38,0
DA:39,0
DA:40,0
DA:41,0
DA:44,0
DA:45,0
DA:46,0
DA:47,0
DA:48,0
DA:52,0
DA:53,0
DA:56,0
DA:57,0
DA:58,0
DA:60,0
DA:61,0
DA:62,0
DA:63,0
DA:64,0
DA:65,0
DA:66,0
DA:67,0
DA:68,0
DA:70,0
BRDA:26,33,0,0
BRDA:26,33,1,0
BRDA:27,65,0,0
BRDA:27,65,1,0
BRDA:28,97,0,0
BRDA:28,97,1,0
BRDA:29,128,0,0
BRDA:29,128,1,0
BRDA:32,158,0,0
BRDA:32,158,1,0
BRDA:33,185,0,0
BRDA:33,185,1,0
BRDA:36,211,0,0
BRDA:36,211,1,0
BRDA:44,250,0,0
BRDA:44,250,1,0
LF:87
LH:0
BRF:24
BRH:0
FNF:3
FNH:0
end_of_record
SF:https://raw.githubusercontent.com/kanini/Propel-Project-Team-12/6e96a31aef26cdbd99a379fae665ea4aec982901/src/backend/PatientAccess.Business/Services/PasswordHashingService.cs
FN:22,System.String PatientAccess.Business.Services.PasswordHashingService::HashPassword(System.String)
FNDA:18,System.String PatientAccess.Business.Services.PasswordHashingService::HashPassword(System.String)
DA:23,18
DA:24,18
DA:25,3
DA:29,15
DA:30,15
BRDA:24,9,0,3
BRDA:24,9,1,15
FN:39,System.Boolean PatientAccess.Business.Services.PasswordHashingService::VerifyPassword(System.String,System.String)
FNDA:14,System.Boolean PatientAccess.Business.Services.PasswordHashingService::VerifyPassword(System.String,System.String)
DA:40,14
DA:41,14
DA:42,6
DA:45,8
DA:47,8
DA:49,1
DA:50,1
DA:52,1
DA:54,14
BRDA:41,7,0,11
BRDA:41,7,1,3
BRDA:41,20,0,6
BRDA:41,20,1,8
LF:14
LH:14
BRF:6
BRH:6
FNF:2
FNH:2
end_of_record