<?xml version="1.0" encoding="utf-8"?>
<CoverageSession>
  <Summary numSequencePoints="4384" visitedSequencePoints="165" numBranchPoints="1046" visitedBranchPoints="28" sequenceCoverage="3.76" branchCoverage="2.67" maxCyclomaticComplexity="1103" minCyclomaticComplexity="0" visitedClasses="6" numClasses="128" visitedMethods="8" numMethods="190" />
  <Modules>
    <Module hash="6C84A9AB-DED1-409A-BB16-CAC8702705E3">
      <ModulePath>PatientAccess.Business.dll</ModulePath>
      <ModuleTime>2026-03-25T12:05:07</ModuleTime>
      <ModuleName>PatientAccess.Business</ModuleName>
      <Files>
        <File uid="1" fullPath="https://raw.githubusercontent.com/kanini/Propel-Project-Team-12/566c2a6afb6428f0334cf8f12ab828ebeb0e3b0c/src/backend/PatientAccess.Business/Services/AdminService.cs" />
        <File uid="2" fullPath="https://raw.githubusercontent.com/kanini/Propel-Project-Team-12/566c2a6afb6428f0334cf8f12ab828ebeb0e3b0c/src/backend/PatientAccess.Business/Services/AppointmentService.cs" />
        <File uid="3" fullPath="https://raw.githubusercontent.com/kanini/Propel-Project-Team-12/566c2a6afb6428f0334cf8f12ab828ebeb0e3b0c/src/backend/PatientAccess.Business/Services/ArrivalManagementService.cs" />
        <File uid="4" fullPath="https://raw.githubusercontent.com/kanini/Propel-Project-Team-12/566c2a6afb6428f0334cf8f12ab828ebeb0e3b0c/src/backend/PatientAccess.Business/Services/AuditLogService.cs" />
        <File uid="5" fullPath="https://raw.githubusercontent.com/kanini/Propel-Project-Team-12/566c2a6afb6428f0334cf8f12ab828ebeb0e3b0c/src/backend/PatientAccess.Business/Services/AuthService.cs" />
        <File uid="6" fullPath="https://raw.githubusercontent.com/kanini/Propel-Project-Team-12/566c2a6afb6428f0334cf8f12ab828ebeb0e3b0c/src/backend/PatientAccess.Business/Services/ChunkedUploadManager.cs" />
        <File uid="7" fullPath="https://raw.githubusercontent.com/kanini/Propel-Project-Team-12/566c2a6afb6428f0334cf8f12ab828ebeb0e3b0c/src/backend/PatientAccess.Business/Services/DashboardService.cs" />
        <File uid="8" fullPath="https://raw.githubusercontent.com/kanini/Propel-Project-Team-12/566c2a6afb6428f0334cf8f12ab828ebeb0e3b0c/src/backend/PatientAccess.Business/Services/DocumentProcessingService.cs" />
        <File uid="9" fullPath="https://raw.githubusercontent.com/kanini/Propel-Project-Team-12/566c2a6afb6428f0334cf8f12ab828ebeb0e3b0c/src/backend/PatientAccess.Business/Services/DocumentService.cs" />
        <File uid="10" fullPath="https://raw.githubusercontent.com/kanini/Propel-Project-Team-12/566c2a6afb6428f0334cf8f12ab828ebeb0e3b0c/src/backend/PatientAccess.Business/Services/DocumentUploadService.cs" />
        <File uid="11" fullPath="https://raw.githubusercontent.com/kanini/Propel-Project-Team-12/566c2a6afb6428f0334cf8f12ab828ebeb0e3b0c/src/backend/PatientAccess.Business/Services/EmailService.cs" />
        <File uid="12" fullPath="https://raw.githubusercontent.com/kanini/Propel-Project-Team-12/566c2a6afb6428f0334cf8f12ab828ebeb0e3b0c/src/backend/PatientAccess.Business/Services/InsurancePrecheckService.cs" />
        <File uid="13" fullPath="https://raw.githubusercontent.com/kanini/Propel-Project-Team-12/566c2a6afb6428f0334cf8f12ab828ebeb0e3b0c/src/backend/PatientAccess.Business/Services/IntakeAppointmentService.cs" />
        <File uid="14" fullPath="https://raw.githubusercontent.com/kanini/Propel-Project-Team-12/566c2a6afb6428f0334cf8f12ab828ebeb0e3b0c/src/backend/PatientAccess.Business/Services/IntakeService.cs" />
        <File uid="15" fullPath="https://raw.githubusercontent.com/kanini/Propel-Project-Team-12/566c2a6afb6428f0334cf8f12ab828ebeb0e3b0c/src/backend/PatientAccess.Business/Services/JwtTokenService.cs" />
        <File uid="16" fullPath="https://raw.githubusercontent.com/kanini/Propel-Project-Team-12/566c2a6afb6428f0334cf8f12ab828ebeb0e3b0c/src/backend/PatientAccess.Business/Services/NotificationService.cs" />
        <File uid="17" fullPath="https://raw.githubusercontent.com/kanini/Propel-Project-Team-12/566c2a6afb6428f0334cf8f12ab828ebeb0e3b0c/src/backend/PatientAccess.Business/Services/PasswordHashingService.cs" />
        <File uid="18" fullPath="https://raw.githubusercontent.com/kanini/Propel-Project-Team-12/566c2a6afb6428f0334cf8f12ab828ebeb0e3b0c/src/backend/PatientAccess.Business/Services/PatientService.cs" />
        <File uid="19" fullPath="https://raw.githubusercontent.com/kanini/Propel-Project-Team-12/566c2a6afb6428f0334cf8f12ab828ebeb0e3b0c/src/backend/PatientAccess.Business/Services/PdfGenerationService.cs" />
        <File uid="20" fullPath="https://raw.githubusercontent.com/kanini/Propel-Project-Team-12/566c2a6afb6428f0334cf8f12ab828ebeb0e3b0c/src/backend/PatientAccess.Business/Services/ProviderService.cs" />
        <File uid="21" fullPath="https://raw.githubusercontent.com/kanini/Propel-Project-Team-12/566c2a6afb6428f0334cf8f12ab828ebeb0e3b0c/src/backend/PatientAccess.Business/Services/PusherService.cs" />
        <File uid="22" fullPath="https://raw.githubusercontent.com/kanini/Propel-Project-Team-12/566c2a6afb6428f0334cf8f12ab828ebeb0e3b0c/src/backend/PatientAccess.Business/Services/QueueManagementService.cs" />
        <File uid="23" fullPath="https://raw.githubusercontent.com/kanini/Propel-Project-Team-12/566c2a6afb6428f0334cf8f12ab828ebeb0e3b0c/src/backend/PatientAccess.Business/Services/SessionCacheService.cs" />
        <File uid="24" fullPath="https://raw.githubusercontent.com/kanini/Propel-Project-Team-12/566c2a6afb6428f0334cf8f12ab828ebeb0e3b0c/src/backend/PatientAccess.Business/Services/SlotSwapService.cs" />
        <File uid="25" fullPath="https://raw.githubusercontent.com/kanini/Propel-Project-Team-12/566c2a6afb6428f0334cf8f12ab828ebeb0e3b0c/src/backend/PatientAccess.Business/Services/StubAiIntakeService.cs" />
        <File uid="26" fullPath="https://raw.githubusercontent.com/kanini/Propel-Project-Team-12/566c2a6afb6428f0334cf8f12ab828ebeb0e3b0c/src/backend/PatientAccess.Business/Services/WaitlistService.cs" />
      </Files>
      <Classes>
        <Class>
          <Summary numSequencePoints="27" visitedSequencePoints="0" numBranchPoints="0" visitedBranchPoints="0" sequenceCoverage="0" branchCoverage="100" maxCyclomaticComplexity="1" minCyclomaticComplexity="1" visitedClasses="0" numClasses="1" visitedMethods="0" numMethods="3" />
          <FullName>PatientAccess.Business.Services.AdminService</FullName>
          <Methods>
            <Method cyclomaticComplexity="1" nPathComplexity="1" sequenceCoverage="0" branchCoverage="100" isConstructor="False" isGetter="False" isSetter="False" isStatic="True">
              <Summary numSequencePoints="13" visitedSequencePoints="0" numBranchPoints="0" visitedBranchPoints="0" sequenceCoverage="0" branchCoverage="100" maxCyclomaticComplexity="1" minCyclomaticComplexity="1" visitedClasses="0" numClasses="0" visitedMethods="0" numMethods="1" />
              <MetadataToken />
              <Name>PatientAccess.Business.DTOs.UserDto PatientAccess.Business.Services.AdminService::MapToUserDto(PatientAccess.Data.Models.User)</Name>
              <FileRef uid="1" />
              <SequencePoints>
                <SequencePoint vc="0" uspid="317" ordinal="0" sl="317" sc="1" el="317" ec="2" bec="0" bev="0" fileid="1" />
                <SequencePoint vc="0" uspid="318" ordinal="1" sl="318" sc="1" el="318" ec="2" bec="0" bev="0" fileid="1" />
                <SequencePoint vc="0" uspid="319" ordinal="2" sl="319" sc="1" el="319" ec="2" bec="0" bev="0" fileid="1" />
                <SequencePoint vc="0" uspid="320" ordinal="3" sl="320" sc="1" el="320" ec="2" bec="0" bev="0" fileid="1" />
                <SequencePoint vc="0" uspid="321" ordinal="4" sl="321" sc="1" el="321" ec="2" bec="0" bev="0" fileid="1" />
                <SequencePoint vc="0" uspid="322" ordinal="5" sl="322" sc="1" el="322" ec="2" bec="0" bev="0" fileid="1" />
                <SequencePoint vc="0" uspid="323" ordinal="6" sl="323" sc="1" el="323" ec="2" bec="0" bev="0" fileid="1" />
                <SequencePoint vc="0" uspid="324" ordinal="7" sl="324" sc="1" el="324" ec="2" bec="0" bev="0" fileid="1" />
                <SequencePoint vc="0" uspid="325" ordinal="8" sl="325" sc="1" el="325" ec="2" bec="0" bev="0" fileid="1" />
                <SequencePoint vc="0" uspid="326" ordinal="9" sl="326" sc="1" el="326" ec="2" bec="0" bev="0" fileid="1" />
                <SequencePoint vc="0" uspid="327" ordinal="10" sl="327" sc="1" el="327" ec="2" bec="0" bev="0" fileid="1" />
                <SequencePoint vc="0" uspid="328" ordinal="11" sl="328" sc="1" el="328" ec="2" bec="0" bev="0" fileid="1" />
                <SequencePoint vc="0" uspid="329" ordinal="12" sl="329" sc="1" el="329" ec="2" bec="0" bev="0" fileid="1" />
              </SequencePoints>
              <BranchPoints />
              <MethodPoint vc="0" uspid="0" p8:type="SequencePoint" ordinal="0" offset="0" sc="0" sl="317" ec="1" el="329" bec="0" bev="0" fileid="1" xmlns:p8="xsi" />
            </Method>
            <Method cyclomaticComplexity="1" nPathComplexity="1" sequenceCoverage="0" branchCoverage="100" isConstructor="False" isGetter="False" isSetter="False" isStatic="True">
              <Summary numSequencePoints="6" visitedSequencePoints="0" numBranchPoints="0" visitedBranchPoints="0" sequenceCoverage="0" branchCoverage="100" maxCyclomaticComplexity="1" minCyclomaticComplexity="1" visitedClasses="0" numClasses="0" visitedMethods="0" numMethods="1" />
              <MetadataToken />
              <Name>System.String PatientAccess.Business.Services.AdminService::GenerateVerificationToken()</Name>
              <FileRef uid="1" />
              <SequencePoints>
                <SequencePoint vc="0" uspid="335" ordinal="0" sl="335" sc="1" el="335" ec="2" bec="0" bev="0" fileid="1" />
                <SequencePoint vc="0" uspid="336" ordinal="1" sl="336" sc="1" el="336" ec="2" bec="0" bev="0" fileid="1" />
                <SequencePoint vc="0" uspid="337" ordinal="2" sl="337" sc="1" el="337" ec="2" bec="0" bev="0" fileid="1" />
                <SequencePoint vc="0" uspid="338" ordinal="3" sl="338" sc="1" el="338" ec="2" bec="0" bev="0" fileid="1" />
                <SequencePoint vc="0" uspid="339" ordinal="4" sl="339" sc="1" el="339" ec="2" bec="0" bev="0" fileid="1" />
                <SequencePoint vc="0" uspid="340" ordinal="5" sl="340" sc="1" el="340" ec="2" bec="0" bev="0" fileid="1" />
              </SequencePoints>
              <BranchPoints />
              <MethodPoint vc="0" uspid="0" p8:type="SequencePoint" ordinal="1" offset="1" sc="0" sl="335" ec="1" el="340" bec="0" bev="0" fileid="1" xmlns:p8="xsi" />
            </Method>
            <Method cyclomaticComplexity="1" nPathComplexity="1" sequenceCoverage="0" branchCoverage="100" isConstructor="True" isGetter="False" isSetter="False" isStatic="True">
              <Summary numSequencePoints="8" visitedSequencePoints="0" numBranchPoints="0" visitedBranchPoints="0" sequenceCoverage="0" branchCoverage="100" maxCyclomaticComplexity="1" minCyclomaticComplexity="1" visitedClasses="0" numClasses="0" visitedMethods="0" numMethods="1" />
              <MetadataToken />
              <Name>System.Void PatientAccess.Business.Services.AdminService::.ctor(PatientAccess.Data.PatientAccessDbContext,PatientAccess.Business.Services.IPasswordHashingService,PatientAccess.Business.Services.IEmailService,PatientAccess.Business.Interfaces.IAuditLogService,Microsoft.Extensions.Logging.ILogger`1&lt;PatientAccess.Business.Services.AdminService&gt;,PatientAccess.Business.Services.ISessionCacheService)</Name>
              <FileRef uid="1" />
              <SequencePoints>
                <SequencePoint vc="0" uspid="30" ordinal="0" sl="30" sc="1" el="30" ec="2" bec="0" bev="0" fileid="1" />
                <SequencePoint vc="0" uspid="31" ordinal="1" sl="31" sc="1" el="31" ec="2" bec="0" bev="0" fileid="1" />
                <SequencePoint vc="0" uspid="32" ordinal="2" sl="32" sc="1" el="32" ec="2" bec="0" bev="0" fileid="1" />
                <SequencePoint vc="0" uspid="33" ordinal="3" sl="33" sc="1" el="33" ec="2" bec="0" bev="0" fileid="1" />
                <SequencePoint vc="0" uspid="34" ordinal="4" sl="34" sc="1" el="34" ec="2" bec="0" bev="0" fileid="1" />
                <SequencePoint vc="0" uspid="35" ordinal="5" sl="35" sc="1" el="35" ec="2" bec="0" bev="0" fileid="1" />
                <SequencePoint vc="0" uspid="36" ordinal="6" sl="36" sc="1" el="36" ec="2" bec="0" bev="0" fileid="1" />
                <SequencePoint vc="0" uspid="37" ordinal="7" sl="37" sc="1" el="37" ec="2" bec="0" bev="0" fileid="1" />
              </SequencePoints>
              <BranchPoints />
              <MethodPoint vc="0" uspid="0" p8:type="SequencePoint" ordinal="2" offset="2" sc="0" sl="30" ec="1" el="37" bec="0" bev="0" fileid="1" xmlns:p8="xsi" />
            </Method>
          </Methods>
        </Class>
        <Class>
          <Summary numSequencePoints="41" visitedSequencePoints="0" numBranchPoints="4" visitedBranchPoints="0" sequenceCoverage="0" branchCoverage="0" maxCyclomaticComplexity="4" minCyclomaticComplexity="4" visitedClasses="0" numClasses="1" visitedMethods="0" numMethods="1" />
          <FullName>PatientAccess.Business.Services.AdminService/&lt;CreateUserAsync&gt;d__7</FullName>
          <Methods>
            <Method cyclomaticComplexity="4" nPathComplexity="4" sequenceCoverage="0" branchCoverage="0" isConstructor="False" isGetter="False" isSetter="False" isStatic="True">
              <Summary numSequencePoints="41" visitedSequencePoints="0" numBranchPoints="4" visitedBranchPoints="0" sequenceCoverage="0" branchCoverage="0" maxCyclomaticComplexity="4" minCyclomaticComplexity="4" visitedClasses="0" numClasses="0" visitedMethods="0" numMethods="1" />
              <MetadataToken />
              <Name>System.Void PatientAccess.Business.Services.AdminService/&lt;CreateUserAsync&gt;d__7::MoveNext()</Name>
              <FileRef uid="1" />
              <SequencePoints>
                <SequencePoint vc="0" uspid="47" ordinal="0" sl="47" sc="1" el="47" ec="2" bec="0" bev="0" fileid="1" />
                <SequencePoint vc="0" uspid="49" ordinal="1" sl="49" sc="1" el="49" ec="2" bec="0" bev="0" fileid="1" />
                <SequencePoint vc="0" uspid="50" ordinal="2" sl="50" sc="1" el="50" ec="2" bec="0" bev="0" fileid="1" />
                <SequencePoint vc="0" uspid="52" ordinal="3" sl="52" sc="1" el="52" ec="2" bec="2" bev="0" fileid="1" />
                <SequencePoint vc="0" uspid="53" ordinal="4" sl="53" sc="1" el="53" ec="2" bec="0" bev="0" fileid="1" />
                <SequencePoint vc="0" uspid="54" ordinal="5" sl="54" sc="1" el="54" ec="2" bec="0" bev="0" fileid="1" />
                <SequencePoint vc="0" uspid="58" ordinal="6" sl="58" sc="1" el="58" ec="2" bec="0" bev="0" fileid="1" />
                <SequencePoint vc="0" uspid="61" ordinal="7" sl="61" sc="1" el="61" ec="2" bec="0" bev="0" fileid="1" />
                <SequencePoint vc="0" uspid="64" ordinal="8" sl="64" sc="1" el="64" ec="2" bec="2" bev="0" fileid="1" />
                <SequencePoint vc="0" uspid="65" ordinal="9" sl="65" sc="1" el="65" ec="2" bec="0" bev="0" fileid="1" />
                <SequencePoint vc="0" uspid="66" ordinal="10" sl="66" sc="1" el="66" ec="2" bec="0" bev="0" fileid="1" />
                <SequencePoint vc="0" uspid="67" ordinal="11" sl="67" sc="1" el="67" ec="2" bec="0" bev="0" fileid="1" />
                <SequencePoint vc="0" uspid="68" ordinal="12" sl="68" sc="1" el="68" ec="2" bec="0" bev="0" fileid="1" />
                <SequencePoint vc="0" uspid="69" ordinal="13" sl="69" sc="1" el="69" ec="2" bec="0" bev="0" fileid="1" />
                <SequencePoint vc="0" uspid="70" ordinal="14" sl="70" sc="1" el="70" ec="2" bec="0" bev="0" fileid="1" />
                <SequencePoint vc="0" uspid="71" ordinal="15" sl="71" sc="1" el="71" ec="2" bec="0" bev="0" fileid="1" />
                <SequencePoint vc="0" uspid="72" ordinal="16" sl="72" sc="1" el="72" ec="2" bec="0" bev="0" fileid="1" />
                <SequencePoint vc="0" uspid="73" ordinal="17" sl="73" sc="1" el="73" ec="2" bec="0" bev="0" fileid="1" />
                <SequencePoint vc="0" uspid="74" ordinal="18" sl="74" sc="1" el="74" ec="2" bec="0" bev="0" fileid="1" />
                <SequencePoint vc="0" uspid="75" ordinal="19" sl="75" sc="1" el="75" ec="2" bec="0" bev="0" fileid="1" />
                <SequencePoint vc="0" uspid="76" ordinal="20" sl="76" sc="1" el="76" ec="2" bec="0" bev="0" fileid="1" />
                <SequencePoint vc="0" uspid="78" ordinal="21" sl="78" sc="1" el="78" ec="2" bec="0" bev="0" fileid="1" />
                <SequencePoint vc="0" uspid="79" ordinal="22" sl="79" sc="1" el="79" ec="2" bec="0" bev="0" fileid="1" />
                <SequencePoint vc="0" uspid="81" ordinal="23" sl="81" sc="1" el="81" ec="2" bec="0" bev="0" fileid="1" />
                <SequencePoint vc="0" uspid="82" ordinal="24" sl="82" sc="1" el="82" ec="2" bec="0" bev="0" fileid="1" />
                <SequencePoint vc="0" uspid="83" ordinal="25" sl="83" sc="1" el="83" ec="2" bec="0" bev="0" fileid="1" />
                <SequencePoint vc="0" uspid="86" ordinal="26" sl="86" sc="1" el="86" ec="2" bec="0" bev="0" fileid="1" />
                <SequencePoint vc="0" uspid="87" ordinal="27" sl="87" sc="1" el="87" ec="2" bec="0" bev="0" fileid="1" />
                <SequencePoint vc="0" uspid="88" ordinal="28" sl="88" sc="1" el="88" ec="2" bec="0" bev="0" fileid="1" />
                <SequencePoint vc="0" uspid="89" ordinal="29" sl="89" sc="1" el="89" ec="2" bec="0" bev="0" fileid="1" />
                <SequencePoint vc="0" uspid="90" ordinal="30" sl="90" sc="1" el="90" ec="2" bec="0" bev="0" fileid="1" />
                <SequencePoint vc="0" uspid="91" ordinal="31" sl="91" sc="1" el="91" ec="2" bec="0" bev="0" fileid="1" />
                <SequencePoint vc="0" uspid="92" ordinal="32" sl="92" sc="1" el="92" ec="2" bec="0" bev="0" fileid="1" />
                <SequencePoint vc="0" uspid="93" ordinal="33" sl="93" sc="1" el="93" ec="2" bec="0" bev="0" fileid="1" />
                <SequencePoint vc="0" uspid="94" ordinal="34" sl="94" sc="1" el="94" ec="2" bec="0" bev="0" fileid="1" />
                <SequencePoint vc="0" uspid="95" ordinal="35" sl="95" sc="1" el="95" ec="2" bec="0" bev="0" fileid="1" />
                <SequencePoint vc="0" uspid="96" ordinal="36" sl="96" sc="1" el="96" ec="2" bec="0" bev="0" fileid="1" />
                <SequencePoint vc="0" uspid="97" ordinal="37" sl="97" sc="1" el="97" ec="2" bec="0" bev="0" fileid="1" />
                <SequencePoint vc="0" uspid="100" ordinal="38" sl="100" sc="1" el="100" ec="2" bec="0" bev="0" fileid="1" />
                <SequencePoint vc="0" uspid="102" ordinal="39" sl="102" sc="1" el="102" ec="2" bec="0" bev="0" fileid="1" />
                <SequencePoint vc="0" uspid="103" ordinal="40" sl="103" sc="1" el="103" ec="2" bec="0" bev="0" fileid="1" />
              </SequencePoints>
              <BranchPoints>
                <BranchPoint vc="0" uspid="52" ordinal="0" path="0" offset="397" offsetend="399" sl="52" fileid="1" />
                <BranchPoint vc="0" uspid="52" ordinal="1" path="1" offset="397" offsetend="437" sl="52" fileid="1" />
                <BranchPoint vc="0" uspid="64" ordinal="2" path="0" offset="583" offsetend="585" sl="64" fileid="1" />
                <BranchPoint vc="0" uspid="64" ordinal="3" path="1" offset="583" offsetend="589" sl="64" fileid="1" />
              </BranchPoints>
              <MethodPoint vc="0" uspid="0" p8:type="SequencePoint" ordinal="0" offset="0" sc="0" sl="47" ec="1" el="103" bec="0" bev="0" fileid="1" xmlns:p8="xsi" />
            </Method>
          </Methods>
        </Class>
        <Class>
          <Summary numSequencePoints="44" visitedSequencePoints="0" numBranchPoints="10" visitedBranchPoints="0" sequenceCoverage="0" branchCoverage="0" maxCyclomaticComplexity="10" minCyclomaticComplexity="10" visitedClasses="0" numClasses="1" visitedMethods="0" numMethods="1" />
          <FullName>PatientAccess.Business.Services.AdminService/&lt;DeactivateUserAsync&gt;d__9</FullName>
          <Methods>
            <Method cyclomaticComplexity="10" nPathComplexity="10" sequenceCoverage="0" branchCoverage="0" isConstructor="False" isGetter="False" isSetter="False" isStatic="True">
              <Summary numSequencePoints="44" visitedSequencePoints="0" numBranchPoints="10" visitedBranchPoints="0" sequenceCoverage="0" branchCoverage="0" maxCyclomaticComplexity="10" minCyclomaticComplexity="10" visitedClasses="0" numClasses="0" visitedMethods="0" numMethods="1" />
              <MetadataToken />
              <Name>System.Void PatientAccess.Business.Services.AdminService/&lt;DeactivateUserAsync&gt;d__9::MoveNext()</Name>
              <FileRef uid="1" />
              <SequencePoints>
                <SequencePoint vc="0" uspid="196" ordinal="0" sl="196" sc="1" el="196" ec="2" bec="0" bev="0" fileid="1" />
                <SequencePoint vc="0" uspid="198" ordinal="1" sl="198" sc="1" el="198" ec="2" bec="2" bev="0" fileid="1" />
                <SequencePoint vc="0" uspid="199" ordinal="2" sl="199" sc="1" el="199" ec="2" bec="0" bev="0" fileid="1" />
                <SequencePoint vc="0" uspid="200" ordinal="3" sl="200" sc="1" el="200" ec="2" bec="0" bev="0" fileid="1" />
                <SequencePoint vc="0" uspid="203" ordinal="4" sl="203" sc="1" el="203" ec="2" bec="0" bev="0" fileid="1" />
                <SequencePoint vc="0" uspid="205" ordinal="5" sl="205" sc="1" el="205" ec="2" bec="2" bev="0" fileid="1" />
                <SequencePoint vc="0" uspid="206" ordinal="6" sl="206" sc="1" el="206" ec="2" bec="0" bev="0" fileid="1" />
                <SequencePoint vc="0" uspid="207" ordinal="7" sl="207" sc="1" el="207" ec="2" bec="0" bev="0" fileid="1" />
                <SequencePoint vc="0" uspid="211" ordinal="8" sl="211" sc="1" el="211" ec="2" bec="2" bev="0" fileid="1" />
                <SequencePoint vc="0" uspid="212" ordinal="9" sl="212" sc="1" el="212" ec="2" bec="0" bev="0" fileid="1" />
                <SequencePoint vc="0" uspid="213" ordinal="10" sl="213" sc="1" el="213" ec="2" bec="0" bev="0" fileid="1" />
                <SequencePoint vc="0" uspid="214" ordinal="11" sl="214" sc="1" el="214" ec="2" bec="0" bev="0" fileid="1" />
                <SequencePoint vc="0" uspid="216" ordinal="12" sl="216" sc="1" el="216" ec="2" bec="2" bev="0" fileid="1" />
                <SequencePoint vc="0" uspid="217" ordinal="13" sl="217" sc="1" el="217" ec="2" bec="0" bev="0" fileid="1" />
                <SequencePoint vc="0" uspid="218" ordinal="14" sl="218" sc="1" el="218" ec="2" bec="0" bev="0" fileid="1" />
                <SequencePoint vc="0" uspid="220" ordinal="15" sl="220" sc="1" el="220" ec="2" bec="0" bev="0" fileid="1" />
                <SequencePoint vc="0" uspid="223" ordinal="16" sl="223" sc="1" el="223" ec="2" bec="0" bev="0" fileid="1" />
                <SequencePoint vc="0" uspid="224" ordinal="17" sl="224" sc="1" el="224" ec="2" bec="0" bev="0" fileid="1" />
                <SequencePoint vc="0" uspid="226" ordinal="18" sl="226" sc="1" el="226" ec="2" bec="0" bev="0" fileid="1" />
                <SequencePoint vc="0" uspid="228" ordinal="19" sl="228" sc="1" el="228" ec="2" bec="0" bev="0" fileid="1" />
                <SequencePoint vc="0" uspid="231" ordinal="20" sl="231" sc="1" el="231" ec="2" bec="2" bev="0" fileid="1" />
                <SequencePoint vc="0" uspid="232" ordinal="21" sl="232" sc="1" el="232" ec="2" bec="0" bev="0" fileid="1" />
                <SequencePoint vc="0" uspid="234" ordinal="22" sl="234" sc="1" el="234" ec="2" bec="0" bev="0" fileid="1" />
                <SequencePoint vc="0" uspid="235" ordinal="23" sl="235" sc="1" el="235" ec="2" bec="0" bev="0" fileid="1" />
                <SequencePoint vc="0" uspid="236" ordinal="24" sl="236" sc="1" el="236" ec="2" bec="0" bev="0" fileid="1" />
                <SequencePoint vc="0" uspid="237" ordinal="25" sl="237" sc="1" el="237" ec="2" bec="0" bev="0" fileid="1" />
                <SequencePoint vc="0" uspid="238" ordinal="26" sl="238" sc="1" el="238" ec="2" bec="0" bev="0" fileid="1" />
                <SequencePoint vc="0" uspid="239" ordinal="27" sl="239" sc="1" el="239" ec="2" bec="0" bev="0" fileid="1" />
                <SequencePoint vc="0" uspid="240" ordinal="28" sl="240" sc="1" el="240" ec="2" bec="0" bev="0" fileid="1" />
                <SequencePoint vc="0" uspid="241" ordinal="29" sl="241" sc="1" el="241" ec="2" bec="0" bev="0" fileid="1" />
                <SequencePoint vc="0" uspid="242" ordinal="30" sl="242" sc="1" el="242" ec="2" bec="0" bev="0" fileid="1" />
                <SequencePoint vc="0" uspid="245" ordinal="31" sl="245" sc="1" el="245" ec="2" bec="0" bev="0" fileid="1" />
                <SequencePoint vc="0" uspid="246" ordinal="32" sl="246" sc="1" el="246" ec="2" bec="0" bev="0" fileid="1" />
                <SequencePoint vc="0" uspid="247" ordinal="33" sl="247" sc="1" el="247" ec="2" bec="0" bev="0" fileid="1" />
                <SequencePoint vc="0" uspid="248" ordinal="34" sl="248" sc="1" el="248" ec="2" bec="0" bev="0" fileid="1" />
                <SequencePoint vc="0" uspid="249" ordinal="35" sl="249" sc="1" el="249" ec="2" bec="0" bev="0" fileid="1" />
                <SequencePoint vc="0" uspid="250" ordinal="36" sl="250" sc="1" el="250" ec="2" bec="0" bev="0" fileid="1" />
                <SequencePoint vc="0" uspid="251" ordinal="37" sl="251" sc="1" el="251" ec="2" bec="0" bev="0" fileid="1" />
                <SequencePoint vc="0" uspid="252" ordinal="38" sl="252" sc="1" el="252" ec="2" bec="0" bev="0" fileid="1" />
                <SequencePoint vc="0" uspid="253" ordinal="39" sl="253" sc="1" el="253" ec="2" bec="0" bev="0" fileid="1" />
                <SequencePoint vc="0" uspid="254" ordinal="40" sl="254" sc="1" el="254" ec="2" bec="0" bev="0" fileid="1" />
                <SequencePoint vc="0" uspid="255" ordinal="41" sl="255" sc="1" el="255" ec="2" bec="0" bev="0" fileid="1" />
                <SequencePoint vc="0" uspid="256" ordinal="42" sl="256" sc="1" el="256" ec="2" bec="0" bev="0" fileid="1" />
                <SequencePoint vc="0" uspid="257" ordinal="43" sl="257" sc="1" el="257" ec="2" bec="0" bev="0" fileid="1" />
              </SequencePoints>
              <BranchPoints>
                <BranchPoint vc="0" uspid="198" ordinal="0" path="0" offset="80" offsetend="82" sl="198" fileid="1" />
                <BranchPoint vc="0" uspid="198" ordinal="1" path="1" offset="80" offsetend="94" sl="198" fileid="1" />
                <BranchPoint vc="0" uspid="205" ordinal="2" path="0" offset="266" offsetend="268" sl="205" fileid="1" />
                <BranchPoint vc="0" uspid="205" ordinal="3" path="1" offset="266" offsetend="332" sl="205" fileid="1" />
                <BranchPoint vc="0" uspid="211" ordinal="4" path="0" offset="350" offsetend="355" sl="211" fileid="1" />
                <BranchPoint vc="0" uspid="216" ordinal="6" path="0" offset="683" offsetend="685" sl="216" fileid="1" />
                <BranchPoint vc="0" uspid="216" ordinal="7" path="1" offset="683" offsetend="697" sl="216" fileid="1" />
                <BranchPoint vc="0" uspid="211" ordinal="5" path="1" offset="350" offsetend="698" sl="211" fileid="1" />
                <BranchPoint vc="0" uspid="231" ordinal="8" path="0" offset="932" offsetend="937" sl="231" fileid="1" />
                <BranchPoint vc="0" uspid="231" ordinal="9" path="1" offset="932" offsetend="1193" sl="231" fileid="1" />
              </BranchPoints>
              <MethodPoint vc="0" uspid="0" p8:type="SequencePoint" ordinal="0" offset="0" sc="0" sl="196" ec="1" el="257" bec="0" bev="0" fileid="1" xmlns:p8="xsi" />
            </Method>
          </Methods>
        </Class>
        <Class>
          <Summary numSequencePoints="22" visitedSequencePoints="0" numBranchPoints="10" visitedBranchPoints="0" sequenceCoverage="0" branchCoverage="0" maxCyclomaticComplexity="10" minCyclomaticComplexity="10" visitedClasses="0" numClasses="1" visitedMethods="0" numMethods="1" />
          <FullName>PatientAccess.Business.Services.AdminService/&lt;GetAllUsersAsync&gt;d__10</FullName>
          <Methods>
            <Method cyclomaticComplexity="10" nPathComplexity="10" sequenceCoverage="0" branchCoverage="0" isConstructor="False" isGetter="False" isSetter="False" isStatic="True">
              <Summary numSequencePoints="22" visitedSequencePoints="0" numBranchPoints="10" visitedBranchPoints="0" sequenceCoverage="0" branchCoverage="0" maxCyclomaticComplexity="10" minCyclomaticComplexity="10" visitedClasses="0" numClasses="0" visitedMethods="0" numMethods="1" />
              <MetadataToken />
              <Name>System.Void PatientAccess.Business.Services.AdminService/&lt;GetAllUsersAsync&gt;d__10::MoveNext()</Name>
              <FileRef uid="1" />
              <SequencePoints>
                <SequencePoint vc="0" uspid="266" ordinal="0" sl="266" sc="1" el="266" ec="2" bec="0" bev="0" fileid="1" />
                <SequencePoint vc="0" uspid="267" ordinal="1" sl="267" sc="1" el="267" ec="2" bec="0" bev="0" fileid="1" />
                <SequencePoint vc="0" uspid="270" ordinal="2" sl="270" sc="1" el="270" ec="2" bec="2" bev="0" fileid="1" />
                <SequencePoint vc="0" uspid="271" ordinal="3" sl="271" sc="1" el="271" ec="2" bec="0" bev="0" fileid="1" />
                <SequencePoint vc="0" uspid="272" ordinal="4" sl="272" sc="1" el="272" ec="2" bec="0" bev="0" fileid="1" />
                <SequencePoint vc="0" uspid="273" ordinal="5" sl="273" sc="1" el="273" ec="2" bec="0" bev="0" fileid="1" />
                <SequencePoint vc="0" uspid="274" ordinal="6" sl="274" sc="1" el="274" ec="2" bec="0" bev="0" fileid="1" />
                <SequencePoint vc="0" uspid="275" ordinal="7" sl="275" sc="1" el="275" ec="2" bec="0" bev="0" fileid="1" />
                <SequencePoint vc="0" uspid="276" ordinal="8" sl="276" sc="1" el="276" ec="2" bec="0" bev="0" fileid="1" />
                <SequencePoint vc="0" uspid="279" ordinal="9" sl="279" sc="1" el="279" ec="2" bec="4" bev="0" fileid="1" />
                <SequencePoint vc="0" uspid="280" ordinal="10" sl="280" sc="1" el="280" ec="2" bec="0" bev="0" fileid="1" />
                <SequencePoint vc="0" uspid="281" ordinal="11" sl="281" sc="1" el="281" ec="2" bec="0" bev="0" fileid="1" />
                <SequencePoint vc="0" uspid="282" ordinal="12" sl="282" sc="1" el="282" ec="2" bec="0" bev="0" fileid="1" />
                <SequencePoint vc="0" uspid="285" ordinal="13" sl="285" sc="1" el="285" ec="2" bec="4" bev="0" fileid="1" />
                <SequencePoint vc="0" uspid="286" ordinal="14" sl="286" sc="1" el="286" ec="2" bec="0" bev="0" fileid="1" />
                <SequencePoint vc="0" uspid="287" ordinal="15" sl="287" sc="1" el="287" ec="2" bec="0" bev="0" fileid="1" />
                <SequencePoint vc="0" uspid="288" ordinal="16" sl="288" sc="1" el="288" ec="2" bec="0" bev="0" fileid="1" />
                <SequencePoint vc="0" uspid="291" ordinal="17" sl="291" sc="1" el="291" ec="2" bec="0" bev="0" fileid="1" />
                <SequencePoint vc="0" uspid="292" ordinal="18" sl="292" sc="1" el="292" ec="2" bec="0" bev="0" fileid="1" />
                <SequencePoint vc="0" uspid="293" ordinal="19" sl="293" sc="1" el="293" ec="2" bec="0" bev="0" fileid="1" />
                <SequencePoint vc="0" uspid="295" ordinal="20" sl="295" sc="1" el="295" ec="2" bec="0" bev="0" fileid="1" />
                <SequencePoint vc="0" uspid="296" ordinal="21" sl="296" sc="1" el="296" ec="2" bec="0" bev="0" fileid="1" />
              </SequencePoints>
              <BranchPoints>
                <BranchPoint vc="0" uspid="270" ordinal="0" path="0" offset="72" offsetend="77" sl="270" fileid="1" />
                <BranchPoint vc="0" uspid="270" ordinal="1" path="1" offset="72" offsetend="399" sl="270" fileid="1" />
                <BranchPoint vc="0" uspid="279" ordinal="2" path="0" offset="410" offsetend="412" sl="279" fileid="1" />
                <BranchPoint vc="0" uspid="279" ordinal="3" path="1" offset="410" offsetend="437" sl="279" fileid="1" />
                <BranchPoint vc="0" uspid="279" ordinal="4" path="0" offset="442" offsetend="447" sl="279" fileid="1" />
                <BranchPoint vc="0" uspid="279" ordinal="5" path="1" offset="442" offsetend="594" sl="279" fileid="1" />
                <BranchPoint vc="0" uspid="285" ordinal="6" path="0" offset="605" offsetend="607" sl="285" fileid="1" />
                <BranchPoint vc="0" uspid="285" ordinal="7" path="1" offset="605" offsetend="632" sl="285" fileid="1" />
                <BranchPoint vc="0" uspid="285" ordinal="8" path="0" offset="637" offsetend="642" sl="285" fileid="1" />
                <BranchPoint vc="0" uspid="285" ordinal="9" path="1" offset="637" offsetend="789" sl="285" fileid="1" />
              </BranchPoints>
              <MethodPoint vc="0" uspid="0" p8:type="SequencePoint" ordinal="0" offset="0" sc="0" sl="266" ec="1" el="296" bec="0" bev="0" fileid="1" xmlns:p8="xsi" />
            </Method>
          </Methods>
        </Class>
        <Class>
          <Summary numSequencePoints="7" visitedSequencePoints="0" numBranchPoints="2" visitedBranchPoints="0" sequenceCoverage="0" branchCoverage="0" maxCyclomaticComplexity="2" minCyclomaticComplexity="2" visitedClasses="0" numClasses="1" visitedMethods="0" numMethods="1" />
          <FullName>PatientAccess.Business.Services.AdminService/&lt;GetUserByIdAsync&gt;d__11</FullName>
          <Methods>
            <Method cyclomaticComplexity="2" nPathComplexity="2" sequenceCoverage="0" branchCoverage="0" isConstructor="False" isGetter="False" isSetter="False" isStatic="True">
              <Summary numSequencePoints="7" visitedSequencePoints="0" numBranchPoints="2" visitedBranchPoints="0" sequenceCoverage="0" branchCoverage="0" maxCyclomaticComplexity="2" minCyclomaticComplexity="2" visitedClasses="0" numClasses="0" visitedMethods="0" numMethods="1" />
              <MetadataToken />
              <Name>System.Void PatientAccess.Business.Services.AdminService/&lt;GetUserByIdAsync&gt;d__11::MoveNext()</Name>
              <FileRef uid="1" />
              <SequencePoints>
                <SequencePoint vc="0" uspid="302" ordinal="0" sl="302" sc="1" el="302" ec="2" bec="0" bev="0" fileid="1" />
                <SequencePoint vc="0" uspid="303" ordinal="1" sl="303" sc="1" el="303" ec="2" bec="0" bev="0" fileid="1" />
                <SequencePoint vc="0" uspid="305" ordinal="2" sl="305" sc="1" el="305" ec="2" bec="2" bev="0" fileid="1" />
                <SequencePoint vc="0" uspid="306" ordinal="3" sl="306" sc="1" el="306" ec="2" bec="0" bev="0" fileid="1" />
                <SequencePoint vc="0" uspid="307" ordinal="4" sl="307" sc="1" el="307" ec="2" bec="0" bev="0" fileid="1" />
                <SequencePoint vc="0" uspid="310" ordinal="5" sl="310" sc="1" el="310" ec="2" bec="0" bev="0" fileid="1" />
                <SequencePoint vc="0" uspid="311" ordinal="6" sl="311" sc="1" el="311" ec="2" bec="0" bev="0" fileid="1" />
              </SequencePoints>
              <BranchPoints>
                <BranchPoint vc="0" uspid="305" ordinal="0" path="0" offset="187" offsetend="189" sl="305" fileid="1" />
                <BranchPoint vc="0" uspid="305" ordinal="1" path="1" offset="187" offsetend="253" sl="305" fileid="1" />
              </BranchPoints>
              <MethodPoint vc="0" uspid="0" p8:type="SequencePoint" ordinal="0" offset="0" sc="0" sl="302" ec="1" el="311" bec="0" bev="0" fileid="1" xmlns:p8="xsi" />
            </Method>
          </Methods>
        </Class>
        <Class>
          <Summary numSequencePoints="52" visitedSequencePoints="0" numBranchPoints="14" visitedBranchPoints="0" sequenceCoverage="0" branchCoverage="0" maxCyclomaticComplexity="14" minCyclomaticComplexity="14" visitedClasses="0" numClasses="1" visitedMethods="0" numMethods="1" />
          <FullName>PatientAccess.Business.Services.AdminService/&lt;UpdateUserAsync&gt;d__8</FullName>
          <Methods>
            <Method cyclomaticComplexity="14" nPathComplexity="14" sequenceCoverage="0" branchCoverage="0" isConstructor="False" isGetter="False" isSetter="False" isStatic="True">
              <Summary numSequencePoints="52" visitedSequencePoints="0" numBranchPoints="14" visitedBranchPoints="0" sequenceCoverage="0" branchCoverage="0" maxCyclomaticComplexity="14" minCyclomaticComplexity="14" visitedClasses="0" numClasses="0" visitedMethods="0" numMethods="1" />
              <MetadataToken />
              <Name>System.Void PatientAccess.Business.Services.AdminService/&lt;UpdateUserAsync&gt;d__8::MoveNext()</Name>
              <FileRef uid="1" />
              <SequencePoints>
                <SequencePoint vc="0" uspid="114" ordinal="0" sl="114" sc="1" el="114" ec="2" bec="0" bev="0" fileid="1" />
                <SequencePoint vc="0" uspid="115" ordinal="1" sl="115" sc="1" el="115" ec="2" bec="0" bev="0" fileid="1" />
                <SequencePoint vc="0" uspid="117" ordinal="2" sl="117" sc="1" el="117" ec="2" bec="2" bev="0" fileid="1" />
                <SequencePoint vc="0" uspid="118" ordinal="3" sl="118" sc="1" el="118" ec="2" bec="0" bev="0" fileid="1" />
                <SequencePoint vc="0" uspid="119" ordinal="4" sl="119" sc="1" el="119" ec="2" bec="0" bev="0" fileid="1" />
                <SequencePoint vc="0" uspid="123" ordinal="5" sl="123" sc="1" el="123" ec="2" bec="0" bev="0" fileid="1" />
                <SequencePoint vc="0" uspid="126" ordinal="6" sl="126" sc="1" el="126" ec="2" bec="2" bev="0" fileid="1" />
                <SequencePoint vc="0" uspid="127" ordinal="7" sl="127" sc="1" el="127" ec="2" bec="0" bev="0" fileid="1" />
                <SequencePoint vc="0" uspid="128" ordinal="8" sl="128" sc="1" el="128" ec="2" bec="0" bev="0" fileid="1" />
                <SequencePoint vc="0" uspid="129" ordinal="9" sl="129" sc="1" el="129" ec="2" bec="0" bev="0" fileid="1" />
                <SequencePoint vc="0" uspid="130" ordinal="10" sl="130" sc="1" el="130" ec="2" bec="0" bev="0" fileid="1" />
                <SequencePoint vc="0" uspid="132" ordinal="11" sl="132" sc="1" el="132" ec="2" bec="2" bev="0" fileid="1" />
                <SequencePoint vc="0" uspid="133" ordinal="12" sl="133" sc="1" el="133" ec="2" bec="0" bev="0" fileid="1" />
                <SequencePoint vc="0" uspid="135" ordinal="13" sl="135" sc="1" el="135" ec="2" bec="0" bev="0" fileid="1" />
                <SequencePoint vc="0" uspid="136" ordinal="14" sl="136" sc="1" el="136" ec="2" bec="0" bev="0" fileid="1" />
                <SequencePoint vc="0" uspid="138" ordinal="15" sl="138" sc="1" el="138" ec="2" bec="2" bev="0" fileid="1" />
                <SequencePoint vc="0" uspid="139" ordinal="16" sl="139" sc="1" el="139" ec="2" bec="0" bev="0" fileid="1" />
                <SequencePoint vc="0" uspid="140" ordinal="17" sl="140" sc="1" el="140" ec="2" bec="0" bev="0" fileid="1" />
                <SequencePoint vc="0" uspid="143" ordinal="18" sl="143" sc="1" el="143" ec="2" bec="0" bev="0" fileid="1" />
                <SequencePoint vc="0" uspid="144" ordinal="19" sl="144" sc="1" el="144" ec="2" bec="0" bev="0" fileid="1" />
                <SequencePoint vc="0" uspid="145" ordinal="20" sl="145" sc="1" el="145" ec="2" bec="0" bev="0" fileid="1" />
                <SequencePoint vc="0" uspid="147" ordinal="21" sl="147" sc="1" el="147" ec="2" bec="2" bev="0" fileid="1" />
                <SequencePoint vc="0" uspid="148" ordinal="22" sl="148" sc="1" el="148" ec="2" bec="0" bev="0" fileid="1" />
                <SequencePoint vc="0" uspid="149" ordinal="23" sl="149" sc="1" el="149" ec="2" bec="0" bev="0" fileid="1" />
                <SequencePoint vc="0" uspid="150" ordinal="24" sl="150" sc="1" el="150" ec="2" bec="0" bev="0" fileid="1" />
                <SequencePoint vc="0" uspid="151" ordinal="25" sl="151" sc="1" el="151" ec="2" bec="0" bev="0" fileid="1" />
                <SequencePoint vc="0" uspid="153" ordinal="26" sl="153" sc="1" el="153" ec="2" bec="2" bev="0" fileid="1" />
                <SequencePoint vc="0" uspid="154" ordinal="27" sl="154" sc="1" el="154" ec="2" bec="0" bev="0" fileid="1" />
                <SequencePoint vc="0" uspid="155" ordinal="28" sl="155" sc="1" el="155" ec="2" bec="0" bev="0" fileid="1" />
                <SequencePoint vc="0" uspid="156" ordinal="29" sl="156" sc="1" el="156" ec="2" bec="0" bev="0" fileid="1" />
                <SequencePoint vc="0" uspid="157" ordinal="30" sl="157" sc="1" el="157" ec="2" bec="0" bev="0" fileid="1" />
                <SequencePoint vc="0" uspid="159" ordinal="31" sl="159" sc="1" el="159" ec="2" bec="2" bev="0" fileid="1" />
                <SequencePoint vc="0" uspid="160" ordinal="32" sl="160" sc="1" el="160" ec="2" bec="0" bev="0" fileid="1" />
                <SequencePoint vc="0" uspid="161" ordinal="33" sl="161" sc="1" el="161" ec="2" bec="0" bev="0" fileid="1" />
                <SequencePoint vc="0" uspid="162" ordinal="34" sl="162" sc="1" el="162" ec="2" bec="0" bev="0" fileid="1" />
                <SequencePoint vc="0" uspid="163" ordinal="35" sl="163" sc="1" el="163" ec="2" bec="0" bev="0" fileid="1" />
                <SequencePoint vc="0" uspid="165" ordinal="36" sl="165" sc="1" el="165" ec="2" bec="0" bev="0" fileid="1" />
                <SequencePoint vc="0" uspid="167" ordinal="37" sl="167" sc="1" el="167" ec="2" bec="0" bev="0" fileid="1" />
                <SequencePoint vc="0" uspid="169" ordinal="38" sl="169" sc="1" el="169" ec="2" bec="0" bev="0" fileid="1" />
                <SequencePoint vc="0" uspid="172" ordinal="39" sl="172" sc="1" el="172" ec="2" bec="0" bev="0" fileid="1" />
                <SequencePoint vc="0" uspid="173" ordinal="40" sl="173" sc="1" el="173" ec="2" bec="0" bev="0" fileid="1" />
                <SequencePoint vc="0" uspid="174" ordinal="41" sl="174" sc="1" el="174" ec="2" bec="0" bev="0" fileid="1" />
                <SequencePoint vc="0" uspid="175" ordinal="42" sl="175" sc="1" el="175" ec="2" bec="0" bev="0" fileid="1" />
                <SequencePoint vc="0" uspid="176" ordinal="43" sl="176" sc="1" el="176" ec="2" bec="0" bev="0" fileid="1" />
                <SequencePoint vc="0" uspid="177" ordinal="44" sl="177" sc="1" el="177" ec="2" bec="0" bev="0" fileid="1" />
                <SequencePoint vc="0" uspid="178" ordinal="45" sl="178" sc="1" el="178" ec="2" bec="0" bev="0" fileid="1" />
                <SequencePoint vc="0" uspid="179" ordinal="46" sl="179" sc="1" el="179" ec="2" bec="0" bev="0" fileid="1" />
                <SequencePoint vc="0" uspid="180" ordinal="47" sl="180" sc="1" el="180" ec="2" bec="0" bev="0" fileid="1" />
                <SequencePoint vc="0" uspid="181" ordinal="48" sl="181" sc="1" el="181" ec="2" bec="0" bev="0" fileid="1" />
                <SequencePoint vc="0" uspid="182" ordinal="49" sl="182" sc="1" el="182" ec="2" bec="0" bev="0" fileid="1" />
                <SequencePoint vc="0" uspid="184" ordinal="50" sl="184" sc="1" el="184" ec="2" bec="0" bev="0" fileid="1" />
                <SequencePoint vc="0" uspid="185" ordinal="51" sl="185" sc="1" el="185" ec="2" bec="0" bev="0" fileid="1" />
              </SequencePoints>
              <BranchPoints>
                <BranchPoint vc="0" uspid="117" ordinal="0" path="0" offset="274" offsetend="276" sl="117" fileid="1" />
                <BranchPoint vc="0" uspid="117" ordinal="1" path="1" offset="274" offsetend="345" sl="117" fileid="1" />
                <BranchPoint vc="0" uspid="126" ordinal="2" path="0" offset="384" offsetend="386" sl="126" fileid="1" />
                <BranchPoint vc="0" uspid="126" ordinal="3" path="1" offset="384" offsetend="470" sl="126" fileid="1" />
                <BranchPoint vc="0" uspid="132" ordinal="4" path="0" offset="498" offsetend="503" sl="132" fileid="1" />
                <BranchPoint vc="0" uspid="138" ordinal="6" path="0" offset="911" offsetend="913" sl="138" fileid="1" />
                <BranchPoint vc="0" uspid="138" ordinal="7" path="1" offset="911" offsetend="951" sl="138" fileid="1" />
                <BranchPoint vc="0" uspid="132" ordinal="5" path="1" offset="498" offsetend="1039" sl="132" fileid="1" />
                <BranchPoint vc="0" uspid="147" ordinal="8" path="0" offset="1068" offsetend="1070" sl="147" fileid="1" />
                <BranchPoint vc="0" uspid="147" ordinal="9" path="1" offset="1068" offsetend="1188" sl="147" fileid="1" />
                <BranchPoint vc="0" uspid="153" ordinal="10" path="0" offset="1216" offsetend="1218" sl="153" fileid="1" />
                <BranchPoint vc="0" uspid="153" ordinal="11" path="1" offset="1216" offsetend="1302" sl="153" fileid="1" />
                <BranchPoint vc="0" uspid="159" ordinal="12" path="0" offset="1331" offsetend="1333" sl="159" fileid="1" />
                <BranchPoint vc="0" uspid="159" ordinal="13" path="1" offset="1331" offsetend="1451" sl="159" fileid="1" />
              </BranchPoints>
              <MethodPoint vc="0" uspid="0" p8:type="SequencePoint" ordinal="0" offset="0" sc="0" sl="114" ec="1" el="185" bec="0" bev="0" fileid="1" xmlns:p8="xsi" />
            </Method>
          </Methods>
        </Class>
        <Class>
          <Summary numSequencePoints="18" visitedSequencePoints="0" numBranchPoints="12" visitedBranchPoints="0" sequenceCoverage="0" branchCoverage="0" maxCyclomaticComplexity="6" minCyclomaticComplexity="1" visitedClasses="0" numClasses="1" visitedMethods="0" numMethods="3" />
          <FullName>PatientAccess.Business.Services.AppointmentService</FullName>
          <Methods>
            <Method cyclomaticComplexity="1" nPathComplexity="1" sequenceCoverage="0" branchCoverage="100" isConstructor="False" isGetter="False" isSetter="False" isStatic="True">
              <Summary numSequencePoints="3" visitedSequencePoints="0" numBranchPoints="0" visitedBranchPoints="0" sequenceCoverage="0" branchCoverage="100" maxCyclomaticComplexity="1" minCyclomaticComplexity="1" visitedClasses="0" numClasses="0" visitedMethods="0" numMethods="1" />
              <MetadataToken />
              <Name>System.String PatientAccess.Business.Services.AppointmentService::GenerateConfirmationNumber()</Name>
              <FileRef uid="2" />
              <SequencePoints>
                <SequencePoint vc="0" uspid="322" ordinal="0" sl="322" sc="1" el="322" ec="2" bec="0" bev="0" fileid="2" />
                <SequencePoint vc="0" uspid="323" ordinal="1" sl="323" sc="1" el="323" ec="2" bec="0" bev="0" fileid="2" />
                <SequencePoint vc="0" uspid="324" ordinal="2" sl="324" sc="1" el="324" ec="2" bec="0" bev="0" fileid="2" />
              </SequencePoints>
              <BranchPoints />
              <MethodPoint vc="0" uspid="0" p8:type="SequencePoint" ordinal="0" offset="0" sc="0" sl="322" ec="1" el="324" bec="0" bev="0" fileid="2" xmlns:p8="xsi" />
            </Method>
            <Method cyclomaticComplexity="6" nPathComplexity="6" sequenceCoverage="0" branchCoverage="0" isConstructor="False" isGetter="False" isSetter="False" isStatic="True">
              <Summary numSequencePoints="10" visitedSequencePoints="0" numBranchPoints="6" visitedBranchPoints="0" sequenceCoverage="0" branchCoverage="0" maxCyclomaticComplexity="6" minCyclomaticComplexity="6" visitedClasses="0" numClasses="0" visitedMethods="0" numMethods="1" />
              <MetadataToken />
              <Name>System.Boolean PatientAccess.Business.Services.AppointmentService::IsDeadlockException(System.Exception)</Name>
              <FileRef uid="2" />
              <SequencePoints>
                <SequencePoint vc="0" uspid="331" ordinal="0" sl="331" sc="1" el="331" ec="2" bec="0" bev="0" fileid="2" />
                <SequencePoint vc="0" uspid="333" ordinal="1" sl="333" sc="1" el="333" ec="2" bec="0" bev="0" fileid="2" />
                <SequencePoint vc="0" uspid="334" ordinal="2" sl="334" sc="1" el="334" ec="2" bec="4" bev="0" fileid="2" />
                <SequencePoint vc="0" uspid="335" ordinal="3" sl="335" sc="1" el="335" ec="2" bec="0" bev="0" fileid="2" />
                <SequencePoint vc="0" uspid="336" ordinal="4" sl="336" sc="1" el="336" ec="2" bec="0" bev="0" fileid="2" />
                <SequencePoint vc="0" uspid="340" ordinal="5" sl="340" sc="1" el="340" ec="2" bec="2" bev="0" fileid="2" />
                <SequencePoint vc="0" uspid="341" ordinal="6" sl="341" sc="1" el="341" ec="2" bec="0" bev="0" fileid="2" />
                <SequencePoint vc="0" uspid="342" ordinal="7" sl="342" sc="1" el="342" ec="2" bec="0" bev="0" fileid="2" />
                <SequencePoint vc="0" uspid="345" ordinal="8" sl="345" sc="1" el="345" ec="2" bec="0" bev="0" fileid="2" />
                <SequencePoint vc="0" uspid="346" ordinal="9" sl="346" sc="1" el="346" ec="2" bec="0" bev="0" fileid="2" />
              </SequencePoints>
              <BranchPoints>
                <BranchPoint vc="0" uspid="334" ordinal="0" path="0" offset="9" offsetend="11" sl="334" fileid="2" />
                <BranchPoint vc="0" uspid="334" ordinal="1" path="1" offset="9" offsetend="29" sl="334" fileid="2" />
                <BranchPoint vc="0" uspid="334" ordinal="2" path="0" offset="32" offsetend="34" sl="334" fileid="2" />
                <BranchPoint vc="0" uspid="334" ordinal="3" path="1" offset="32" offsetend="39" sl="334" fileid="2" />
                <BranchPoint vc="0" uspid="340" ordinal="4" path="0" offset="50" offsetend="52" sl="340" fileid="2" />
                <BranchPoint vc="0" uspid="340" ordinal="5" path="1" offset="50" offsetend="68" sl="340" fileid="2" />
              </BranchPoints>
              <MethodPoint vc="0" uspid="0" p8:type="SequencePoint" ordinal="1" offset="1" sc="0" sl="331" ec="1" el="346" bec="0" bev="0" fileid="2" xmlns:p8="xsi" />
            </Method>
            <Method cyclomaticComplexity="6" nPathComplexity="6" sequenceCoverage="0" branchCoverage="0" isConstructor="True" isGetter="False" isSetter="False" isStatic="True">
              <Summary numSequencePoints="5" visitedSequencePoints="0" numBranchPoints="6" visitedBranchPoints="0" sequenceCoverage="0" branchCoverage="0" maxCyclomaticComplexity="6" minCyclomaticComplexity="6" visitedClasses="0" numClasses="0" visitedMethods="0" numMethods="1" />
              <MetadataToken />
              <Name>System.Void PatientAccess.Business.Services.AppointmentService::.ctor(PatientAccess.Data.PatientAccessDbContext,Microsoft.Extensions.Logging.ILogger`1&lt;PatientAccess.Business.Services.AppointmentService&gt;,Microsoft.Extensions.Configuration.IConfiguration)</Name>
              <FileRef uid="2" />
              <SequencePoints>
                <SequencePoint vc="0" uspid="31" ordinal="0" sl="31" sc="1" el="31" ec="2" bec="0" bev="0" fileid="2" />
                <SequencePoint vc="0" uspid="32" ordinal="1" sl="32" sc="1" el="32" ec="2" bec="2" bev="0" fileid="2" />
                <SequencePoint vc="0" uspid="33" ordinal="2" sl="33" sc="1" el="33" ec="2" bec="2" bev="0" fileid="2" />
                <SequencePoint vc="0" uspid="34" ordinal="3" sl="34" sc="1" el="34" ec="2" bec="2" bev="0" fileid="2" />
                <SequencePoint vc="0" uspid="35" ordinal="4" sl="35" sc="1" el="35" ec="2" bec="0" bev="0" fileid="2" />
              </SequencePoints>
              <BranchPoints>
                <BranchPoint vc="0" uspid="32" ordinal="0" path="0" offset="11" offsetend="13" sl="32" fileid="2" />
                <BranchPoint vc="0" uspid="32" ordinal="1" path="1" offset="11" offsetend="25" sl="32" fileid="2" />
                <BranchPoint vc="0" uspid="33" ordinal="2" path="0" offset="33" offsetend="35" sl="33" fileid="2" />
                <BranchPoint vc="0" uspid="33" ordinal="3" path="1" offset="33" offsetend="47" sl="33" fileid="2" />
                <BranchPoint vc="0" uspid="34" ordinal="4" path="0" offset="55" offsetend="57" sl="34" fileid="2" />
                <BranchPoint vc="0" uspid="34" ordinal="5" path="1" offset="55" offsetend="69" sl="34" fileid="2" />
              </BranchPoints>
              <MethodPoint vc="0" uspid="0" p8:type="SequencePoint" ordinal="2" offset="2" sc="0" sl="31" ec="1" el="35" bec="0" bev="0" fileid="2" xmlns:p8="xsi" />
            </Method>
          </Methods>
        </Class>
        <Class>
          <Summary numSequencePoints="13" visitedSequencePoints="0" numBranchPoints="0" visitedBranchPoints="0" sequenceCoverage="0" branchCoverage="100" maxCyclomaticComplexity="1" minCyclomaticComplexity="1" visitedClasses="0" numClasses="1" visitedMethods="0" numMethods="3" />
          <FullName>PatientAccess.Business.Services.AppointmentService/&lt;&gt;c</FullName>
          <Methods>
            <Method cyclomaticComplexity="1" nPathComplexity="1" sequenceCoverage="0" branchCoverage="100" isConstructor="False" isGetter="False" isSetter="False" isStatic="True">
              <Summary numSequencePoints="1" visitedSequencePoints="0" numBranchPoints="0" visitedBranchPoints="0" sequenceCoverage="0" branchCoverage="100" maxCyclomaticComplexity="1" minCyclomaticComplexity="1" visitedClasses="0" numClasses="0" visitedMethods="0" numMethods="1" />
              <MetadataToken />
              <Name>System.DateTime PatientAccess.Business.Services.AppointmentService/&lt;&gt;c::&lt;GetMonthlyAvailabilityAsync&gt;b__7_0(&lt;&gt;f__AnonymousType4`4&lt;System.Guid,System.DateTime,System.DateTime,System.Boolean&gt;)</Name>
              <FileRef uid="2" />
              <SequencePoints>
                <SequencePoint vc="0" uspid="70" ordinal="0" sl="70" sc="1" el="70" ec="2" bec="0" bev="0" fileid="2" />
              </SequencePoints>
              <BranchPoints />
              <MethodPoint vc="0" uspid="0" p8:type="SequencePoint" ordinal="0" offset="0" sc="0" sl="70" ec="1" el="70" bec="0" bev="0" fileid="2" xmlns:p8="xsi" />
            </Method>
            <Method cyclomaticComplexity="1" nPathComplexity="1" sequenceCoverage="0" branchCoverage="100" isConstructor="False" isGetter="False" isSetter="False" isStatic="True">
              <Summary numSequencePoints="11" visitedSequencePoints="0" numBranchPoints="0" visitedBranchPoints="0" sequenceCoverage="0" branchCoverage="100" maxCyclomaticComplexity="1" minCyclomaticComplexity="1" visitedClasses="0" numClasses="0" visitedMethods="0" numMethods="1" />
              <MetadataToken />
              <Name>PatientAccess.Business.DTOs.AvailabilityResponseDto PatientAccess.Business.Services.AppointmentService/&lt;&gt;c::&lt;GetMonthlyAvailabilityAsync&gt;b__7_1(System.Linq.IGrouping`2&lt;System.DateTime,&lt;&gt;f__AnonymousType4`4&lt;System.Guid,System.DateTime,System.DateTime,System.Boolean&gt;&gt;)</Name>
              <FileRef uid="2" />
              <SequencePoints>
                <SequencePoint vc="0" uspid="71" ordinal="0" sl="71" sc="1" el="71" ec="2" bec="0" bev="0" fileid="2" />
                <SequencePoint vc="0" uspid="72" ordinal="1" sl="72" sc="1" el="72" ec="2" bec="0" bev="0" fileid="2" />
                <SequencePoint vc="0" uspid="73" ordinal="2" sl="73" sc="1" el="73" ec="2" bec="0" bev="0" fileid="2" />
                <SequencePoint vc="0" uspid="74" ordinal="3" sl="74" sc="1" el="74" ec="2" bec="0" bev="0" fileid="2" />
                <SequencePoint vc="0" uspid="75" ordinal="4" sl="75" sc="1" el="75" ec="2" bec="0" bev="0" fileid="2" />
                <SequencePoint vc="0" uspid="76" ordinal="5" sl="76" sc="1" el="76" ec="2" bec="0" bev="0" fileid="2" />
                <SequencePoint vc="0" uspid="77" ordinal="6" sl="77" sc="1" el="77" ec="2" bec="0" bev="0" fileid="2" />
                <SequencePoint vc="0" uspid="78" ordinal="7" sl="78" sc="1" el="78" ec="2" bec="0" bev="0" fileid="2" />
                <SequencePoint vc="0" uspid="79" ordinal="8" sl="79" sc="1" el="79" ec="2" bec="0" bev="0" fileid="2" />
                <SequencePoint vc="0" uspid="80" ordinal="9" sl="80" sc="1" el="80" ec="2" bec="0" bev="0" fileid="2" />
                <SequencePoint vc="0" uspid="81" ordinal="10" sl="81" sc="1" el="81" ec="2" bec="0" bev="0" fileid="2" />
              </SequencePoints>
              <BranchPoints />
              <MethodPoint vc="0" uspid="0" p8:type="SequencePoint" ordinal="1" offset="1" sc="0" sl="71" ec="1" el="81" bec="0" bev="0" fileid="2" xmlns:p8="xsi" />
            </Method>
            <Method cyclomaticComplexity="1" nPathComplexity="1" sequenceCoverage="0" branchCoverage="100" isConstructor="False" isGetter="False" isSetter="False" isStatic="True">
              <Summary numSequencePoints="1" visitedSequencePoints="0" numBranchPoints="0" visitedBranchPoints="0" sequenceCoverage="0" branchCoverage="100" maxCyclomaticComplexity="1" minCyclomaticComplexity="1" visitedClasses="0" numClasses="0" visitedMethods="0" numMethods="1" />
              <MetadataToken />
              <Name>System.DateTime PatientAccess.Business.Services.AppointmentService/&lt;&gt;c::&lt;GetMonthlyAvailabilityAsync&gt;b__7_2(PatientAccess.Business.DTOs.AvailabilityResponseDto)</Name>
              <FileRef uid="2" />
              <SequencePoints>
                <SequencePoint vc="0" uspid="82" ordinal="0" sl="82" sc="1" el="82" ec="2" bec="0" bev="0" fileid="2" />
              </SequencePoints>
              <BranchPoints />
              <MethodPoint vc="0" uspid="0" p8:type="SequencePoint" ordinal="2" offset="2" sc="0" sl="82" ec="1" el="82" bec="0" bev="0" fileid="2" xmlns:p8="xsi" />
            </Method>
          </Methods>
        </Class>
        <Class>
          <Summary numSequencePoints="93" visitedSequencePoints="0" numBranchPoints="20" visitedBranchPoints="0" sequenceCoverage="0" branchCoverage="0" maxCyclomaticComplexity="20" minCyclomaticComplexity="20" visitedClasses="0" numClasses="1" visitedMethods="0" numMethods="1" />
          <FullName>PatientAccess.Business.Services.AppointmentService/&lt;&gt;c__DisplayClass14_0/&lt;&lt;RescheduleAsync&gt;b__0&gt;d</FullName>
          <Methods>
            <Method cyclomaticComplexity="20" nPathComplexity="20" sequenceCoverage="0" branchCoverage="0" isConstructor="False" isGetter="False" isSetter="False" isStatic="True">
              <Summary numSequencePoints="93" visitedSequencePoints="0" numBranchPoints="20" visitedBranchPoints="0" sequenceCoverage="0" branchCoverage="0" maxCyclomaticComplexity="20" minCyclomaticComplexity="20" visitedClasses="0" numClasses="0" visitedMethods="0" numMethods="1" />
              <MetadataToken />
              <Name>System.Void PatientAccess.Business.Services.AppointmentService/&lt;&gt;c__DisplayClass14_0/&lt;&lt;RescheduleAsync&gt;b__0&gt;d::MoveNext()</Name>
              <FileRef uid="2" />
              <SequencePoints>
                <SequencePoint vc="0" uspid="459" ordinal="0" sl="459" sc="1" el="459" ec="2" bec="2" bev="0" fileid="2" />
                <SequencePoint vc="0" uspid="461" ordinal="1" sl="461" sc="1" el="461" ec="2" bec="0" bev="0" fileid="2" />
                <SequencePoint vc="0" uspid="464" ordinal="2" sl="464" sc="1" el="464" ec="2" bec="0" bev="0" fileid="2" />
                <SequencePoint vc="0" uspid="466" ordinal="3" sl="466" sc="1" el="466" ec="2" bec="0" bev="0" fileid="2" />
                <SequencePoint vc="0" uspid="467" ordinal="4" sl="467" sc="1" el="467" ec="2" bec="0" bev="0" fileid="2" />
                <SequencePoint vc="0" uspid="468" ordinal="5" sl="468" sc="1" el="468" ec="2" bec="0" bev="0" fileid="2" />
                <SequencePoint vc="0" uspid="469" ordinal="6" sl="469" sc="1" el="469" ec="2" bec="0" bev="0" fileid="2" />
                <SequencePoint vc="0" uspid="471" ordinal="7" sl="471" sc="1" el="471" ec="2" bec="2" bev="0" fileid="2" />
                <SequencePoint vc="0" uspid="472" ordinal="8" sl="472" sc="1" el="472" ec="2" bec="0" bev="0" fileid="2" />
                <SequencePoint vc="0" uspid="473" ordinal="9" sl="473" sc="1" el="473" ec="2" bec="0" bev="0" fileid="2" />
                <SequencePoint vc="0" uspid="474" ordinal="10" sl="474" sc="1" el="474" ec="2" bec="0" bev="0" fileid="2" />
                <SequencePoint vc="0" uspid="475" ordinal="11" sl="475" sc="1" el="475" ec="2" bec="0" bev="0" fileid="2" />
                <SequencePoint vc="0" uspid="479" ordinal="12" sl="479" sc="1" el="479" ec="2" bec="2" bev="0" fileid="2" />
                <SequencePoint vc="0" uspid="480" ordinal="13" sl="480" sc="1" el="480" ec="2" bec="0" bev="0" fileid="2" />
                <SequencePoint vc="0" uspid="481" ordinal="14" sl="481" sc="1" el="481" ec="2" bec="0" bev="0" fileid="2" />
                <SequencePoint vc="0" uspid="482" ordinal="15" sl="482" sc="1" el="482" ec="2" bec="0" bev="0" fileid="2" />
                <SequencePoint vc="0" uspid="483" ordinal="16" sl="483" sc="1" el="483" ec="2" bec="0" bev="0" fileid="2" />
                <SequencePoint vc="0" uspid="484" ordinal="17" sl="484" sc="1" el="484" ec="2" bec="0" bev="0" fileid="2" />
                <SequencePoint vc="0" uspid="485" ordinal="18" sl="485" sc="1" el="485" ec="2" bec="0" bev="0" fileid="2" />
                <SequencePoint vc="0" uspid="486" ordinal="19" sl="486" sc="1" el="486" ec="2" bec="0" bev="0" fileid="2" />
                <SequencePoint vc="0" uspid="490" ordinal="20" sl="490" sc="1" el="490" ec="2" bec="4" bev="0" fileid="2" />
                <SequencePoint vc="0" uspid="491" ordinal="21" sl="491" sc="1" el="491" ec="2" bec="0" bev="0" fileid="2" />
                <SequencePoint vc="0" uspid="492" ordinal="22" sl="492" sc="1" el="492" ec="2" bec="0" bev="0" fileid="2" />
                <SequencePoint vc="0" uspid="493" ordinal="23" sl="493" sc="1" el="493" ec="2" bec="0" bev="0" fileid="2" />
                <SequencePoint vc="0" uspid="494" ordinal="24" sl="494" sc="1" el="494" ec="2" bec="0" bev="0" fileid="2" />
                <SequencePoint vc="0" uspid="495" ordinal="25" sl="495" sc="1" el="495" ec="2" bec="0" bev="0" fileid="2" />
                <SequencePoint vc="0" uspid="496" ordinal="26" sl="496" sc="1" el="496" ec="2" bec="0" bev="0" fileid="2" />
                <SequencePoint vc="0" uspid="497" ordinal="27" sl="497" sc="1" el="497" ec="2" bec="0" bev="0" fileid="2" />
                <SequencePoint vc="0" uspid="498" ordinal="28" sl="498" sc="1" el="498" ec="2" bec="0" bev="0" fileid="2" />
                <SequencePoint vc="0" uspid="499" ordinal="29" sl="499" sc="1" el="499" ec="2" bec="0" bev="0" fileid="2" />
                <SequencePoint vc="0" uspid="503" ordinal="30" sl="503" sc="1" el="503" ec="2" bec="0" bev="0" fileid="2" />
                <SequencePoint vc="0" uspid="504" ordinal="31" sl="504" sc="1" el="504" ec="2" bec="0" bev="0" fileid="2" />
                <SequencePoint vc="0" uspid="505" ordinal="32" sl="505" sc="1" el="505" ec="2" bec="0" bev="0" fileid="2" />
                <SequencePoint vc="0" uspid="508" ordinal="33" sl="508" sc="1" el="508" ec="2" bec="0" bev="0" fileid="2" />
                <SequencePoint vc="0" uspid="509" ordinal="34" sl="509" sc="1" el="509" ec="2" bec="0" bev="0" fileid="2" />
                <SequencePoint vc="0" uspid="510" ordinal="35" sl="510" sc="1" el="510" ec="2" bec="0" bev="0" fileid="2" />
                <SequencePoint vc="0" uspid="512" ordinal="36" sl="512" sc="1" el="512" ec="2" bec="2" bev="0" fileid="2" />
                <SequencePoint vc="0" uspid="513" ordinal="37" sl="513" sc="1" el="513" ec="2" bec="0" bev="0" fileid="2" />
                <SequencePoint vc="0" uspid="514" ordinal="38" sl="514" sc="1" el="514" ec="2" bec="0" bev="0" fileid="2" />
                <SequencePoint vc="0" uspid="515" ordinal="39" sl="515" sc="1" el="515" ec="2" bec="0" bev="0" fileid="2" />
                <SequencePoint vc="0" uspid="516" ordinal="40" sl="516" sc="1" el="516" ec="2" bec="0" bev="0" fileid="2" />
                <SequencePoint vc="0" uspid="520" ordinal="41" sl="520" sc="1" el="520" ec="2" bec="2" bev="0" fileid="2" />
                <SequencePoint vc="0" uspid="521" ordinal="42" sl="521" sc="1" el="521" ec="2" bec="0" bev="0" fileid="2" />
                <SequencePoint vc="0" uspid="522" ordinal="43" sl="522" sc="1" el="522" ec="2" bec="0" bev="0" fileid="2" />
                <SequencePoint vc="0" uspid="523" ordinal="44" sl="523" sc="1" el="523" ec="2" bec="0" bev="0" fileid="2" />
                <SequencePoint vc="0" uspid="524" ordinal="45" sl="524" sc="1" el="524" ec="2" bec="0" bev="0" fileid="2" />
                <SequencePoint vc="0" uspid="525" ordinal="46" sl="525" sc="1" el="525" ec="2" bec="0" bev="0" fileid="2" />
                <SequencePoint vc="0" uspid="526" ordinal="47" sl="526" sc="1" el="526" ec="2" bec="0" bev="0" fileid="2" />
                <SequencePoint vc="0" uspid="527" ordinal="48" sl="527" sc="1" el="527" ec="2" bec="0" bev="0" fileid="2" />
                <SequencePoint vc="0" uspid="528" ordinal="49" sl="528" sc="1" el="528" ec="2" bec="0" bev="0" fileid="2" />
                <SequencePoint vc="0" uspid="532" ordinal="50" sl="532" sc="1" el="532" ec="2" bec="2" bev="0" fileid="2" />
                <SequencePoint vc="0" uspid="533" ordinal="51" sl="533" sc="1" el="533" ec="2" bec="0" bev="0" fileid="2" />
                <SequencePoint vc="0" uspid="534" ordinal="52" sl="534" sc="1" el="534" ec="2" bec="0" bev="0" fileid="2" />
                <SequencePoint vc="0" uspid="535" ordinal="53" sl="535" sc="1" el="535" ec="2" bec="0" bev="0" fileid="2" />
                <SequencePoint vc="0" uspid="536" ordinal="54" sl="536" sc="1" el="536" ec="2" bec="0" bev="0" fileid="2" />
                <SequencePoint vc="0" uspid="537" ordinal="55" sl="537" sc="1" el="537" ec="2" bec="0" bev="0" fileid="2" />
                <SequencePoint vc="0" uspid="538" ordinal="56" sl="538" sc="1" el="538" ec="2" bec="0" bev="0" fileid="2" />
                <SequencePoint vc="0" uspid="543" ordinal="57" sl="543" sc="1" el="543" ec="2" bec="2" bev="0" fileid="2" />
                <SequencePoint vc="0" uspid="544" ordinal="58" sl="544" sc="1" el="544" ec="2" bec="0" bev="0" fileid="2" />
                <SequencePoint vc="0" uspid="545" ordinal="59" sl="545" sc="1" el="545" ec="2" bec="0" bev="0" fileid="2" />
                <SequencePoint vc="0" uspid="546" ordinal="60" sl="546" sc="1" el="546" ec="2" bec="0" bev="0" fileid="2" />
                <SequencePoint vc="0" uspid="547" ordinal="61" sl="547" sc="1" el="547" ec="2" bec="0" bev="0" fileid="2" />
                <SequencePoint vc="0" uspid="550" ordinal="62" sl="550" sc="1" el="550" ec="2" bec="0" bev="0" fileid="2" />
                <SequencePoint vc="0" uspid="551" ordinal="63" sl="551" sc="1" el="551" ec="2" bec="0" bev="0" fileid="2" />
                <SequencePoint vc="0" uspid="554" ordinal="64" sl="554" sc="1" el="554" ec="2" bec="0" bev="0" fileid="2" />
                <SequencePoint vc="0" uspid="555" ordinal="65" sl="555" sc="1" el="555" ec="2" bec="0" bev="0" fileid="2" />
                <SequencePoint vc="0" uspid="556" ordinal="66" sl="556" sc="1" el="556" ec="2" bec="0" bev="0" fileid="2" />
                <SequencePoint vc="0" uspid="558" ordinal="67" sl="558" sc="1" el="558" ec="2" bec="0" bev="0" fileid="2" />
                <SequencePoint vc="0" uspid="560" ordinal="68" sl="560" sc="1" el="560" ec="2" bec="0" bev="0" fileid="2" />
                <SequencePoint vc="0" uspid="561" ordinal="69" sl="561" sc="1" el="561" ec="2" bec="0" bev="0" fileid="2" />
                <SequencePoint vc="0" uspid="563" ordinal="70" sl="563" sc="1" el="563" ec="2" bec="2" bev="0" fileid="2" />
                <SequencePoint vc="0" uspid="564" ordinal="71" sl="564" sc="1" el="564" ec="2" bec="0" bev="0" fileid="2" />
                <SequencePoint vc="0" uspid="565" ordinal="72" sl="565" sc="1" el="565" ec="2" bec="0" bev="0" fileid="2" />
                <SequencePoint vc="0" uspid="571" ordinal="73" sl="571" sc="1" el="571" ec="2" bec="0" bev="0" fileid="2" />
                <SequencePoint vc="0" uspid="572" ordinal="74" sl="572" sc="1" el="572" ec="2" bec="0" bev="0" fileid="2" />
                <SequencePoint vc="0" uspid="573" ordinal="75" sl="573" sc="1" el="573" ec="2" bec="0" bev="0" fileid="2" />
                <SequencePoint vc="0" uspid="574" ordinal="76" sl="574" sc="1" el="574" ec="2" bec="0" bev="0" fileid="2" />
                <SequencePoint vc="0" uspid="575" ordinal="77" sl="575" sc="1" el="575" ec="2" bec="0" bev="0" fileid="2" />
                <SequencePoint vc="0" uspid="576" ordinal="78" sl="576" sc="1" el="576" ec="2" bec="0" bev="0" fileid="2" />
                <SequencePoint vc="0" uspid="577" ordinal="79" sl="577" sc="1" el="577" ec="2" bec="0" bev="0" fileid="2" />
                <SequencePoint vc="0" uspid="578" ordinal="80" sl="578" sc="1" el="578" ec="2" bec="0" bev="0" fileid="2" />
                <SequencePoint vc="0" uspid="579" ordinal="81" sl="579" sc="1" el="579" ec="2" bec="0" bev="0" fileid="2" />
                <SequencePoint vc="0" uspid="580" ordinal="82" sl="580" sc="1" el="580" ec="2" bec="0" bev="0" fileid="2" />
                <SequencePoint vc="0" uspid="581" ordinal="83" sl="581" sc="1" el="581" ec="2" bec="0" bev="0" fileid="2" />
                <SequencePoint vc="0" uspid="583" ordinal="84" sl="583" sc="1" el="583" ec="2" bec="0" bev="0" fileid="2" />
                <SequencePoint vc="0" uspid="584" ordinal="85" sl="584" sc="1" el="584" ec="2" bec="0" bev="0" fileid="2" />
                <SequencePoint vc="0" uspid="585" ordinal="86" sl="585" sc="1" el="585" ec="2" bec="0" bev="0" fileid="2" />
                <SequencePoint vc="0" uspid="586" ordinal="87" sl="586" sc="1" el="586" ec="2" bec="0" bev="0" fileid="2" />
                <SequencePoint vc="0" uspid="588" ordinal="88" sl="588" sc="1" el="588" ec="2" bec="0" bev="0" fileid="2" />
                <SequencePoint vc="0" uspid="589" ordinal="89" sl="589" sc="1" el="589" ec="2" bec="0" bev="0" fileid="2" />
                <SequencePoint vc="0" uspid="590" ordinal="90" sl="590" sc="1" el="590" ec="2" bec="0" bev="0" fileid="2" />
                <SequencePoint vc="0" uspid="591" ordinal="91" sl="591" sc="1" el="591" ec="2" bec="0" bev="0" fileid="2" />
                <SequencePoint vc="0" uspid="593" ordinal="92" sl="593" sc="1" el="593" ec="2" bec="0" bev="0" fileid="2" />
              </SequencePoints>
              <BranchPoints>
                <BranchPoint vc="0" uspid="459" ordinal="0" path="0" offset="17" offsetend="28" sl="459" fileid="2" />
                <BranchPoint vc="0" uspid="459" ordinal="1" path="1" offset="17" offsetend="184" sl="459" fileid="2" />
                <BranchPoint vc="0" uspid="471" ordinal="2" path="0" offset="751" offsetend="756" sl="471" fileid="2" />
                <BranchPoint vc="0" uspid="471" ordinal="3" path="1" offset="751" offsetend="996" sl="471" fileid="2" />
                <BranchPoint vc="0" uspid="479" ordinal="4" path="0" offset="1032" offsetend="1037" sl="479" fileid="2" />
                <BranchPoint vc="0" uspid="479" ordinal="5" path="1" offset="1032" offsetend="1334" sl="479" fileid="2" />
                <BranchPoint vc="0" uspid="490" ordinal="6" path="0" offset="1351" offsetend="1353" sl="490" fileid="2" />
                <BranchPoint vc="0" uspid="490" ordinal="7" path="1" offset="1351" offsetend="1374" sl="490" fileid="2" />
                <BranchPoint vc="0" uspid="490" ordinal="8" path="0" offset="1379" offsetend="1384" sl="490" fileid="2" />
                <BranchPoint vc="0" uspid="490" ordinal="9" path="1" offset="1379" offsetend="1640" sl="490" fileid="2" />
                <BranchPoint vc="0" uspid="512" ordinal="10" path="0" offset="2223" offsetend="2228" sl="512" fileid="2" />
                <BranchPoint vc="0" uspid="512" ordinal="11" path="1" offset="2223" offsetend="2468" sl="512" fileid="2" />
                <BranchPoint vc="0" uspid="520" ordinal="12" path="0" offset="2504" offsetend="2509" sl="520" fileid="2" />
                <BranchPoint vc="0" uspid="520" ordinal="13" path="1" offset="2504" offsetend="2766" sl="520" fileid="2" />
                <BranchPoint vc="0" uspid="532" ordinal="14" path="0" offset="2781" offsetend="2786" sl="532" fileid="2" />
                <BranchPoint vc="0" uspid="532" ordinal="15" path="1" offset="2781" offsetend="3022" sl="532" fileid="2" />
                <BranchPoint vc="0" uspid="543" ordinal="16" path="0" offset="3035" offsetend="3037" sl="543" fileid="2" />
                <BranchPoint vc="0" uspid="543" ordinal="17" path="1" offset="3035" offsetend="3074" sl="543" fileid="2" />
                <BranchPoint vc="0" uspid="563" ordinal="18" path="0" offset="3514" offsetend="3516" sl="563" fileid="2" />
                <BranchPoint vc="0" uspid="563" ordinal="19" path="1" offset="3514" offsetend="3529" sl="563" fileid="2" />
              </BranchPoints>
              <MethodPoint vc="0" uspid="0" p8:type="SequencePoint" ordinal="0" offset="0" sc="0" sl="459" ec="1" el="593" bec="0" bev="0" fileid="2" xmlns:p8="xsi" />
            </Method>
          </Methods>
        </Class>
        <Class>
          <Summary numSequencePoints="65" visitedSequencePoints="0" numBranchPoints="8" visitedBranchPoints="0" sequenceCoverage="0" branchCoverage="0" maxCyclomaticComplexity="8" minCyclomaticComplexity="8" visitedClasses="0" numClasses="1" visitedMethods="0" numMethods="1" />
          <FullName>PatientAccess.Business.Services.AppointmentService/&lt;&gt;c__DisplayClass17_0/&lt;&lt;CreateWalkinAppointmentAsync&gt;b__0&gt;d</FullName>
          <Methods>
            <Method cyclomaticComplexity="8" nPathComplexity="8" sequenceCoverage="0" branchCoverage="0" isConstructor="False" isGetter="False" isSetter="False" isStatic="True">
              <Summary numSequencePoints="65" visitedSequencePoints="0" numBranchPoints="8" visitedBranchPoints="0" sequenceCoverage="0" branchCoverage="0" maxCyclomaticComplexity="8" minCyclomaticComplexity="8" visitedClasses="0" numClasses="0" visitedMethods="0" numMethods="1" />
              <MetadataToken />
              <Name>System.Void PatientAccess.Business.Services.AppointmentService/&lt;&gt;c__DisplayClass17_0/&lt;&lt;CreateWalkinAppointmentAsync&gt;b__0&gt;d::MoveNext()</Name>
              <FileRef uid="2" />
              <SequencePoints>
                <SequencePoint vc="0" uspid="709" ordinal="0" sl="709" sc="1" el="709" ec="2" bec="2" bev="0" fileid="2" />
                <SequencePoint vc="0" uspid="711" ordinal="1" sl="711" sc="1" el="711" ec="2" bec="0" bev="0" fileid="2" />
                <SequencePoint vc="0" uspid="714" ordinal="2" sl="714" sc="1" el="714" ec="2" bec="0" bev="0" fileid="2" />
                <SequencePoint vc="0" uspid="716" ordinal="3" sl="716" sc="1" el="716" ec="2" bec="0" bev="0" fileid="2" />
                <SequencePoint vc="0" uspid="717" ordinal="4" sl="717" sc="1" el="717" ec="2" bec="0" bev="0" fileid="2" />
                <SequencePoint vc="0" uspid="718" ordinal="5" sl="718" sc="1" el="718" ec="2" bec="0" bev="0" fileid="2" />
                <SequencePoint vc="0" uspid="720" ordinal="6" sl="720" sc="1" el="720" ec="2" bec="2" bev="0" fileid="2" />
                <SequencePoint vc="0" uspid="721" ordinal="7" sl="721" sc="1" el="721" ec="2" bec="0" bev="0" fileid="2" />
                <SequencePoint vc="0" uspid="722" ordinal="8" sl="722" sc="1" el="722" ec="2" bec="0" bev="0" fileid="2" />
                <SequencePoint vc="0" uspid="726" ordinal="9" sl="726" sc="1" el="726" ec="2" bec="2" bev="0" fileid="2" />
                <SequencePoint vc="0" uspid="727" ordinal="10" sl="727" sc="1" el="727" ec="2" bec="0" bev="0" fileid="2" />
                <SequencePoint vc="0" uspid="728" ordinal="11" sl="728" sc="1" el="728" ec="2" bec="0" bev="0" fileid="2" />
                <SequencePoint vc="0" uspid="729" ordinal="12" sl="729" sc="1" el="729" ec="2" bec="0" bev="0" fileid="2" />
                <SequencePoint vc="0" uspid="730" ordinal="13" sl="730" sc="1" el="730" ec="2" bec="0" bev="0" fileid="2" />
                <SequencePoint vc="0" uspid="731" ordinal="14" sl="731" sc="1" el="731" ec="2" bec="0" bev="0" fileid="2" />
                <SequencePoint vc="0" uspid="732" ordinal="15" sl="732" sc="1" el="732" ec="2" bec="0" bev="0" fileid="2" />
                <SequencePoint vc="0" uspid="736" ordinal="16" sl="736" sc="1" el="736" ec="2" bec="0" bev="0" fileid="2" />
                <SequencePoint vc="0" uspid="737" ordinal="17" sl="737" sc="1" el="737" ec="2" bec="0" bev="0" fileid="2" />
                <SequencePoint vc="0" uspid="740" ordinal="18" sl="740" sc="1" el="740" ec="2" bec="0" bev="0" fileid="2" />
                <SequencePoint vc="0" uspid="741" ordinal="19" sl="741" sc="1" el="741" ec="2" bec="0" bev="0" fileid="2" />
                <SequencePoint vc="0" uspid="742" ordinal="20" sl="742" sc="1" el="742" ec="2" bec="0" bev="0" fileid="2" />
                <SequencePoint vc="0" uspid="743" ordinal="21" sl="743" sc="1" el="743" ec="2" bec="0" bev="0" fileid="2" />
                <SequencePoint vc="0" uspid="744" ordinal="22" sl="744" sc="1" el="744" ec="2" bec="0" bev="0" fileid="2" />
                <SequencePoint vc="0" uspid="745" ordinal="23" sl="745" sc="1" el="745" ec="2" bec="0" bev="0" fileid="2" />
                <SequencePoint vc="0" uspid="746" ordinal="24" sl="746" sc="1" el="746" ec="2" bec="0" bev="0" fileid="2" />
                <SequencePoint vc="0" uspid="747" ordinal="25" sl="747" sc="1" el="747" ec="2" bec="0" bev="0" fileid="2" />
                <SequencePoint vc="0" uspid="748" ordinal="26" sl="748" sc="1" el="748" ec="2" bec="0" bev="0" fileid="2" />
                <SequencePoint vc="0" uspid="749" ordinal="27" sl="749" sc="1" el="749" ec="2" bec="0" bev="0" fileid="2" />
                <SequencePoint vc="0" uspid="750" ordinal="28" sl="750" sc="1" el="750" ec="2" bec="0" bev="0" fileid="2" />
                <SequencePoint vc="0" uspid="751" ordinal="29" sl="751" sc="1" el="751" ec="2" bec="0" bev="0" fileid="2" />
                <SequencePoint vc="0" uspid="752" ordinal="30" sl="752" sc="1" el="752" ec="2" bec="0" bev="0" fileid="2" />
                <SequencePoint vc="0" uspid="753" ordinal="31" sl="753" sc="1" el="753" ec="2" bec="0" bev="0" fileid="2" />
                <SequencePoint vc="0" uspid="754" ordinal="32" sl="754" sc="1" el="754" ec="2" bec="0" bev="0" fileid="2" />
                <SequencePoint vc="0" uspid="756" ordinal="33" sl="756" sc="1" el="756" ec="2" bec="0" bev="0" fileid="2" />
                <SequencePoint vc="0" uspid="757" ordinal="34" sl="757" sc="1" el="757" ec="2" bec="0" bev="0" fileid="2" />
                <SequencePoint vc="0" uspid="758" ordinal="35" sl="758" sc="1" el="758" ec="2" bec="0" bev="0" fileid="2" />
                <SequencePoint vc="0" uspid="760" ordinal="36" sl="760" sc="1" el="760" ec="2" bec="0" bev="0" fileid="2" />
                <SequencePoint vc="0" uspid="761" ordinal="37" sl="761" sc="1" el="761" ec="2" bec="0" bev="0" fileid="2" />
                <SequencePoint vc="0" uspid="762" ordinal="38" sl="762" sc="1" el="762" ec="2" bec="0" bev="0" fileid="2" />
                <SequencePoint vc="0" uspid="765" ordinal="39" sl="765" sc="1" el="765" ec="2" bec="0" bev="0" fileid="2" />
                <SequencePoint vc="0" uspid="766" ordinal="40" sl="766" sc="1" el="766" ec="2" bec="0" bev="0" fileid="2" />
                <SequencePoint vc="0" uspid="767" ordinal="41" sl="767" sc="1" el="767" ec="2" bec="0" bev="0" fileid="2" />
                <SequencePoint vc="0" uspid="768" ordinal="42" sl="768" sc="1" el="768" ec="2" bec="0" bev="0" fileid="2" />
[...]
                <SequencePoint vc="0" uspid="41" ordinal="7" sl="41" sc="1" el="41" ec="2" bec="0" bev="0" fileid="26" />
                <SequencePoint vc="0" uspid="45" ordinal="8" sl="45" sc="1" el="45" ec="2" bec="0" bev="0" fileid="26" />
                <SequencePoint vc="0" uspid="46" ordinal="9" sl="46" sc="1" el="46" ec="2" bec="0" bev="0" fileid="26" />
                <SequencePoint vc="0" uspid="47" ordinal="10" sl="47" sc="1" el="47" ec="2" bec="0" bev="0" fileid="26" />
                <SequencePoint vc="0" uspid="48" ordinal="11" sl="48" sc="1" el="48" ec="2" bec="0" bev="0" fileid="26" />
                <SequencePoint vc="0" uspid="49" ordinal="12" sl="49" sc="1" el="49" ec="2" bec="0" bev="0" fileid="26" />
                <SequencePoint vc="0" uspid="50" ordinal="13" sl="50" sc="1" el="50" ec="2" bec="0" bev="0" fileid="26" />
                <SequencePoint vc="0" uspid="52" ordinal="14" sl="52" sc="1" el="52" ec="2" bec="2" bev="0" fileid="26" />
                <SequencePoint vc="0" uspid="53" ordinal="15" sl="53" sc="1" el="53" ec="2" bec="0" bev="0" fileid="26" />
                <SequencePoint vc="0" uspid="55" ordinal="16" sl="55" sc="1" el="55" ec="2" bec="0" bev="0" fileid="26" />
                <SequencePoint vc="0" uspid="57" ordinal="17" sl="57" sc="1" el="57" ec="2" bec="0" bev="0" fileid="26" />
                <SequencePoint vc="0" uspid="58" ordinal="18" sl="58" sc="1" el="58" ec="2" bec="0" bev="0" fileid="26" />
                <SequencePoint vc="0" uspid="59" ordinal="19" sl="59" sc="1" el="59" ec="2" bec="0" bev="0" fileid="26" />
                <SequencePoint vc="0" uspid="62" ordinal="20" sl="62" sc="1" el="62" ec="2" bec="0" bev="0" fileid="26" />
                <SequencePoint vc="0" uspid="63" ordinal="21" sl="63" sc="1" el="63" ec="2" bec="0" bev="0" fileid="26" />
                <SequencePoint vc="0" uspid="64" ordinal="22" sl="64" sc="1" el="64" ec="2" bec="0" bev="0" fileid="26" />
                <SequencePoint vc="0" uspid="65" ordinal="23" sl="65" sc="1" el="65" ec="2" bec="0" bev="0" fileid="26" />
                <SequencePoint vc="0" uspid="66" ordinal="24" sl="66" sc="1" el="66" ec="2" bec="0" bev="0" fileid="26" />
                <SequencePoint vc="0" uspid="67" ordinal="25" sl="67" sc="1" el="67" ec="2" bec="0" bev="0" fileid="26" />
                <SequencePoint vc="0" uspid="68" ordinal="26" sl="68" sc="1" el="68" ec="2" bec="0" bev="0" fileid="26" />
                <SequencePoint vc="0" uspid="69" ordinal="27" sl="69" sc="1" el="69" ec="2" bec="0" bev="0" fileid="26" />
                <SequencePoint vc="0" uspid="70" ordinal="28" sl="70" sc="1" el="70" ec="2" bec="0" bev="0" fileid="26" />
                <SequencePoint vc="0" uspid="71" ordinal="29" sl="71" sc="1" el="71" ec="2" bec="0" bev="0" fileid="26" />
                <SequencePoint vc="0" uspid="72" ordinal="30" sl="72" sc="1" el="72" ec="2" bec="0" bev="0" fileid="26" />
                <SequencePoint vc="0" uspid="73" ordinal="31" sl="73" sc="1" el="73" ec="2" bec="0" bev="0" fileid="26" />
                <SequencePoint vc="0" uspid="74" ordinal="32" sl="74" sc="1" el="74" ec="2" bec="0" bev="0" fileid="26" />
                <SequencePoint vc="0" uspid="75" ordinal="33" sl="75" sc="1" el="75" ec="2" bec="0" bev="0" fileid="26" />
                <SequencePoint vc="0" uspid="76" ordinal="34" sl="76" sc="1" el="76" ec="2" bec="0" bev="0" fileid="26" />
                <SequencePoint vc="0" uspid="77" ordinal="35" sl="77" sc="1" el="77" ec="2" bec="0" bev="0" fileid="26" />
                <SequencePoint vc="0" uspid="78" ordinal="36" sl="78" sc="1" el="78" ec="2" bec="0" bev="0" fileid="26" />
                <SequencePoint vc="0" uspid="79" ordinal="37" sl="79" sc="1" el="79" ec="2" bec="0" bev="0" fileid="26" />
                <SequencePoint vc="0" uspid="80" ordinal="38" sl="80" sc="1" el="80" ec="2" bec="0" bev="0" fileid="26" />
                <SequencePoint vc="0" uspid="84" ordinal="39" sl="84" sc="1" el="84" ec="2" bec="0" bev="0" fileid="26" />
                <SequencePoint vc="0" uspid="85" ordinal="40" sl="85" sc="1" el="85" ec="2" bec="0" bev="0" fileid="26" />
                <SequencePoint vc="0" uspid="87" ordinal="41" sl="87" sc="1" el="87" ec="2" bec="2" bev="0" fileid="26" />
                <SequencePoint vc="0" uspid="88" ordinal="42" sl="88" sc="1" el="88" ec="2" bec="0" bev="0" fileid="26" />
                <SequencePoint vc="0" uspid="89" ordinal="43" sl="89" sc="1" el="89" ec="2" bec="0" bev="0" fileid="26" />
                <SequencePoint vc="0" uspid="93" ordinal="44" sl="93" sc="1" el="93" ec="2" bec="0" bev="0" fileid="26" />
                <SequencePoint vc="0" uspid="94" ordinal="45" sl="94" sc="1" el="94" ec="2" bec="0" bev="0" fileid="26" />
                <SequencePoint vc="0" uspid="95" ordinal="46" sl="95" sc="1" el="95" ec="2" bec="0" bev="0" fileid="26" />
                <SequencePoint vc="0" uspid="96" ordinal="47" sl="96" sc="1" el="96" ec="2" bec="0" bev="0" fileid="26" />
                <SequencePoint vc="0" uspid="97" ordinal="48" sl="97" sc="1" el="97" ec="2" bec="0" bev="0" fileid="26" />
                <SequencePoint vc="0" uspid="98" ordinal="49" sl="98" sc="1" el="98" ec="2" bec="0" bev="0" fileid="26" />
                <SequencePoint vc="0" uspid="99" ordinal="50" sl="99" sc="1" el="99" ec="2" bec="0" bev="0" fileid="26" />
                <SequencePoint vc="0" uspid="100" ordinal="51" sl="100" sc="1" el="100" ec="2" bec="0" bev="0" fileid="26" />
                <SequencePoint vc="0" uspid="101" ordinal="52" sl="101" sc="1" el="101" ec="2" bec="0" bev="0" fileid="26" />
                <SequencePoint vc="0" uspid="102" ordinal="53" sl="102" sc="1" el="102" ec="2" bec="0" bev="0" fileid="26" />
                <SequencePoint vc="0" uspid="103" ordinal="54" sl="103" sc="1" el="103" ec="2" bec="0" bev="0" fileid="26" />
                <SequencePoint vc="0" uspid="104" ordinal="55" sl="104" sc="1" el="104" ec="2" bec="0" bev="0" fileid="26" />
                <SequencePoint vc="0" uspid="105" ordinal="56" sl="105" sc="1" el="105" ec="2" bec="0" bev="0" fileid="26" />
                <SequencePoint vc="0" uspid="107" ordinal="57" sl="107" sc="1" el="107" ec="2" bec="0" bev="0" fileid="26" />
                <SequencePoint vc="0" uspid="108" ordinal="58" sl="108" sc="1" el="108" ec="2" bec="0" bev="0" fileid="26" />
                <SequencePoint vc="0" uspid="110" ordinal="59" sl="110" sc="1" el="110" ec="2" bec="0" bev="0" fileid="26" />
                <SequencePoint vc="0" uspid="111" ordinal="60" sl="111" sc="1" el="111" ec="2" bec="0" bev="0" fileid="26" />
                <SequencePoint vc="0" uspid="112" ordinal="61" sl="112" sc="1" el="112" ec="2" bec="0" bev="0" fileid="26" />
                <SequencePoint vc="0" uspid="115" ordinal="62" sl="115" sc="1" el="115" ec="2" bec="0" bev="0" fileid="26" />
                <SequencePoint vc="0" uspid="116" ordinal="63" sl="116" sc="1" el="116" ec="2" bec="0" bev="0" fileid="26" />
                <SequencePoint vc="0" uspid="117" ordinal="64" sl="117" sc="1" el="117" ec="2" bec="0" bev="0" fileid="26" />
                <SequencePoint vc="0" uspid="118" ordinal="65" sl="118" sc="1" el="118" ec="2" bec="0" bev="0" fileid="26" />
                <SequencePoint vc="0" uspid="121" ordinal="66" sl="121" sc="1" el="121" ec="2" bec="0" bev="0" fileid="26" />
                <SequencePoint vc="0" uspid="123" ordinal="67" sl="123" sc="1" el="123" ec="2" bec="0" bev="0" fileid="26" />
                <SequencePoint vc="0" uspid="124" ordinal="68" sl="124" sc="1" el="124" ec="2" bec="0" bev="0" fileid="26" />
                <SequencePoint vc="0" uspid="125" ordinal="69" sl="125" sc="1" el="125" ec="2" bec="0" bev="0" fileid="26" />
                <SequencePoint vc="0" uspid="126" ordinal="70" sl="126" sc="1" el="126" ec="2" bec="0" bev="0" fileid="26" />
                <SequencePoint vc="0" uspid="127" ordinal="71" sl="127" sc="1" el="127" ec="2" bec="0" bev="0" fileid="26" />
                <SequencePoint vc="0" uspid="128" ordinal="72" sl="128" sc="1" el="128" ec="2" bec="0" bev="0" fileid="26" />
                <SequencePoint vc="0" uspid="129" ordinal="73" sl="129" sc="1" el="129" ec="2" bec="0" bev="0" fileid="26" />
                <SequencePoint vc="0" uspid="130" ordinal="74" sl="130" sc="1" el="130" ec="2" bec="0" bev="0" fileid="26" />
                <SequencePoint vc="0" uspid="131" ordinal="75" sl="131" sc="1" el="131" ec="2" bec="0" bev="0" fileid="26" />
                <SequencePoint vc="0" uspid="132" ordinal="76" sl="132" sc="1" el="132" ec="2" bec="0" bev="0" fileid="26" />
                <SequencePoint vc="0" uspid="133" ordinal="77" sl="133" sc="1" el="133" ec="2" bec="0" bev="0" fileid="26" />
                <SequencePoint vc="0" uspid="134" ordinal="78" sl="134" sc="1" el="134" ec="2" bec="0" bev="0" fileid="26" />
                <SequencePoint vc="0" uspid="135" ordinal="79" sl="135" sc="1" el="135" ec="2" bec="0" bev="0" fileid="26" />
                <SequencePoint vc="0" uspid="137" ordinal="80" sl="137" sc="1" el="137" ec="2" bec="0" bev="0" fileid="26" />
                <SequencePoint vc="0" uspid="138" ordinal="81" sl="138" sc="1" el="138" ec="2" bec="0" bev="0" fileid="26" />
                <SequencePoint vc="0" uspid="139" ordinal="82" sl="139" sc="1" el="139" ec="2" bec="0" bev="0" fileid="26" />
                <SequencePoint vc="0" uspid="141" ordinal="83" sl="141" sc="1" el="141" ec="2" bec="0" bev="0" fileid="26" />
                <SequencePoint vc="0" uspid="142" ordinal="84" sl="142" sc="1" el="142" ec="2" bec="0" bev="0" fileid="26" />
                <SequencePoint vc="0" uspid="143" ordinal="85" sl="143" sc="1" el="143" ec="2" bec="0" bev="0" fileid="26" />
                <SequencePoint vc="0" uspid="145" ordinal="86" sl="145" sc="1" el="145" ec="2" bec="0" bev="0" fileid="26" />
                <SequencePoint vc="0" uspid="146" ordinal="87" sl="146" sc="1" el="146" ec="2" bec="0" bev="0" fileid="26" />
                <SequencePoint vc="0" uspid="147" ordinal="88" sl="147" sc="1" el="147" ec="2" bec="0" bev="0" fileid="26" />
                <SequencePoint vc="0" uspid="148" ordinal="89" sl="148" sc="1" el="148" ec="2" bec="0" bev="0" fileid="26" />
                <SequencePoint vc="0" uspid="150" ordinal="90" sl="150" sc="1" el="150" ec="2" bec="0" bev="0" fileid="26" />
              </SequencePoints>
              <BranchPoints>
                <BranchPoint vc="0" uspid="39" ordinal="0" path="0" offset="235" offsetend="237" sl="39" fileid="26" />
                <BranchPoint vc="0" uspid="39" ordinal="1" path="1" offset="235" offsetend="249" sl="39" fileid="26" />
                <BranchPoint vc="0" uspid="52" ordinal="2" path="0" offset="767" offsetend="772" sl="52" fileid="26" />
                <BranchPoint vc="0" uspid="52" ordinal="3" path="1" offset="767" offsetend="1268" sl="52" fileid="26" />
                <BranchPoint vc="0" uspid="87" ordinal="4" path="0" offset="1587" offsetend="1589" sl="87" fileid="26" />
                <BranchPoint vc="0" uspid="87" ordinal="5" path="1" offset="1587" offsetend="1663" sl="87" fileid="26" />
              </BranchPoints>
              <MethodPoint vc="0" uspid="0" p8:type="SequencePoint" ordinal="0" offset="0" sc="0" sl="31" ec="1" el="150" bec="0" bev="0" fileid="26" xmlns:p8="xsi" />
            </Method>
          </Methods>
        </Class>
        <Class>
          <Summary numSequencePoints="49" visitedSequencePoints="0" numBranchPoints="4" visitedBranchPoints="0" sequenceCoverage="0" branchCoverage="0" maxCyclomaticComplexity="4" minCyclomaticComplexity="4" visitedClasses="0" numClasses="1" visitedMethods="0" numMethods="1" />
          <FullName>PatientAccess.Business.Services.WaitlistService/&lt;UpdateWaitlistAsync&gt;d__5</FullName>
          <Methods>
            <Method cyclomaticComplexity="4" nPathComplexity="4" sequenceCoverage="0" branchCoverage="0" isConstructor="False" isGetter="False" isSetter="False" isStatic="True">
              <Summary numSequencePoints="49" visitedSequencePoints="0" numBranchPoints="4" visitedBranchPoints="0" sequenceCoverage="0" branchCoverage="0" maxCyclomaticComplexity="4" minCyclomaticComplexity="4" visitedClasses="0" numClasses="0" visitedMethods="0" numMethods="1" />
              <MetadataToken />
              <Name>System.Void PatientAccess.Business.Services.WaitlistService/&lt;UpdateWaitlistAsync&gt;d__5::MoveNext()</Name>
              <FileRef uid="26" />
              <SequencePoints>
                <SequencePoint vc="0" uspid="214" ordinal="0" sl="214" sc="1" el="214" ec="2" bec="0" bev="0" fileid="26" />
                <SequencePoint vc="0" uspid="216" ordinal="1" sl="216" sc="1" el="216" ec="2" bec="0" bev="0" fileid="26" />
                <SequencePoint vc="0" uspid="217" ordinal="2" sl="217" sc="1" el="217" ec="2" bec="0" bev="0" fileid="26" />
                <SequencePoint vc="0" uspid="218" ordinal="3" sl="218" sc="1" el="218" ec="2" bec="0" bev="0" fileid="26" />
                <SequencePoint vc="0" uspid="219" ordinal="4" sl="219" sc="1" el="219" ec="2" bec="0" bev="0" fileid="26" />
                <SequencePoint vc="0" uspid="222" ordinal="5" sl="222" sc="1" el="222" ec="2" bec="2" bev="0" fileid="26" />
                <SequencePoint vc="0" uspid="223" ordinal="6" sl="223" sc="1" el="223" ec="2" bec="0" bev="0" fileid="26" />
                <SequencePoint vc="0" uspid="224" ordinal="7" sl="224" sc="1" el="224" ec="2" bec="0" bev="0" fileid="26" />
                <SequencePoint vc="0" uspid="228" ordinal="8" sl="228" sc="1" el="228" ec="2" bec="0" bev="0" fileid="26" />
                <SequencePoint vc="0" uspid="229" ordinal="9" sl="229" sc="1" el="229" ec="2" bec="0" bev="0" fileid="26" />
                <SequencePoint vc="0" uspid="230" ordinal="10" sl="230" sc="1" el="230" ec="2" bec="0" bev="0" fileid="26" />
                <SequencePoint vc="0" uspid="231" ordinal="11" sl="231" sc="1" el="231" ec="2" bec="0" bev="0" fileid="26" />
                <SequencePoint vc="0" uspid="232" ordinal="12" sl="232" sc="1" el="232" ec="2" bec="0" bev="0" fileid="26" />
                <SequencePoint vc="0" uspid="233" ordinal="13" sl="233" sc="1" el="233" ec="2" bec="0" bev="0" fileid="26" />
                <SequencePoint vc="0" uspid="235" ordinal="14" sl="235" sc="1" el="235" ec="2" bec="2" bev="0" fileid="26" />
                <SequencePoint vc="0" uspid="236" ordinal="15" sl="236" sc="1" el="236" ec="2" bec="0" bev="0" fileid="26" />
                <SequencePoint vc="0" uspid="237" ordinal="16" sl="237" sc="1" el="237" ec="2" bec="0" bev="0" fileid="26" />
                <SequencePoint vc="0" uspid="241" ordinal="17" sl="241" sc="1" el="241" ec="2" bec="0" bev="0" fileid="26" />
                <SequencePoint vc="0" uspid="242" ordinal="18" sl="242" sc="1" el="242" ec="2" bec="0" bev="0" fileid="26" />
                <SequencePoint vc="0" uspid="243" ordinal="19" sl="243" sc="1" el="243" ec="2" bec="0" bev="0" fileid="26" />
                <SequencePoint vc="0" uspid="244" ordinal="20" sl="244" sc="1" el="244" ec="2" bec="0" bev="0" fileid="26" />
                <SequencePoint vc="0" uspid="245" ordinal="21" sl="245" sc="1" el="245" ec="2" bec="0" bev="0" fileid="26" />
                <SequencePoint vc="0" uspid="247" ordinal="22" sl="247" sc="1" el="247" ec="2" bec="0" bev="0" fileid="26" />
                <SequencePoint vc="0" uspid="249" ordinal="23" sl="249" sc="1" el="249" ec="2" bec="0" bev="0" fileid="26" />
                <SequencePoint vc="0" uspid="252" ordinal="24" sl="252" sc="1" el="252" ec="2" bec="0" bev="0" fileid="26" />
                <SequencePoint vc="0" uspid="254" ordinal="25" sl="254" sc="1" el="254" ec="2" bec="0" bev="0" fileid="26" />
                <SequencePoint vc="0" uspid="255" ordinal="26" sl="255" sc="1" el="255" ec="2" bec="0" bev="0" fileid="26" />
                <SequencePoint vc="0" uspid="256" ordinal="27" sl="256" sc="1" el="256" ec="2" bec="0" bev="0" fileid="26" />
                <SequencePoint vc="0" uspid="257" ordinal="28" sl="257" sc="1" el="257" ec="2" bec="0" bev="0" fileid="26" />
                <SequencePoint vc="0" uspid="258" ordinal="29" sl="258" sc="1" el="258" ec="2" bec="0" bev="0" fileid="26" />
                <SequencePoint vc="0" uspid="259" ordinal="30" sl="259" sc="1" el="259" ec="2" bec="0" bev="0" fileid="26" />
                <SequencePoint vc="0" uspid="260" ordinal="31" sl="260" sc="1" el="260" ec="2" bec="0" bev="0" fileid="26" />
                <SequencePoint vc="0" uspid="261" ordinal="32" sl="261" sc="1" el="261" ec="2" bec="0" bev="0" fileid="26" />
                <SequencePoint vc="0" uspid="262" ordinal="33" sl="262" sc="1" el="262" ec="2" bec="0" bev="0" fileid="26" />
                <SequencePoint vc="0" uspid="263" ordinal="34" sl="263" sc="1" el="263" ec="2" bec="0" bev="0" fileid="26" />
                <SequencePoint vc="0" uspid="264" ordinal="35" sl="264" sc="1" el="264" ec="2" bec="0" bev="0" fileid="26" />
                <SequencePoint vc="0" uspid="265" ordinal="36" sl="265" sc="1" el="265" ec="2" bec="0" bev="0" fileid="26" />
                <SequencePoint vc="0" uspid="266" ordinal="37" sl="266" sc="1" el="266" ec="2" bec="0" bev="0" fileid="26" />
                <SequencePoint vc="0" uspid="268" ordinal="38" sl="268" sc="1" el="268" ec="2" bec="0" bev="0" fileid="26" />
                <SequencePoint vc="0" uspid="269" ordinal="39" sl="269" sc="1" el="269" ec="2" bec="0" bev="0" fileid="26" />
                <SequencePoint vc="0" uspid="270" ordinal="40" sl="270" sc="1" el="270" ec="2" bec="0" bev="0" fileid="26" />
                <SequencePoint vc="0" uspid="272" ordinal="41" sl="272" sc="1" el="272" ec="2" bec="0" bev="0" fileid="26" />
                <SequencePoint vc="0" uspid="273" ordinal="42" sl="273" sc="1" el="273" ec="2" bec="0" bev="0" fileid="26" />
                <SequencePoint vc="0" uspid="274" ordinal="43" sl="274" sc="1" el="274" ec="2" bec="0" bev="0" fileid="26" />
                <SequencePoint vc="0" uspid="276" ordinal="44" sl="276" sc="1" el="276" ec="2" bec="0" bev="0" fileid="26" />
                <SequencePoint vc="0" uspid="277" ordinal="45" sl="277" sc="1" el="277" ec="2" bec="0" bev="0" fileid="26" />
                <SequencePoint vc="0" uspid="278" ordinal="46" sl="278" sc="1" el="278" ec="2" bec="0" bev="0" fileid="26" />
                <SequencePoint vc="0" uspid="279" ordinal="47" sl="279" sc="1" el="279" ec="2" bec="0" bev="0" fileid="26" />
                <SequencePoint vc="0" uspid="281" ordinal="48" sl="281" sc="1" el="281" ec="2" bec="0" bev="0" fileid="26" />
              </SequencePoints>
              <BranchPoints>
                <BranchPoint vc="0" uspid="222" ordinal="0" path="0" offset="193" offsetend="195" sl="222" fileid="26" />
                <BranchPoint vc="0" uspid="222" ordinal="1" path="1" offset="193" offsetend="207" sl="222" fileid="26" />
                <BranchPoint vc="0" uspid="235" ordinal="2" path="0" offset="705" offsetend="707" sl="235" fileid="26" />
                <BranchPoint vc="0" uspid="235" ordinal="3" path="1" offset="705" offsetend="776" sl="235" fileid="26" />
              </BranchPoints>
              <MethodPoint vc="0" uspid="0" p8:type="SequencePoint" ordinal="0" offset="0" sc="0" sl="214" ec="1" el="281" bec="0" bev="0" fileid="26" xmlns:p8="xsi" />
            </Method>
          </Methods>
        </Class>
      </Classes>
    </Module>
    <Module hash="CC90B041-8809-4644-906E-23F1DAD391FA">
      <ModulePath>PatientAccess.Data.dll</ModulePath>
      <ModuleTime>2026-03-25T12:05:07</ModuleTime>
      <ModuleName>PatientAccess.Data</ModuleName>
      <Files />
      <Classes />
    </Module>
  </Modules>
</CoverageSession>